2022-08-01 14:16:52.314  INFO 9412 --- [main] c.a.d.s.b.a.DruidDataSourceAutoConfigure : Init DruidDataSource
2022-08-01 14:16:52.603  INFO 9412 --- [main] com.alibaba.druid.pool.DruidDataSource   : {dataSource-1} inited
2022-08-01 14:16:52.821  WARN 9412 --- [main] c.b.m.core.metadata.TableInfoHelper      : Can not find table primary key in Class: "mao.springsecurity_demo.entity.Administrators".
2022-08-01 14:16:52.826  WARN 9412 --- [main] c.b.m.core.injector.DefaultSqlInjector   : class mao.springsecurity_demo.entity.Administrators ,Not found @TableId annotation, Cannot use Mybatis-Plus 'xxById' Method.
2022-08-01 14:16:52.902  WARN 9412 --- [main] c.b.m.core.metadata.TableInfoHelper      : Can not find table primary key in Class: "mao.springsecurity_demo.entity.AdministratorsPassword".
2022-08-01 14:16:52.903  WARN 9412 --- [main] c.b.m.core.injector.DefaultSqlInjector   : class mao.springsecurity_demo.entity.AdministratorsPassword ,Not found @TableId annotation, Cannot use Mybatis-Plus 'xxById' Method.
2022-08-01 14:16:54.256  INFO 9412 --- [main] o.s.s.web.DefaultSecurityFilterChain     : Will not secure any request
2022-08-01 14:16:54.397  INFO 9412 --- [main] m.s.mapper.AdministratorsMapperTest      : Started AdministratorsMapperTest in 3.626 seconds (JVM running for 4.526)
2022-08-01 14:16:55.448 DEBUG 9412 --- [main] m.s.m.AdministratorsMapper.selectList    : ==>  Preparing: SELECT administrator_no,administrator_name,administrator_sex,administrator_telephone_number,administrator_job,administrator_idcard FROM administrators
2022-08-01 14:16:55.482 DEBUG 9412 --- [main] m.s.m.AdministratorsMapper.selectList    : ==> Parameters: 
2022-08-01 14:16:55.529 DEBUG 9412 --- [main] m.s.m.AdministratorsMapper.selectList    : <==      Total: 30
2022-08-01 14:16:55.550  INFO 9412 --- [SpringApplicationShutdownHook] com.alibaba.druid.pool.DruidDataSource   : {dataSource-1} closing ...
2022-08-01 14:16:55.557  INFO 9412 --- [SpringApplicationShutdownHook] com.alibaba.druid.pool.DruidDataSource   : {dataSource-1} closed
2022-08-01 14:17:09.677  INFO 13848 --- [main] m.s.s.IAdministratorsPasswordServiceTest : Starting IAdministratorsPasswordServiceTest using Java 16.0.2 on mao with PID 13848 (started by mao in H:\程序\大三暑假\springSecurity_demo)
2022-08-01 14:17:09.679 DEBUG 13848 --- [main] m.s.s.IAdministratorsPasswordServiceTest : Running with Spring Boot v2.6.4, Spring v5.3.16
2022-08-01 14:17:09.679  INFO 13848 --- [main] m.s.s.IAdministratorsPasswordServiceTest : The following 1 profile is active: "dev"
2022-08-01 14:17:10.887  INFO 13848 --- [main] c.a.d.s.b.a.DruidDataSourceAutoConfigure : Init DruidDataSource
2022-08-01 14:17:11.131  INFO 13848 --- [main] com.alibaba.druid.pool.DruidDataSource   : {dataSource-1} inited
2022-08-01 14:17:11.377  WARN 13848 --- [main] c.b.m.core.metadata.TableInfoHelper      : Can not find table primary key in Class: "mao.springsecurity_demo.entity.Administrators".
2022-08-01 14:17:11.386  WARN 13848 --- [main] c.b.m.core.injector.DefaultSqlInjector   : class mao.springsecurity_demo.entity.Administrators ,Not found @TableId annotation, Cannot use Mybatis-Plus 'xxById' Method.
2022-08-01 14:17:11.543  WARN 13848 --- [main] c.b.m.core.metadata.TableInfoHelper      : Can not find table primary key in Class: "mao.springsecurity_demo.entity.AdministratorsPassword".
2022-08-01 14:17:11.543  WARN 13848 --- [main] c.b.m.core.injector.DefaultSqlInjector   : class mao.springsecurity_demo.entity.AdministratorsPassword ,Not found @TableId annotation, Cannot use Mybatis-Plus 'xxById' Method.
2022-08-01 14:17:12.947  INFO 13848 --- [main] o.s.s.web.DefaultSecurityFilterChain     : Will not secure any request
2022-08-01 14:17:13.084  INFO 13848 --- [main] m.s.s.IAdministratorsPasswordServiceTest : Started IAdministratorsPasswordServiceTest in 3.797 seconds (JVM running for 4.721)
2022-08-01 14:17:14.133 DEBUG 13848 --- [main] m.s.m.A.selectList                       : ==>  Preparing: SELECT administrator_no,administrator_password FROM administrators_password
2022-08-01 14:17:14.177 DEBUG 13848 --- [main] m.s.m.A.selectList                       : ==> Parameters: 
2022-08-01 14:17:14.211 DEBUG 13848 --- [main] m.s.m.A.selectList                       : <==      Total: 30
2022-08-01 14:17:14.234  INFO 13848 --- [SpringApplicationShutdownHook] com.alibaba.druid.pool.DruidDataSource   : {dataSource-1} closing ...
2022-08-01 14:17:14.239  INFO 13848 --- [SpringApplicationShutdownHook] com.alibaba.druid.pool.DruidDataSource   : {dataSource-1} closed
2022-08-01 14:17:26.276  INFO 17144 --- [main] m.s.service.IAdministratorsServiceTest   : Starting IAdministratorsServiceTest using Java 16.0.2 on mao with PID 17144 (started by mao in H:\程序\大三暑假\springSecurity_demo)
2022-08-01 14:17:26.277 DEBUG 17144 --- [main] m.s.service.IAdministratorsServiceTest   : Running with Spring Boot v2.6.4, Spring v5.3.16
2022-08-01 14:17:26.277  INFO 17144 --- [main] m.s.service.IAdministratorsServiceTest   : The following 1 profile is active: "dev"
2022-08-01 14:17:27.401  INFO 17144 --- [main] c.a.d.s.b.a.DruidDataSourceAutoConfigure : Init DruidDataSource
2022-08-01 14:17:27.668  INFO 17144 --- [main] com.alibaba.druid.pool.DruidDataSource   : {dataSource-1} inited
2022-08-01 14:17:27.906  WARN 17144 --- [main] c.b.m.core.metadata.TableInfoHelper      : Can not find table primary key in Class: "mao.springsecurity_demo.entity.Administrators".
2022-08-01 14:17:27.914  WARN 17144 --- [main] c.b.m.core.injector.DefaultSqlInjector   : class mao.springsecurity_demo.entity.Administrators ,Not found @TableId annotation, Cannot use Mybatis-Plus 'xxById' Method.
2022-08-01 14:17:28.001  WARN 17144 --- [main] c.b.m.core.metadata.TableInfoHelper      : Can not find table primary key in Class: "mao.springsecurity_demo.entity.AdministratorsPassword".
2022-08-01 14:17:28.002  WARN 17144 --- [main] c.b.m.core.injector.DefaultSqlInjector   : class mao.springsecurity_demo.entity.AdministratorsPassword ,Not found @TableId annotation, Cannot use Mybatis-Plus 'xxById' Method.
2022-08-01 14:17:29.609  INFO 17144 --- [main] o.s.s.web.DefaultSecurityFilterChain     : Will not secure any request
2022-08-01 14:17:29.738  INFO 17144 --- [main] m.s.service.IAdministratorsServiceTest   : Started IAdministratorsServiceTest in 3.875 seconds (JVM running for 4.796)
2022-08-01 14:17:30.857 DEBUG 17144 --- [main] m.s.m.AdministratorsMapper.selectList    : ==>  Preparing: SELECT administrator_no,administrator_name,administrator_sex,administrator_telephone_number,administrator_job,administrator_idcard FROM administrators
2022-08-01 14:17:30.893 DEBUG 17144 --- [main] m.s.m.AdministratorsMapper.selectList    : ==> Parameters: 
2022-08-01 14:17:30.927 DEBUG 17144 --- [main] m.s.m.AdministratorsMapper.selectList    : <==      Total: 30
2022-08-01 14:17:30.950  INFO 17144 --- [SpringApplicationShutdownHook] com.alibaba.druid.pool.DruidDataSource   : {dataSource-1} closing ...
2022-08-01 14:17:30.957  INFO 17144 --- [SpringApplicationShutdownHook] com.alibaba.druid.pool.DruidDataSource   : {dataSource-1} closed
2022-08-01 14:18:08.274  INFO 1920 --- [main] m.s.service.IAdministratorsServiceTest   : Starting IAdministratorsServiceTest using Java 16.0.2 on mao with PID 1920 (started by mao in H:\程序\大三暑假\springSecurity_demo)
2022-08-01 14:18:08.275 DEBUG 1920 --- [main] m.s.service.IAdministratorsServiceTest   : Running with Spring Boot v2.7.2, Spring v5.3.22
2022-08-01 14:18:08.276  INFO 1920 --- [main] m.s.service.IAdministratorsServiceTest   : The following 1 profile is active: "dev"
2022-08-01 14:18:09.471  INFO 1920 --- [main] c.a.d.s.b.a.DruidDataSourceAutoConfigure : Init DruidDataSource
2022-08-01 14:18:09.744  INFO 1920 --- [main] com.alibaba.druid.pool.DruidDataSource   : {dataSource-1} inited
2022-08-01 14:18:09.949  WARN 1920 --- [main] c.b.m.core.metadata.TableInfoHelper      : Can not find table primary key in Class: "mao.springsecurity_demo.entity.Administrators".
2022-08-01 14:18:09.958  WARN 1920 --- [main] c.b.m.core.injector.DefaultSqlInjector   : class mao.springsecurity_demo.entity.Administrators ,Not found @TableId annotation, Cannot use Mybatis-Plus 'xxById' Method.
2022-08-01 14:18:10.045  WARN 1920 --- [main] c.b.m.core.metadata.TableInfoHelper      : Can not find table primary key in Class: "mao.springsecurity_demo.entity.AdministratorsPassword".
2022-08-01 14:18:10.045  WARN 1920 --- [main] c.b.m.core.injector.DefaultSqlInjector   : class mao.springsecurity_demo.entity.AdministratorsPassword ,Not found @TableId annotation, Cannot use Mybatis-Plus 'xxById' Method.
2022-08-01 14:18:11.534  INFO 1920 --- [main] o.s.s.web.DefaultSecurityFilterChain     : Will secure any request with [org.springframework.security.web.session.DisableEncodeUrlFilter@2ba9f986, org.springframework.security.web.context.request.async.WebAsyncManagerIntegrationFilter@4aa3fc9a, org.springframework.security.web.context.SecurityContextPersistenceFilter@25e8e59, org.springframework.security.web.header.HeaderWriterFilter@8077c97, org.springframework.security.web.csrf.CsrfFilter@1e120628, org.springframework.security.web.authentication.logout.LogoutFilter@6a7a1a0d, org.springframework.security.web.authentication.UsernamePasswordAuthenticationFilter@184afb78, org.springframework.security.web.authentication.ui.DefaultLoginPageGeneratingFilter@6a5dd083, org.springframework.security.web.authentication.ui.DefaultLogoutPageGeneratingFilter@70f4f89e, org.springframework.security.web.savedrequest.RequestCacheAwareFilter@54c11750, org.springframework.security.web.servletapi.SecurityContextHolderAwareRequestFilter@1753475d, org.springframework.security.web.authentication.AnonymousAuthenticationFilter@634aa81e, org.springframework.security.web.session.SessionManagementFilter@5d5d3a5c, org.springframework.security.web.access.ExceptionTranslationFilter@65844c96, org.springframework.security.web.access.intercept.FilterSecurityInterceptor@63db743d]
2022-08-01 14:18:11.673  INFO 1920 --- [main] m.s.service.IAdministratorsServiceTest   : Started IAdministratorsServiceTest in 3.783 seconds (JVM running for 4.776)
2022-08-01 14:18:12.679 DEBUG 1920 --- [main] m.s.m.AdministratorsMapper.selectList    : ==>  Preparing: SELECT administrator_no,administrator_name,administrator_sex,administrator_telephone_number,administrator_job,administrator_idcard FROM administrators
2022-08-01 14:18:12.712 DEBUG 1920 --- [main] m.s.m.AdministratorsMapper.selectList    : ==> Parameters: 
2022-08-01 14:18:12.752 DEBUG 1920 --- [main] m.s.m.AdministratorsMapper.selectList    : <==      Total: 30
2022-08-01 14:18:12.776  INFO 1920 --- [SpringApplicationShutdownHook] com.alibaba.druid.pool.DruidDataSource   : {dataSource-1} closing ...
2022-08-01 14:18:12.783  INFO 1920 --- [SpringApplicationShutdownHook] com.alibaba.druid.pool.DruidDataSource   : {dataSource-1} closed
2022-08-01 14:30:01.721  INFO 10584 --- [main] m.s.service.IAdministratorsServiceTest   : Starting IAdministratorsServiceTest using Java 16.0.2 on mao with PID 10584 (started by mao in H:\程序\大三暑假\springSecurity_demo)
2022-08-01 14:30:01.722 DEBUG 10584 --- [main] m.s.service.IAdministratorsServiceTest   : Running with Spring Boot v2.7.2, Spring v5.3.22
2022-08-01 14:30:01.723  INFO 10584 --- [main] m.s.service.IAdministratorsServiceTest   : The following 1 profile is active: "dev"
2022-08-01 14:30:02.900  INFO 10584 --- [main] c.a.d.s.b.a.DruidDataSourceAutoConfigure : Init DruidDataSource
2022-08-01 14:30:03.139  INFO 10584 --- [main] com.alibaba.druid.pool.DruidDataSource   : {dataSource-1} inited
2022-08-01 14:30:03.348  WARN 10584 --- [main] c.b.m.core.metadata.TableInfoHelper      : Can not find table primary key in Class: "mao.springsecurity_demo.entity.Administrators".
2022-08-01 14:30:03.355  WARN 10584 --- [main] c.b.m.core.injector.DefaultSqlInjector   : class mao.springsecurity_demo.entity.Administrators ,Not found @TableId annotation, Cannot use Mybatis-Plus 'xxById' Method.
2022-08-01 14:30:03.440  WARN 10584 --- [main] c.b.m.core.metadata.TableInfoHelper      : Can not find table primary key in Class: "mao.springsecurity_demo.entity.AdministratorsPassword".
2022-08-01 14:30:03.441  WARN 10584 --- [main] c.b.m.core.injector.DefaultSqlInjector   : class mao.springsecurity_demo.entity.AdministratorsPassword ,Not found @TableId annotation, Cannot use Mybatis-Plus 'xxById' Method.
2022-08-01 14:30:04.837  INFO 10584 --- [main] o.s.s.web.DefaultSecurityFilterChain     : Will secure any request with [org.springframework.security.web.session.DisableEncodeUrlFilter@83b0d0f, org.springframework.security.web.context.request.async.WebAsyncManagerIntegrationFilter@2bb717d7, org.springframework.security.web.context.SecurityContextPersistenceFilter@5c70d7f0, org.springframework.security.web.header.HeaderWriterFilter@1753475d, org.springframework.security.web.csrf.CsrfFilter@c212536, org.springframework.security.web.authentication.logout.LogoutFilter@9be7319, org.springframework.security.web.authentication.UsernamePasswordAuthenticationFilter@18c7f6b5, org.springframework.security.web.authentication.ui.DefaultLoginPageGeneratingFilter@163e8949, org.springframework.security.web.authentication.ui.DefaultLogoutPageGeneratingFilter@7afe0e67, org.springframework.security.web.savedrequest.RequestCacheAwareFilter@394a6d2b, org.springframework.security.web.servletapi.SecurityContextHolderAwareRequestFilter@638afcaa, org.springframework.security.web.authentication.AnonymousAuthenticationFilter@6121a7dd, org.springframework.security.web.session.SessionManagementFilter@6e00837f, org.springframework.security.web.access.ExceptionTranslationFilter@54c11750, org.springframework.security.web.access.intercept.FilterSecurityInterceptor@7cb29ea8]
2022-08-01 14:30:04.965  INFO 10584 --- [main] m.s.service.IAdministratorsServiceTest   : Started IAdministratorsServiceTest in 3.639 seconds (JVM running for 4.601)
2022-08-01 14:30:06.075 DEBUG 10584 --- [main] m.s.m.AdministratorsMapper.selectList    : ==>  Preparing: SELECT administrator_no,administrator_name,administrator_sex,administrator_telephone_number,administrator_job,administrator_idcard FROM administrators
2022-08-01 14:30:06.109 DEBUG 10584 --- [main] m.s.m.AdministratorsMapper.selectList    : ==> Parameters: 
2022-08-01 14:30:06.154 DEBUG 10584 --- [main] m.s.m.AdministratorsMapper.selectList    : <==      Total: 30
2022-08-01 14:30:06.178  INFO 10584 --- [SpringApplicationShutdownHook] com.alibaba.druid.pool.DruidDataSource   : {dataSource-1} closing ...
2022-08-01 14:30:06.182  INFO 10584 --- [SpringApplicationShutdownHook] com.alibaba.druid.pool.DruidDataSource   : {dataSource-1} closed
2022-08-01 14:30:12.570  INFO 13020 --- [main] m.s.SpringSecurityDemoApplication        : Starting SpringSecurityDemoApplication using Java 16.0.2 on mao with PID 13020 (H:\程序\大三暑假\springSecurity_demo\target\classes started by mao in H:\程序\大三暑假\springSecurity_demo)
2022-08-01 14:30:12.573 DEBUG 13020 --- [main] m.s.SpringSecurityDemoApplication        : Running with Spring Boot v2.7.2, Spring v5.3.22
2022-08-01 14:30:12.573  INFO 13020 --- [main] m.s.SpringSecurityDemoApplication        : The following 1 profile is active: "dev"
2022-08-01 14:30:13.359  INFO 13020 --- [main] o.s.b.w.embedded.tomcat.TomcatWebServer  : Tomcat initialized with port(s): 8080 (http)
2022-08-01 14:30:13.367  INFO 13020 --- [main] o.apache.catalina.core.StandardService   : Starting service [Tomcat]
2022-08-01 14:30:13.367  INFO 13020 --- [main] org.apache.catalina.core.StandardEngine  : Starting Servlet engine: [Apache Tomcat/9.0.65]
2022-08-01 14:30:13.458  INFO 13020 --- [main] o.a.c.c.C.[Tomcat].[localhost].[/]       : Initializing Spring embedded WebApplicationContext
2022-08-01 14:30:13.458  INFO 13020 --- [main] w.s.c.ServletWebServerApplicationContext : Root WebApplicationContext: initialization completed in 854 ms
2022-08-01 14:30:13.557  INFO 13020 --- [main] c.a.d.s.b.a.DruidDataSourceAutoConfigure : Init DruidDataSource
2022-08-01 14:30:13.659  INFO 13020 --- [main] com.alibaba.druid.pool.DruidDataSource   : {dataSource-1} inited
2022-08-01 14:30:13.760  WARN 13020 --- [main] c.b.m.core.metadata.TableInfoHelper      : Can not find table primary key in Class: "mao.springsecurity_demo.entity.Administrators".
2022-08-01 14:30:13.764  WARN 13020 --- [main] c.b.m.core.injector.DefaultSqlInjector   : class mao.springsecurity_demo.entity.Administrators ,Not found @TableId annotation, Cannot use Mybatis-Plus 'xxById' Method.
2022-08-01 14:30:13.822  WARN 13020 --- [main] c.b.m.core.metadata.TableInfoHelper      : Can not find table primary key in Class: "mao.springsecurity_demo.entity.AdministratorsPassword".
2022-08-01 14:30:13.822  WARN 13020 --- [main] c.b.m.core.injector.DefaultSqlInjector   : class mao.springsecurity_demo.entity.AdministratorsPassword ,Not found @TableId annotation, Cannot use Mybatis-Plus 'xxById' Method.
2022-08-01 14:30:14.183  INFO 13020 --- [main] o.s.s.web.DefaultSecurityFilterChain     : Will secure any request with [org.springframework.security.web.session.DisableEncodeUrlFilter@64656b9e, org.springframework.security.web.context.request.async.WebAsyncManagerIntegrationFilter@6870cfac, org.springframework.security.web.context.SecurityContextPersistenceFilter@77a0dd63, org.springframework.security.web.header.HeaderWriterFilter@24134cbc, org.springframework.security.web.csrf.CsrfFilter@7c588adc, org.springframework.security.web.authentication.logout.LogoutFilter@2e6d76ba, org.springframework.security.web.authentication.UsernamePasswordAuthenticationFilter@22a6d75c, org.springframework.security.web.authentication.ui.DefaultLoginPageGeneratingFilter@7ccd611e, org.springframework.security.web.authentication.ui.DefaultLogoutPageGeneratingFilter@45554613, org.springframework.security.web.savedrequest.RequestCacheAwareFilter@6b2fdffc, org.springframework.security.web.servletapi.SecurityContextHolderAwareRequestFilter@7b96de8d, org.springframework.security.web.authentication.AnonymousAuthenticationFilter@63e5b8aa, org.springframework.security.web.session.SessionManagementFilter@22f02996, org.springframework.security.web.access.ExceptionTranslationFilter@3d104c9b, org.springframework.security.web.access.intercept.FilterSecurityInterceptor@2bd8f7db]
