2022-08-01 16:19:45.374  INFO 9572 --- [main] o.s.b.w.embedded.tomcat.TomcatWebServer  : Tomcat started on port(s): 8080 (http) with context path ''
2022-08-01 16:19:45.390  INFO 9572 --- [main] m.s.SpringSecurityDemoApplication        : Started SpringSecurityDemoApplication in 1.985 seconds (JVM running for 2.468)
2022-08-01 16:19:49.803  INFO 9572 --- [http-nio-8080-exec-1] o.a.c.c.C.[Tomcat].[localhost].[/]       : Initializing Spring DispatcherServlet 'dispatcherServlet'
2022-08-01 16:19:49.804  INFO 9572 --- [http-nio-8080-exec-1] o.s.web.servlet.DispatcherServlet        : Initializing Servlet 'dispatcherServlet'
2022-08-01 16:19:49.804  INFO 9572 --- [http-nio-8080-exec-1] o.s.web.servlet.DispatcherServlet        : Completed initialization in 0 ms
2022-08-01 16:20:36.609  INFO 9572 --- [SpringApplicationShutdownHook] com.alibaba.druid.pool.DruidDataSource   : {dataSource-1} closing ...
2022-08-01 16:20:36.610  INFO 9572 --- [SpringApplicationShutdownHook] com.alibaba.druid.pool.DruidDataSource   : {dataSource-1} closed
2022-08-01 16:20:39.956  INFO 3240 --- [main] m.s.SpringSecurityDemoApplication        : Starting SpringSecurityDemoApplication using Java 16.0.2 on mao with PID 3240 (H:\程序\大三暑假\springSecurity_demo\target\classes started by mao in H:\程序\大三暑假\springSecurity_demo)
2022-08-01 16:20:39.958 DEBUG 3240 --- [main] m.s.SpringSecurityDemoApplication        : Running with Spring Boot v2.7.2, Spring v5.3.22
2022-08-01 16:20:39.959  INFO 3240 --- [main] m.s.SpringSecurityDemoApplication        : The following 1 profile is active: "dev"
2022-08-01 16:20:40.750  INFO 3240 --- [main] o.s.b.w.embedded.tomcat.TomcatWebServer  : Tomcat initialized with port(s): 8080 (http)
2022-08-01 16:20:40.757  INFO 3240 --- [main] o.apache.catalina.core.StandardService   : Starting service [Tomcat]
2022-08-01 16:20:40.757  INFO 3240 --- [main] org.apache.catalina.core.StandardEngine  : Starting Servlet engine: [Apache Tomcat/9.0.65]
2022-08-01 16:20:40.844  INFO 3240 --- [main] o.a.c.c.C.[Tomcat].[localhost].[/]       : Initializing Spring embedded WebApplicationContext
2022-08-01 16:20:40.844  INFO 3240 --- [main] w.s.c.ServletWebServerApplicationContext : Root WebApplicationContext: initialization completed in 854 ms
2022-08-01 16:20:40.946  INFO 3240 --- [main] c.a.d.s.b.a.DruidDataSourceAutoConfigure : Init DruidDataSource
2022-08-01 16:20:41.038  INFO 3240 --- [main] com.alibaba.druid.pool.DruidDataSource   : {dataSource-1} inited
2022-08-01 16:20:41.137  WARN 3240 --- [main] c.b.m.core.metadata.TableInfoHelper      : Can not find table primary key in Class: "mao.springsecurity_demo.entity.Administrators".
2022-08-01 16:20:41.141  WARN 3240 --- [main] c.b.m.core.injector.DefaultSqlInjector   : class mao.springsecurity_demo.entity.Administrators ,Not found @TableId annotation, Cannot use Mybatis-Plus 'xxById' Method.
2022-08-01 16:20:41.192  WARN 3240 --- [main] c.b.m.core.metadata.TableInfoHelper      : Can not find table primary key in Class: "mao.springsecurity_demo.entity.AdministratorsPassword".
2022-08-01 16:20:41.192  WARN 3240 --- [main] c.b.m.core.injector.DefaultSqlInjector   : class mao.springsecurity_demo.entity.AdministratorsPassword ,Not found @TableId annotation, Cannot use Mybatis-Plus 'xxById' Method.
2022-08-01 16:20:41.573  INFO 3240 --- [main] o.s.s.web.DefaultSecurityFilterChain     : Will secure any request with [org.springframework.security.web.session.DisableEncodeUrlFilter@49c1e294, org.springframework.security.web.context.request.async.WebAsyncManagerIntegrationFilter@7741ae1b, org.springframework.security.web.context.SecurityContextPersistenceFilter@5012c571, org.springframework.security.web.header.HeaderWriterFilter@5f8f1712, org.springframework.security.web.csrf.CsrfFilter@19662208, org.springframework.security.web.authentication.logout.LogoutFilter@4652c74d, org.springframework.security.web.authentication.UsernamePasswordAuthenticationFilter@4cc12db2, org.springframework.security.web.savedrequest.RequestCacheAwareFilter@511da44f, org.springframework.security.web.servletapi.SecurityContextHolderAwareRequestFilter@63d677f5, org.springframework.security.web.authentication.AnonymousAuthenticationFilter@50e5032c, org.springframework.security.web.session.SessionManagementFilter@52ecc989, org.springframework.security.web.access.ExceptionTranslationFilter@310d57b1, org.springframework.security.web.access.intercept.FilterSecurityInterceptor@1291aab5]
2022-08-01 16:20:41.629  INFO 3240 --- [main] o.s.b.w.embedded.tomcat.TomcatWebServer  : Tomcat started on port(s): 8080 (http) with context path ''
2022-08-01 16:20:41.640  INFO 3240 --- [main] m.s.SpringSecurityDemoApplication        : Started SpringSecurityDemoApplication in 2.022 seconds (JVM running for 2.496)
2022-08-01 16:20:44.005  INFO 3240 --- [http-nio-8080-exec-1] o.a.c.c.C.[Tomcat].[localhost].[/]       : Initializing Spring DispatcherServlet 'dispatcherServlet'
2022-08-01 16:20:44.005  INFO 3240 --- [http-nio-8080-exec-1] o.s.web.servlet.DispatcherServlet        : Initializing Servlet 'dispatcherServlet'
2022-08-01 16:20:44.006  INFO 3240 --- [http-nio-8080-exec-1] o.s.web.servlet.DispatcherServlet        : Completed initialization in 0 ms
2022-08-01 16:22:14.901  INFO 3240 --- [SpringApplicationShutdownHook] com.alibaba.druid.pool.DruidDataSource   : {dataSource-1} closing ...
2022-08-01 16:22:14.902  INFO 3240 --- [SpringApplicationShutdownHook] com.alibaba.druid.pool.DruidDataSource   : {dataSource-1} closed
2022-08-01 16:22:18.309  INFO 15980 --- [main] m.s.SpringSecurityDemoApplication        : Starting SpringSecurityDemoApplication using Java 16.0.2 on mao with PID 15980 (H:\程序\大三暑假\springSecurity_demo\target\classes started by mao in H:\程序\大三暑假\springSecurity_demo)
2022-08-01 16:22:18.311 DEBUG 15980 --- [main] m.s.SpringSecurityDemoApplication        : Running with Spring Boot v2.7.2, Spring v5.3.22
2022-08-01 16:22:18.311  INFO 15980 --- [main] m.s.SpringSecurityDemoApplication        : The following 1 profile is active: "dev"
2022-08-01 16:22:19.102  INFO 15980 --- [main] o.s.b.w.embedded.tomcat.TomcatWebServer  : Tomcat initialized with port(s): 8080 (http)
2022-08-01 16:22:19.109  INFO 15980 --- [main] o.apache.catalina.core.StandardService   : Starting service [Tomcat]
2022-08-01 16:22:19.109  INFO 15980 --- [main] org.apache.catalina.core.StandardEngine  : Starting Servlet engine: [Apache Tomcat/9.0.65]
2022-08-01 16:22:19.196  INFO 15980 --- [main] o.a.c.c.C.[Tomcat].[localhost].[/]       : Initializing Spring embedded WebApplicationContext
2022-08-01 16:22:19.197  INFO 15980 --- [main] w.s.c.ServletWebServerApplicationContext : Root WebApplicationContext: initialization completed in 856 ms
2022-08-01 16:22:19.299  INFO 15980 --- [main] c.a.d.s.b.a.DruidDataSourceAutoConfigure : Init DruidDataSource
2022-08-01 16:22:19.389  INFO 15980 --- [main] com.alibaba.druid.pool.DruidDataSource   : {dataSource-1} inited
2022-08-01 16:22:19.483  WARN 15980 --- [main] c.b.m.core.metadata.TableInfoHelper      : Can not find table primary key in Class: "mao.springsecurity_demo.entity.Administrators".
2022-08-01 16:22:19.487  WARN 15980 --- [main] c.b.m.core.injector.DefaultSqlInjector   : class mao.springsecurity_demo.entity.Administrators ,Not found @TableId annotation, Cannot use Mybatis-Plus 'xxById' Method.
2022-08-01 16:22:19.536  WARN 15980 --- [main] c.b.m.core.metadata.TableInfoHelper      : Can not find table primary key in Class: "mao.springsecurity_demo.entity.AdministratorsPassword".
2022-08-01 16:22:19.536  WARN 15980 --- [main] c.b.m.core.injector.DefaultSqlInjector   : class mao.springsecurity_demo.entity.AdministratorsPassword ,Not found @TableId annotation, Cannot use Mybatis-Plus 'xxById' Method.
2022-08-01 16:22:19.929  INFO 15980 --- [main] o.s.s.web.DefaultSecurityFilterChain     : Will secure any request with [org.springframework.security.web.session.DisableEncodeUrlFilter@1ee40b5c, org.springframework.security.web.context.request.async.WebAsyncManagerIntegrationFilter@5c448ef, org.springframework.security.web.context.SecurityContextPersistenceFilter@34a6d9db, org.springframework.security.web.header.HeaderWriterFilter@310d57b1, org.springframework.security.web.csrf.CsrfFilter@546ed2a0, org.springframework.security.web.authentication.logout.LogoutFilter@36478bce, org.springframework.security.web.authentication.UsernamePasswordAuthenticationFilter@c48b543, org.springframework.security.web.authentication.ui.DefaultLoginPageGeneratingFilter@6f1fa1d0, org.springframework.security.web.authentication.ui.DefaultLogoutPageGeneratingFilter@703e8050, org.springframework.security.web.savedrequest.RequestCacheAwareFilter@756808cc, org.springframework.security.web.servletapi.SecurityContextHolderAwareRequestFilter@539c4830, org.springframework.security.web.authentication.AnonymousAuthenticationFilter@49c1e294, org.springframework.security.web.session.SessionManagementFilter@18ffca6c, org.springframework.security.web.access.ExceptionTranslationFilter@5939e24, org.springframework.security.web.access.intercept.FilterSecurityInterceptor@a3cba3a]
2022-08-01 16:22:19.988  INFO 15980 --- [main] o.s.b.w.embedded.tomcat.TomcatWebServer  : Tomcat started on port(s): 8080 (http) with context path ''
2022-08-01 16:22:19.999  INFO 15980 --- [main] m.s.SpringSecurityDemoApplication        : Started SpringSecurityDemoApplication in 2.02 seconds (JVM running for 2.509)
2022-08-01 16:22:25.703  INFO 15980 --- [http-nio-8080-exec-1] o.a.c.c.C.[Tomcat].[localhost].[/]       : Initializing Spring DispatcherServlet 'dispatcherServlet'
2022-08-01 16:22:25.703  INFO 15980 --- [http-nio-8080-exec-1] o.s.web.servlet.DispatcherServlet        : Initializing Servlet 'dispatcherServlet'
2022-08-01 16:22:25.704  INFO 15980 --- [http-nio-8080-exec-1] o.s.web.servlet.DispatcherServlet        : Completed initialization in 1 ms
2022-08-01 16:22:58.767 DEBUG 15980 --- [http-nio-8080-exec-3] m.s.service.AdministratorsLoginService   : 进入AdministratorsLoginService
2022-08-01 16:22:59.041 DEBUG 15980 --- [http-nio-8080-exec-3] m.s.m.A.selectList                       : ==>  Preparing: SELECT administrator_no,administrator_password FROM administrators_password WHERE (administrator_no = ?)
2022-08-01 16:22:59.060 DEBUG 15980 --- [http-nio-8080-exec-3] m.s.m.A.selectList                       : ==> Parameters: 12(Long)
2022-08-01 16:22:59.075 DEBUG 15980 --- [http-nio-8080-exec-3] m.s.m.A.selectList                       : <==      Total: 0
2022-08-01 16:23:12.751 DEBUG 15980 --- [http-nio-8080-exec-4] m.s.service.AdministratorsLoginService   : 进入AdministratorsLoginService
2022-08-01 16:23:12.753 DEBUG 15980 --- [http-nio-8080-exec-4] m.s.m.A.selectList                       : ==>  Preparing: SELECT administrator_no,administrator_password FROM administrators_password WHERE (administrator_no = ?)
2022-08-01 16:23:12.753 DEBUG 15980 --- [http-nio-8080-exec-4] m.s.m.A.selectList                       : ==> Parameters: 12(Long)
2022-08-01 16:23:12.755 DEBUG 15980 --- [http-nio-8080-exec-4] m.s.m.A.selectList                       : <==      Total: 0
2022-08-01 16:23:13.380 DEBUG 15980 --- [http-nio-8080-exec-5] m.s.service.AdministratorsLoginService   : 进入AdministratorsLoginService
2022-08-01 16:23:13.381 DEBUG 15980 --- [http-nio-8080-exec-5] m.s.m.A.selectList                       : ==>  Preparing: SELECT administrator_no,administrator_password FROM administrators_password WHERE (administrator_no = ?)
2022-08-01 16:23:13.382 DEBUG 15980 --- [http-nio-8080-exec-5] m.s.m.A.selectList                       : ==> Parameters: 12(Long)
2022-08-01 16:23:13.383 DEBUG 15980 --- [http-nio-8080-exec-5] m.s.m.A.selectList                       : <==      Total: 0
2022-08-01 16:23:13.650 DEBUG 15980 --- [http-nio-8080-exec-6] m.s.service.AdministratorsLoginService   : 进入AdministratorsLoginService
2022-08-01 16:23:13.651 DEBUG 15980 --- [http-nio-8080-exec-6] m.s.m.A.selectList                       : ==>  Preparing: SELECT administrator_no,administrator_password FROM administrators_password WHERE (administrator_no = ?)
2022-08-01 16:23:13.652 DEBUG 15980 --- [http-nio-8080-exec-6] m.s.m.A.selectList                       : ==> Parameters: 12(Long)
2022-08-01 16:23:13.653 DEBUG 15980 --- [http-nio-8080-exec-6] m.s.m.A.selectList                       : <==      Total: 0
2022-08-01 16:23:13.981 DEBUG 15980 --- [http-nio-8080-exec-7] m.s.service.AdministratorsLoginService   : 进入AdministratorsLoginService
2022-08-01 16:23:13.983 DEBUG 15980 --- [http-nio-8080-exec-7] m.s.m.A.selectList                       : ==>  Preparing: SELECT administrator_no,administrator_password FROM administrators_password WHERE (administrator_no = ?)
2022-08-01 16:23:13.984 DEBUG 15980 --- [http-nio-8080-exec-7] m.s.m.A.selectList                       : ==> Parameters: 12(Long)
2022-08-01 16:23:13.985 DEBUG 15980 --- [http-nio-8080-exec-7] m.s.m.A.selectList                       : <==      Total: 0
2022-08-01 16:23:14.513 DEBUG 15980 --- [http-nio-8080-exec-8] m.s.service.AdministratorsLoginService   : 进入AdministratorsLoginService
2022-08-01 16:23:14.514 DEBUG 15980 --- [http-nio-8080-exec-8] m.s.m.A.selectList                       : ==>  Preparing: SELECT administrator_no,administrator_password FROM administrators_password WHERE (administrator_no = ?)
2022-08-01 16:23:14.515 DEBUG 15980 --- [http-nio-8080-exec-8] m.s.m.A.selectList                       : ==> Parameters: 12(Long)
2022-08-01 16:23:14.516 DEBUG 15980 --- [http-nio-8080-exec-8] m.s.m.A.selectList                       : <==      Total: 0
2022-08-01 16:24:03.050 DEBUG 15980 --- [http-nio-8080-exec-1] m.s.service.AdministratorsLoginService   : 进入AdministratorsLoginService
2022-08-01 16:24:03.052 DEBUG 15980 --- [http-nio-8080-exec-1] m.s.m.A.selectList                       : ==>  Preparing: SELECT administrator_no,administrator_password FROM administrators_password WHERE (administrator_no = ?)
2022-08-01 16:24:03.052 DEBUG 15980 --- [http-nio-8080-exec-1] m.s.m.A.selectList                       : ==> Parameters: 12(Long)
2022-08-01 16:24:03.053 DEBUG 15980 --- [http-nio-8080-exec-1] m.s.m.A.selectList                       : <==      Total: 0
2022-08-01 16:24:18.248  INFO 15980 --- [SpringApplicationShutdownHook] com.alibaba.druid.pool.DruidDataSource   : {dataSource-1} closing ...
2022-08-01 16:24:18.252  INFO 15980 --- [SpringApplicationShutdownHook] com.alibaba.druid.pool.DruidDataSource   : {dataSource-1} closed
2022-08-01 16:24:21.589  INFO 12944 --- [main] m.s.SpringSecurityDemoApplication        : Starting SpringSecurityDemoApplication using Java 16.0.2 on mao with PID 12944 (H:\程序\大三暑假\springSecurity_demo\target\classes started by mao in H:\程序\大三暑假\springSecurity_demo)
2022-08-01 16:24:21.591 DEBUG 12944 --- [main] m.s.SpringSecurityDemoApplication        : Running with Spring Boot v2.7.2, Spring v5.3.22
2022-08-01 16:24:21.592  INFO 12944 --- [main] m.s.SpringSecurityDemoApplication        : The following 1 profile is active: "dev"
2022-08-01 16:24:22.377  INFO 12944 --- [main] o.s.b.w.embedded.tomcat.TomcatWebServer  : Tomcat initialized with port(s): 8080 (http)
2022-08-01 16:24:22.384  INFO 12944 --- [main] o.apache.catalina.core.StandardService   : Starting service [Tomcat]
2022-08-01 16:24:22.384  INFO 12944 --- [main] org.apache.catalina.core.StandardEngine  : Starting Servlet engine: [Apache Tomcat/9.0.65]
2022-08-01 16:24:22.468  INFO 12944 --- [main] o.a.c.c.C.[Tomcat].[localhost].[/]       : Initializing Spring embedded WebApplicationContext
2022-08-01 16:24:22.469  INFO 12944 --- [main] w.s.c.ServletWebServerApplicationContext : Root WebApplicationContext: initialization completed in 847 ms
2022-08-01 16:24:22.570  INFO 12944 --- [main] c.a.d.s.b.a.DruidDataSourceAutoConfigure : Init DruidDataSource
2022-08-01 16:24:22.654  INFO 12944 --- [main] com.alibaba.druid.pool.DruidDataSource   : {dataSource-1} inited
2022-08-01 16:24:22.752  WARN 12944 --- [main] c.b.m.core.metadata.TableInfoHelper      : Can not find table primary key in Class: "mao.springsecurity_demo.entity.Administrators".
2022-08-01 16:24:22.756  WARN 12944 --- [main] c.b.m.core.injector.DefaultSqlInjector   : class mao.springsecurity_demo.entity.Administrators ,Not found @TableId annotation, Cannot use Mybatis-Plus 'xxById' Method.
2022-08-01 16:24:22.804  WARN 12944 --- [main] c.b.m.core.metadata.TableInfoHelper      : Can not find table primary key in Class: "mao.springsecurity_demo.entity.AdministratorsPassword".
2022-08-01 16:24:22.804  WARN 12944 --- [main] c.b.m.core.injector.DefaultSqlInjector   : class mao.springsecurity_demo.entity.AdministratorsPassword ,Not found @TableId annotation, Cannot use Mybatis-Plus 'xxById' Method.
2022-08-01 16:24:23.163  INFO 12944 --- [main] o.s.s.web.DefaultSecurityFilterChain     : Will secure any request with [org.springframework.security.web.session.DisableEncodeUrlFilter@545d2560, org.springframework.security.web.context.request.async.WebAsyncManagerIntegrationFilter@124eb83d, org.springframework.security.web.context.SecurityContextPersistenceFilter@511da44f, org.springframework.security.web.header.HeaderWriterFilter@52ecc989, org.springframework.security.web.csrf.CsrfFilter@62f9c790, org.springframework.security.web.authentication.logout.LogoutFilter@39d77de9, org.springframework.security.web.authentication.UsernamePasswordAuthenticationFilter@696fad31, org.springframework.security.web.authentication.ui.DefaultLoginPageGeneratingFilter@28ee882c, org.springframework.security.web.authentication.ui.DefaultLogoutPageGeneratingFilter@6885ed19, org.springframework.security.web.savedrequest.RequestCacheAwareFilter@3a0b6a, org.springframework.security.web.servletapi.SecurityContextHolderAwareRequestFilter@2997ddfc, org.springframework.security.web.authentication.AnonymousAuthenticationFilter@10817f46, org.springframework.security.web.session.SessionManagementFilter@52f8a6f4, org.springframework.security.web.access.ExceptionTranslationFilter@18ffca6c, org.springframework.security.web.access.intercept.FilterSecurityInterceptor@7eb27768]
