2022-08-01 16:24:23.215  INFO 12944 --- [main] o.s.b.w.embedded.tomcat.TomcatWebServer  : Tomcat started on port(s): 8080 (http) with context path ''
2022-08-01 16:24:23.229  INFO 12944 --- [main] m.s.SpringSecurityDemoApplication        : Started SpringSecurityDemoApplication in 1.954 seconds (JVM running for 2.439)
2022-08-01 16:24:30.923  INFO 12944 --- [http-nio-8080-exec-1] o.a.c.c.C.[Tomcat].[localhost].[/]       : Initializing Spring DispatcherServlet 'dispatcherServlet'
2022-08-01 16:24:30.923  INFO 12944 --- [http-nio-8080-exec-1] o.s.web.servlet.DispatcherServlet        : Initializing Servlet 'dispatcherServlet'
2022-08-01 16:24:30.925  INFO 12944 --- [http-nio-8080-exec-1] o.s.web.servlet.DispatcherServlet        : Completed initialization in 0 ms
2022-08-01 16:24:34.053 DEBUG 12944 --- [http-nio-8080-exec-2] m.s.service.AdministratorsLoginService   : 进入AdministratorsLoginService
2022-08-01 16:24:34.310 DEBUG 12944 --- [http-nio-8080-exec-2] m.s.m.A.selectList                       : ==>  Preparing: SELECT administrator_no,administrator_password FROM administrators_password WHERE (administrator_no = ?)
2022-08-01 16:24:34.326 DEBUG 12944 --- [http-nio-8080-exec-2] m.s.m.A.selectList                       : ==> Parameters: 12(Long)
2022-08-01 16:24:34.340 DEBUG 12944 --- [http-nio-8080-exec-2] m.s.m.A.selectList                       : <==      Total: 0
2022-08-01 16:25:01.719 DEBUG 12944 --- [http-nio-8080-exec-5] m.s.service.AdministratorsLoginService   : 进入AdministratorsLoginService
2022-08-01 16:25:01.720 DEBUG 12944 --- [http-nio-8080-exec-5] m.s.m.A.selectList                       : ==>  Preparing: SELECT administrator_no,administrator_password FROM administrators_password WHERE (administrator_no = ?)
2022-08-01 16:25:01.721 DEBUG 12944 --- [http-nio-8080-exec-5] m.s.m.A.selectList                       : ==> Parameters: 10001(Long)
2022-08-01 16:25:01.723 DEBUG 12944 --- [http-nio-8080-exec-5] m.s.m.A.selectList                       : <==      Total: 1
2022-08-01 16:25:44.142  INFO 12944 --- [SpringApplicationShutdownHook] com.alibaba.druid.pool.DruidDataSource   : {dataSource-1} closing ...
2022-08-01 16:25:44.147  INFO 12944 --- [SpringApplicationShutdownHook] com.alibaba.druid.pool.DruidDataSource   : {dataSource-1} closed
2022-08-01 16:25:47.339  INFO 4532 --- [main] m.s.SpringSecurityDemoApplication        : Starting SpringSecurityDemoApplication using Java 16.0.2 on mao with PID 4532 (H:\程序\大三暑假\springSecurity_demo\target\classes started by mao in H:\程序\大三暑假\springSecurity_demo)
2022-08-01 16:25:47.340 DEBUG 4532 --- [main] m.s.SpringSecurityDemoApplication        : Running with Spring Boot v2.7.2, Spring v5.3.22
2022-08-01 16:25:47.341  INFO 4532 --- [main] m.s.SpringSecurityDemoApplication        : The following 1 profile is active: "dev"
2022-08-01 16:25:48.114  INFO 4532 --- [main] o.s.b.w.embedded.tomcat.TomcatWebServer  : Tomcat initialized with port(s): 8080 (http)
2022-08-01 16:25:48.120  INFO 4532 --- [main] o.apache.catalina.core.StandardService   : Starting service [Tomcat]
2022-08-01 16:25:48.121  INFO 4532 --- [main] org.apache.catalina.core.StandardEngine  : Starting Servlet engine: [Apache Tomcat/9.0.65]
2022-08-01 16:25:48.205  INFO 4532 --- [main] o.a.c.c.C.[Tomcat].[localhost].[/]       : Initializing Spring embedded WebApplicationContext
2022-08-01 16:25:48.205  INFO 4532 --- [main] w.s.c.ServletWebServerApplicationContext : Root WebApplicationContext: initialization completed in 835 ms
2022-08-01 16:25:48.304  INFO 4532 --- [main] c.a.d.s.b.a.DruidDataSourceAutoConfigure : Init DruidDataSource
2022-08-01 16:25:48.389  INFO 4532 --- [main] com.alibaba.druid.pool.DruidDataSource   : {dataSource-1} inited
2022-08-01 16:25:48.484  WARN 4532 --- [main] c.b.m.core.metadata.TableInfoHelper      : Can not find table primary key in Class: "mao.springsecurity_demo.entity.Administrators".
2022-08-01 16:25:48.488  WARN 4532 --- [main] c.b.m.core.injector.DefaultSqlInjector   : class mao.springsecurity_demo.entity.Administrators ,Not found @TableId annotation, Cannot use Mybatis-Plus 'xxById' Method.
2022-08-01 16:25:48.538  WARN 4532 --- [main] c.b.m.core.metadata.TableInfoHelper      : Can not find table primary key in Class: "mao.springsecurity_demo.entity.AdministratorsPassword".
2022-08-01 16:25:48.538  WARN 4532 --- [main] c.b.m.core.injector.DefaultSqlInjector   : class mao.springsecurity_demo.entity.AdministratorsPassword ,Not found @TableId annotation, Cannot use Mybatis-Plus 'xxById' Method.
2022-08-01 16:25:48.902  INFO 4532 --- [main] o.s.s.web.DefaultSecurityFilterChain     : Will secure any request with [org.springframework.security.web.session.DisableEncodeUrlFilter@6169be09, org.springframework.security.web.context.request.async.WebAsyncManagerIntegrationFilter@5e3db14, org.springframework.security.web.context.SecurityContextPersistenceFilter@143fefaf, org.springframework.security.web.header.HeaderWriterFilter@5939e24, org.springframework.security.web.csrf.CsrfFilter@686cf8ad, org.springframework.security.web.authentication.logout.LogoutFilter@1eeb5818, org.springframework.security.web.authentication.UsernamePasswordAuthenticationFilter@44dfdd58, org.springframework.security.web.authentication.ui.DefaultLoginPageGeneratingFilter@511da44f, org.springframework.security.web.authentication.ui.DefaultLogoutPageGeneratingFilter@5fb54740, org.springframework.security.web.savedrequest.RequestCacheAwareFilter@46468f0, org.springframework.security.web.servletapi.SecurityContextHolderAwareRequestFilter@6486fe7b, org.springframework.security.web.authentication.AnonymousAuthenticationFilter@325162e9, org.springframework.security.web.session.SessionManagementFilter@2055833f, org.springframework.security.web.access.ExceptionTranslationFilter@6b867ee7, org.springframework.security.web.access.intercept.FilterSecurityInterceptor@37d3e140]
2022-08-01 16:25:48.960  INFO 4532 --- [main] o.s.b.w.embedded.tomcat.TomcatWebServer  : Tomcat started on port(s): 8080 (http) with context path ''
2022-08-01 16:25:48.971  INFO 4532 --- [main] m.s.SpringSecurityDemoApplication        : Started SpringSecurityDemoApplication in 1.964 seconds (JVM running for 2.438)
2022-08-01 16:25:53.070  INFO 4532 --- [http-nio-8080-exec-1] o.a.c.c.C.[Tomcat].[localhost].[/]       : Initializing Spring DispatcherServlet 'dispatcherServlet'
2022-08-01 16:25:53.070  INFO 4532 --- [http-nio-8080-exec-1] o.s.web.servlet.DispatcherServlet        : Initializing Servlet 'dispatcherServlet'
2022-08-01 16:25:53.071  INFO 4532 --- [http-nio-8080-exec-1] o.s.web.servlet.DispatcherServlet        : Completed initialization in 1 ms
2022-08-01 16:25:56.334 DEBUG 4532 --- [http-nio-8080-exec-3] m.s.service.AdministratorsLoginService   : 进入AdministratorsLoginService
2022-08-01 16:25:56.589 DEBUG 4532 --- [http-nio-8080-exec-3] m.s.m.A.selectList                       : ==>  Preparing: SELECT administrator_no,administrator_password FROM administrators_password WHERE (administrator_no = ?)
2022-08-01 16:25:56.605 DEBUG 4532 --- [http-nio-8080-exec-3] m.s.m.A.selectList                       : ==> Parameters: 1(Long)
2022-08-01 16:25:56.619 DEBUG 4532 --- [http-nio-8080-exec-3] m.s.m.A.selectList                       : <==      Total: 0
2022-08-01 16:25:56.635  WARN 4532 --- [http-nio-8080-exec-3] .w.s.m.s.DefaultHandlerExceptionResolver : Resolved [org.springframework.web.HttpRequestMethodNotSupportedException: Request method 'POST' not supported]
2022-08-01 16:26:37.727  INFO 4532 --- [SpringApplicationShutdownHook] com.alibaba.druid.pool.DruidDataSource   : {dataSource-1} closing ...
2022-08-01 16:26:37.730  INFO 4532 --- [SpringApplicationShutdownHook] com.alibaba.druid.pool.DruidDataSource   : {dataSource-1} closed
2022-08-01 16:26:41.091  INFO 9420 --- [main] m.s.SpringSecurityDemoApplication        : Starting SpringSecurityDemoApplication using Java 16.0.2 on mao with PID 9420 (H:\程序\大三暑假\springSecurity_demo\target\classes started by mao in H:\程序\大三暑假\springSecurity_demo)
2022-08-01 16:26:41.093 DEBUG 9420 --- [main] m.s.SpringSecurityDemoApplication        : Running with Spring Boot v2.7.2, Spring v5.3.22
2022-08-01 16:26:41.093  INFO 9420 --- [main] m.s.SpringSecurityDemoApplication        : The following 1 profile is active: "dev"
2022-08-01 16:26:41.869  INFO 9420 --- [main] o.s.b.w.embedded.tomcat.TomcatWebServer  : Tomcat initialized with port(s): 8080 (http)
2022-08-01 16:26:41.876  INFO 9420 --- [main] o.apache.catalina.core.StandardService   : Starting service [Tomcat]
2022-08-01 16:26:41.876  INFO 9420 --- [main] org.apache.catalina.core.StandardEngine  : Starting Servlet engine: [Apache Tomcat/9.0.65]
2022-08-01 16:26:41.962  INFO 9420 --- [main] o.a.c.c.C.[Tomcat].[localhost].[/]       : Initializing Spring embedded WebApplicationContext
2022-08-01 16:26:41.962  INFO 9420 --- [main] w.s.c.ServletWebServerApplicationContext : Root WebApplicationContext: initialization completed in 839 ms
2022-08-01 16:26:42.062  INFO 9420 --- [main] c.a.d.s.b.a.DruidDataSourceAutoConfigure : Init DruidDataSource
2022-08-01 16:26:42.152  INFO 9420 --- [main] com.alibaba.druid.pool.DruidDataSource   : {dataSource-1} inited
2022-08-01 16:26:42.248  WARN 9420 --- [main] c.b.m.core.metadata.TableInfoHelper      : Can not find table primary key in Class: "mao.springsecurity_demo.entity.Administrators".
2022-08-01 16:26:42.251  WARN 9420 --- [main] c.b.m.core.injector.DefaultSqlInjector   : class mao.springsecurity_demo.entity.Administrators ,Not found @TableId annotation, Cannot use Mybatis-Plus 'xxById' Method.
2022-08-01 16:26:42.301  WARN 9420 --- [main] c.b.m.core.metadata.TableInfoHelper      : Can not find table primary key in Class: "mao.springsecurity_demo.entity.AdministratorsPassword".
2022-08-01 16:26:42.302  WARN 9420 --- [main] c.b.m.core.injector.DefaultSqlInjector   : class mao.springsecurity_demo.entity.AdministratorsPassword ,Not found @TableId annotation, Cannot use Mybatis-Plus 'xxById' Method.
2022-08-01 16:26:42.666  INFO 9420 --- [main] o.s.s.web.DefaultSecurityFilterChain     : Will secure any request with [org.springframework.security.web.session.DisableEncodeUrlFilter@703e8050, org.springframework.security.web.context.request.async.WebAsyncManagerIntegrationFilter@49c1e294, org.springframework.security.web.context.SecurityContextPersistenceFilter@52f8a6f4, org.springframework.security.web.header.HeaderWriterFilter@46468f0, org.springframework.security.web.csrf.CsrfFilter@3bbf1c0d, org.springframework.security.web.authentication.logout.LogoutFilter@4652c74d, org.springframework.security.web.authentication.UsernamePasswordAuthenticationFilter@4cc12db2, org.springframework.security.web.authentication.ui.DefaultLoginPageGeneratingFilter@63d677f5, org.springframework.security.web.authentication.ui.DefaultLogoutPageGeneratingFilter@7741ae1b, org.springframework.security.web.savedrequest.RequestCacheAwareFilter@6486fe7b, org.springframework.security.web.servletapi.SecurityContextHolderAwareRequestFilter@52ba685a, org.springframework.security.web.authentication.AnonymousAuthenticationFilter@50e5032c, org.springframework.security.web.session.SessionManagementFilter@34a6d9db, org.springframework.security.web.access.ExceptionTranslationFilter@28768e25, org.springframework.security.web.access.intercept.FilterSecurityInterceptor@5ca4dce5]
2022-08-01 16:26:42.718  INFO 9420 --- [main] o.s.b.w.embedded.tomcat.TomcatWebServer  : Tomcat started on port(s): 8080 (http) with context path ''
2022-08-01 16:26:42.728  INFO 9420 --- [main] m.s.SpringSecurityDemoApplication        : Started SpringSecurityDemoApplication in 1.949 seconds (JVM running for 2.43)
2022-08-01 16:26:45.334  INFO 9420 --- [http-nio-8080-exec-1] o.a.c.c.C.[Tomcat].[localhost].[/]       : Initializing Spring DispatcherServlet 'dispatcherServlet'
2022-08-01 16:26:45.335  INFO 9420 --- [http-nio-8080-exec-1] o.s.web.servlet.DispatcherServlet        : Initializing Servlet 'dispatcherServlet'
2022-08-01 16:26:45.335  INFO 9420 --- [http-nio-8080-exec-1] o.s.web.servlet.DispatcherServlet        : Completed initialization in 0 ms
2022-08-01 16:26:47.889 DEBUG 9420 --- [http-nio-8080-exec-2] m.s.service.AdministratorsLoginService   : 进入AdministratorsLoginService
2022-08-01 16:26:48.153 DEBUG 9420 --- [http-nio-8080-exec-2] m.s.m.A.selectList                       : ==>  Preparing: SELECT administrator_no,administrator_password FROM administrators_password WHERE (administrator_no = ?)
2022-08-01 16:26:48.171 DEBUG 9420 --- [http-nio-8080-exec-2] m.s.m.A.selectList                       : ==> Parameters: 12(Long)
2022-08-01 16:26:48.186 DEBUG 9420 --- [http-nio-8080-exec-2] m.s.m.A.selectList                       : <==      Total: 0
2022-08-01 16:26:48.206  WARN 9420 --- [http-nio-8080-exec-2] .w.s.m.s.DefaultHandlerExceptionResolver : Resolved [org.springframework.web.HttpRequestMethodNotSupportedException: Request method 'POST' not supported]
2022-08-01 16:27:27.820  INFO 9420 --- [SpringApplicationShutdownHook] com.alibaba.druid.pool.DruidDataSource   : {dataSource-1} closing ...
2022-08-01 16:27:27.829  INFO 9420 --- [SpringApplicationShutdownHook] com.alibaba.druid.pool.DruidDataSource   : {dataSource-1} closed
2022-08-01 16:27:31.136  INFO 13660 --- [main] m.s.SpringSecurityDemoApplication        : Starting SpringSecurityDemoApplication using Java 16.0.2 on mao with PID 13660 (H:\程序\大三暑假\springSecurity_demo\target\classes started by mao in H:\程序\大三暑假\springSecurity_demo)
2022-08-01 16:27:31.138 DEBUG 13660 --- [main] m.s.SpringSecurityDemoApplication        : Running with Spring Boot v2.7.2, Spring v5.3.22
2022-08-01 16:27:31.138  INFO 13660 --- [main] m.s.SpringSecurityDemoApplication        : The following 1 profile is active: "dev"
2022-08-01 16:27:31.975  INFO 13660 --- [main] o.s.b.w.embedded.tomcat.TomcatWebServer  : Tomcat initialized with port(s): 8080 (http)
2022-08-01 16:27:31.982  INFO 13660 --- [main] o.apache.catalina.core.StandardService   : Starting service [Tomcat]
2022-08-01 16:27:31.983  INFO 13660 --- [main] org.apache.catalina.core.StandardEngine  : Starting Servlet engine: [Apache Tomcat/9.0.65]
2022-08-01 16:27:32.080  INFO 13660 --- [main] o.a.c.c.C.[Tomcat].[localhost].[/]       : Initializing Spring embedded WebApplicationContext
2022-08-01 16:27:32.080  INFO 13660 --- [main] w.s.c.ServletWebServerApplicationContext : Root WebApplicationContext: initialization completed in 911 ms
2022-08-01 16:27:32.187  INFO 13660 --- [main] c.a.d.s.b.a.DruidDataSourceAutoConfigure : Init DruidDataSource
2022-08-01 16:27:32.272  INFO 13660 --- [main] com.alibaba.druid.pool.DruidDataSource   : {dataSource-1} inited
2022-08-01 16:27:32.373  WARN 13660 --- [main] c.b.m.core.metadata.TableInfoHelper      : Can not find table primary key in Class: "mao.springsecurity_demo.entity.Administrators".
2022-08-01 16:27:32.376  WARN 13660 --- [main] c.b.m.core.injector.DefaultSqlInjector   : class mao.springsecurity_demo.entity.Administrators ,Not found @TableId annotation, Cannot use Mybatis-Plus 'xxById' Method.
2022-08-01 16:27:32.430  WARN 13660 --- [main] c.b.m.core.metadata.TableInfoHelper      : Can not find table primary key in Class: "mao.springsecurity_demo.entity.AdministratorsPassword".
2022-08-01 16:27:32.431  WARN 13660 --- [main] c.b.m.core.injector.DefaultSqlInjector   : class mao.springsecurity_demo.entity.AdministratorsPassword ,Not found @TableId annotation, Cannot use Mybatis-Plus 'xxById' Method.
2022-08-01 16:27:32.850  INFO 13660 --- [main] o.s.s.web.DefaultSecurityFilterChain     : Will secure any request with [org.springframework.security.web.session.DisableEncodeUrlFilter@1291aab5, org.springframework.security.web.context.request.async.WebAsyncManagerIntegrationFilter@7d133fb7, org.springframework.security.web.context.SecurityContextPersistenceFilter@2055833f, org.springframework.security.web.header.HeaderWriterFilter@3dec3f87, org.springframework.security.web.csrf.CsrfFilter@5bb8e6fc, org.springframework.security.web.authentication.logout.LogoutFilter@34edd065, org.springframework.security.web.authentication.UsernamePasswordAuthenticationFilter@681e913c, org.springframework.security.web.authentication.ui.DefaultLoginPageGeneratingFilter@52f8a6f4, org.springframework.security.web.authentication.ui.DefaultLogoutPageGeneratingFilter@40bd0f8, org.springframework.security.web.savedrequest.RequestCacheAwareFilter@310d57b1, org.springframework.security.web.servletapi.SecurityContextHolderAwareRequestFilter@756808cc, org.springframework.security.web.authentication.AnonymousAuthenticationFilter@7eb27768, org.springframework.security.web.session.SessionManagementFilter@5dbab232, org.springframework.security.web.access.ExceptionTranslationFilter@93bf0e0, org.springframework.security.web.access.intercept.FilterSecurityInterceptor@15d236fd]
