2022-08-01 16:27:32.904  INFO 13660 --- [main] o.s.b.w.embedded.tomcat.TomcatWebServer  : Tomcat started on port(s): 8080 (http) with context path ''
2022-08-01 16:27:32.918  INFO 13660 --- [main] m.s.SpringSecurityDemoApplication        : Started SpringSecurityDemoApplication in 2.116 seconds (JVM running for 2.599)
2022-08-01 16:27:35.380  INFO 13660 --- [http-nio-8080-exec-1] o.a.c.c.C.[Tomcat].[localhost].[/]       : Initializing Spring DispatcherServlet 'dispatcherServlet'
2022-08-01 16:27:35.380  INFO 13660 --- [http-nio-8080-exec-1] o.s.web.servlet.DispatcherServlet        : Initializing Servlet 'dispatcherServlet'
2022-08-01 16:27:35.381  INFO 13660 --- [http-nio-8080-exec-1] o.s.web.servlet.DispatcherServlet        : Completed initialization in 1 ms
2022-08-01 16:27:38.523 DEBUG 13660 --- [http-nio-8080-exec-2] m.s.service.AdministratorsLoginService   : 进入AdministratorsLoginService
2022-08-01 16:27:38.800 DEBUG 13660 --- [http-nio-8080-exec-2] m.s.m.A.selectList                       : ==>  Preparing: SELECT administrator_no,administrator_password FROM administrators_password WHERE (administrator_no = ?)
2022-08-01 16:27:38.816 DEBUG 13660 --- [http-nio-8080-exec-2] m.s.m.A.selectList                       : ==> Parameters: 12(Long)
2022-08-01 16:27:38.830 DEBUG 13660 --- [http-nio-8080-exec-2] m.s.m.A.selectList                       : <==      Total: 0
2022-08-01 16:28:38.855 DEBUG 13660 --- [http-nio-8080-exec-5] m.s.service.AdministratorsLoginService   : 进入AdministratorsLoginService
2022-08-01 16:28:38.868  WARN 13660 --- [http-nio-8080-exec-5] c.a.druid.pool.DruidAbstractDataSource   : discard long time none received connection. , jdbcUrl : jdbc:mysql://localhost:3306/student1, version : 1.2.8, lastPacketReceivedIdleMillis : 60037
2022-08-01 16:28:38.894 DEBUG 13660 --- [http-nio-8080-exec-5] m.s.m.A.selectList                       : ==>  Preparing: SELECT administrator_no,administrator_password FROM administrators_password WHERE (administrator_no = ?)
2022-08-01 16:28:38.895 DEBUG 13660 --- [http-nio-8080-exec-5] m.s.m.A.selectList                       : ==> Parameters: 10001(Long)
2022-08-01 16:28:38.897 DEBUG 13660 --- [http-nio-8080-exec-5] m.s.m.A.selectList                       : <==      Total: 1
2022-08-01 16:29:28.571 DEBUG 13660 --- [http-nio-8080-exec-7] m.s.service.AdministratorsLoginService   : 进入AdministratorsLoginService
2022-08-01 16:29:28.573 DEBUG 13660 --- [http-nio-8080-exec-7] m.s.m.A.selectList                       : ==>  Preparing: SELECT administrator_no,administrator_password FROM administrators_password WHERE (administrator_no = ?)
2022-08-01 16:29:28.573 DEBUG 13660 --- [http-nio-8080-exec-7] m.s.m.A.selectList                       : ==> Parameters: 10001(Long)
2022-08-01 16:29:28.575 DEBUG 13660 --- [http-nio-8080-exec-7] m.s.m.A.selectList                       : <==      Total: 1
2022-08-01 16:29:48.668  INFO 13660 --- [SpringApplicationShutdownHook] com.alibaba.druid.pool.DruidDataSource   : {dataSource-1} closing ...
2022-08-01 16:29:48.671  INFO 13660 --- [SpringApplicationShutdownHook] com.alibaba.druid.pool.DruidDataSource   : {dataSource-1} closed
2022-08-01 16:29:52.047  INFO 9572 --- [main] m.s.SpringSecurityDemoApplication        : Starting SpringSecurityDemoApplication using Java 16.0.2 on mao with PID 9572 (H:\程序\大三暑假\springSecurity_demo\target\classes started by mao in H:\程序\大三暑假\springSecurity_demo)
2022-08-01 16:29:52.049 DEBUG 9572 --- [main] m.s.SpringSecurityDemoApplication        : Running with Spring Boot v2.7.2, Spring v5.3.22
2022-08-01 16:29:52.049  INFO 9572 --- [main] m.s.SpringSecurityDemoApplication        : The following 1 profile is active: "dev"
2022-08-01 16:29:52.811  INFO 9572 --- [main] o.s.b.w.embedded.tomcat.TomcatWebServer  : Tomcat initialized with port(s): 8080 (http)
2022-08-01 16:29:52.818  INFO 9572 --- [main] o.apache.catalina.core.StandardService   : Starting service [Tomcat]
2022-08-01 16:29:52.818  INFO 9572 --- [main] org.apache.catalina.core.StandardEngine  : Starting Servlet engine: [Apache Tomcat/9.0.65]
2022-08-01 16:29:52.901  INFO 9572 --- [main] o.a.c.c.C.[Tomcat].[localhost].[/]       : Initializing Spring embedded WebApplicationContext
2022-08-01 16:29:52.901  INFO 9572 --- [main] w.s.c.ServletWebServerApplicationContext : Root WebApplicationContext: initialization completed in 823 ms
2022-08-01 16:29:53.000  INFO 9572 --- [main] c.a.d.s.b.a.DruidDataSourceAutoConfigure : Init DruidDataSource
2022-08-01 16:29:53.084  INFO 9572 --- [main] com.alibaba.druid.pool.DruidDataSource   : {dataSource-1} inited
2022-08-01 16:29:53.180  WARN 9572 --- [main] c.b.m.core.metadata.TableInfoHelper      : Can not find table primary key in Class: "mao.springsecurity_demo.entity.Administrators".
2022-08-01 16:29:53.183  WARN 9572 --- [main] c.b.m.core.injector.DefaultSqlInjector   : class mao.springsecurity_demo.entity.Administrators ,Not found @TableId annotation, Cannot use Mybatis-Plus 'xxById' Method.
2022-08-01 16:29:53.233  WARN 9572 --- [main] c.b.m.core.metadata.TableInfoHelper      : Can not find table primary key in Class: "mao.springsecurity_demo.entity.AdministratorsPassword".
2022-08-01 16:29:53.233  WARN 9572 --- [main] c.b.m.core.injector.DefaultSqlInjector   : class mao.springsecurity_demo.entity.AdministratorsPassword ,Not found @TableId annotation, Cannot use Mybatis-Plus 'xxById' Method.
2022-08-01 16:29:53.591  INFO 9572 --- [main] o.s.s.web.DefaultSecurityFilterChain     : Will secure any request with [org.springframework.security.web.session.DisableEncodeUrlFilter@5fdd97c1, org.springframework.security.web.context.request.async.WebAsyncManagerIntegrationFilter@3b5a19ed, org.springframework.security.web.context.SecurityContextPersistenceFilter@216c22ce, org.springframework.security.web.header.HeaderWriterFilter@546ed2a0, org.springframework.security.web.csrf.CsrfFilter@5b8853, org.springframework.security.web.authentication.logout.LogoutFilter@511da44f, org.springframework.security.web.authentication.UsernamePasswordAuthenticationFilter@4645679e, org.springframework.security.web.savedrequest.RequestCacheAwareFilter@21e5f0b6, org.springframework.security.web.servletapi.SecurityContextHolderAwareRequestFilter@5dbab232, org.springframework.security.web.authentication.AnonymousAuthenticationFilter@15d236fd, org.springframework.security.web.session.SessionManagementFilter@27ec8754, org.springframework.security.web.access.ExceptionTranslationFilter@686cf8ad, org.springframework.security.web.access.intercept.FilterSecurityInterceptor@11810917]
2022-08-01 16:29:53.642  INFO 9572 --- [main] o.s.b.w.embedded.tomcat.TomcatWebServer  : Tomcat started on port(s): 8080 (http) with context path ''
2022-08-01 16:29:53.652  INFO 9572 --- [main] m.s.SpringSecurityDemoApplication        : Started SpringSecurityDemoApplication in 1.923 seconds (JVM running for 2.427)
2022-08-01 16:30:00.241  INFO 9572 --- [http-nio-8080-exec-1] o.a.c.c.C.[Tomcat].[localhost].[/]       : Initializing Spring DispatcherServlet 'dispatcherServlet'
2022-08-01 16:30:00.241  INFO 9572 --- [http-nio-8080-exec-1] o.s.web.servlet.DispatcherServlet        : Initializing Servlet 'dispatcherServlet'
2022-08-01 16:30:00.242  INFO 9572 --- [http-nio-8080-exec-1] o.s.web.servlet.DispatcherServlet        : Completed initialization in 1 ms
2022-08-01 16:34:24.215  INFO 9572 --- [SpringApplicationShutdownHook] com.alibaba.druid.pool.DruidDataSource   : {dataSource-1} closing ...
2022-08-01 16:34:24.216  INFO 9572 --- [SpringApplicationShutdownHook] com.alibaba.druid.pool.DruidDataSource   : {dataSource-1} closed
2022-08-01 16:34:27.588  INFO 15128 --- [main] m.s.SpringSecurityDemoApplication        : Starting SpringSecurityDemoApplication using Java 16.0.2 on mao with PID 15128 (H:\程序\大三暑假\springSecurity_demo\target\classes started by mao in H:\程序\大三暑假\springSecurity_demo)
2022-08-01 16:34:27.589 DEBUG 15128 --- [main] m.s.SpringSecurityDemoApplication        : Running with Spring Boot v2.7.2, Spring v5.3.22
2022-08-01 16:34:27.590  INFO 15128 --- [main] m.s.SpringSecurityDemoApplication        : The following 1 profile is active: "dev"
2022-08-01 16:34:28.402  INFO 15128 --- [main] o.s.b.w.embedded.tomcat.TomcatWebServer  : Tomcat initialized with port(s): 8080 (http)
2022-08-01 16:34:28.408  INFO 15128 --- [main] o.apache.catalina.core.StandardService   : Starting service [Tomcat]
2022-08-01 16:34:28.409  INFO 15128 --- [main] org.apache.catalina.core.StandardEngine  : Starting Servlet engine: [Apache Tomcat/9.0.65]
2022-08-01 16:34:28.494  INFO 15128 --- [main] o.a.c.c.C.[Tomcat].[localhost].[/]       : Initializing Spring embedded WebApplicationContext
2022-08-01 16:34:28.494  INFO 15128 --- [main] w.s.c.ServletWebServerApplicationContext : Root WebApplicationContext: initialization completed in 874 ms
2022-08-01 16:34:28.595  INFO 15128 --- [main] c.a.d.s.b.a.DruidDataSourceAutoConfigure : Init DruidDataSource
2022-08-01 16:34:28.682  INFO 15128 --- [main] com.alibaba.druid.pool.DruidDataSource   : {dataSource-1} inited
2022-08-01 16:34:28.780  WARN 15128 --- [main] c.b.m.core.metadata.TableInfoHelper      : Can not find table primary key in Class: "mao.springsecurity_demo.entity.Administrators".
2022-08-01 16:34:28.783  WARN 15128 --- [main] c.b.m.core.injector.DefaultSqlInjector   : class mao.springsecurity_demo.entity.Administrators ,Not found @TableId annotation, Cannot use Mybatis-Plus 'xxById' Method.
2022-08-01 16:34:28.834  WARN 15128 --- [main] c.b.m.core.metadata.TableInfoHelper      : Can not find table primary key in Class: "mao.springsecurity_demo.entity.AdministratorsPassword".
2022-08-01 16:34:28.834  WARN 15128 --- [main] c.b.m.core.injector.DefaultSqlInjector   : class mao.springsecurity_demo.entity.AdministratorsPassword ,Not found @TableId annotation, Cannot use Mybatis-Plus 'xxById' Method.
2022-08-01 16:34:29.217  INFO 15128 --- [main] o.s.s.web.DefaultSecurityFilterChain     : Will secure any request with [org.springframework.security.web.session.DisableEncodeUrlFilter@a3cba3a, org.springframework.security.web.context.request.async.WebAsyncManagerIntegrationFilter@2aea717c, org.springframework.security.web.context.SecurityContextPersistenceFilter@6b867ee7, org.springframework.security.web.header.HeaderWriterFilter@62f9c790, org.springframework.security.web.authentication.logout.LogoutFilter@2997ddfc, org.springframework.security.web.authentication.UsernamePasswordAuthenticationFilter@28ee882c, org.springframework.security.web.savedrequest.RequestCacheAwareFilter@7a606260, org.springframework.security.web.servletapi.SecurityContextHolderAwareRequestFilter@143fefaf, org.springframework.security.web.authentication.AnonymousAuthenticationFilter@5ca4dce5, org.springframework.security.web.session.SessionManagementFilter@93bf0e0, org.springframework.security.web.access.ExceptionTranslationFilter@27ec8754, org.springframework.security.web.access.intercept.FilterSecurityInterceptor@7781263c]
2022-08-01 16:34:29.270  INFO 15128 --- [main] o.s.b.w.embedded.tomcat.TomcatWebServer  : Tomcat started on port(s): 8080 (http) with context path ''
2022-08-01 16:34:29.280  INFO 15128 --- [main] m.s.SpringSecurityDemoApplication        : Started SpringSecurityDemoApplication in 2.021 seconds (JVM running for 2.521)
2022-08-01 16:34:35.204  INFO 15128 --- [http-nio-8080-exec-2] o.a.c.c.C.[Tomcat].[localhost].[/]       : Initializing Spring DispatcherServlet 'dispatcherServlet'
2022-08-01 16:34:35.205  INFO 15128 --- [http-nio-8080-exec-2] o.s.web.servlet.DispatcherServlet        : Initializing Servlet 'dispatcherServlet'
2022-08-01 16:34:35.205  INFO 15128 --- [http-nio-8080-exec-2] o.s.web.servlet.DispatcherServlet        : Completed initialization in 0 ms
2022-08-01 16:35:26.811  INFO 15128 --- [SpringApplicationShutdownHook] com.alibaba.druid.pool.DruidDataSource   : {dataSource-1} closing ...
2022-08-01 16:35:26.812  INFO 15128 --- [SpringApplicationShutdownHook] com.alibaba.druid.pool.DruidDataSource   : {dataSource-1} closed
2022-08-01 16:35:30.247  INFO 6832 --- [main] m.s.SpringSecurityDemoApplication        : Starting SpringSecurityDemoApplication using Java 16.0.2 on mao with PID 6832 (H:\程序\大三暑假\springSecurity_demo\target\classes started by mao in H:\程序\大三暑假\springSecurity_demo)
2022-08-01 16:35:30.249 DEBUG 6832 --- [main] m.s.SpringSecurityDemoApplication        : Running with Spring Boot v2.7.2, Spring v5.3.22
2022-08-01 16:35:30.250  INFO 6832 --- [main] m.s.SpringSecurityDemoApplication        : The following 1 profile is active: "dev"
2022-08-01 16:35:31.035  INFO 6832 --- [main] o.s.b.w.embedded.tomcat.TomcatWebServer  : Tomcat initialized with port(s): 8080 (http)
2022-08-01 16:35:31.042  INFO 6832 --- [main] o.apache.catalina.core.StandardService   : Starting service [Tomcat]
2022-08-01 16:35:31.042  INFO 6832 --- [main] org.apache.catalina.core.StandardEngine  : Starting Servlet engine: [Apache Tomcat/9.0.65]
2022-08-01 16:35:31.128  INFO 6832 --- [main] o.a.c.c.C.[Tomcat].[localhost].[/]       : Initializing Spring embedded WebApplicationContext
2022-08-01 16:35:31.128  INFO 6832 --- [main] w.s.c.ServletWebServerApplicationContext : Root WebApplicationContext: initialization completed in 849 ms
2022-08-01 16:35:31.227  INFO 6832 --- [main] c.a.d.s.b.a.DruidDataSourceAutoConfigure : Init DruidDataSource
2022-08-01 16:35:31.312  INFO 6832 --- [main] com.alibaba.druid.pool.DruidDataSource   : {dataSource-1} inited
2022-08-01 16:35:31.410  WARN 6832 --- [main] c.b.m.core.metadata.TableInfoHelper      : Can not find table primary key in Class: "mao.springsecurity_demo.entity.Administrators".
2022-08-01 16:35:31.414  WARN 6832 --- [main] c.b.m.core.injector.DefaultSqlInjector   : class mao.springsecurity_demo.entity.Administrators ,Not found @TableId annotation, Cannot use Mybatis-Plus 'xxById' Method.
2022-08-01 16:35:31.462  WARN 6832 --- [main] c.b.m.core.metadata.TableInfoHelper      : Can not find table primary key in Class: "mao.springsecurity_demo.entity.AdministratorsPassword".
2022-08-01 16:35:31.463  WARN 6832 --- [main] c.b.m.core.injector.DefaultSqlInjector   : class mao.springsecurity_demo.entity.AdministratorsPassword ,Not found @TableId annotation, Cannot use Mybatis-Plus 'xxById' Method.
2022-08-01 16:35:31.819  INFO 6832 --- [main] o.s.s.web.DefaultSecurityFilterChain     : Will secure any request with [org.springframework.security.web.session.DisableEncodeUrlFilter@3b5a19ed, org.springframework.security.web.context.request.async.WebAsyncManagerIntegrationFilter@15d236fd, org.springframework.security.web.context.SecurityContextPersistenceFilter@27ec8754, org.springframework.security.web.header.HeaderWriterFilter@747f6c5a, org.springframework.security.web.authentication.logout.LogoutFilter@511da44f, org.springframework.security.web.authentication.UsernamePasswordAuthenticationFilter@4645679e, org.springframework.security.web.savedrequest.RequestCacheAwareFilter@19662208, org.springframework.security.web.servletapi.SecurityContextHolderAwareRequestFilter@6b867ee7, org.springframework.security.web.authentication.AnonymousAuthenticationFilter@6b9c42bd, org.springframework.security.web.session.SessionManagementFilter@5b48f0f4, org.springframework.security.web.access.ExceptionTranslationFilter@5bb8e6fc, org.springframework.security.web.access.intercept.FilterSecurityInterceptor@13278a41]
2022-08-01 16:35:31.873  INFO 6832 --- [main] o.s.b.w.embedded.tomcat.TomcatWebServer  : Tomcat started on port(s): 8080 (http) with context path ''
2022-08-01 16:35:31.883  INFO 6832 --- [main] m.s.SpringSecurityDemoApplication        : Started SpringSecurityDemoApplication in 1.957 seconds (JVM running for 2.44)
2022-08-01 16:35:35.493  INFO 6832 --- [http-nio-8080-exec-1] o.a.c.c.C.[Tomcat].[localhost].[/]       : Initializing Spring DispatcherServlet 'dispatcherServlet'
2022-08-01 16:35:35.493  INFO 6832 --- [http-nio-8080-exec-1] o.s.web.servlet.DispatcherServlet        : Initializing Servlet 'dispatcherServlet'
2022-08-01 16:35:35.493  INFO 6832 --- [http-nio-8080-exec-1] o.s.web.servlet.DispatcherServlet        : Completed initialization in 0 ms
2022-08-01 16:35:35.505 DEBUG 6832 --- [http-nio-8080-exec-1] m.s.service.AdministratorsLoginService   : 进入AdministratorsLoginService
2022-08-01 16:35:35.767 DEBUG 6832 --- [http-nio-8080-exec-1] m.s.m.A.selectList                       : ==>  Preparing: SELECT administrator_no,administrator_password FROM administrators_password WHERE (administrator_no = ?)
2022-08-01 16:35:35.785 DEBUG 6832 --- [http-nio-8080-exec-1] m.s.m.A.selectList                       : ==> Parameters: 13(Long)
