2022-08-01 16:53:53.295  INFO 7228 --- [main] o.s.b.w.embedded.tomcat.TomcatWebServer  : Tomcat started on port(s): 8080 (http) with context path ''
2022-08-01 16:53:53.311  INFO 7228 --- [main] m.s.SpringSecurityDemoApplication        : Started SpringSecurityDemoApplication in 2.032 seconds (JVM running for 2.511)
2022-08-01 16:53:56.117  INFO 7228 --- [http-nio-8080-exec-2] o.a.c.c.C.[Tomcat].[localhost].[/]       : Initializing Spring DispatcherServlet 'dispatcherServlet'
2022-08-01 16:53:56.117  INFO 7228 --- [http-nio-8080-exec-2] o.s.web.servlet.DispatcherServlet        : Initializing Servlet 'dispatcherServlet'
2022-08-01 16:53:56.118  INFO 7228 --- [http-nio-8080-exec-2] o.s.web.servlet.DispatcherServlet        : Completed initialization in 0 ms
2022-08-01 16:54:01.833 DEBUG 7228 --- [http-nio-8080-exec-5] m.s.service.AdministratorsLoginService   : 进入AdministratorsLoginService
2022-08-01 16:54:02.100 DEBUG 7228 --- [http-nio-8080-exec-5] m.s.m.A.selectList                       : ==>  Preparing: SELECT administrator_no,administrator_password FROM administrators_password WHERE (administrator_no = ?)
2022-08-01 16:54:02.118 DEBUG 7228 --- [http-nio-8080-exec-5] m.s.m.A.selectList                       : ==> Parameters: 12(Long)
2022-08-01 16:54:02.132 DEBUG 7228 --- [http-nio-8080-exec-5] m.s.m.A.selectList                       : <==      Total: 0
2022-08-01 16:54:23.033 DEBUG 7228 --- [http-nio-8080-exec-9] m.s.service.AdministratorsLoginService   : 进入AdministratorsLoginService
2022-08-01 16:54:23.035 DEBUG 7228 --- [http-nio-8080-exec-9] m.s.m.A.selectList                       : ==>  Preparing: SELECT administrator_no,administrator_password FROM administrators_password WHERE (administrator_no = ?)
2022-08-01 16:54:23.036 DEBUG 7228 --- [http-nio-8080-exec-9] m.s.m.A.selectList                       : ==> Parameters: 10001(Long)
2022-08-01 16:54:23.038 DEBUG 7228 --- [http-nio-8080-exec-9] m.s.m.A.selectList                       : <==      Total: 1
2022-08-01 16:54:54.297  INFO 7228 --- [SpringApplicationShutdownHook] com.alibaba.druid.pool.DruidDataSource   : {dataSource-1} closing ...
2022-08-01 16:54:54.301  INFO 7228 --- [SpringApplicationShutdownHook] com.alibaba.druid.pool.DruidDataSource   : {dataSource-1} closed
2022-08-01 18:38:24.176  INFO 19172 --- [main] m.s.SpringSecurityDemoApplication        : Starting SpringSecurityDemoApplication using Java 16.0.2 on mao with PID 19172 (H:\程序\大三暑假\springSecurity_demo\target\classes started by mao in H:\程序\大三暑假\springSecurity_demo)
2022-08-01 18:38:24.179 DEBUG 19172 --- [main] m.s.SpringSecurityDemoApplication        : Running with Spring Boot v2.7.2, Spring v5.3.22
2022-08-01 18:38:24.179  INFO 19172 --- [main] m.s.SpringSecurityDemoApplication        : The following 1 profile is active: "dev"
2022-08-01 18:38:25.026  INFO 19172 --- [main] o.s.b.w.embedded.tomcat.TomcatWebServer  : Tomcat initialized with port(s): 8080 (http)
2022-08-01 18:38:25.033  INFO 19172 --- [main] o.apache.catalina.core.StandardService   : Starting service [Tomcat]
2022-08-01 18:38:25.033  INFO 19172 --- [main] org.apache.catalina.core.StandardEngine  : Starting Servlet engine: [Apache Tomcat/9.0.65]
2022-08-01 18:38:25.119  INFO 19172 --- [main] o.a.c.c.C.[Tomcat].[localhost].[/]       : Initializing Spring embedded WebApplicationContext
2022-08-01 18:38:25.119  INFO 19172 --- [main] w.s.c.ServletWebServerApplicationContext : Root WebApplicationContext: initialization completed in 907 ms
2022-08-01 18:38:25.243  INFO 19172 --- [main] c.a.d.s.b.a.DruidDataSourceAutoConfigure : Init DruidDataSource
2022-08-01 18:38:25.336  INFO 19172 --- [main] com.alibaba.druid.pool.DruidDataSource   : {dataSource-1} inited
2022-08-01 18:38:25.438  WARN 19172 --- [main] c.b.m.core.metadata.TableInfoHelper      : Can not find table primary key in Class: "mao.springsecurity_demo.entity.Administrators".
2022-08-01 18:38:25.442  WARN 19172 --- [main] c.b.m.core.injector.DefaultSqlInjector   : class mao.springsecurity_demo.entity.Administrators ,Not found @TableId annotation, Cannot use Mybatis-Plus 'xxById' Method.
2022-08-01 18:38:25.498  WARN 19172 --- [main] c.b.m.core.metadata.TableInfoHelper      : Can not find table primary key in Class: "mao.springsecurity_demo.entity.AdministratorsPassword".
2022-08-01 18:38:25.498  WARN 19172 --- [main] c.b.m.core.injector.DefaultSqlInjector   : class mao.springsecurity_demo.entity.AdministratorsPassword ,Not found @TableId annotation, Cannot use Mybatis-Plus 'xxById' Method.
2022-08-01 18:38:25.914  INFO 19172 --- [main] o.s.s.web.DefaultSecurityFilterChain     : Will secure any request with [org.springframework.security.web.session.DisableEncodeUrlFilter@6b9c42bd, org.springframework.security.web.context.request.async.WebAsyncManagerIntegrationFilter@584ca390, org.springframework.security.web.context.SecurityContextPersistenceFilter@3bbf1c0d, org.springframework.security.web.header.HeaderWriterFilter@66e341e9, org.springframework.security.web.authentication.logout.LogoutFilter@4645679e, org.springframework.security.web.authentication.UsernamePasswordAuthenticationFilter@3a0b6a, org.springframework.security.web.savedrequest.RequestCacheAwareFilter@216c22ce, org.springframework.security.web.servletapi.SecurityContextHolderAwareRequestFilter@3dec3f87, org.springframework.security.web.authentication.AnonymousAuthenticationFilter@33324c05, org.springframework.security.web.session.SessionManagementFilter@546ed2a0, org.springframework.security.web.access.ExceptionTranslationFilter@2726a511, org.springframework.security.web.access.intercept.FilterSecurityInterceptor@3ab595c8]
2022-08-01 18:38:25.970  INFO 19172 --- [main] o.s.b.w.embedded.tomcat.TomcatWebServer  : Tomcat started on port(s): 8080 (http) with context path ''
2022-08-01 18:38:25.980  INFO 19172 --- [main] m.s.SpringSecurityDemoApplication        : Started SpringSecurityDemoApplication in 2.158 seconds (JVM running for 2.748)
2022-08-01 18:38:31.924  INFO 19172 --- [http-nio-8080-exec-1] o.a.c.c.C.[Tomcat].[localhost].[/]       : Initializing Spring DispatcherServlet 'dispatcherServlet'
2022-08-01 18:38:31.924  INFO 19172 --- [http-nio-8080-exec-1] o.s.web.servlet.DispatcherServlet        : Initializing Servlet 'dispatcherServlet'
2022-08-01 18:38:31.926  INFO 19172 --- [http-nio-8080-exec-1] o.s.web.servlet.DispatcherServlet        : Completed initialization in 1 ms
2022-08-01 18:42:21.982 DEBUG 19172 --- [http-nio-8080-exec-9] m.s.service.AdministratorsLoginService   : 进入AdministratorsLoginService
2022-08-01 18:42:22.267 DEBUG 19172 --- [http-nio-8080-exec-9] m.s.m.A.selectList                       : ==>  Preparing: SELECT administrator_no,administrator_password FROM administrators_password WHERE (administrator_no = ?)
2022-08-01 18:42:22.283 DEBUG 19172 --- [http-nio-8080-exec-9] m.s.m.A.selectList                       : ==> Parameters: 12(Long)
2022-08-01 18:42:22.311 DEBUG 19172 --- [http-nio-8080-exec-9] m.s.m.A.selectList                       : <==      Total: 0
2022-08-01 18:42:29.082 DEBUG 19172 --- [http-nio-8080-exec-2] m.s.service.AdministratorsLoginService   : 进入AdministratorsLoginService
2022-08-01 18:42:29.084 DEBUG 19172 --- [http-nio-8080-exec-2] m.s.m.A.selectList                       : ==>  Preparing: SELECT administrator_no,administrator_password FROM administrators_password WHERE (administrator_no = ?)
2022-08-01 18:42:29.084 DEBUG 19172 --- [http-nio-8080-exec-2] m.s.m.A.selectList                       : ==> Parameters: 12(Long)
2022-08-01 18:42:29.086 DEBUG 19172 --- [http-nio-8080-exec-2] m.s.m.A.selectList                       : <==      Total: 0
2022-08-01 18:43:39.734  INFO 19172 --- [SpringApplicationShutdownHook] com.alibaba.druid.pool.DruidDataSource   : {dataSource-1} closing ...
2022-08-01 18:43:39.738  INFO 19172 --- [SpringApplicationShutdownHook] com.alibaba.druid.pool.DruidDataSource   : {dataSource-1} closed
2022-08-01 18:43:43.419  INFO 4628 --- [main] m.s.SpringSecurityDemoApplication        : Starting SpringSecurityDemoApplication using Java 16.0.2 on mao with PID 4628 (H:\程序\大三暑假\springSecurity_demo\target\classes started by mao in H:\程序\大三暑假\springSecurity_demo)
2022-08-01 18:43:43.421 DEBUG 4628 --- [main] m.s.SpringSecurityDemoApplication        : Running with Spring Boot v2.7.2, Spring v5.3.22
2022-08-01 18:43:43.421  INFO 4628 --- [main] m.s.SpringSecurityDemoApplication        : The following 1 profile is active: "dev"
2022-08-01 18:43:44.231  INFO 4628 --- [main] o.s.b.w.embedded.tomcat.TomcatWebServer  : Tomcat initialized with port(s): 8080 (http)
2022-08-01 18:43:44.238  INFO 4628 --- [main] o.apache.catalina.core.StandardService   : Starting service [Tomcat]
2022-08-01 18:43:44.238  INFO 4628 --- [main] org.apache.catalina.core.StandardEngine  : Starting Servlet engine: [Apache Tomcat/9.0.65]
2022-08-01 18:43:44.324  INFO 4628 --- [main] o.a.c.c.C.[Tomcat].[localhost].[/]       : Initializing Spring embedded WebApplicationContext
2022-08-01 18:43:44.325  INFO 4628 --- [main] w.s.c.ServletWebServerApplicationContext : Root WebApplicationContext: initialization completed in 875 ms
2022-08-01 18:43:44.430  INFO 4628 --- [main] c.a.d.s.b.a.DruidDataSourceAutoConfigure : Init DruidDataSource
2022-08-01 18:43:44.527  INFO 4628 --- [main] com.alibaba.druid.pool.DruidDataSource   : {dataSource-1} inited
2022-08-01 18:43:44.627  WARN 4628 --- [main] c.b.m.core.metadata.TableInfoHelper      : Can not find table primary key in Class: "mao.springsecurity_demo.entity.Administrators".
2022-08-01 18:43:44.630  WARN 4628 --- [main] c.b.m.core.injector.DefaultSqlInjector   : class mao.springsecurity_demo.entity.Administrators ,Not found @TableId annotation, Cannot use Mybatis-Plus 'xxById' Method.
2022-08-01 18:43:44.683  WARN 4628 --- [main] c.b.m.core.metadata.TableInfoHelper      : Can not find table primary key in Class: "mao.springsecurity_demo.entity.AdministratorsPassword".
2022-08-01 18:43:44.684  WARN 4628 --- [main] c.b.m.core.injector.DefaultSqlInjector   : class mao.springsecurity_demo.entity.AdministratorsPassword ,Not found @TableId annotation, Cannot use Mybatis-Plus 'xxById' Method.
2022-08-01 18:43:45.047  INFO 4628 --- [main] o.s.s.web.DefaultSecurityFilterChain     : Will secure any request with [org.springframework.security.web.session.DisableEncodeUrlFilter@5e3db14, org.springframework.security.web.context.request.async.WebAsyncManagerIntegrationFilter@5fb54740, org.springframework.security.web.context.SecurityContextPersistenceFilter@28768e25, org.springframework.security.web.header.HeaderWriterFilter@7a606260, org.springframework.security.web.authentication.logout.LogoutFilter@1eeb5818, org.springframework.security.web.authentication.UsernamePasswordAuthenticationFilter@44dfdd58, org.springframework.security.web.savedrequest.RequestCacheAwareFilter@143fefaf, org.springframework.security.web.servletapi.SecurityContextHolderAwareRequestFilter@52f8a6f4, org.springframework.security.web.authentication.AnonymousAuthenticationFilter@325162e9, org.springframework.security.web.session.SessionManagementFilter@5939e24, org.springframework.security.web.access.ExceptionTranslationFilter@4981d95b, org.springframework.security.web.access.intercept.FilterSecurityInterceptor@3e53c4ad]
2022-08-01 18:43:45.100  INFO 4628 --- [main] o.s.b.w.embedded.tomcat.TomcatWebServer  : Tomcat started on port(s): 8080 (http) with context path ''
2022-08-01 18:43:45.110  INFO 4628 --- [main] m.s.SpringSecurityDemoApplication        : Started SpringSecurityDemoApplication in 2.059 seconds (JVM running for 2.563)
2022-08-01 18:43:48.131  INFO 4628 --- [http-nio-8080-exec-1] o.a.c.c.C.[Tomcat].[localhost].[/]       : Initializing Spring DispatcherServlet 'dispatcherServlet'
2022-08-01 18:43:48.131  INFO 4628 --- [http-nio-8080-exec-1] o.s.web.servlet.DispatcherServlet        : Initializing Servlet 'dispatcherServlet'
2022-08-01 18:43:48.132  INFO 4628 --- [http-nio-8080-exec-1] o.s.web.servlet.DispatcherServlet        : Completed initialization in 0 ms
2022-08-01 18:43:51.438 DEBUG 4628 --- [http-nio-8080-exec-6] m.s.service.AdministratorsLoginService   : 进入AdministratorsLoginService
2022-08-01 18:43:51.705 DEBUG 4628 --- [http-nio-8080-exec-6] m.s.m.A.selectList                       : ==>  Preparing: SELECT administrator_no,administrator_password FROM administrators_password WHERE (administrator_no = ?)
2022-08-01 18:43:51.721 DEBUG 4628 --- [http-nio-8080-exec-6] m.s.m.A.selectList                       : ==> Parameters: 123(Long)
2022-08-01 18:43:51.734 DEBUG 4628 --- [http-nio-8080-exec-6] m.s.m.A.selectList                       : <==      Total: 0
2022-08-01 18:44:10.470  INFO 4628 --- [SpringApplicationShutdownHook] com.alibaba.druid.pool.DruidDataSource   : {dataSource-1} closing ...
2022-08-01 18:44:10.473  INFO 4628 --- [SpringApplicationShutdownHook] com.alibaba.druid.pool.DruidDataSource   : {dataSource-1} closed
2022-08-01 18:44:14.257  INFO 2684 --- [main] m.s.SpringSecurityDemoApplication        : Starting SpringSecurityDemoApplication using Java 16.0.2 on mao with PID 2684 (H:\程序\大三暑假\springSecurity_demo\target\classes started by mao in H:\程序\大三暑假\springSecurity_demo)
2022-08-01 18:44:14.259 DEBUG 2684 --- [main] m.s.SpringSecurityDemoApplication        : Running with Spring Boot v2.7.2, Spring v5.3.22
2022-08-01 18:44:14.260  INFO 2684 --- [main] m.s.SpringSecurityDemoApplication        : The following 1 profile is active: "dev"
2022-08-01 18:44:15.074  INFO 2684 --- [main] o.s.b.w.embedded.tomcat.TomcatWebServer  : Tomcat initialized with port(s): 8080 (http)
2022-08-01 18:44:15.081  INFO 2684 --- [main] o.apache.catalina.core.StandardService   : Starting service [Tomcat]
2022-08-01 18:44:15.082  INFO 2684 --- [main] org.apache.catalina.core.StandardEngine  : Starting Servlet engine: [Apache Tomcat/9.0.65]
2022-08-01 18:44:15.170  INFO 2684 --- [main] o.a.c.c.C.[Tomcat].[localhost].[/]       : Initializing Spring embedded WebApplicationContext
2022-08-01 18:44:15.171  INFO 2684 --- [main] w.s.c.ServletWebServerApplicationContext : Root WebApplicationContext: initialization completed in 881 ms
2022-08-01 18:44:15.278  INFO 2684 --- [main] c.a.d.s.b.a.DruidDataSourceAutoConfigure : Init DruidDataSource
2022-08-01 18:44:15.371  INFO 2684 --- [main] com.alibaba.druid.pool.DruidDataSource   : {dataSource-1} inited
2022-08-01 18:44:15.470  WARN 2684 --- [main] c.b.m.core.metadata.TableInfoHelper      : Can not find table primary key in Class: "mao.springsecurity_demo.entity.Administrators".
2022-08-01 18:44:15.473  WARN 2684 --- [main] c.b.m.core.injector.DefaultSqlInjector   : class mao.springsecurity_demo.entity.Administrators ,Not found @TableId annotation, Cannot use Mybatis-Plus 'xxById' Method.
2022-08-01 18:44:15.526  WARN 2684 --- [main] c.b.m.core.metadata.TableInfoHelper      : Can not find table primary key in Class: "mao.springsecurity_demo.entity.AdministratorsPassword".
2022-08-01 18:44:15.526  WARN 2684 --- [main] c.b.m.core.injector.DefaultSqlInjector   : class mao.springsecurity_demo.entity.AdministratorsPassword ,Not found @TableId annotation, Cannot use Mybatis-Plus 'xxById' Method.
2022-08-01 18:44:15.895  INFO 2684 --- [main] o.s.s.web.DefaultSecurityFilterChain     : Will secure any request with [org.springframework.security.web.session.DisableEncodeUrlFilter@5ca4dce5, org.springframework.security.web.context.request.async.WebAsyncManagerIntegrationFilter@1291aab5, org.springframework.security.web.context.SecurityContextPersistenceFilter@3dec3f87, org.springframework.security.web.header.HeaderWriterFilter@21e5f0b6, org.springframework.security.web.authentication.logout.LogoutFilter@28ee882c, org.springframework.security.web.authentication.UsernamePasswordAuthenticationFilter@78d73b1b, org.springframework.security.web.savedrequest.RequestCacheAwareFilter@5dbab232, org.springframework.security.web.servletapi.SecurityContextHolderAwareRequestFilter@18ffca6c, org.springframework.security.web.authentication.AnonymousAuthenticationFilter@7d133fb7, org.springframework.security.web.session.SessionManagementFilter@4981d95b, org.springframework.security.web.access.ExceptionTranslationFilter@3bbf1c0d, org.springframework.security.web.access.intercept.FilterSecurityInterceptor@3b5a19ed]
