2022-08-01 18:47:44.098 DEBUG 6508 --- [http-nio-8080-exec-10] m.s.service.AdministratorsLoginService   : 进入AdministratorsLoginService
2022-08-01 18:48:12.005 DEBUG 6508 --- [http-nio-8080-exec-10] m.s.service.AdministratorsLoginService   : 进入AdministratorsLoginService
2022-08-01 18:48:12.279 DEBUG 6508 --- [http-nio-8080-exec-10] m.s.m.A.selectList                       : ==>  Preparing: SELECT administrator_no,administrator_password FROM administrators_password WHERE (administrator_no = ?)
2022-08-01 18:48:12.298 DEBUG 6508 --- [http-nio-8080-exec-10] m.s.m.A.selectList                       : ==> Parameters: 10001(Long)
2022-08-01 18:48:12.312 DEBUG 6508 --- [http-nio-8080-exec-10] m.s.m.A.selectList                       : <==      Total: 1
2022-08-01 18:50:39.047  INFO 6508 --- [SpringApplicationShutdownHook] com.alibaba.druid.pool.DruidDataSource   : {dataSource-1} closing ...
2022-08-01 18:50:39.050  INFO 6508 --- [SpringApplicationShutdownHook] com.alibaba.druid.pool.DruidDataSource   : {dataSource-1} closed
2022-08-01 18:50:42.615  INFO 7324 --- [main] m.s.SpringSecurityDemoApplication        : Starting SpringSecurityDemoApplication using Java 16.0.2 on mao with PID 7324 (H:\程序\大三暑假\springSecurity_demo\target\classes started by mao in H:\程序\大三暑假\springSecurity_demo)
2022-08-01 18:50:42.617 DEBUG 7324 --- [main] m.s.SpringSecurityDemoApplication        : Running with Spring Boot v2.7.2, Spring v5.3.22
2022-08-01 18:50:42.617  INFO 7324 --- [main] m.s.SpringSecurityDemoApplication        : The following 1 profile is active: "dev"
2022-08-01 18:50:43.442  INFO 7324 --- [main] o.s.b.w.embedded.tomcat.TomcatWebServer  : Tomcat initialized with port(s): 8080 (http)
2022-08-01 18:50:43.449  INFO 7324 --- [main] o.apache.catalina.core.StandardService   : Starting service [Tomcat]
2022-08-01 18:50:43.449  INFO 7324 --- [main] org.apache.catalina.core.StandardEngine  : Starting Servlet engine: [Apache Tomcat/9.0.65]
2022-08-01 18:50:43.534  INFO 7324 --- [main] o.a.c.c.C.[Tomcat].[localhost].[/]       : Initializing Spring embedded WebApplicationContext
2022-08-01 18:50:43.535  INFO 7324 --- [main] w.s.c.ServletWebServerApplicationContext : Root WebApplicationContext: initialization completed in 888 ms
2022-08-01 18:50:43.636  INFO 7324 --- [main] c.a.d.s.b.a.DruidDataSourceAutoConfigure : Init DruidDataSource
2022-08-01 18:50:43.723  INFO 7324 --- [main] com.alibaba.druid.pool.DruidDataSource   : {dataSource-1} inited
2022-08-01 18:50:43.819  WARN 7324 --- [main] c.b.m.core.metadata.TableInfoHelper      : Can not find table primary key in Class: "mao.springsecurity_demo.entity.Administrators".
2022-08-01 18:50:43.823  WARN 7324 --- [main] c.b.m.core.injector.DefaultSqlInjector   : class mao.springsecurity_demo.entity.Administrators ,Not found @TableId annotation, Cannot use Mybatis-Plus 'xxById' Method.
2022-08-01 18:50:43.873  WARN 7324 --- [main] c.b.m.core.metadata.TableInfoHelper      : Can not find table primary key in Class: "mao.springsecurity_demo.entity.AdministratorsPassword".
2022-08-01 18:50:43.873  WARN 7324 --- [main] c.b.m.core.injector.DefaultSqlInjector   : class mao.springsecurity_demo.entity.AdministratorsPassword ,Not found @TableId annotation, Cannot use Mybatis-Plus 'xxById' Method.
2022-08-01 18:50:44.041  INFO 7324 --- [main] o.s.b.a.w.s.WelcomePageHandlerMapping    : Adding welcome page: class path resource [static/index.html]
2022-08-01 18:50:44.235  INFO 7324 --- [main] o.s.s.web.DefaultSecurityFilterChain     : Will secure any request with [org.springframework.security.web.session.DisableEncodeUrlFilter@33eb0d4, org.springframework.security.web.context.request.async.WebAsyncManagerIntegrationFilter@224d86d2, org.springframework.security.web.context.SecurityContextPersistenceFilter@4981d95b, org.springframework.security.web.header.HeaderWriterFilter@19662208, org.springframework.security.web.authentication.logout.LogoutFilter@63d677f5, org.springframework.security.web.authentication.UsernamePasswordAuthenticationFilter@71d55b7e, org.springframework.security.web.savedrequest.RequestCacheAwareFilter@6b867ee7, org.springframework.security.web.servletapi.SecurityContextHolderAwareRequestFilter@28768e25, org.springframework.security.web.authentication.AnonymousAuthenticationFilter@a3cba3a, org.springframework.security.web.session.SessionManagementFilter@62f9c790, org.springframework.security.web.access.ExceptionTranslationFilter@546ed2a0, org.springframework.security.web.access.intercept.FilterSecurityInterceptor@5396eeb1]
2022-08-01 18:50:44.291  INFO 7324 --- [main] o.s.b.w.embedded.tomcat.TomcatWebServer  : Tomcat started on port(s): 8080 (http) with context path ''
2022-08-01 18:50:44.302  INFO 7324 --- [main] m.s.SpringSecurityDemoApplication        : Started SpringSecurityDemoApplication in 2.021 seconds (JVM running for 2.509)
2022-08-01 18:50:47.870  INFO 7324 --- [http-nio-8080-exec-1] o.a.c.c.C.[Tomcat].[localhost].[/]       : Initializing Spring DispatcherServlet 'dispatcherServlet'
2022-08-01 18:50:47.870  INFO 7324 --- [http-nio-8080-exec-1] o.s.web.servlet.DispatcherServlet        : Initializing Servlet 'dispatcherServlet'
2022-08-01 18:50:47.871  INFO 7324 --- [http-nio-8080-exec-1] o.s.web.servlet.DispatcherServlet        : Completed initialization in 1 ms
2022-08-01 18:50:57.518 DEBUG 7324 --- [http-nio-8080-exec-5] m.s.service.AdministratorsLoginService   : 进入AdministratorsLoginService
2022-08-01 18:50:57.775 DEBUG 7324 --- [http-nio-8080-exec-5] m.s.m.A.selectList                       : ==>  Preparing: SELECT administrator_no,administrator_password FROM administrators_password WHERE (administrator_no = ?)
2022-08-01 18:50:57.791 DEBUG 7324 --- [http-nio-8080-exec-5] m.s.m.A.selectList                       : ==> Parameters: 10001(Long)
2022-08-01 18:50:57.806 DEBUG 7324 --- [http-nio-8080-exec-5] m.s.m.A.selectList                       : <==      Total: 1
2022-08-01 18:51:04.810 DEBUG 7324 --- [http-nio-8080-exec-6] m.s.service.AdministratorsLoginService   : 进入AdministratorsLoginService
2022-08-01 18:51:04.813 DEBUG 7324 --- [http-nio-8080-exec-6] m.s.m.A.selectList                       : ==>  Preparing: SELECT administrator_no,administrator_password FROM administrators_password WHERE (administrator_no = ?)
2022-08-01 18:51:04.815 DEBUG 7324 --- [http-nio-8080-exec-6] m.s.m.A.selectList                       : ==> Parameters: 10001(Long)
2022-08-01 18:51:04.816 DEBUG 7324 --- [http-nio-8080-exec-6] m.s.m.A.selectList                       : <==      Total: 1
2022-08-01 18:51:05.438 DEBUG 7324 --- [http-nio-8080-exec-7] m.s.service.AdministratorsLoginService   : 进入AdministratorsLoginService
2022-08-01 18:51:05.440 DEBUG 7324 --- [http-nio-8080-exec-7] m.s.m.A.selectList                       : ==>  Preparing: SELECT administrator_no,administrator_password FROM administrators_password WHERE (administrator_no = ?)
2022-08-01 18:51:05.441 DEBUG 7324 --- [http-nio-8080-exec-7] m.s.m.A.selectList                       : ==> Parameters: 10001(Long)
2022-08-01 18:51:05.443 DEBUG 7324 --- [http-nio-8080-exec-7] m.s.m.A.selectList                       : <==      Total: 1
2022-08-01 18:51:05.707 DEBUG 7324 --- [http-nio-8080-exec-8] m.s.service.AdministratorsLoginService   : 进入AdministratorsLoginService
2022-08-01 18:51:05.709 DEBUG 7324 --- [http-nio-8080-exec-8] m.s.m.A.selectList                       : ==>  Preparing: SELECT administrator_no,administrator_password FROM administrators_password WHERE (administrator_no = ?)
2022-08-01 18:51:05.710 DEBUG 7324 --- [http-nio-8080-exec-8] m.s.m.A.selectList                       : ==> Parameters: 10001(Long)
2022-08-01 18:51:05.712 DEBUG 7324 --- [http-nio-8080-exec-8] m.s.m.A.selectList                       : <==      Total: 1
2022-08-01 18:52:20.803  INFO 7324 --- [SpringApplicationShutdownHook] com.alibaba.druid.pool.DruidDataSource   : {dataSource-1} closing ...
2022-08-01 18:52:20.807  INFO 7324 --- [SpringApplicationShutdownHook] com.alibaba.druid.pool.DruidDataSource   : {dataSource-1} closed
2022-08-01 18:52:24.209  INFO 10728 --- [main] m.s.SpringSecurityDemoApplication        : Starting SpringSecurityDemoApplication using Java 16.0.2 on mao with PID 10728 (H:\程序\大三暑假\springSecurity_demo\target\classes started by mao in H:\程序\大三暑假\springSecurity_demo)
2022-08-01 18:52:24.211 DEBUG 10728 --- [main] m.s.SpringSecurityDemoApplication        : Running with Spring Boot v2.7.2, Spring v5.3.22
2022-08-01 18:52:24.212  INFO 10728 --- [main] m.s.SpringSecurityDemoApplication        : The following 1 profile is active: "dev"
2022-08-01 18:52:25.035  INFO 10728 --- [main] o.s.b.w.embedded.tomcat.TomcatWebServer  : Tomcat initialized with port(s): 8080 (http)
2022-08-01 18:52:25.042  INFO 10728 --- [main] o.apache.catalina.core.StandardService   : Starting service [Tomcat]
2022-08-01 18:52:25.042  INFO 10728 --- [main] org.apache.catalina.core.StandardEngine  : Starting Servlet engine: [Apache Tomcat/9.0.65]
2022-08-01 18:52:25.132  INFO 10728 --- [main] o.a.c.c.C.[Tomcat].[localhost].[/]       : Initializing Spring embedded WebApplicationContext
2022-08-01 18:52:25.132  INFO 10728 --- [main] w.s.c.ServletWebServerApplicationContext : Root WebApplicationContext: initialization completed in 891 ms
2022-08-01 18:52:25.233  INFO 10728 --- [main] c.a.d.s.b.a.DruidDataSourceAutoConfigure : Init DruidDataSource
2022-08-01 18:52:25.321  INFO 10728 --- [main] com.alibaba.druid.pool.DruidDataSource   : {dataSource-1} inited
2022-08-01 18:52:25.421  WARN 10728 --- [main] c.b.m.core.metadata.TableInfoHelper      : Can not find table primary key in Class: "mao.springsecurity_demo.entity.Administrators".
2022-08-01 18:52:25.424  WARN 10728 --- [main] c.b.m.core.injector.DefaultSqlInjector   : class mao.springsecurity_demo.entity.Administrators ,Not found @TableId annotation, Cannot use Mybatis-Plus 'xxById' Method.
2022-08-01 18:52:25.473  WARN 10728 --- [main] c.b.m.core.metadata.TableInfoHelper      : Can not find table primary key in Class: "mao.springsecurity_demo.entity.AdministratorsPassword".
2022-08-01 18:52:25.474  WARN 10728 --- [main] c.b.m.core.injector.DefaultSqlInjector   : class mao.springsecurity_demo.entity.AdministratorsPassword ,Not found @TableId annotation, Cannot use Mybatis-Plus 'xxById' Method.
2022-08-01 18:52:25.647  INFO 10728 --- [main] o.s.b.a.w.s.WelcomePageHandlerMapping    : Adding welcome page: class path resource [static/index.html]
2022-08-01 18:52:25.843  INFO 10728 --- [main] o.s.s.web.DefaultSecurityFilterChain     : Will secure any request with [org.springframework.security.web.session.DisableEncodeUrlFilter@325162e9, org.springframework.security.web.context.request.async.WebAsyncManagerIntegrationFilter@1ee40b5c, org.springframework.security.web.context.SecurityContextPersistenceFilter@18ffca6c, org.springframework.security.web.header.HeaderWriterFilter@595f9916, org.springframework.security.web.authentication.logout.LogoutFilter@72a8361b, org.springframework.security.web.authentication.UsernamePasswordAuthenticationFilter@36478bce, org.springframework.security.web.savedrequest.RequestCacheAwareFilter@5f8f1712, org.springframework.security.web.servletapi.SecurityContextHolderAwareRequestFilter@511da44f, org.springframework.security.web.authentication.AnonymousAuthenticationFilter@5c448ef, org.springframework.security.web.session.SessionManagementFilter@28768e25, org.springframework.security.web.access.ExceptionTranslationFilter@3dec3f87, org.springframework.security.web.access.intercept.FilterSecurityInterceptor@224d86d2]
2022-08-01 18:52:25.900  INFO 10728 --- [main] o.s.b.w.embedded.tomcat.TomcatWebServer  : Tomcat started on port(s): 8080 (http) with context path ''
2022-08-01 18:52:25.910  INFO 10728 --- [main] m.s.SpringSecurityDemoApplication        : Started SpringSecurityDemoApplication in 2.041 seconds (JVM running for 2.543)
2022-08-01 18:52:28.639  INFO 10728 --- [http-nio-8080-exec-1] o.a.c.c.C.[Tomcat].[localhost].[/]       : Initializing Spring DispatcherServlet 'dispatcherServlet'
2022-08-01 18:52:28.640  INFO 10728 --- [http-nio-8080-exec-1] o.s.web.servlet.DispatcherServlet        : Initializing Servlet 'dispatcherServlet'
2022-08-01 18:52:28.640  INFO 10728 --- [http-nio-8080-exec-1] o.s.web.servlet.DispatcherServlet        : Completed initialization in 0 ms
2022-08-01 18:52:28.651 DEBUG 10728 --- [http-nio-8080-exec-1] m.s.service.AdministratorsLoginService   : 进入AdministratorsLoginService
2022-08-01 18:52:28.915 DEBUG 10728 --- [http-nio-8080-exec-1] m.s.m.A.selectList                       : ==>  Preparing: SELECT administrator_no,administrator_password FROM administrators_password WHERE (administrator_no = ?)
2022-08-01 18:52:28.932 DEBUG 10728 --- [http-nio-8080-exec-1] m.s.m.A.selectList                       : ==> Parameters: 10001(Long)
2022-08-01 18:52:28.947 DEBUG 10728 --- [http-nio-8080-exec-1] m.s.m.A.selectList                       : <==      Total: 1
2022-08-01 18:52:41.784  INFO 10728 --- [SpringApplicationShutdownHook] com.alibaba.druid.pool.DruidDataSource   : {dataSource-1} closing ...
2022-08-01 18:52:41.792  INFO 10728 --- [SpringApplicationShutdownHook] com.alibaba.druid.pool.DruidDataSource   : {dataSource-1} closed
2022-08-01 18:52:44.463  INFO 1996 --- [main] m.s.SpringSecurityDemoApplication        : Starting SpringSecurityDemoApplication using Java 16.0.2 on mao with PID 1996 (H:\程序\大三暑假\springSecurity_demo\target\classes started by mao in H:\程序\大三暑假\springSecurity_demo)
2022-08-01 18:52:44.465 DEBUG 1996 --- [main] m.s.SpringSecurityDemoApplication        : Running with Spring Boot v2.7.2, Spring v5.3.22
2022-08-01 18:52:44.466  INFO 1996 --- [main] m.s.SpringSecurityDemoApplication        : The following 1 profile is active: "dev"
2022-08-01 18:52:45.262  INFO 1996 --- [main] o.s.b.w.embedded.tomcat.TomcatWebServer  : Tomcat initialized with port(s): 8080 (http)
2022-08-01 18:52:45.269  INFO 1996 --- [main] o.apache.catalina.core.StandardService   : Starting service [Tomcat]
2022-08-01 18:52:45.270  INFO 1996 --- [main] org.apache.catalina.core.StandardEngine  : Starting Servlet engine: [Apache Tomcat/9.0.65]
2022-08-01 18:52:45.358  INFO 1996 --- [main] o.a.c.c.C.[Tomcat].[localhost].[/]       : Initializing Spring embedded WebApplicationContext
2022-08-01 18:52:45.358  INFO 1996 --- [main] w.s.c.ServletWebServerApplicationContext : Root WebApplicationContext: initialization completed in 863 ms
2022-08-01 18:52:45.468  INFO 1996 --- [main] c.a.d.s.b.a.DruidDataSourceAutoConfigure : Init DruidDataSource
2022-08-01 18:52:45.556  INFO 1996 --- [main] com.alibaba.druid.pool.DruidDataSource   : {dataSource-1} inited
2022-08-01 18:52:45.653  WARN 1996 --- [main] c.b.m.core.metadata.TableInfoHelper      : Can not find table primary key in Class: "mao.springsecurity_demo.entity.Administrators".
2022-08-01 18:52:45.657  WARN 1996 --- [main] c.b.m.core.injector.DefaultSqlInjector   : class mao.springsecurity_demo.entity.Administrators ,Not found @TableId annotation, Cannot use Mybatis-Plus 'xxById' Method.
2022-08-01 18:52:45.711  WARN 1996 --- [main] c.b.m.core.metadata.TableInfoHelper      : Can not find table primary key in Class: "mao.springsecurity_demo.entity.AdministratorsPassword".
2022-08-01 18:52:45.711  WARN 1996 --- [main] c.b.m.core.injector.DefaultSqlInjector   : class mao.springsecurity_demo.entity.AdministratorsPassword ,Not found @TableId annotation, Cannot use Mybatis-Plus 'xxById' Method.
2022-08-01 18:52:45.885  INFO 1996 --- [main] o.s.b.a.w.s.WelcomePageHandlerMapping    : Adding welcome page: class path resource [static/index.html]
2022-08-01 18:52:46.078  INFO 1996 --- [main] o.s.s.web.DefaultSecurityFilterChain     : Will secure any request with [org.springframework.security.web.session.DisableEncodeUrlFilter@5c448ef, org.springframework.security.web.context.request.async.WebAsyncManagerIntegrationFilter@703e8050, org.springframework.security.web.context.SecurityContextPersistenceFilter@5f8f1712, org.springframework.security.web.header.HeaderWriterFilter@28768e25, org.springframework.security.web.authentication.logout.LogoutFilter@c48b543, org.springframework.security.web.authentication.UsernamePasswordAuthenticationFilter@75793f17, org.springframework.security.web.savedrequest.RequestCacheAwareFilter@52ecc989, org.springframework.security.web.servletapi.SecurityContextHolderAwareRequestFilter@3a0b6a, org.springframework.security.web.authentication.AnonymousAuthenticationFilter@49c1e294, org.springframework.security.web.session.SessionManagementFilter@143fefaf, org.springframework.security.web.access.ExceptionTranslationFilter@5dbab232, org.springframework.security.web.access.intercept.FilterSecurityInterceptor@2aea717c]
2022-08-01 18:52:46.133  INFO 1996 --- [main] o.s.b.w.embedded.tomcat.TomcatWebServer  : Tomcat started on port(s): 8080 (http) with context path ''
2022-08-01 18:52:46.143  INFO 1996 --- [main] m.s.SpringSecurityDemoApplication        : Started SpringSecurityDemoApplication in 2.027 seconds (JVM running for 2.583)
