2022-08-01 18:52:52.266  INFO 1996 --- [http-nio-8080-exec-2] o.a.c.c.C.[Tomcat].[localhost].[/]       : Initializing Spring DispatcherServlet 'dispatcherServlet'
2022-08-01 18:52:52.268  INFO 1996 --- [http-nio-8080-exec-2] o.s.web.servlet.DispatcherServlet        : Initializing Servlet 'dispatcherServlet'
2022-08-01 18:52:52.269  INFO 1996 --- [http-nio-8080-exec-2] o.s.web.servlet.DispatcherServlet        : Completed initialization in 1 ms
2022-08-01 18:53:04.285 DEBUG 1996 --- [http-nio-8080-exec-5] m.s.service.AdministratorsLoginService   : 进入AdministratorsLoginService
2022-08-01 18:53:04.544 DEBUG 1996 --- [http-nio-8080-exec-5] m.s.m.A.selectList                       : ==>  Preparing: SELECT administrator_no,administrator_password FROM administrators_password WHERE (administrator_no = ?)
2022-08-01 18:53:04.561 DEBUG 1996 --- [http-nio-8080-exec-5] m.s.m.A.selectList                       : ==> Parameters: 10001(Long)
2022-08-01 18:53:04.575 DEBUG 1996 --- [http-nio-8080-exec-5] m.s.m.A.selectList                       : <==      Total: 1
2022-08-01 18:53:11.708 DEBUG 1996 --- [http-nio-8080-exec-2] m.s.service.AdministratorsLoginService   : 进入AdministratorsLoginService
2022-08-01 18:53:11.710 DEBUG 1996 --- [http-nio-8080-exec-2] m.s.m.A.selectList                       : ==>  Preparing: SELECT administrator_no,administrator_password FROM administrators_password WHERE (administrator_no = ?)
2022-08-01 18:53:11.710 DEBUG 1996 --- [http-nio-8080-exec-2] m.s.m.A.selectList                       : ==> Parameters: 10001(Long)
2022-08-01 18:53:11.711 DEBUG 1996 --- [http-nio-8080-exec-2] m.s.m.A.selectList                       : <==      Total: 1
2022-08-01 18:53:22.165  INFO 1996 --- [SpringApplicationShutdownHook] com.alibaba.druid.pool.DruidDataSource   : {dataSource-1} closing ...
2022-08-01 18:53:22.170  INFO 1996 --- [SpringApplicationShutdownHook] com.alibaba.druid.pool.DruidDataSource   : {dataSource-1} closed
2022-08-01 18:53:24.548  INFO 12900 --- [main] m.s.SpringSecurityDemoApplication        : Starting SpringSecurityDemoApplication using Java 16.0.2 on mao with PID 12900 (H:\程序\大三暑假\springSecurity_demo\target\classes started by mao in H:\程序\大三暑假\springSecurity_demo)
2022-08-01 18:53:24.550 DEBUG 12900 --- [main] m.s.SpringSecurityDemoApplication        : Running with Spring Boot v2.7.2, Spring v5.3.22
2022-08-01 18:53:24.550  INFO 12900 --- [main] m.s.SpringSecurityDemoApplication        : The following 1 profile is active: "dev"
2022-08-01 18:53:25.319  INFO 12900 --- [main] o.s.b.w.embedded.tomcat.TomcatWebServer  : Tomcat initialized with port(s): 8080 (http)
2022-08-01 18:53:25.325  INFO 12900 --- [main] o.apache.catalina.core.StandardService   : Starting service [Tomcat]
2022-08-01 18:53:25.325  INFO 12900 --- [main] org.apache.catalina.core.StandardEngine  : Starting Servlet engine: [Apache Tomcat/9.0.65]
2022-08-01 18:53:25.411  INFO 12900 --- [main] o.a.c.c.C.[Tomcat].[localhost].[/]       : Initializing Spring embedded WebApplicationContext
2022-08-01 18:53:25.411  INFO 12900 --- [main] w.s.c.ServletWebServerApplicationContext : Root WebApplicationContext: initialization completed in 831 ms
2022-08-01 18:53:25.512  INFO 12900 --- [main] c.a.d.s.b.a.DruidDataSourceAutoConfigure : Init DruidDataSource
2022-08-01 18:53:25.596  INFO 12900 --- [main] com.alibaba.druid.pool.DruidDataSource   : {dataSource-1} inited
2022-08-01 18:53:25.693  WARN 12900 --- [main] c.b.m.core.metadata.TableInfoHelper      : Can not find table primary key in Class: "mao.springsecurity_demo.entity.Administrators".
2022-08-01 18:53:25.696  WARN 12900 --- [main] c.b.m.core.injector.DefaultSqlInjector   : class mao.springsecurity_demo.entity.Administrators ,Not found @TableId annotation, Cannot use Mybatis-Plus 'xxById' Method.
2022-08-01 18:53:25.751  WARN 12900 --- [main] c.b.m.core.metadata.TableInfoHelper      : Can not find table primary key in Class: "mao.springsecurity_demo.entity.AdministratorsPassword".
2022-08-01 18:53:25.751  WARN 12900 --- [main] c.b.m.core.injector.DefaultSqlInjector   : class mao.springsecurity_demo.entity.AdministratorsPassword ,Not found @TableId annotation, Cannot use Mybatis-Plus 'xxById' Method.
2022-08-01 18:53:25.919  INFO 12900 --- [main] o.s.b.a.w.s.WelcomePageHandlerMapping    : Adding welcome page: class path resource [static/index.html]
2022-08-01 18:53:26.108  INFO 12900 --- [main] o.s.s.web.DefaultSecurityFilterChain     : Will secure any request with [org.springframework.security.web.session.DisableEncodeUrlFilter@703e8050, org.springframework.security.web.context.request.async.WebAsyncManagerIntegrationFilter@49c1e294, org.springframework.security.web.context.SecurityContextPersistenceFilter@34a6d9db, org.springframework.security.web.header.HeaderWriterFilter@310d57b1, org.springframework.security.web.authentication.logout.LogoutFilter@75793f17, org.springframework.security.web.authentication.UsernamePasswordAuthenticationFilter@4652c74d, org.springframework.security.web.savedrequest.RequestCacheAwareFilter@756808cc, org.springframework.security.web.servletapi.SecurityContextHolderAwareRequestFilter@539c4830, org.springframework.security.web.authentication.AnonymousAuthenticationFilter@7741ae1b, org.springframework.security.web.session.SessionManagementFilter@18ffca6c, org.springframework.security.web.access.ExceptionTranslationFilter@5939e24, org.springframework.security.web.access.intercept.FilterSecurityInterceptor@5ca4dce5]
2022-08-01 18:53:26.160  INFO 12900 --- [main] o.s.b.w.embedded.tomcat.TomcatWebServer  : Tomcat started on port(s): 8080 (http) with context path ''
2022-08-01 18:53:26.170  INFO 12900 --- [main] m.s.SpringSecurityDemoApplication        : Started SpringSecurityDemoApplication in 1.943 seconds (JVM running for 2.437)
2022-08-01 18:53:33.525  INFO 12900 --- [http-nio-8080-exec-1] o.a.c.c.C.[Tomcat].[localhost].[/]       : Initializing Spring DispatcherServlet 'dispatcherServlet'
2022-08-01 18:53:33.525  INFO 12900 --- [http-nio-8080-exec-1] o.s.web.servlet.DispatcherServlet        : Initializing Servlet 'dispatcherServlet'
2022-08-01 18:53:33.526  INFO 12900 --- [http-nio-8080-exec-1] o.s.web.servlet.DispatcherServlet        : Completed initialization in 1 ms
2022-08-01 18:53:38.759 DEBUG 12900 --- [http-nio-8080-exec-5] m.s.service.AdministratorsLoginService   : 进入AdministratorsLoginService
2022-08-01 18:53:39.014 DEBUG 12900 --- [http-nio-8080-exec-5] m.s.m.A.selectList                       : ==>  Preparing: SELECT administrator_no,administrator_password FROM administrators_password WHERE (administrator_no = ?)
2022-08-01 18:53:39.030 DEBUG 12900 --- [http-nio-8080-exec-5] m.s.m.A.selectList                       : ==> Parameters: 10001(Long)
2022-08-01 18:53:39.043 DEBUG 12900 --- [http-nio-8080-exec-5] m.s.m.A.selectList                       : <==      Total: 1
2022-08-01 18:54:41.725  INFO 12900 --- [SpringApplicationShutdownHook] com.alibaba.druid.pool.DruidDataSource   : {dataSource-1} closing ...
2022-08-01 18:54:41.731  INFO 12900 --- [SpringApplicationShutdownHook] com.alibaba.druid.pool.DruidDataSource   : {dataSource-1} closed
2022-08-01 18:54:44.973  INFO 9200 --- [main] m.s.SpringSecurityDemoApplication        : Starting SpringSecurityDemoApplication using Java 16.0.2 on mao with PID 9200 (H:\程序\大三暑假\springSecurity_demo\target\classes started by mao in H:\程序\大三暑假\springSecurity_demo)
2022-08-01 18:54:44.975 DEBUG 9200 --- [main] m.s.SpringSecurityDemoApplication        : Running with Spring Boot v2.7.2, Spring v5.3.22
2022-08-01 18:54:44.975  INFO 9200 --- [main] m.s.SpringSecurityDemoApplication        : The following 1 profile is active: "dev"
2022-08-01 18:54:45.748  INFO 9200 --- [main] o.s.b.w.embedded.tomcat.TomcatWebServer  : Tomcat initialized with port(s): 8080 (http)
2022-08-01 18:54:45.755  INFO 9200 --- [main] o.apache.catalina.core.StandardService   : Starting service [Tomcat]
2022-08-01 18:54:45.755  INFO 9200 --- [main] org.apache.catalina.core.StandardEngine  : Starting Servlet engine: [Apache Tomcat/9.0.65]
2022-08-01 18:54:45.840  INFO 9200 --- [main] o.a.c.c.C.[Tomcat].[localhost].[/]       : Initializing Spring embedded WebApplicationContext
2022-08-01 18:54:45.841  INFO 9200 --- [main] w.s.c.ServletWebServerApplicationContext : Root WebApplicationContext: initialization completed in 835 ms
2022-08-01 18:54:45.944  INFO 9200 --- [main] c.a.d.s.b.a.DruidDataSourceAutoConfigure : Init DruidDataSource
2022-08-01 18:54:46.030  INFO 9200 --- [main] com.alibaba.druid.pool.DruidDataSource   : {dataSource-1} inited
2022-08-01 18:54:46.124  WARN 9200 --- [main] c.b.m.core.metadata.TableInfoHelper      : Can not find table primary key in Class: "mao.springsecurity_demo.entity.Administrators".
2022-08-01 18:54:46.128  WARN 9200 --- [main] c.b.m.core.injector.DefaultSqlInjector   : class mao.springsecurity_demo.entity.Administrators ,Not found @TableId annotation, Cannot use Mybatis-Plus 'xxById' Method.
2022-08-01 18:54:46.181  WARN 9200 --- [main] c.b.m.core.metadata.TableInfoHelper      : Can not find table primary key in Class: "mao.springsecurity_demo.entity.AdministratorsPassword".
2022-08-01 18:54:46.181  WARN 9200 --- [main] c.b.m.core.injector.DefaultSqlInjector   : class mao.springsecurity_demo.entity.AdministratorsPassword ,Not found @TableId annotation, Cannot use Mybatis-Plus 'xxById' Method.
2022-08-01 18:54:46.358  INFO 9200 --- [main] o.s.b.a.w.s.WelcomePageHandlerMapping    : Adding welcome page: class path resource [static/index.html]
2022-08-01 18:54:46.549  INFO 9200 --- [main] o.s.s.web.DefaultSecurityFilterChain     : Will secure any request with [org.springframework.security.web.session.DisableEncodeUrlFilter@37d3e140, org.springframework.security.web.context.request.async.WebAsyncManagerIntegrationFilter@3e53c4ad, org.springframework.security.web.context.SecurityContextPersistenceFilter@21e5f0b6, org.springframework.security.web.header.HeaderWriterFilter@27ec8754, org.springframework.security.web.authentication.logout.LogoutFilter@28b523a, org.springframework.security.web.authentication.UsernamePasswordAuthenticationFilter@52ba685a, org.springframework.security.web.savedrequest.RequestCacheAwareFilter@4981d95b, org.springframework.security.web.servletapi.SecurityContextHolderAwareRequestFilter@595f9916, org.springframework.security.web.authentication.AnonymousAuthenticationFilter@33eb0d4, org.springframework.security.web.session.SessionManagementFilter@19662208, org.springframework.security.web.access.ExceptionTranslationFilter@66e341e9, org.springframework.security.web.access.intercept.FilterSecurityInterceptor@49232c6f]
2022-08-01 18:54:46.603  INFO 9200 --- [main] o.s.b.w.embedded.tomcat.TomcatWebServer  : Tomcat started on port(s): 8080 (http) with context path ''
2022-08-01 18:54:46.614  INFO 9200 --- [main] m.s.SpringSecurityDemoApplication        : Started SpringSecurityDemoApplication in 1.957 seconds (JVM running for 2.435)
2022-08-01 18:54:49.556  INFO 9200 --- [http-nio-8080-exec-1] o.a.c.c.C.[Tomcat].[localhost].[/]       : Initializing Spring DispatcherServlet 'dispatcherServlet'
2022-08-01 18:54:49.557  INFO 9200 --- [http-nio-8080-exec-1] o.s.web.servlet.DispatcherServlet        : Initializing Servlet 'dispatcherServlet'
2022-08-01 18:54:49.558  INFO 9200 --- [http-nio-8080-exec-1] o.s.web.servlet.DispatcherServlet        : Completed initialization in 1 ms
2022-08-01 18:54:54.068 DEBUG 9200 --- [http-nio-8080-exec-5] m.s.service.AdministratorsLoginService   : 进入AdministratorsLoginService
2022-08-01 18:54:54.330 DEBUG 9200 --- [http-nio-8080-exec-5] m.s.m.A.selectList                       : ==>  Preparing: SELECT administrator_no,administrator_password FROM administrators_password WHERE (administrator_no = ?)
2022-08-01 18:54:54.347 DEBUG 9200 --- [http-nio-8080-exec-5] m.s.m.A.selectList                       : ==> Parameters: 10001(Long)
2022-08-01 18:54:54.361 DEBUG 9200 --- [http-nio-8080-exec-5] m.s.m.A.selectList                       : <==      Total: 1
2022-08-01 18:57:21.155  INFO 9200 --- [SpringApplicationShutdownHook] com.alibaba.druid.pool.DruidDataSource   : {dataSource-1} closing ...
2022-08-01 18:57:21.159  INFO 9200 --- [SpringApplicationShutdownHook] com.alibaba.druid.pool.DruidDataSource   : {dataSource-1} closed
2022-08-01 18:57:24.507  INFO 4656 --- [main] m.s.SpringSecurityDemoApplication        : Starting SpringSecurityDemoApplication using Java 16.0.2 on mao with PID 4656 (H:\程序\大三暑假\springSecurity_demo\target\classes started by mao in H:\程序\大三暑假\springSecurity_demo)
2022-08-01 18:57:24.509 DEBUG 4656 --- [main] m.s.SpringSecurityDemoApplication        : Running with Spring Boot v2.7.2, Spring v5.3.22
2022-08-01 18:57:24.510  INFO 4656 --- [main] m.s.SpringSecurityDemoApplication        : The following 1 profile is active: "dev"
2022-08-01 18:57:25.294  INFO 4656 --- [main] o.s.b.w.embedded.tomcat.TomcatWebServer  : Tomcat initialized with port(s): 8080 (http)
2022-08-01 18:57:25.301  INFO 4656 --- [main] o.apache.catalina.core.StandardService   : Starting service [Tomcat]
2022-08-01 18:57:25.301  INFO 4656 --- [main] org.apache.catalina.core.StandardEngine  : Starting Servlet engine: [Apache Tomcat/9.0.65]
2022-08-01 18:57:25.385  INFO 4656 --- [main] o.a.c.c.C.[Tomcat].[localhost].[/]       : Initializing Spring embedded WebApplicationContext
2022-08-01 18:57:25.386  INFO 4656 --- [main] w.s.c.ServletWebServerApplicationContext : Root WebApplicationContext: initialization completed in 845 ms
2022-08-01 18:57:25.492  INFO 4656 --- [main] c.a.d.s.b.a.DruidDataSourceAutoConfigure : Init DruidDataSource
2022-08-01 18:57:25.585  INFO 4656 --- [main] com.alibaba.druid.pool.DruidDataSource   : {dataSource-1} inited
2022-08-01 18:57:25.681  WARN 4656 --- [main] c.b.m.core.metadata.TableInfoHelper      : Can not find table primary key in Class: "mao.springsecurity_demo.entity.Administrators".
2022-08-01 18:57:25.684  WARN 4656 --- [main] c.b.m.core.injector.DefaultSqlInjector   : class mao.springsecurity_demo.entity.Administrators ,Not found @TableId annotation, Cannot use Mybatis-Plus 'xxById' Method.
2022-08-01 18:57:25.734  WARN 4656 --- [main] c.b.m.core.metadata.TableInfoHelper      : Can not find table primary key in Class: "mao.springsecurity_demo.entity.AdministratorsPassword".
2022-08-01 18:57:25.734  WARN 4656 --- [main] c.b.m.core.injector.DefaultSqlInjector   : class mao.springsecurity_demo.entity.AdministratorsPassword ,Not found @TableId annotation, Cannot use Mybatis-Plus 'xxById' Method.
2022-08-01 18:57:25.913  INFO 4656 --- [main] o.s.b.a.w.s.WelcomePageHandlerMapping    : Adding welcome page: class path resource [static/index.html]
2022-08-01 18:57:26.109  INFO 4656 --- [main] o.s.s.web.DefaultSecurityFilterChain     : Will secure any request with [org.springframework.security.web.session.DisableEncodeUrlFilter@7d133fb7, org.springframework.security.web.context.request.async.WebAsyncManagerIntegrationFilter@40bd0f8, org.springframework.security.web.context.SecurityContextPersistenceFilter@5939e24, org.springframework.security.web.header.HeaderWriterFilter@656842bc, org.springframework.security.web.authentication.logout.LogoutFilter@34edd065, org.springframework.security.web.authentication.UsernamePasswordAuthenticationFilter@681e913c, org.springframework.security.web.savedrequest.RequestCacheAwareFilter@2055833f, org.springframework.security.web.servletapi.SecurityContextHolderAwareRequestFilter@34a6d9db, org.springframework.security.web.authentication.AnonymousAuthenticationFilter@7eb27768, org.springframework.security.web.session.SessionManagementFilter@3dec3f87, org.springframework.security.web.access.ExceptionTranslationFilter@62f9c790, org.springframework.security.web.access.intercept.FilterSecurityInterceptor@6b9c42bd]
2022-08-01 18:57:26.165  INFO 4656 --- [main] o.s.b.w.embedded.tomcat.TomcatWebServer  : Tomcat started on port(s): 8080 (http) with context path ''
2022-08-01 18:57:26.175  INFO 4656 --- [main] m.s.SpringSecurityDemoApplication        : Started SpringSecurityDemoApplication in 2.0 seconds (JVM running for 2.509)
2022-08-01 18:57:36.424  INFO 4656 --- [http-nio-8080-exec-1] o.a.c.c.C.[Tomcat].[localhost].[/]       : Initializing Spring DispatcherServlet 'dispatcherServlet'
