2022-08-01 20:13:31.896  INFO 12308 --- [http-nio-8080-exec-1] o.a.c.c.C.[Tomcat].[localhost].[/]       : Initializing Spring DispatcherServlet 'dispatcherServlet'
2022-08-01 20:13:31.898  INFO 12308 --- [http-nio-8080-exec-1] o.s.web.servlet.DispatcherServlet        : Initializing Servlet 'dispatcherServlet'
2022-08-01 20:13:31.900  INFO 12308 --- [http-nio-8080-exec-1] o.s.web.servlet.DispatcherServlet        : Completed initialization in 1 ms
2022-08-01 20:13:36.606 DEBUG 12308 --- [http-nio-8080-exec-6] m.s.service.AdministratorsLoginService   : 进入AdministratorsLoginService
2022-08-01 20:13:36.857 DEBUG 12308 --- [http-nio-8080-exec-6] m.s.m.A.selectList                       : ==>  Preparing: SELECT administrator_no,administrator_password FROM administrators_password WHERE (administrator_no = ?)
2022-08-01 20:13:36.874 DEBUG 12308 --- [http-nio-8080-exec-6] m.s.m.A.selectList                       : ==> Parameters: 10001(Long)
2022-08-01 20:13:36.888 DEBUG 12308 --- [http-nio-8080-exec-6] m.s.m.A.selectList                       : <==      Total: 1
2022-08-01 20:14:34.757  INFO 12308 --- [SpringApplicationShutdownHook] com.alibaba.druid.pool.DruidDataSource   : {dataSource-1} closing ...
2022-08-01 20:14:34.764  INFO 12308 --- [SpringApplicationShutdownHook] com.alibaba.druid.pool.DruidDataSource   : {dataSource-1} closed
2022-08-01 20:14:38.243  INFO 9204 --- [main] m.s.SpringSecurityDemoApplication        : Starting SpringSecurityDemoApplication using Java 16.0.2 on mao with PID 9204 (H:\程序\大三暑假\springSecurity_demo\target\classes started by mao in H:\程序\大三暑假\springSecurity_demo)
2022-08-01 20:14:38.245 DEBUG 9204 --- [main] m.s.SpringSecurityDemoApplication        : Running with Spring Boot v2.7.2, Spring v5.3.22
2022-08-01 20:14:38.245  INFO 9204 --- [main] m.s.SpringSecurityDemoApplication        : The following 1 profile is active: "dev"
2022-08-01 20:14:39.044  INFO 9204 --- [main] o.s.b.w.embedded.tomcat.TomcatWebServer  : Tomcat initialized with port(s): 8080 (http)
2022-08-01 20:14:39.050  INFO 9204 --- [main] o.apache.catalina.core.StandardService   : Starting service [Tomcat]
2022-08-01 20:14:39.051  INFO 9204 --- [main] org.apache.catalina.core.StandardEngine  : Starting Servlet engine: [Apache Tomcat/9.0.65]
2022-08-01 20:14:39.137  INFO 9204 --- [main] o.a.c.c.C.[Tomcat].[localhost].[/]       : Initializing Spring embedded WebApplicationContext
2022-08-01 20:14:39.137  INFO 9204 --- [main] w.s.c.ServletWebServerApplicationContext : Root WebApplicationContext: initialization completed in 861 ms
2022-08-01 20:14:39.242  INFO 9204 --- [main] c.a.d.s.b.a.DruidDataSourceAutoConfigure : Init DruidDataSource
2022-08-01 20:14:39.335  INFO 9204 --- [main] com.alibaba.druid.pool.DruidDataSource   : {dataSource-1} inited
2022-08-01 20:14:39.677  INFO 9204 --- [main] o.s.b.a.w.s.WelcomePageHandlerMapping    : Adding welcome page: class path resource [static/index.html]
2022-08-01 20:14:39.855  INFO 9204 --- [main] o.s.s.web.DefaultSecurityFilterChain     : Will secure any request with [org.springframework.security.web.session.DisableEncodeUrlFilter@571a663c, org.springframework.security.web.context.request.async.WebAsyncManagerIntegrationFilter@3a788fe0, org.springframework.security.web.context.SecurityContextPersistenceFilter@3a4a5f3c, org.springframework.security.web.header.HeaderWriterFilter@4f235107, org.springframework.security.web.authentication.logout.LogoutFilter@4602f874, org.springframework.security.web.authentication.UsernamePasswordAuthenticationFilter@7739aac4, org.springframework.security.web.savedrequest.RequestCacheAwareFilter@586cc15d, org.springframework.security.web.servletapi.SecurityContextHolderAwareRequestFilter@4aaecabd, org.springframework.security.web.authentication.AnonymousAuthenticationFilter@430df350, org.springframework.security.web.session.SessionManagementFilter@1c5d3a37, org.springframework.security.web.access.ExceptionTranslationFilter@212fafd1, org.springframework.security.web.access.intercept.FilterSecurityInterceptor@234cd86c]
2022-08-01 20:14:39.904  INFO 9204 --- [main] o.s.b.w.embedded.tomcat.TomcatWebServer  : Tomcat started on port(s): 8080 (http) with context path ''
2022-08-01 20:14:39.913  INFO 9204 --- [main] m.s.SpringSecurityDemoApplication        : Started SpringSecurityDemoApplication in 1.998 seconds (JVM running for 2.468)
2022-08-01 20:15:08.645  INFO 9204 --- [http-nio-8080-exec-1] o.a.c.c.C.[Tomcat].[localhost].[/]       : Initializing Spring DispatcherServlet 'dispatcherServlet'
2022-08-01 20:15:08.646  INFO 9204 --- [http-nio-8080-exec-1] o.s.web.servlet.DispatcherServlet        : Initializing Servlet 'dispatcherServlet'
2022-08-01 20:15:08.646  INFO 9204 --- [http-nio-8080-exec-1] o.s.web.servlet.DispatcherServlet        : Completed initialization in 0 ms
2022-08-01 20:15:13.506 DEBUG 9204 --- [http-nio-8080-exec-4] m.s.service.AdministratorsLoginService   : 进入AdministratorsLoginService
2022-08-01 20:15:13.758 DEBUG 9204 --- [http-nio-8080-exec-4] m.s.m.A.selectList                       : ==>  Preparing: SELECT administrator_no,administrator_password FROM administrators_password WHERE (administrator_no = ?)
2022-08-01 20:15:13.774 DEBUG 9204 --- [http-nio-8080-exec-4] m.s.m.A.selectList                       : ==> Parameters: 10001(Long)
2022-08-01 20:15:13.788 DEBUG 9204 --- [http-nio-8080-exec-4] m.s.m.A.selectList                       : <==      Total: 1
2022-08-01 20:16:21.280  INFO 9204 --- [SpringApplicationShutdownHook] com.alibaba.druid.pool.DruidDataSource   : {dataSource-1} closing ...
2022-08-01 20:16:21.283  INFO 9204 --- [SpringApplicationShutdownHook] com.alibaba.druid.pool.DruidDataSource   : {dataSource-1} closed
2022-08-01 20:37:36.901  INFO 18872 --- [main] m.s.SpringSecurityDemoApplication        : Starting SpringSecurityDemoApplication using Java 16.0.2 on mao with PID 18872 (H:\程序\大三暑假\springSecurity_demo\target\classes started by mao in H:\程序\大三暑假\springSecurity_demo)
2022-08-01 20:37:36.903 DEBUG 18872 --- [main] m.s.SpringSecurityDemoApplication        : Running with Spring Boot v2.7.2, Spring v5.3.22
2022-08-01 20:37:36.903  INFO 18872 --- [main] m.s.SpringSecurityDemoApplication        : The following 1 profile is active: "dev"
2022-08-01 20:37:37.839  INFO 18872 --- [main] o.s.b.w.embedded.tomcat.TomcatWebServer  : Tomcat initialized with port(s): 8080 (http)
2022-08-01 20:37:37.847  INFO 18872 --- [main] o.apache.catalina.core.StandardService   : Starting service [Tomcat]
2022-08-01 20:37:37.847  INFO 18872 --- [main] org.apache.catalina.core.StandardEngine  : Starting Servlet engine: [Apache Tomcat/9.0.65]
2022-08-01 20:37:37.941  INFO 18872 --- [main] o.a.c.c.C.[Tomcat].[localhost].[/]       : Initializing Spring embedded WebApplicationContext
2022-08-01 20:37:37.941  INFO 18872 --- [main] w.s.c.ServletWebServerApplicationContext : Root WebApplicationContext: initialization completed in 1001 ms
2022-08-01 20:37:38.059  INFO 18872 --- [main] c.a.d.s.b.a.DruidDataSourceAutoConfigure : Init DruidDataSource
2022-08-01 20:37:38.170  INFO 18872 --- [main] com.alibaba.druid.pool.DruidDataSource   : {dataSource-1} inited
2022-08-01 20:37:38.593  INFO 18872 --- [main] o.s.b.a.w.s.WelcomePageHandlerMapping    : Adding welcome page: class path resource [static/index.html]
2022-08-01 20:37:38.805  INFO 18872 --- [main] o.s.s.web.DefaultSecurityFilterChain     : Will secure any request with [org.springframework.security.web.session.DisableEncodeUrlFilter@39c87b42, org.springframework.security.web.context.request.async.WebAsyncManagerIntegrationFilter@47fcefb3, org.springframework.security.web.context.SecurityContextPersistenceFilter@212fafd1, org.springframework.security.web.header.HeaderWriterFilter@2bec068b, org.springframework.security.web.authentication.logout.LogoutFilter@28b8f98a, org.springframework.security.web.authentication.UsernamePasswordAuthenticationFilter@3b4ef59f, org.springframework.security.web.savedrequest.RequestCacheAwareFilter@787988f4, org.springframework.security.web.servletapi.SecurityContextHolderAwareRequestFilter@3a4a5f3c, org.springframework.security.web.authentication.AnonymousAuthenticationFilter@236c098, org.springframework.security.web.session.SessionManagementFilter@55361f03, org.springframework.security.web.access.ExceptionTranslationFilter@4eeab3e, org.springframework.security.web.access.intercept.FilterSecurityInterceptor@785ed99c]
2022-08-01 20:37:38.863  INFO 18872 --- [main] o.s.b.w.embedded.tomcat.TomcatWebServer  : Tomcat started on port(s): 8080 (http) with context path ''
2022-08-01 20:37:38.874  INFO 18872 --- [main] m.s.SpringSecurityDemoApplication        : Started SpringSecurityDemoApplication in 2.366 seconds (JVM running for 3.045)
2022-08-01 20:38:02.075  INFO 18872 --- [http-nio-8080-exec-1] o.a.c.c.C.[Tomcat].[localhost].[/]       : Initializing Spring DispatcherServlet 'dispatcherServlet'
2022-08-01 20:38:02.075  INFO 18872 --- [http-nio-8080-exec-1] o.s.web.servlet.DispatcherServlet        : Initializing Servlet 'dispatcherServlet'
2022-08-01 20:38:02.076  INFO 18872 --- [http-nio-8080-exec-1] o.s.web.servlet.DispatcherServlet        : Completed initialization in 0 ms
2022-08-01 20:38:07.212 DEBUG 18872 --- [http-nio-8080-exec-5] m.s.service.AdministratorsLoginService   : 进入AdministratorsLoginService
2022-08-01 20:38:07.558 DEBUG 18872 --- [http-nio-8080-exec-5] m.s.m.A.selectList                       : ==>  Preparing: SELECT administrator_no,administrator_password FROM administrators_password WHERE (administrator_no = ?)
2022-08-01 20:38:07.584 DEBUG 18872 --- [http-nio-8080-exec-5] m.s.m.A.selectList                       : ==> Parameters: 10001(Long)
2022-08-01 20:38:07.605 DEBUG 18872 --- [http-nio-8080-exec-5] m.s.m.A.selectList                       : <==      Total: 1
2022-08-01 20:40:47.340  INFO 18872 --- [SpringApplicationShutdownHook] com.alibaba.druid.pool.DruidDataSource   : {dataSource-1} closing ...
2022-08-01 20:40:47.343  INFO 18872 --- [SpringApplicationShutdownHook] com.alibaba.druid.pool.DruidDataSource   : {dataSource-1} closed
2022-08-01 20:41:20.062  INFO 5060 --- [main] m.s.SpringSecurityDemoApplication        : Starting SpringSecurityDemoApplication using Java 16.0.2 on mao with PID 5060 (H:\程序\大三暑假\springSecurity_demo\target\classes started by mao in H:\程序\大三暑假\springSecurity_demo)
2022-08-01 20:41:20.065 DEBUG 5060 --- [main] m.s.SpringSecurityDemoApplication        : Running with Spring Boot v2.7.2, Spring v5.3.22
2022-08-01 20:41:20.065  INFO 5060 --- [main] m.s.SpringSecurityDemoApplication        : The following 1 profile is active: "dev"
2022-08-01 20:41:20.867  INFO 5060 --- [main] o.s.b.w.embedded.tomcat.TomcatWebServer  : Tomcat initialized with port(s): 8080 (http)
2022-08-01 20:41:20.875  INFO 5060 --- [main] o.apache.catalina.core.StandardService   : Starting service [Tomcat]
2022-08-01 20:41:20.875  INFO 5060 --- [main] org.apache.catalina.core.StandardEngine  : Starting Servlet engine: [Apache Tomcat/9.0.65]
2022-08-01 20:41:20.969  INFO 5060 --- [main] o.a.c.c.C.[Tomcat].[localhost].[/]       : Initializing Spring embedded WebApplicationContext
2022-08-01 20:41:20.969  INFO 5060 --- [main] w.s.c.ServletWebServerApplicationContext : Root WebApplicationContext: initialization completed in 877 ms
2022-08-01 20:41:21.066  INFO 5060 --- [main] c.a.d.s.b.a.DruidDataSourceAutoConfigure : Init DruidDataSource
2022-08-01 20:41:21.158  INFO 5060 --- [main] com.alibaba.druid.pool.DruidDataSource   : {dataSource-1} inited
2022-08-01 20:41:21.509  INFO 5060 --- [main] o.s.b.a.w.s.WelcomePageHandlerMapping    : Adding welcome page: class path resource [static/index.html]
2022-08-01 20:41:21.687  INFO 5060 --- [main] o.s.s.web.DefaultSecurityFilterChain     : Will secure any request with [org.springframework.security.web.session.DisableEncodeUrlFilter@54567b05, org.springframework.security.web.context.request.async.WebAsyncManagerIntegrationFilter@3a5e2525, org.springframework.security.web.context.SecurityContextPersistenceFilter@6c6928c, org.springframework.security.web.header.HeaderWriterFilter@28367da7, org.springframework.security.web.authentication.logout.LogoutFilter@afee63, org.springframework.security.web.authentication.UsernamePasswordAuthenticationFilter@4b4927e5, org.springframework.security.web.savedrequest.RequestCacheAwareFilter@73aaec54, org.springframework.security.web.servletapi.SecurityContextHolderAwareRequestFilter@6b3f4bd8, org.springframework.security.web.authentication.AnonymousAuthenticationFilter@6546371, org.springframework.security.web.session.SessionManagementFilter@3c60c681, org.springframework.security.web.access.ExceptionTranslationFilter@70c491b8, org.springframework.security.web.access.intercept.FilterSecurityInterceptor@5280688]
2022-08-01 20:41:21.735  INFO 5060 --- [main] o.s.b.w.embedded.tomcat.TomcatWebServer  : Tomcat started on port(s): 8080 (http) with context path ''
2022-08-01 20:41:21.745  INFO 5060 --- [main] m.s.SpringSecurityDemoApplication        : Started SpringSecurityDemoApplication in 2.007 seconds (JVM running for 2.737)
2022-08-01 20:41:37.529  INFO 5060 --- [http-nio-8080-exec-1] o.a.c.c.C.[Tomcat].[localhost].[/]       : Initializing Spring DispatcherServlet 'dispatcherServlet'
2022-08-01 20:41:37.529  INFO 5060 --- [http-nio-8080-exec-1] o.s.web.servlet.DispatcherServlet        : Initializing Servlet 'dispatcherServlet'
2022-08-01 20:41:37.530  INFO 5060 --- [http-nio-8080-exec-1] o.s.web.servlet.DispatcherServlet        : Completed initialization in 1 ms
2022-08-01 20:42:34.742  INFO 5060 --- [SpringApplicationShutdownHook] com.alibaba.druid.pool.DruidDataSource   : {dataSource-1} closing ...
2022-08-01 20:42:34.744  INFO 5060 --- [SpringApplicationShutdownHook] com.alibaba.druid.pool.DruidDataSource   : {dataSource-1} closed
2022-08-01 20:42:36.570  INFO 19336 --- [main] m.s.SpringSecurityDemoApplication        : Starting SpringSecurityDemoApplication using Java 16.0.2 on mao with PID 19336 (H:\程序\大三暑假\springSecurity_demo\target\classes started by mao in H:\程序\大三暑假\springSecurity_demo)
2022-08-01 20:42:36.572 DEBUG 19336 --- [main] m.s.SpringSecurityDemoApplication        : Running with Spring Boot v2.7.2, Spring v5.3.22
2022-08-01 20:42:36.572  INFO 19336 --- [main] m.s.SpringSecurityDemoApplication        : The following 1 profile is active: "dev"
2022-08-01 20:42:37.373  INFO 19336 --- [main] o.s.b.w.embedded.tomcat.TomcatWebServer  : Tomcat initialized with port(s): 8080 (http)
2022-08-01 20:42:37.381  INFO 19336 --- [main] o.apache.catalina.core.StandardService   : Starting service [Tomcat]
2022-08-01 20:42:37.381  INFO 19336 --- [main] org.apache.catalina.core.StandardEngine  : Starting Servlet engine: [Apache Tomcat/9.0.65]
2022-08-01 20:42:37.478  INFO 19336 --- [main] o.a.c.c.C.[Tomcat].[localhost].[/]       : Initializing Spring embedded WebApplicationContext
2022-08-01 20:42:37.478  INFO 19336 --- [main] w.s.c.ServletWebServerApplicationContext : Root WebApplicationContext: initialization completed in 875 ms
2022-08-01 20:42:37.571  INFO 19336 --- [main] c.a.d.s.b.a.DruidDataSourceAutoConfigure : Init DruidDataSource
2022-08-01 20:42:37.663  INFO 19336 --- [main] com.alibaba.druid.pool.DruidDataSource   : {dataSource-1} inited
2022-08-01 20:42:38.018  INFO 19336 --- [main] o.s.b.a.w.s.WelcomePageHandlerMapping    : Adding welcome page: class path resource [static/index.html]
2022-08-01 20:42:38.205  INFO 19336 --- [main] o.s.s.web.DefaultSecurityFilterChain     : Will secure any request with [org.springframework.security.web.session.DisableEncodeUrlFilter@52c46334, org.springframework.security.web.context.request.async.WebAsyncManagerIntegrationFilter@12fccff0, org.springframework.security.web.context.SecurityContextPersistenceFilter@28367da7, org.springframework.security.web.header.HeaderWriterFilter@b75b890, org.springframework.security.web.authentication.logout.LogoutFilter@4eeb14e0, org.springframework.security.web.authentication.UsernamePasswordAuthenticationFilter@26ca12a2, org.springframework.security.web.savedrequest.RequestCacheAwareFilter@3c60c681, org.springframework.security.web.servletapi.SecurityContextHolderAwareRequestFilter@117b2cc6, org.springframework.security.web.authentication.AnonymousAuthenticationFilter@5d767218, org.springframework.security.web.session.SessionManagementFilter@439d545c, org.springframework.security.web.access.ExceptionTranslationFilter@4416e18d, org.springframework.security.web.access.intercept.FilterSecurityInterceptor@100d0218]
2022-08-01 20:42:38.259  INFO 19336 --- [main] o.s.b.w.embedded.tomcat.TomcatWebServer  : Tomcat started on port(s): 8080 (http) with context path ''
2022-08-01 20:42:38.269  INFO 19336 --- [main] m.s.SpringSecurityDemoApplication        : Started SpringSecurityDemoApplication in 2.03 seconds (JVM running for 2.852)
