2022-08-01 21:29:35.493 DEBUG 11228 --- [http-nio-8080-exec-5] m.s.service.AdministratorsLoginService   : 进入AdministratorsLoginService
2022-08-01 21:29:35.741 DEBUG 11228 --- [http-nio-8080-exec-5] m.s.m.A.selectList                       : ==>  Preparing: SELECT administrator_no,administrator_password FROM administrators_password WHERE (administrator_no = ?)
2022-08-01 21:29:35.756 DEBUG 11228 --- [http-nio-8080-exec-5] m.s.m.A.selectList                       : ==> Parameters: 10001(Long)
2022-08-01 21:29:35.770 DEBUG 11228 --- [http-nio-8080-exec-5] m.s.m.A.selectList                       : <==      Total: 1
2022-08-01 21:34:49.767  INFO 11228 --- [SpringApplicationShutdownHook] com.alibaba.druid.pool.DruidDataSource   : {dataSource-1} closing ...
2022-08-01 21:34:49.771  INFO 11228 --- [SpringApplicationShutdownHook] com.alibaba.druid.pool.DruidDataSource   : {dataSource-1} closed
2022-08-01 21:34:53.341  INFO 14568 --- [main] m.s.SpringSecurityDemoApplication        : Starting SpringSecurityDemoApplication using Java 16.0.2 on mao with PID 14568 (H:\程序\大三暑假\springSecurity_demo\target\classes started by mao in H:\程序\大三暑假\springSecurity_demo)
2022-08-01 21:34:53.343 DEBUG 14568 --- [main] m.s.SpringSecurityDemoApplication        : Running with Spring Boot v2.7.2, Spring v5.3.22
2022-08-01 21:34:53.344  INFO 14568 --- [main] m.s.SpringSecurityDemoApplication        : The following 1 profile is active: "dev"
2022-08-01 21:34:54.121  INFO 14568 --- [main] o.s.b.w.embedded.tomcat.TomcatWebServer  : Tomcat initialized with port(s): 8080 (http)
2022-08-01 21:34:54.127  INFO 14568 --- [main] o.apache.catalina.core.StandardService   : Starting service [Tomcat]
2022-08-01 21:34:54.128  INFO 14568 --- [main] org.apache.catalina.core.StandardEngine  : Starting Servlet engine: [Apache Tomcat/9.0.65]
2022-08-01 21:34:54.213  INFO 14568 --- [main] o.a.c.c.C.[Tomcat].[localhost].[/]       : Initializing Spring embedded WebApplicationContext
2022-08-01 21:34:54.213  INFO 14568 --- [main] w.s.c.ServletWebServerApplicationContext : Root WebApplicationContext: initialization completed in 840 ms
2022-08-01 21:34:54.308  INFO 14568 --- [main] c.a.d.s.b.a.DruidDataSourceAutoConfigure : Init DruidDataSource
2022-08-01 21:34:54.400  INFO 14568 --- [main] com.alibaba.druid.pool.DruidDataSource   : {dataSource-1} inited
2022-08-01 21:34:54.742  INFO 14568 --- [main] o.s.b.a.w.s.WelcomePageHandlerMapping    : Adding welcome page: class path resource [static/index.html]
2022-08-01 21:34:54.923  INFO 14568 --- [main] o.s.s.web.DefaultSecurityFilterChain     : Will secure any request with [org.springframework.security.web.session.DisableEncodeUrlFilter@69a5c6be, org.springframework.security.web.context.request.async.WebAsyncManagerIntegrationFilter@451e2fa9, org.springframework.security.web.context.SecurityContextPersistenceFilter@6c835217, org.springframework.security.web.header.HeaderWriterFilter@7e3d2ebd, org.springframework.security.web.authentication.logout.LogoutFilter@36c07c75, org.springframework.security.web.authentication.UsernamePasswordAuthenticationFilter@6750e381, org.springframework.security.web.savedrequest.RequestCacheAwareFilter@51888019, org.springframework.security.web.servletapi.SecurityContextHolderAwareRequestFilter@544e3679, org.springframework.security.web.authentication.AnonymousAuthenticationFilter@497ed877, org.springframework.security.web.session.SessionManagementFilter@3a4a5f3c, org.springframework.security.web.access.ExceptionTranslationFilter@132e3594, org.springframework.security.web.access.intercept.FilterSecurityInterceptor@68e2d03e]
2022-08-01 21:34:54.975  INFO 14568 --- [main] o.s.b.w.embedded.tomcat.TomcatWebServer  : Tomcat started on port(s): 8080 (http) with context path ''
2022-08-01 21:34:54.984  INFO 14568 --- [main] m.s.SpringSecurityDemoApplication        : Started SpringSecurityDemoApplication in 1.979 seconds (JVM running for 2.46)
2022-08-01 21:35:23.752  INFO 14568 --- [http-nio-8080-exec-1] o.a.c.c.C.[Tomcat].[localhost].[/]       : Initializing Spring DispatcherServlet 'dispatcherServlet'
2022-08-01 21:35:23.752  INFO 14568 --- [http-nio-8080-exec-1] o.s.web.servlet.DispatcherServlet        : Initializing Servlet 'dispatcherServlet'
2022-08-01 21:35:23.753  INFO 14568 --- [http-nio-8080-exec-1] o.s.web.servlet.DispatcherServlet        : Completed initialization in 1 ms
2022-08-01 21:35:28.271 DEBUG 14568 --- [http-nio-8080-exec-4] m.s.service.AdministratorsLoginService   : 进入AdministratorsLoginService
2022-08-01 21:35:28.514 DEBUG 14568 --- [http-nio-8080-exec-4] m.s.m.A.selectList                       : ==>  Preparing: SELECT administrator_no,administrator_password FROM administrators_password WHERE (administrator_no = ?)
2022-08-01 21:35:28.531 DEBUG 14568 --- [http-nio-8080-exec-4] m.s.m.A.selectList                       : ==> Parameters: 10001(Long)
2022-08-01 21:35:28.545 DEBUG 14568 --- [http-nio-8080-exec-4] m.s.m.A.selectList                       : <==      Total: 1
2022-08-01 21:37:02.615  INFO 14568 --- [SpringApplicationShutdownHook] com.alibaba.druid.pool.DruidDataSource   : {dataSource-1} closing ...
2022-08-01 21:37:02.619  INFO 14568 --- [SpringApplicationShutdownHook] com.alibaba.druid.pool.DruidDataSource   : {dataSource-1} closed
2022-08-01 21:37:06.133  INFO 12204 --- [main] m.s.SpringSecurityDemoApplication        : Starting SpringSecurityDemoApplication using Java 16.0.2 on mao with PID 12204 (H:\程序\大三暑假\springSecurity_demo\target\classes started by mao in H:\程序\大三暑假\springSecurity_demo)
2022-08-01 21:37:06.135 DEBUG 12204 --- [main] m.s.SpringSecurityDemoApplication        : Running with Spring Boot v2.7.2, Spring v5.3.22
2022-08-01 21:37:06.136  INFO 12204 --- [main] m.s.SpringSecurityDemoApplication        : The following 1 profile is active: "dev"
2022-08-01 21:37:06.942  INFO 12204 --- [main] o.s.b.w.embedded.tomcat.TomcatWebServer  : Tomcat initialized with port(s): 8080 (http)
2022-08-01 21:37:06.949  INFO 12204 --- [main] o.apache.catalina.core.StandardService   : Starting service [Tomcat]
2022-08-01 21:37:06.949  INFO 12204 --- [main] org.apache.catalina.core.StandardEngine  : Starting Servlet engine: [Apache Tomcat/9.0.65]
2022-08-01 21:37:07.035  INFO 12204 --- [main] o.a.c.c.C.[Tomcat].[localhost].[/]       : Initializing Spring embedded WebApplicationContext
2022-08-01 21:37:07.035  INFO 12204 --- [main] w.s.c.ServletWebServerApplicationContext : Root WebApplicationContext: initialization completed in 864 ms
2022-08-01 21:37:07.131  INFO 12204 --- [main] c.a.d.s.b.a.DruidDataSourceAutoConfigure : Init DruidDataSource
2022-08-01 21:37:07.226  INFO 12204 --- [main] com.alibaba.druid.pool.DruidDataSource   : {dataSource-1} inited
2022-08-01 21:37:07.569  INFO 12204 --- [main] o.s.b.a.w.s.WelcomePageHandlerMapping    : Adding welcome page: class path resource [static/index.html]
2022-08-01 21:37:07.751  INFO 12204 --- [main] o.s.s.web.DefaultSecurityFilterChain     : Will secure any request with [org.springframework.security.web.session.DisableEncodeUrlFilter@32ab408e, org.springframework.security.web.context.request.async.WebAsyncManagerIntegrationFilter@6ad6443, org.springframework.security.web.context.SecurityContextPersistenceFilter@132e3594, org.springframework.security.web.header.HeaderWriterFilter@581c9bb7, org.springframework.security.web.authentication.logout.LogoutFilter@33e4b9c4, org.springframework.security.web.authentication.UsernamePasswordAuthenticationFilter@5cff729b, org.springframework.security.web.savedrequest.RequestCacheAwareFilter@28d739f1, org.springframework.security.web.servletapi.SecurityContextHolderAwareRequestFilter@6c835217, org.springframework.security.web.authentication.AnonymousAuthenticationFilter@78b03788, org.springframework.security.web.session.SessionManagementFilter@212fafd1, org.springframework.security.web.access.ExceptionTranslationFilter@5a2ae1ab, org.springframework.security.web.access.intercept.FilterSecurityInterceptor@2cccf134]
2022-08-01 21:37:07.802  INFO 12204 --- [main] o.s.b.w.embedded.tomcat.TomcatWebServer  : Tomcat started on port(s): 8080 (http) with context path ''
2022-08-01 21:37:07.812  INFO 12204 --- [main] m.s.SpringSecurityDemoApplication        : Started SpringSecurityDemoApplication in 2.018 seconds (JVM running for 2.5)
2022-08-01 21:37:20.045  INFO 12204 --- [http-nio-8080-exec-1] o.a.c.c.C.[Tomcat].[localhost].[/]       : Initializing Spring DispatcherServlet 'dispatcherServlet'
2022-08-01 21:37:20.045  INFO 12204 --- [http-nio-8080-exec-1] o.s.web.servlet.DispatcherServlet        : Initializing Servlet 'dispatcherServlet'
2022-08-01 21:37:20.046  INFO 12204 --- [http-nio-8080-exec-1] o.s.web.servlet.DispatcherServlet        : Completed initialization in 1 ms
2022-08-01 21:37:24.302 DEBUG 12204 --- [http-nio-8080-exec-5] m.s.service.AdministratorsLoginService   : 进入AdministratorsLoginService
2022-08-01 21:37:24.550 DEBUG 12204 --- [http-nio-8080-exec-5] m.s.m.A.selectList                       : ==>  Preparing: SELECT administrator_no,administrator_password FROM administrators_password WHERE (administrator_no = ?)
2022-08-01 21:37:24.567 DEBUG 12204 --- [http-nio-8080-exec-5] m.s.m.A.selectList                       : ==> Parameters: 10001(Long)
2022-08-01 21:37:24.582 DEBUG 12204 --- [http-nio-8080-exec-5] m.s.m.A.selectList                       : <==      Total: 1
2022-08-01 21:38:38.091  INFO 12204 --- [SpringApplicationShutdownHook] com.alibaba.druid.pool.DruidDataSource   : {dataSource-1} closing ...
2022-08-01 21:38:38.095  INFO 12204 --- [SpringApplicationShutdownHook] com.alibaba.druid.pool.DruidDataSource   : {dataSource-1} closed
2022-08-01 21:38:41.530  INFO 5984 --- [main] m.s.SpringSecurityDemoApplication        : Starting SpringSecurityDemoApplication using Java 16.0.2 on mao with PID 5984 (H:\程序\大三暑假\springSecurity_demo\target\classes started by mao in H:\程序\大三暑假\springSecurity_demo)
2022-08-01 21:38:41.532 DEBUG 5984 --- [main] m.s.SpringSecurityDemoApplication        : Running with Spring Boot v2.7.2, Spring v5.3.22
2022-08-01 21:38:41.533  INFO 5984 --- [main] m.s.SpringSecurityDemoApplication        : The following 1 profile is active: "dev"
2022-08-01 21:38:42.313  INFO 5984 --- [main] o.s.b.w.embedded.tomcat.TomcatWebServer  : Tomcat initialized with port(s): 8080 (http)
2022-08-01 21:38:42.320  INFO 5984 --- [main] o.apache.catalina.core.StandardService   : Starting service [Tomcat]
2022-08-01 21:38:42.320  INFO 5984 --- [main] org.apache.catalina.core.StandardEngine  : Starting Servlet engine: [Apache Tomcat/9.0.65]
2022-08-01 21:38:42.406  INFO 5984 --- [main] o.a.c.c.C.[Tomcat].[localhost].[/]       : Initializing Spring embedded WebApplicationContext
2022-08-01 21:38:42.406  INFO 5984 --- [main] w.s.c.ServletWebServerApplicationContext : Root WebApplicationContext: initialization completed in 842 ms
2022-08-01 21:38:42.507  INFO 5984 --- [main] c.a.d.s.b.a.DruidDataSourceAutoConfigure : Init DruidDataSource
2022-08-01 21:38:42.593  INFO 5984 --- [main] com.alibaba.druid.pool.DruidDataSource   : {dataSource-1} inited
2022-08-01 21:38:42.938  INFO 5984 --- [main] o.s.b.a.w.s.WelcomePageHandlerMapping    : Adding welcome page: class path resource [static/index.html]
2022-08-01 21:38:43.120  INFO 5984 --- [main] o.s.s.web.DefaultSecurityFilterChain     : Will secure any request with [org.springframework.security.web.session.DisableEncodeUrlFilter@69a5c6be, org.springframework.security.web.context.request.async.WebAsyncManagerIntegrationFilter@451e2fa9, org.springframework.security.web.context.SecurityContextPersistenceFilter@6c835217, org.springframework.security.web.header.HeaderWriterFilter@7e3d2ebd, org.springframework.security.web.authentication.logout.LogoutFilter@36c07c75, org.springframework.security.web.authentication.UsernamePasswordAuthenticationFilter@6750e381, org.springframework.security.web.savedrequest.RequestCacheAwareFilter@51888019, org.springframework.security.web.servletapi.SecurityContextHolderAwareRequestFilter@544e3679, org.springframework.security.web.authentication.AnonymousAuthenticationFilter@497ed877, org.springframework.security.web.session.SessionManagementFilter@3a4a5f3c, org.springframework.security.web.access.ExceptionTranslationFilter@132e3594, org.springframework.security.web.access.intercept.FilterSecurityInterceptor@68e2d03e]
2022-08-01 21:38:43.171  INFO 5984 --- [main] o.s.b.w.embedded.tomcat.TomcatWebServer  : Tomcat started on port(s): 8080 (http) with context path ''
2022-08-01 21:38:43.181  INFO 5984 --- [main] m.s.SpringSecurityDemoApplication        : Started SpringSecurityDemoApplication in 1.997 seconds (JVM running for 2.501)
2022-08-01 21:38:56.072  INFO 5984 --- [http-nio-8080-exec-2] o.a.c.c.C.[Tomcat].[localhost].[/]       : Initializing Spring DispatcherServlet 'dispatcherServlet'
2022-08-01 21:38:56.072  INFO 5984 --- [http-nio-8080-exec-2] o.s.web.servlet.DispatcherServlet        : Initializing Servlet 'dispatcherServlet'
2022-08-01 21:38:56.073  INFO 5984 --- [http-nio-8080-exec-2] o.s.web.servlet.DispatcherServlet        : Completed initialization in 1 ms
2022-08-01 21:38:59.991 DEBUG 5984 --- [http-nio-8080-exec-6] m.s.service.AdministratorsLoginService   : 进入AdministratorsLoginService
2022-08-01 21:39:00.243 DEBUG 5984 --- [http-nio-8080-exec-6] m.s.m.A.selectList                       : ==>  Preparing: SELECT administrator_no,administrator_password FROM administrators_password WHERE (administrator_no = ?)
2022-08-01 21:39:00.260 DEBUG 5984 --- [http-nio-8080-exec-6] m.s.m.A.selectList                       : ==> Parameters: 10001(Long)
2022-08-01 21:39:00.276 DEBUG 5984 --- [http-nio-8080-exec-6] m.s.m.A.selectList                       : <==      Total: 1
2022-08-01 21:40:42.005  INFO 5984 --- [SpringApplicationShutdownHook] com.alibaba.druid.pool.DruidDataSource   : {dataSource-1} closing ...
2022-08-01 21:40:42.010  INFO 5984 --- [SpringApplicationShutdownHook] com.alibaba.druid.pool.DruidDataSource   : {dataSource-1} closed
2022-08-01 21:40:45.600  INFO 5960 --- [main] m.s.SpringSecurityDemoApplication        : Starting SpringSecurityDemoApplication using Java 16.0.2 on mao with PID 5960 (H:\程序\大三暑假\springSecurity_demo\target\classes started by mao in H:\程序\大三暑假\springSecurity_demo)
2022-08-01 21:40:45.602 DEBUG 5960 --- [main] m.s.SpringSecurityDemoApplication        : Running with Spring Boot v2.7.2, Spring v5.3.22
2022-08-01 21:40:45.603  INFO 5960 --- [main] m.s.SpringSecurityDemoApplication        : The following 1 profile is active: "dev"
2022-08-01 21:40:46.406  INFO 5960 --- [main] o.s.b.w.embedded.tomcat.TomcatWebServer  : Tomcat initialized with port(s): 8080 (http)
2022-08-01 21:40:46.413  INFO 5960 --- [main] o.apache.catalina.core.StandardService   : Starting service [Tomcat]
2022-08-01 21:40:46.413  INFO 5960 --- [main] org.apache.catalina.core.StandardEngine  : Starting Servlet engine: [Apache Tomcat/9.0.65]
2022-08-01 21:40:46.498  INFO 5960 --- [main] o.a.c.c.C.[Tomcat].[localhost].[/]       : Initializing Spring embedded WebApplicationContext
2022-08-01 21:40:46.499  INFO 5960 --- [main] w.s.c.ServletWebServerApplicationContext : Root WebApplicationContext: initialization completed in 865 ms
2022-08-01 21:40:46.594  INFO 5960 --- [main] c.a.d.s.b.a.DruidDataSourceAutoConfigure : Init DruidDataSource
2022-08-01 21:40:46.693  INFO 5960 --- [main] com.alibaba.druid.pool.DruidDataSource   : {dataSource-1} inited
2022-08-01 21:40:47.039  INFO 5960 --- [main] o.s.b.a.w.s.WelcomePageHandlerMapping    : Adding welcome page: class path resource [static/index.html]
2022-08-01 21:40:47.218  INFO 5960 --- [main] o.s.s.web.DefaultSecurityFilterChain     : Will secure any request with [org.springframework.security.web.session.DisableEncodeUrlFilter@32ab408e, org.springframework.security.web.context.request.async.WebAsyncManagerIntegrationFilter@6ad6443, org.springframework.security.web.context.SecurityContextPersistenceFilter@132e3594, org.springframework.security.web.header.HeaderWriterFilter@581c9bb7, org.springframework.security.web.authentication.logout.LogoutFilter@33e4b9c4, org.springframework.security.web.authentication.UsernamePasswordAuthenticationFilter@5cff729b, org.springframework.security.web.savedrequest.RequestCacheAwareFilter@28d739f1, org.springframework.security.web.servletapi.SecurityContextHolderAwareRequestFilter@6c835217, org.springframework.security.web.authentication.AnonymousAuthenticationFilter@78b03788, org.springframework.security.web.session.SessionManagementFilter@212fafd1, org.springframework.security.web.access.ExceptionTranslationFilter@5a2ae1ab, org.springframework.security.web.access.intercept.FilterSecurityInterceptor@2cccf134]
2022-08-01 21:40:47.271  INFO 5960 --- [main] o.s.b.w.embedded.tomcat.TomcatWebServer  : Tomcat started on port(s): 8080 (http) with context path ''
2022-08-01 21:40:47.280  INFO 5960 --- [main] m.s.SpringSecurityDemoApplication        : Started SpringSecurityDemoApplication in 2.013 seconds (JVM running for 2.493)
