2022-08-01 15:35:39.314  INFO 15684 --- [SpringApplicationShutdownHook] com.alibaba.druid.pool.DruidDataSource   : {dataSource-1} closing ...
2022-08-01 15:35:39.325  INFO 15684 --- [SpringApplicationShutdownHook] com.alibaba.druid.pool.DruidDataSource   : {dataSource-1} closed
2022-08-01 15:35:48.751  INFO 10560 --- [main] m.s.SpringSecurityDemoApplication        : Starting SpringSecurityDemoApplication using Java 16.0.2 on mao with PID 10560 (H:\程序\大三暑假\springSecurity_demo\target\classes started by mao in H:\程序\大三暑假\springSecurity_demo)
2022-08-01 15:35:48.753 DEBUG 10560 --- [main] m.s.SpringSecurityDemoApplication        : Running with Spring Boot v2.7.2, Spring v5.3.22
2022-08-01 15:35:48.753  INFO 10560 --- [main] m.s.SpringSecurityDemoApplication        : The following 1 profile is active: "dev"
2022-08-01 15:35:49.535  INFO 10560 --- [main] o.s.b.w.embedded.tomcat.TomcatWebServer  : Tomcat initialized with port(s): 8080 (http)
2022-08-01 15:35:49.542  INFO 10560 --- [main] o.apache.catalina.core.StandardService   : Starting service [Tomcat]
2022-08-01 15:35:49.542  INFO 10560 --- [main] org.apache.catalina.core.StandardEngine  : Starting Servlet engine: [Apache Tomcat/9.0.65]
2022-08-01 15:35:49.627  INFO 10560 --- [main] o.a.c.c.C.[Tomcat].[localhost].[/]       : Initializing Spring embedded WebApplicationContext
2022-08-01 15:35:49.627  INFO 10560 --- [main] w.s.c.ServletWebServerApplicationContext : Root WebApplicationContext: initialization completed in 844 ms
2022-08-01 15:35:49.729  INFO 10560 --- [main] c.a.d.s.b.a.DruidDataSourceAutoConfigure : Init DruidDataSource
2022-08-01 15:35:49.820  INFO 10560 --- [main] com.alibaba.druid.pool.DruidDataSource   : {dataSource-1} inited
2022-08-01 15:35:49.913  WARN 10560 --- [main] c.b.m.core.metadata.TableInfoHelper      : Can not find table primary key in Class: "mao.springsecurity_demo.entity.Administrators".
2022-08-01 15:35:49.916  WARN 10560 --- [main] c.b.m.core.injector.DefaultSqlInjector   : class mao.springsecurity_demo.entity.Administrators ,Not found @TableId annotation, Cannot use Mybatis-Plus 'xxById' Method.
2022-08-01 15:35:49.966  WARN 10560 --- [main] c.b.m.core.metadata.TableInfoHelper      : Can not find table primary key in Class: "mao.springsecurity_demo.entity.AdministratorsPassword".
2022-08-01 15:35:49.967  WARN 10560 --- [main] c.b.m.core.injector.DefaultSqlInjector   : class mao.springsecurity_demo.entity.AdministratorsPassword ,Not found @TableId annotation, Cannot use Mybatis-Plus 'xxById' Method.
2022-08-01 15:35:50.329  INFO 10560 --- [main] o.s.s.web.DefaultSecurityFilterChain     : Will secure any request with [org.springframework.security.web.session.DisableEncodeUrlFilter@5fdd97c1, org.springframework.security.web.context.request.async.WebAsyncManagerIntegrationFilter@3b5a19ed, org.springframework.security.web.context.SecurityContextPersistenceFilter@93bf0e0, org.springframework.security.web.header.HeaderWriterFilter@3bbf1c0d, org.springframework.security.web.csrf.CsrfFilter@6812c8cc, org.springframework.security.web.authentication.logout.LogoutFilter@6f1fa1d0, org.springframework.security.web.authentication.UsernamePasswordAuthenticationFilter@28b523a, org.springframework.security.web.authentication.ui.DefaultLoginPageGeneratingFilter@28768e25, org.springframework.security.web.authentication.ui.DefaultLogoutPageGeneratingFilter@15d236fd, org.springframework.security.web.savedrequest.RequestCacheAwareFilter@656842bc, org.springframework.security.web.servletapi.SecurityContextHolderAwareRequestFilter@2055833f, org.springframework.security.web.authentication.AnonymousAuthenticationFilter@6b9c42bd, org.springframework.security.web.session.SessionManagementFilter@216c22ce, org.springframework.security.web.access.ExceptionTranslationFilter@5b48f0f4, org.springframework.security.web.access.intercept.FilterSecurityInterceptor@11810917]
2022-08-01 15:35:50.387  INFO 10560 --- [main] o.s.b.w.embedded.tomcat.TomcatWebServer  : Tomcat started on port(s): 8080 (http) with context path ''
2022-08-01 15:35:50.397  INFO 10560 --- [main] m.s.SpringSecurityDemoApplication        : Started SpringSecurityDemoApplication in 1.972 seconds (JVM running for 2.477)
2022-08-01 15:36:01.569  INFO 10560 --- [http-nio-8080-exec-1] o.a.c.c.C.[Tomcat].[localhost].[/]       : Initializing Spring DispatcherServlet 'dispatcherServlet'
2022-08-01 15:36:01.569  INFO 10560 --- [http-nio-8080-exec-1] o.s.web.servlet.DispatcherServlet        : Initializing Servlet 'dispatcherServlet'
2022-08-01 15:36:01.570  INFO 10560 --- [http-nio-8080-exec-1] o.s.web.servlet.DispatcherServlet        : Completed initialization in 1 ms
2022-08-01 15:38:26.008  INFO 10560 --- [SpringApplicationShutdownHook] com.alibaba.druid.pool.DruidDataSource   : {dataSource-1} closing ...
2022-08-01 15:38:26.009  INFO 10560 --- [SpringApplicationShutdownHook] com.alibaba.druid.pool.DruidDataSource   : {dataSource-1} closed
2022-08-01 15:38:29.483  INFO 16648 --- [main] m.s.SpringSecurityDemoApplication        : Starting SpringSecurityDemoApplication using Java 16.0.2 on mao with PID 16648 (H:\程序\大三暑假\springSecurity_demo\target\classes started by mao in H:\程序\大三暑假\springSecurity_demo)
2022-08-01 15:38:29.486 DEBUG 16648 --- [main] m.s.SpringSecurityDemoApplication        : Running with Spring Boot v2.7.2, Spring v5.3.22
2022-08-01 15:38:29.486  INFO 16648 --- [main] m.s.SpringSecurityDemoApplication        : The following 1 profile is active: "dev"
2022-08-01 15:38:30.268  INFO 16648 --- [main] o.s.b.w.embedded.tomcat.TomcatWebServer  : Tomcat initialized with port(s): 8080 (http)
2022-08-01 15:38:30.275  INFO 16648 --- [main] o.apache.catalina.core.StandardService   : Starting service [Tomcat]
2022-08-01 15:38:30.275  INFO 16648 --- [main] org.apache.catalina.core.StandardEngine  : Starting Servlet engine: [Apache Tomcat/9.0.65]
2022-08-01 15:38:30.360  INFO 16648 --- [main] o.a.c.c.C.[Tomcat].[localhost].[/]       : Initializing Spring embedded WebApplicationContext
2022-08-01 15:38:30.360  INFO 16648 --- [main] w.s.c.ServletWebServerApplicationContext : Root WebApplicationContext: initialization completed in 845 ms
2022-08-01 15:38:30.467  INFO 16648 --- [main] c.a.d.s.b.a.DruidDataSourceAutoConfigure : Init DruidDataSource
2022-08-01 15:38:30.554  INFO 16648 --- [main] com.alibaba.druid.pool.DruidDataSource   : {dataSource-1} inited
2022-08-01 15:38:30.654  WARN 16648 --- [main] c.b.m.core.metadata.TableInfoHelper      : Can not find table primary key in Class: "mao.springsecurity_demo.entity.Administrators".
2022-08-01 15:38:30.657  WARN 16648 --- [main] c.b.m.core.injector.DefaultSqlInjector   : class mao.springsecurity_demo.entity.Administrators ,Not found @TableId annotation, Cannot use Mybatis-Plus 'xxById' Method.
2022-08-01 15:38:30.709  WARN 16648 --- [main] c.b.m.core.metadata.TableInfoHelper      : Can not find table primary key in Class: "mao.springsecurity_demo.entity.AdministratorsPassword".
2022-08-01 15:38:30.709  WARN 16648 --- [main] c.b.m.core.injector.DefaultSqlInjector   : class mao.springsecurity_demo.entity.AdministratorsPassword ,Not found @TableId annotation, Cannot use Mybatis-Plus 'xxById' Method.
2022-08-01 15:38:31.079  INFO 16648 --- [main] o.s.s.web.DefaultSecurityFilterChain     : Will secure any request with [org.springframework.security.web.session.DisableEncodeUrlFilter@7781263c, org.springframework.security.web.context.request.async.WebAsyncManagerIntegrationFilter@5fdd97c1, org.springframework.security.web.context.SecurityContextPersistenceFilter@93bf0e0, org.springframework.security.web.header.HeaderWriterFilter@3bbf1c0d, org.springframework.security.web.csrf.CsrfFilter@6812c8cc, org.springframework.security.web.authentication.logout.LogoutFilter@539c4830, org.springframework.security.web.authentication.UsernamePasswordAuthenticationFilter@6f1fa1d0, org.springframework.security.web.savedrequest.RequestCacheAwareFilter@656842bc, org.springframework.security.web.servletapi.SecurityContextHolderAwareRequestFilter@2055833f, org.springframework.security.web.authentication.AnonymousAuthenticationFilter@3b5a19ed, org.springframework.security.web.session.SessionManagementFilter@216c22ce, org.springframework.security.web.access.ExceptionTranslationFilter@5b48f0f4, org.springframework.security.web.access.intercept.FilterSecurityInterceptor@129c4d19]
2022-08-01 15:38:31.131  INFO 16648 --- [main] o.s.b.w.embedded.tomcat.TomcatWebServer  : Tomcat started on port(s): 8080 (http) with context path ''
2022-08-01 15:38:31.141  INFO 16648 --- [main] m.s.SpringSecurityDemoApplication        : Started SpringSecurityDemoApplication in 1.976 seconds (JVM running for 2.465)
2022-08-01 15:38:39.298  INFO 16648 --- [http-nio-8080-exec-1] o.a.c.c.C.[Tomcat].[localhost].[/]       : Initializing Spring DispatcherServlet 'dispatcherServlet'
2022-08-01 15:38:39.298  INFO 16648 --- [http-nio-8080-exec-1] o.s.web.servlet.DispatcherServlet        : Initializing Servlet 'dispatcherServlet'
2022-08-01 15:38:39.299  INFO 16648 --- [http-nio-8080-exec-1] o.s.web.servlet.DispatcherServlet        : Completed initialization in 1 ms
2022-08-01 15:40:20.372  INFO 16648 --- [SpringApplicationShutdownHook] com.alibaba.druid.pool.DruidDataSource   : {dataSource-1} closing ...
2022-08-01 15:40:20.374  INFO 16648 --- [SpringApplicationShutdownHook] com.alibaba.druid.pool.DruidDataSource   : {dataSource-1} closed
2022-08-01 15:40:23.634  INFO 16052 --- [main] m.s.SpringSecurityDemoApplication        : Starting SpringSecurityDemoApplication using Java 16.0.2 on mao with PID 16052 (H:\程序\大三暑假\springSecurity_demo\target\classes started by mao in H:\程序\大三暑假\springSecurity_demo)
2022-08-01 15:40:23.636 DEBUG 16052 --- [main] m.s.SpringSecurityDemoApplication        : Running with Spring Boot v2.7.2, Spring v5.3.22
2022-08-01 15:40:23.637  INFO 16052 --- [main] m.s.SpringSecurityDemoApplication        : The following 1 profile is active: "dev"
2022-08-01 15:40:24.444  INFO 16052 --- [main] o.s.b.w.embedded.tomcat.TomcatWebServer  : Tomcat initialized with port(s): 8080 (http)
2022-08-01 15:40:24.451  INFO 16052 --- [main] o.apache.catalina.core.StandardService   : Starting service [Tomcat]
2022-08-01 15:40:24.451  INFO 16052 --- [main] org.apache.catalina.core.StandardEngine  : Starting Servlet engine: [Apache Tomcat/9.0.65]
2022-08-01 15:40:24.542  INFO 16052 --- [main] o.a.c.c.C.[Tomcat].[localhost].[/]       : Initializing Spring embedded WebApplicationContext
2022-08-01 15:40:24.542  INFO 16052 --- [main] w.s.c.ServletWebServerApplicationContext : Root WebApplicationContext: initialization completed in 874 ms
2022-08-01 15:40:24.652  INFO 16052 --- [main] c.a.d.s.b.a.DruidDataSourceAutoConfigure : Init DruidDataSource
2022-08-01 15:40:24.738  INFO 16052 --- [main] com.alibaba.druid.pool.DruidDataSource   : {dataSource-1} inited
2022-08-01 15:40:24.841  WARN 16052 --- [main] c.b.m.core.metadata.TableInfoHelper      : Can not find table primary key in Class: "mao.springsecurity_demo.entity.Administrators".
2022-08-01 15:40:24.845  WARN 16052 --- [main] c.b.m.core.injector.DefaultSqlInjector   : class mao.springsecurity_demo.entity.Administrators ,Not found @TableId annotation, Cannot use Mybatis-Plus 'xxById' Method.
2022-08-01 15:40:24.899  WARN 16052 --- [main] c.b.m.core.metadata.TableInfoHelper      : Can not find table primary key in Class: "mao.springsecurity_demo.entity.AdministratorsPassword".
2022-08-01 15:40:24.900  WARN 16052 --- [main] c.b.m.core.injector.DefaultSqlInjector   : class mao.springsecurity_demo.entity.AdministratorsPassword ,Not found @TableId annotation, Cannot use Mybatis-Plus 'xxById' Method.
2022-08-01 15:40:25.282  INFO 16052 --- [main] o.s.s.web.DefaultSecurityFilterChain     : Will secure any request with [org.springframework.security.web.session.DisableEncodeUrlFilter@33eb0d4, org.springframework.security.web.context.request.async.WebAsyncManagerIntegrationFilter@224d86d2, org.springframework.security.web.context.SecurityContextPersistenceFilter@2055833f, org.springframework.security.web.header.HeaderWriterFilter@3dec3f87, org.springframework.security.web.csrf.CsrfFilter@5bb8e6fc, org.springframework.security.web.authentication.logout.LogoutFilter@238291d4, org.springframework.security.web.authentication.UsernamePasswordAuthenticationFilter@34edd065, org.springframework.security.web.savedrequest.RequestCacheAwareFilter@310d57b1, org.springframework.security.web.servletapi.SecurityContextHolderAwareRequestFilter@756808cc, org.springframework.security.web.authentication.AnonymousAuthenticationFilter@a3cba3a, org.springframework.security.web.session.SessionManagementFilter@5dbab232, org.springframework.security.web.access.ExceptionTranslationFilter@93bf0e0, org.springframework.security.web.access.intercept.FilterSecurityInterceptor@5396eeb1]
2022-08-01 15:40:25.335  INFO 16052 --- [main] o.s.b.w.embedded.tomcat.TomcatWebServer  : Tomcat started on port(s): 8080 (http) with context path ''
2022-08-01 15:40:25.345  INFO 16052 --- [main] m.s.SpringSecurityDemoApplication        : Started SpringSecurityDemoApplication in 2.036 seconds (JVM running for 2.519)
2022-08-01 15:40:29.846  INFO 16052 --- [http-nio-8080-exec-2] o.a.c.c.C.[Tomcat].[localhost].[/]       : Initializing Spring DispatcherServlet 'dispatcherServlet'
2022-08-01 15:40:29.847  INFO 16052 --- [http-nio-8080-exec-2] o.s.web.servlet.DispatcherServlet        : Initializing Servlet 'dispatcherServlet'
2022-08-01 15:40:29.847  INFO 16052 --- [http-nio-8080-exec-2] o.s.web.servlet.DispatcherServlet        : Completed initialization in 0 ms
2022-08-01 15:44:39.776  INFO 16052 --- [SpringApplicationShutdownHook] com.alibaba.druid.pool.DruidDataSource   : {dataSource-1} closing ...
2022-08-01 15:44:39.778  INFO 16052 --- [SpringApplicationShutdownHook] com.alibaba.druid.pool.DruidDataSource   : {dataSource-1} closed
2022-08-01 15:44:43.249  INFO 9492 --- [main] m.s.SpringSecurityDemoApplication        : Starting SpringSecurityDemoApplication using Java 16.0.2 on mao with PID 9492 (H:\程序\大三暑假\springSecurity_demo\target\classes started by mao in H:\程序\大三暑假\springSecurity_demo)
2022-08-01 15:44:43.251 DEBUG 9492 --- [main] m.s.SpringSecurityDemoApplication        : Running with Spring Boot v2.7.2, Spring v5.3.22
2022-08-01 15:44:43.251  INFO 9492 --- [main] m.s.SpringSecurityDemoApplication        : The following 1 profile is active: "dev"
2022-08-01 15:44:44.026  INFO 9492 --- [main] o.s.b.w.embedded.tomcat.TomcatWebServer  : Tomcat initialized with port(s): 8080 (http)
2022-08-01 15:44:44.033  INFO 9492 --- [main] o.apache.catalina.core.StandardService   : Starting service [Tomcat]
2022-08-01 15:44:44.033  INFO 9492 --- [main] org.apache.catalina.core.StandardEngine  : Starting Servlet engine: [Apache Tomcat/9.0.65]
2022-08-01 15:44:44.119  INFO 9492 --- [main] o.a.c.c.C.[Tomcat].[localhost].[/]       : Initializing Spring embedded WebApplicationContext
2022-08-01 15:44:44.120  INFO 9492 --- [main] w.s.c.ServletWebServerApplicationContext : Root WebApplicationContext: initialization completed in 839 ms
2022-08-01 15:44:44.222  INFO 9492 --- [main] c.a.d.s.b.a.DruidDataSourceAutoConfigure : Init DruidDataSource
2022-08-01 15:44:44.306  INFO 9492 --- [main] com.alibaba.druid.pool.DruidDataSource   : {dataSource-1} inited
2022-08-01 15:44:44.407  WARN 9492 --- [main] c.b.m.core.metadata.TableInfoHelper      : Can not find table primary key in Class: "mao.springsecurity_demo.entity.Administrators".
2022-08-01 15:44:44.411  WARN 9492 --- [main] c.b.m.core.injector.DefaultSqlInjector   : class mao.springsecurity_demo.entity.Administrators ,Not found @TableId annotation, Cannot use Mybatis-Plus 'xxById' Method.
2022-08-01 15:44:44.462  WARN 9492 --- [main] c.b.m.core.metadata.TableInfoHelper      : Can not find table primary key in Class: "mao.springsecurity_demo.entity.AdministratorsPassword".
2022-08-01 15:44:44.463  WARN 9492 --- [main] c.b.m.core.injector.DefaultSqlInjector   : class mao.springsecurity_demo.entity.AdministratorsPassword ,Not found @TableId annotation, Cannot use Mybatis-Plus 'xxById' Method.
2022-08-01 15:44:44.820  INFO 9492 --- [main] o.s.s.web.DefaultSecurityFilterChain     : Will secure any request with [org.springframework.security.web.session.DisableEncodeUrlFilter@7d133fb7, org.springframework.security.web.context.request.async.WebAsyncManagerIntegrationFilter@40bd0f8, org.springframework.security.web.context.SecurityContextPersistenceFilter@46468f0, org.springframework.security.web.header.HeaderWriterFilter@2055833f, org.springframework.security.web.csrf.CsrfFilter@66e341e9, org.springframework.security.web.authentication.logout.LogoutFilter@44dfdd58, org.springframework.security.web.authentication.UsernamePasswordAuthenticationFilter@58d4238e, org.springframework.security.web.savedrequest.RequestCacheAwareFilter@34a6d9db, org.springframework.security.web.servletapi.SecurityContextHolderAwareRequestFilter@4645679e, org.springframework.security.web.authentication.AnonymousAuthenticationFilter@7eb27768, org.springframework.security.web.session.SessionManagementFilter@310d57b1, org.springframework.security.web.access.ExceptionTranslationFilter@7a606260, org.springframework.security.web.access.intercept.FilterSecurityInterceptor@6b9c42bd]
