2022-08-01 15:44:44.873  INFO 9492 --- [main] o.s.b.w.embedded.tomcat.TomcatWebServer  : Tomcat started on port(s): 8080 (http) with context path ''
2022-08-01 15:44:44.890  INFO 9492 --- [main] m.s.SpringSecurityDemoApplication        : Started SpringSecurityDemoApplication in 1.988 seconds (JVM running for 2.545)
2022-08-01 15:44:51.072  INFO 9492 --- [http-nio-8080-exec-1] o.a.c.c.C.[Tomcat].[localhost].[/]       : Initializing Spring DispatcherServlet 'dispatcherServlet'
2022-08-01 15:44:51.072  INFO 9492 --- [http-nio-8080-exec-1] o.s.web.servlet.DispatcherServlet        : Initializing Servlet 'dispatcherServlet'
2022-08-01 15:44:51.073  INFO 9492 --- [http-nio-8080-exec-1] o.s.web.servlet.DispatcherServlet        : Completed initialization in 1 ms
2022-08-01 15:47:32.181  INFO 9492 --- [SpringApplicationShutdownHook] com.alibaba.druid.pool.DruidDataSource   : {dataSource-1} closing ...
2022-08-01 15:47:32.182  INFO 9492 --- [SpringApplicationShutdownHook] com.alibaba.druid.pool.DruidDataSource   : {dataSource-1} closed
2022-08-01 15:47:35.499  INFO 4744 --- [main] m.s.SpringSecurityDemoApplication        : Starting SpringSecurityDemoApplication using Java 16.0.2 on mao with PID 4744 (H:\程序\大三暑假\springSecurity_demo\target\classes started by mao in H:\程序\大三暑假\springSecurity_demo)
2022-08-01 15:47:35.501 DEBUG 4744 --- [main] m.s.SpringSecurityDemoApplication        : Running with Spring Boot v2.7.2, Spring v5.3.22
2022-08-01 15:47:35.502  INFO 4744 --- [main] m.s.SpringSecurityDemoApplication        : The following 1 profile is active: "dev"
2022-08-01 15:47:36.274  INFO 4744 --- [main] o.s.b.w.embedded.tomcat.TomcatWebServer  : Tomcat initialized with port(s): 8080 (http)
2022-08-01 15:47:36.281  INFO 4744 --- [main] o.apache.catalina.core.StandardService   : Starting service [Tomcat]
2022-08-01 15:47:36.281  INFO 4744 --- [main] org.apache.catalina.core.StandardEngine  : Starting Servlet engine: [Apache Tomcat/9.0.65]
2022-08-01 15:47:36.365  INFO 4744 --- [main] o.a.c.c.C.[Tomcat].[localhost].[/]       : Initializing Spring embedded WebApplicationContext
2022-08-01 15:47:36.365  INFO 4744 --- [main] w.s.c.ServletWebServerApplicationContext : Root WebApplicationContext: initialization completed in 835 ms
2022-08-01 15:47:36.465  INFO 4744 --- [main] c.a.d.s.b.a.DruidDataSourceAutoConfigure : Init DruidDataSource
2022-08-01 15:47:36.549  INFO 4744 --- [main] com.alibaba.druid.pool.DruidDataSource   : {dataSource-1} inited
2022-08-01 15:47:36.647  WARN 4744 --- [main] c.b.m.core.metadata.TableInfoHelper      : Can not find table primary key in Class: "mao.springsecurity_demo.entity.Administrators".
2022-08-01 15:47:36.651  WARN 4744 --- [main] c.b.m.core.injector.DefaultSqlInjector   : class mao.springsecurity_demo.entity.Administrators ,Not found @TableId annotation, Cannot use Mybatis-Plus 'xxById' Method.
2022-08-01 15:47:36.699  WARN 4744 --- [main] c.b.m.core.metadata.TableInfoHelper      : Can not find table primary key in Class: "mao.springsecurity_demo.entity.AdministratorsPassword".
2022-08-01 15:47:36.700  WARN 4744 --- [main] c.b.m.core.injector.DefaultSqlInjector   : class mao.springsecurity_demo.entity.AdministratorsPassword ,Not found @TableId annotation, Cannot use Mybatis-Plus 'xxById' Method.
2022-08-01 15:47:37.061  INFO 4744 --- [main] o.s.s.web.DefaultSecurityFilterChain     : Will secure any request with [org.springframework.security.web.session.DisableEncodeUrlFilter@33eb0d4, org.springframework.security.web.context.request.async.WebAsyncManagerIntegrationFilter@224d86d2, org.springframework.security.web.context.SecurityContextPersistenceFilter@5dbab232, org.springframework.security.web.header.HeaderWriterFilter@4981d95b, org.springframework.security.web.csrf.CsrfFilter@4137aab0, org.springframework.security.web.authentication.logout.LogoutFilter@2997ddfc, org.springframework.security.web.authentication.UsernamePasswordAuthenticationFilter@28ee882c, org.springframework.security.web.savedrequest.RequestCacheAwareFilter@595f9916, org.springframework.security.web.servletapi.SecurityContextHolderAwareRequestFilter@5f8f1712, org.springframework.security.web.authentication.AnonymousAuthenticationFilter@a3cba3a, org.springframework.security.web.session.SessionManagementFilter@6b867ee7, org.springframework.security.web.access.ExceptionTranslationFilter@216c22ce, org.springframework.security.web.access.intercept.FilterSecurityInterceptor@5396eeb1]
2022-08-01 15:47:37.113  INFO 4744 --- [main] o.s.b.w.embedded.tomcat.TomcatWebServer  : Tomcat started on port(s): 8080 (http) with context path ''
2022-08-01 15:47:37.124  INFO 4744 --- [main] m.s.SpringSecurityDemoApplication        : Started SpringSecurityDemoApplication in 1.946 seconds (JVM running for 2.428)
2022-08-01 15:47:41.314  INFO 4744 --- [http-nio-8080-exec-3] o.a.c.c.C.[Tomcat].[localhost].[/]       : Initializing Spring DispatcherServlet 'dispatcherServlet'
2022-08-01 15:47:41.315  INFO 4744 --- [http-nio-8080-exec-3] o.s.web.servlet.DispatcherServlet        : Initializing Servlet 'dispatcherServlet'
2022-08-01 15:47:41.316  INFO 4744 --- [http-nio-8080-exec-3] o.s.web.servlet.DispatcherServlet        : Completed initialization in 1 ms
2022-08-01 15:57:54.072  INFO 4744 --- [SpringApplicationShutdownHook] com.alibaba.druid.pool.DruidDataSource   : {dataSource-1} closing ...
2022-08-01 15:57:54.074  INFO 4744 --- [SpringApplicationShutdownHook] com.alibaba.druid.pool.DruidDataSource   : {dataSource-1} closed
2022-08-01 15:57:57.459  INFO 12852 --- [main] m.s.SpringSecurityDemoApplication        : Starting SpringSecurityDemoApplication using Java 16.0.2 on mao with PID 12852 (H:\程序\大三暑假\springSecurity_demo\target\classes started by mao in H:\程序\大三暑假\springSecurity_demo)
2022-08-01 15:57:57.461 DEBUG 12852 --- [main] m.s.SpringSecurityDemoApplication        : Running with Spring Boot v2.7.2, Spring v5.3.22
2022-08-01 15:57:57.462  INFO 12852 --- [main] m.s.SpringSecurityDemoApplication        : The following 1 profile is active: "dev"
2022-08-01 15:57:58.246  INFO 12852 --- [main] o.s.b.w.embedded.tomcat.TomcatWebServer  : Tomcat initialized with port(s): 8080 (http)
2022-08-01 15:57:58.252  INFO 12852 --- [main] o.apache.catalina.core.StandardService   : Starting service [Tomcat]
2022-08-01 15:57:58.253  INFO 12852 --- [main] org.apache.catalina.core.StandardEngine  : Starting Servlet engine: [Apache Tomcat/9.0.65]
2022-08-01 15:57:58.336  INFO 12852 --- [main] o.a.c.c.C.[Tomcat].[localhost].[/]       : Initializing Spring embedded WebApplicationContext
2022-08-01 15:57:58.336  INFO 12852 --- [main] w.s.c.ServletWebServerApplicationContext : Root WebApplicationContext: initialization completed in 844 ms
2022-08-01 15:57:58.435  INFO 12852 --- [main] c.a.d.s.b.a.DruidDataSourceAutoConfigure : Init DruidDataSource
2022-08-01 15:57:58.521  INFO 12852 --- [main] com.alibaba.druid.pool.DruidDataSource   : {dataSource-1} inited
2022-08-01 15:57:58.626  WARN 12852 --- [main] c.b.m.core.metadata.TableInfoHelper      : Can not find table primary key in Class: "mao.springsecurity_demo.entity.Administrators".
2022-08-01 15:57:58.629  WARN 12852 --- [main] c.b.m.core.injector.DefaultSqlInjector   : class mao.springsecurity_demo.entity.Administrators ,Not found @TableId annotation, Cannot use Mybatis-Plus 'xxById' Method.
2022-08-01 15:57:58.683  WARN 12852 --- [main] c.b.m.core.metadata.TableInfoHelper      : Can not find table primary key in Class: "mao.springsecurity_demo.entity.AdministratorsPassword".
2022-08-01 15:57:58.683  WARN 12852 --- [main] c.b.m.core.injector.DefaultSqlInjector   : class mao.springsecurity_demo.entity.AdministratorsPassword ,Not found @TableId annotation, Cannot use Mybatis-Plus 'xxById' Method.
2022-08-01 15:57:59.044  INFO 12852 --- [main] o.s.s.web.DefaultSecurityFilterChain     : Will secure any request with [org.springframework.security.web.session.DisableEncodeUrlFilter@1291aab5, org.springframework.security.web.context.request.async.WebAsyncManagerIntegrationFilter@7d133fb7, org.springframework.security.web.context.SecurityContextPersistenceFilter@310d57b1, org.springframework.security.web.header.HeaderWriterFilter@5dbab232, org.springframework.security.web.csrf.CsrfFilter@72c9ebfa, org.springframework.security.web.authentication.logout.LogoutFilter@681e913c, org.springframework.security.web.authentication.UsernamePasswordAuthenticationFilter@29d070c7, org.springframework.security.web.savedrequest.RequestCacheAwareFilter@18ffca6c, org.springframework.security.web.servletapi.SecurityContextHolderAwareRequestFilter@5012c571, org.springframework.security.web.authentication.AnonymousAuthenticationFilter@40bd0f8, org.springframework.security.web.session.SessionManagementFilter@595f9916, org.springframework.security.web.access.ExceptionTranslationFilter@656842bc, org.springframework.security.web.access.intercept.FilterSecurityInterceptor@15d236fd]
2022-08-01 15:57:59.096  INFO 12852 --- [main] o.s.b.w.embedded.tomcat.TomcatWebServer  : Tomcat started on port(s): 8080 (http) with context path ''
2022-08-01 15:57:59.106  INFO 12852 --- [main] m.s.SpringSecurityDemoApplication        : Started SpringSecurityDemoApplication in 1.972 seconds (JVM running for 2.442)
2022-08-01 15:58:08.127  INFO 12852 --- [http-nio-8080-exec-1] o.a.c.c.C.[Tomcat].[localhost].[/]       : Initializing Spring DispatcherServlet 'dispatcherServlet'
2022-08-01 15:58:08.127  INFO 12852 --- [http-nio-8080-exec-1] o.s.web.servlet.DispatcherServlet        : Initializing Servlet 'dispatcherServlet'
2022-08-01 15:58:08.128  INFO 12852 --- [http-nio-8080-exec-1] o.s.web.servlet.DispatcherServlet        : Completed initialization in 1 ms
2022-08-01 16:01:44.375  INFO 12852 --- [SpringApplicationShutdownHook] com.alibaba.druid.pool.DruidDataSource   : {dataSource-1} closing ...
2022-08-01 16:01:44.376  INFO 12852 --- [SpringApplicationShutdownHook] com.alibaba.druid.pool.DruidDataSource   : {dataSource-1} closed
2022-08-01 16:01:47.737  INFO 9720 --- [main] m.s.SpringSecurityDemoApplication        : Starting SpringSecurityDemoApplication using Java 16.0.2 on mao with PID 9720 (H:\程序\大三暑假\springSecurity_demo\target\classes started by mao in H:\程序\大三暑假\springSecurity_demo)
2022-08-01 16:01:47.740 DEBUG 9720 --- [main] m.s.SpringSecurityDemoApplication        : Running with Spring Boot v2.7.2, Spring v5.3.22
2022-08-01 16:01:47.740  INFO 9720 --- [main] m.s.SpringSecurityDemoApplication        : The following 1 profile is active: "dev"
2022-08-01 16:01:48.563  INFO 9720 --- [main] o.s.b.w.embedded.tomcat.TomcatWebServer  : Tomcat initialized with port(s): 8080 (http)
2022-08-01 16:01:48.570  INFO 9720 --- [main] o.apache.catalina.core.StandardService   : Starting service [Tomcat]
2022-08-01 16:01:48.570  INFO 9720 --- [main] org.apache.catalina.core.StandardEngine  : Starting Servlet engine: [Apache Tomcat/9.0.65]
2022-08-01 16:01:48.657  INFO 9720 --- [main] o.a.c.c.C.[Tomcat].[localhost].[/]       : Initializing Spring embedded WebApplicationContext
2022-08-01 16:01:48.657  INFO 9720 --- [main] w.s.c.ServletWebServerApplicationContext : Root WebApplicationContext: initialization completed in 884 ms
2022-08-01 16:01:48.763  INFO 9720 --- [main] c.a.d.s.b.a.DruidDataSourceAutoConfigure : Init DruidDataSource
2022-08-01 16:01:48.855  INFO 9720 --- [main] com.alibaba.druid.pool.DruidDataSource   : {dataSource-1} inited
2022-08-01 16:01:48.960  WARN 9720 --- [main] c.b.m.core.metadata.TableInfoHelper      : Can not find table primary key in Class: "mao.springsecurity_demo.entity.Administrators".
2022-08-01 16:01:48.963  WARN 9720 --- [main] c.b.m.core.injector.DefaultSqlInjector   : class mao.springsecurity_demo.entity.Administrators ,Not found @TableId annotation, Cannot use Mybatis-Plus 'xxById' Method.
2022-08-01 16:01:49.013  WARN 9720 --- [main] c.b.m.core.metadata.TableInfoHelper      : Can not find table primary key in Class: "mao.springsecurity_demo.entity.AdministratorsPassword".
2022-08-01 16:01:49.014  WARN 9720 --- [main] c.b.m.core.injector.DefaultSqlInjector   : class mao.springsecurity_demo.entity.AdministratorsPassword ,Not found @TableId annotation, Cannot use Mybatis-Plus 'xxById' Method.
2022-08-01 16:01:49.384  INFO 9720 --- [main] o.s.s.web.DefaultSecurityFilterChain     : Will secure any request with [org.springframework.security.web.session.DisableEncodeUrlFilter@703e8050, org.springframework.security.web.context.request.async.WebAsyncManagerIntegrationFilter@49c1e294, org.springframework.security.web.context.SecurityContextPersistenceFilter@5012c571, org.springframework.security.web.header.HeaderWriterFilter@5f8f1712, org.springframework.security.web.csrf.CsrfFilter@19662208, org.springframework.security.web.authentication.logout.LogoutFilter@4652c74d, org.springframework.security.web.authentication.UsernamePasswordAuthenticationFilter@4cc12db2, org.springframework.security.web.savedrequest.RequestCacheAwareFilter@511da44f, org.springframework.security.web.servletapi.SecurityContextHolderAwareRequestFilter@63d677f5, org.springframework.security.web.authentication.AnonymousAuthenticationFilter@7741ae1b, org.springframework.security.web.session.SessionManagementFilter@52ecc989, org.springframework.security.web.access.ExceptionTranslationFilter@310d57b1, org.springframework.security.web.access.intercept.FilterSecurityInterceptor@5ca4dce5]
2022-08-01 16:01:49.442  INFO 9720 --- [main] o.s.b.w.embedded.tomcat.TomcatWebServer  : Tomcat started on port(s): 8080 (http) with context path ''
2022-08-01 16:01:49.452  INFO 9720 --- [main] m.s.SpringSecurityDemoApplication        : Started SpringSecurityDemoApplication in 2.056 seconds (JVM running for 2.565)
2022-08-01 16:01:53.998  INFO 9720 --- [http-nio-8080-exec-2] o.a.c.c.C.[Tomcat].[localhost].[/]       : Initializing Spring DispatcherServlet 'dispatcherServlet'
2022-08-01 16:01:53.998  INFO 9720 --- [http-nio-8080-exec-2] o.s.web.servlet.DispatcherServlet        : Initializing Servlet 'dispatcherServlet'
2022-08-01 16:01:53.999  INFO 9720 --- [http-nio-8080-exec-2] o.s.web.servlet.DispatcherServlet        : Completed initialization in 1 ms
2022-08-01 16:03:15.440  INFO 9720 --- [SpringApplicationShutdownHook] com.alibaba.druid.pool.DruidDataSource   : {dataSource-1} closing ...
2022-08-01 16:03:15.442  INFO 9720 --- [SpringApplicationShutdownHook] com.alibaba.druid.pool.DruidDataSource   : {dataSource-1} closed
2022-08-01 16:03:17.887  INFO 7520 --- [main] m.s.SpringSecurityDemoApplication        : Starting SpringSecurityDemoApplication using Java 16.0.2 on mao with PID 7520 (H:\程序\大三暑假\springSecurity_demo\target\classes started by mao in H:\程序\大三暑假\springSecurity_demo)
2022-08-01 16:03:17.889 DEBUG 7520 --- [main] m.s.SpringSecurityDemoApplication        : Running with Spring Boot v2.7.2, Spring v5.3.22
2022-08-01 16:03:17.889  INFO 7520 --- [main] m.s.SpringSecurityDemoApplication        : The following 1 profile is active: "dev"
2022-08-01 16:03:18.691  INFO 7520 --- [main] o.s.b.w.embedded.tomcat.TomcatWebServer  : Tomcat initialized with port(s): 8080 (http)
2022-08-01 16:03:18.698  INFO 7520 --- [main] o.apache.catalina.core.StandardService   : Starting service [Tomcat]
2022-08-01 16:03:18.698  INFO 7520 --- [main] org.apache.catalina.core.StandardEngine  : Starting Servlet engine: [Apache Tomcat/9.0.65]
2022-08-01 16:03:18.784  INFO 7520 --- [main] o.a.c.c.C.[Tomcat].[localhost].[/]       : Initializing Spring embedded WebApplicationContext
2022-08-01 16:03:18.785  INFO 7520 --- [main] w.s.c.ServletWebServerApplicationContext : Root WebApplicationContext: initialization completed in 864 ms
2022-08-01 16:03:18.894  INFO 7520 --- [main] c.a.d.s.b.a.DruidDataSourceAutoConfigure : Init DruidDataSource
2022-08-01 16:03:18.983  INFO 7520 --- [main] com.alibaba.druid.pool.DruidDataSource   : {dataSource-1} inited
2022-08-01 16:03:19.082  WARN 7520 --- [main] c.b.m.core.metadata.TableInfoHelper      : Can not find table primary key in Class: "mao.springsecurity_demo.entity.Administrators".
2022-08-01 16:03:19.085  WARN 7520 --- [main] c.b.m.core.injector.DefaultSqlInjector   : class mao.springsecurity_demo.entity.Administrators ,Not found @TableId annotation, Cannot use Mybatis-Plus 'xxById' Method.
2022-08-01 16:03:19.138  WARN 7520 --- [main] c.b.m.core.metadata.TableInfoHelper      : Can not find table primary key in Class: "mao.springsecurity_demo.entity.AdministratorsPassword".
2022-08-01 16:03:19.138  WARN 7520 --- [main] c.b.m.core.injector.DefaultSqlInjector   : class mao.springsecurity_demo.entity.AdministratorsPassword ,Not found @TableId annotation, Cannot use Mybatis-Plus 'xxById' Method.
2022-08-01 16:03:19.516  INFO 7520 --- [main] o.s.s.web.DefaultSecurityFilterChain     : Will secure any request with [org.springframework.security.web.session.DisableEncodeUrlFilter@7eb27768, org.springframework.security.web.context.request.async.WebAsyncManagerIntegrationFilter@6169be09, org.springframework.security.web.context.SecurityContextPersistenceFilter@18ffca6c, org.springframework.security.web.header.HeaderWriterFilter@595f9916, org.springframework.security.web.csrf.CsrfFilter@747f6c5a, org.springframework.security.web.authentication.logout.LogoutFilter@1eeb5818, org.springframework.security.web.authentication.UsernamePasswordAuthenticationFilter@44dfdd58, org.springframework.security.web.savedrequest.RequestCacheAwareFilter@5f8f1712, org.springframework.security.web.servletapi.SecurityContextHolderAwareRequestFilter@511da44f, org.springframework.security.web.authentication.AnonymousAuthenticationFilter@5e3db14, org.springframework.security.web.session.SessionManagementFilter@28768e25, org.springframework.security.web.access.ExceptionTranslationFilter@3dec3f87, org.springframework.security.web.access.intercept.FilterSecurityInterceptor@33324c05]
