2022-08-01 16:03:19.575  INFO 7520 --- [main] o.s.b.w.embedded.tomcat.TomcatWebServer  : Tomcat started on port(s): 8080 (http) with context path ''
2022-08-01 16:03:19.591  INFO 7520 --- [main] m.s.SpringSecurityDemoApplication        : Started SpringSecurityDemoApplication in 2.036 seconds (JVM running for 2.534)
2022-08-01 16:03:25.049  INFO 7520 --- [http-nio-8080-exec-2] o.a.c.c.C.[Tomcat].[localhost].[/]       : Initializing Spring DispatcherServlet 'dispatcherServlet'
2022-08-01 16:03:25.049  INFO 7520 --- [http-nio-8080-exec-2] o.s.web.servlet.DispatcherServlet        : Initializing Servlet 'dispatcherServlet'
2022-08-01 16:03:25.050  INFO 7520 --- [http-nio-8080-exec-2] o.s.web.servlet.DispatcherServlet        : Completed initialization in 1 ms
2022-08-01 16:04:19.545  INFO 7520 --- [SpringApplicationShutdownHook] com.alibaba.druid.pool.DruidDataSource   : {dataSource-1} closing ...
2022-08-01 16:04:19.547  INFO 7520 --- [SpringApplicationShutdownHook] com.alibaba.druid.pool.DruidDataSource   : {dataSource-1} closed
2022-08-01 16:04:22.886  INFO 1804 --- [main] m.s.SpringSecurityDemoApplication        : Starting SpringSecurityDemoApplication using Java 16.0.2 on mao with PID 1804 (H:\程序\大三暑假\springSecurity_demo\target\classes started by mao in H:\程序\大三暑假\springSecurity_demo)
2022-08-01 16:04:22.888 DEBUG 1804 --- [main] m.s.SpringSecurityDemoApplication        : Running with Spring Boot v2.7.2, Spring v5.3.22
2022-08-01 16:04:22.889  INFO 1804 --- [main] m.s.SpringSecurityDemoApplication        : The following 1 profile is active: "dev"
2022-08-01 16:04:23.686  INFO 1804 --- [main] o.s.b.w.embedded.tomcat.TomcatWebServer  : Tomcat initialized with port(s): 8080 (http)
2022-08-01 16:04:23.693  INFO 1804 --- [main] o.apache.catalina.core.StandardService   : Starting service [Tomcat]
2022-08-01 16:04:23.693  INFO 1804 --- [main] org.apache.catalina.core.StandardEngine  : Starting Servlet engine: [Apache Tomcat/9.0.65]
2022-08-01 16:04:23.777  INFO 1804 --- [main] o.a.c.c.C.[Tomcat].[localhost].[/]       : Initializing Spring embedded WebApplicationContext
2022-08-01 16:04:23.777  INFO 1804 --- [main] w.s.c.ServletWebServerApplicationContext : Root WebApplicationContext: initialization completed in 860 ms
2022-08-01 16:04:23.879  INFO 1804 --- [main] c.a.d.s.b.a.DruidDataSourceAutoConfigure : Init DruidDataSource
2022-08-01 16:04:23.967  INFO 1804 --- [main] com.alibaba.druid.pool.DruidDataSource   : {dataSource-1} inited
2022-08-01 16:04:24.062  WARN 1804 --- [main] c.b.m.core.metadata.TableInfoHelper      : Can not find table primary key in Class: "mao.springsecurity_demo.entity.Administrators".
2022-08-01 16:04:24.066  WARN 1804 --- [main] c.b.m.core.injector.DefaultSqlInjector   : class mao.springsecurity_demo.entity.Administrators ,Not found @TableId annotation, Cannot use Mybatis-Plus 'xxById' Method.
2022-08-01 16:04:24.114  WARN 1804 --- [main] c.b.m.core.metadata.TableInfoHelper      : Can not find table primary key in Class: "mao.springsecurity_demo.entity.AdministratorsPassword".
2022-08-01 16:04:24.115  WARN 1804 --- [main] c.b.m.core.injector.DefaultSqlInjector   : class mao.springsecurity_demo.entity.AdministratorsPassword ,Not found @TableId annotation, Cannot use Mybatis-Plus 'xxById' Method.
2022-08-01 16:04:24.471  INFO 1804 --- [main] o.s.s.web.DefaultSecurityFilterChain     : Will secure any request with [org.springframework.security.web.session.DisableEncodeUrlFilter@703e8050, org.springframework.security.web.context.request.async.WebAsyncManagerIntegrationFilter@49c1e294, org.springframework.security.web.context.SecurityContextPersistenceFilter@52f8a6f4, org.springframework.security.web.header.HeaderWriterFilter@46468f0, org.springframework.security.web.csrf.CsrfFilter@3bbf1c0d, org.springframework.security.web.authentication.logout.LogoutFilter@75793f17, org.springframework.security.web.authentication.UsernamePasswordAuthenticationFilter@4652c74d, org.springframework.security.web.savedrequest.RequestCacheAwareFilter@6486fe7b, org.springframework.security.web.servletapi.SecurityContextHolderAwareRequestFilter@52ba685a, org.springframework.security.web.authentication.AnonymousAuthenticationFilter@7741ae1b, org.springframework.security.web.session.SessionManagementFilter@34a6d9db, org.springframework.security.web.access.ExceptionTranslationFilter@28768e25, org.springframework.security.web.access.intercept.FilterSecurityInterceptor@5ca4dce5]
2022-08-01 16:04:24.522  INFO 1804 --- [main] o.s.b.w.embedded.tomcat.TomcatWebServer  : Tomcat started on port(s): 8080 (http) with context path ''
2022-08-01 16:04:24.532  INFO 1804 --- [main] m.s.SpringSecurityDemoApplication        : Started SpringSecurityDemoApplication in 1.964 seconds (JVM running for 2.426)
2022-08-01 16:04:35.662  INFO 1804 --- [http-nio-8080-exec-2] o.a.c.c.C.[Tomcat].[localhost].[/]       : Initializing Spring DispatcherServlet 'dispatcherServlet'
2022-08-01 16:04:35.662  INFO 1804 --- [http-nio-8080-exec-2] o.s.web.servlet.DispatcherServlet        : Initializing Servlet 'dispatcherServlet'
2022-08-01 16:04:35.663  INFO 1804 --- [http-nio-8080-exec-2] o.s.web.servlet.DispatcherServlet        : Completed initialization in 1 ms
2022-08-01 16:05:09.370  INFO 1804 --- [SpringApplicationShutdownHook] com.alibaba.druid.pool.DruidDataSource   : {dataSource-1} closing ...
2022-08-01 16:05:09.371  INFO 1804 --- [SpringApplicationShutdownHook] com.alibaba.druid.pool.DruidDataSource   : {dataSource-1} closed
2022-08-01 16:05:11.853  INFO 1072 --- [main] m.s.SpringSecurityDemoApplication        : Starting SpringSecurityDemoApplication using Java 16.0.2 on mao with PID 1072 (H:\程序\大三暑假\springSecurity_demo\target\classes started by mao in H:\程序\大三暑假\springSecurity_demo)
2022-08-01 16:05:11.855 DEBUG 1072 --- [main] m.s.SpringSecurityDemoApplication        : Running with Spring Boot v2.7.2, Spring v5.3.22
2022-08-01 16:05:11.855  INFO 1072 --- [main] m.s.SpringSecurityDemoApplication        : The following 1 profile is active: "dev"
2022-08-01 16:05:12.657  INFO 1072 --- [main] o.s.b.w.embedded.tomcat.TomcatWebServer  : Tomcat initialized with port(s): 8080 (http)
2022-08-01 16:05:12.664  INFO 1072 --- [main] o.apache.catalina.core.StandardService   : Starting service [Tomcat]
2022-08-01 16:05:12.664  INFO 1072 --- [main] org.apache.catalina.core.StandardEngine  : Starting Servlet engine: [Apache Tomcat/9.0.65]
2022-08-01 16:05:12.753  INFO 1072 --- [main] o.a.c.c.C.[Tomcat].[localhost].[/]       : Initializing Spring embedded WebApplicationContext
2022-08-01 16:05:12.753  INFO 1072 --- [main] w.s.c.ServletWebServerApplicationContext : Root WebApplicationContext: initialization completed in 868 ms
2022-08-01 16:05:12.852  INFO 1072 --- [main] c.a.d.s.b.a.DruidDataSourceAutoConfigure : Init DruidDataSource
2022-08-01 16:05:12.941  INFO 1072 --- [main] com.alibaba.druid.pool.DruidDataSource   : {dataSource-1} inited
2022-08-01 16:05:13.045  WARN 1072 --- [main] c.b.m.core.metadata.TableInfoHelper      : Can not find table primary key in Class: "mao.springsecurity_demo.entity.Administrators".
2022-08-01 16:05:13.048  WARN 1072 --- [main] c.b.m.core.injector.DefaultSqlInjector   : class mao.springsecurity_demo.entity.Administrators ,Not found @TableId annotation, Cannot use Mybatis-Plus 'xxById' Method.
2022-08-01 16:05:13.099  WARN 1072 --- [main] c.b.m.core.metadata.TableInfoHelper      : Can not find table primary key in Class: "mao.springsecurity_demo.entity.AdministratorsPassword".
2022-08-01 16:05:13.100  WARN 1072 --- [main] c.b.m.core.injector.DefaultSqlInjector   : class mao.springsecurity_demo.entity.AdministratorsPassword ,Not found @TableId annotation, Cannot use Mybatis-Plus 'xxById' Method.
2022-08-01 16:05:13.469  INFO 1072 --- [main] o.s.s.web.DefaultSecurityFilterChain     : Will secure any request with [org.springframework.security.web.session.DisableEncodeUrlFilter@1291aab5, org.springframework.security.web.context.request.async.WebAsyncManagerIntegrationFilter@7d133fb7, org.springframework.security.web.context.SecurityContextPersistenceFilter@2055833f, org.springframework.security.web.header.HeaderWriterFilter@3dec3f87, org.springframework.security.web.csrf.CsrfFilter@5bb8e6fc, org.springframework.security.web.authentication.logout.LogoutFilter@238291d4, org.springframework.security.web.authentication.UsernamePasswordAuthenticationFilter@34edd065, org.springframework.security.web.savedrequest.RequestCacheAwareFilter@310d57b1, org.springframework.security.web.servletapi.SecurityContextHolderAwareRequestFilter@756808cc, org.springframework.security.web.authentication.AnonymousAuthenticationFilter@40bd0f8, org.springframework.security.web.session.SessionManagementFilter@5dbab232, org.springframework.security.web.access.ExceptionTranslationFilter@93bf0e0, org.springframework.security.web.access.intercept.FilterSecurityInterceptor@15d236fd]
2022-08-01 16:05:13.527  INFO 1072 --- [main] o.s.b.w.embedded.tomcat.TomcatWebServer  : Tomcat started on port(s): 8080 (http) with context path ''
2022-08-01 16:05:13.537  INFO 1072 --- [main] m.s.SpringSecurityDemoApplication        : Started SpringSecurityDemoApplication in 2.012 seconds (JVM running for 2.507)
2022-08-01 16:05:17.454  INFO 1072 --- [http-nio-8080-exec-1] o.a.c.c.C.[Tomcat].[localhost].[/]       : Initializing Spring DispatcherServlet 'dispatcherServlet'
2022-08-01 16:05:17.454  INFO 1072 --- [http-nio-8080-exec-1] o.s.web.servlet.DispatcherServlet        : Initializing Servlet 'dispatcherServlet'
2022-08-01 16:05:17.455  INFO 1072 --- [http-nio-8080-exec-1] o.s.web.servlet.DispatcherServlet        : Completed initialization in 1 ms
2022-08-01 16:10:21.202  INFO 1072 --- [SpringApplicationShutdownHook] com.alibaba.druid.pool.DruidDataSource   : {dataSource-1} closing ...
2022-08-01 16:10:21.203  INFO 1072 --- [SpringApplicationShutdownHook] com.alibaba.druid.pool.DruidDataSource   : {dataSource-1} closed
2022-08-01 16:10:24.768  INFO 14580 --- [main] m.s.SpringSecurityDemoApplication        : Starting SpringSecurityDemoApplication using Java 16.0.2 on mao with PID 14580 (H:\程序\大三暑假\springSecurity_demo\target\classes started by mao in H:\程序\大三暑假\springSecurity_demo)
2022-08-01 16:10:24.771 DEBUG 14580 --- [main] m.s.SpringSecurityDemoApplication        : Running with Spring Boot v2.7.2, Spring v5.3.22
2022-08-01 16:10:24.771  INFO 14580 --- [main] m.s.SpringSecurityDemoApplication        : The following 1 profile is active: "dev"
2022-08-01 16:10:25.579  INFO 14580 --- [main] o.s.b.w.embedded.tomcat.TomcatWebServer  : Tomcat initialized with port(s): 8080 (http)
2022-08-01 16:10:25.586  INFO 14580 --- [main] o.apache.catalina.core.StandardService   : Starting service [Tomcat]
2022-08-01 16:10:25.586  INFO 14580 --- [main] org.apache.catalina.core.StandardEngine  : Starting Servlet engine: [Apache Tomcat/9.0.65]
2022-08-01 16:10:25.671  INFO 14580 --- [main] o.a.c.c.C.[Tomcat].[localhost].[/]       : Initializing Spring embedded WebApplicationContext
2022-08-01 16:10:25.671  INFO 14580 --- [main] w.s.c.ServletWebServerApplicationContext : Root WebApplicationContext: initialization completed in 867 ms
2022-08-01 16:10:25.771  INFO 14580 --- [main] c.a.d.s.b.a.DruidDataSourceAutoConfigure : Init DruidDataSource
2022-08-01 16:10:25.855  INFO 14580 --- [main] com.alibaba.druid.pool.DruidDataSource   : {dataSource-1} inited
2022-08-01 16:10:25.952  WARN 14580 --- [main] c.b.m.core.metadata.TableInfoHelper      : Can not find table primary key in Class: "mao.springsecurity_demo.entity.Administrators".
2022-08-01 16:10:25.956  WARN 14580 --- [main] c.b.m.core.injector.DefaultSqlInjector   : class mao.springsecurity_demo.entity.Administrators ,Not found @TableId annotation, Cannot use Mybatis-Plus 'xxById' Method.
2022-08-01 16:10:26.007  WARN 14580 --- [main] c.b.m.core.metadata.TableInfoHelper      : Can not find table primary key in Class: "mao.springsecurity_demo.entity.AdministratorsPassword".
2022-08-01 16:10:26.007  WARN 14580 --- [main] c.b.m.core.injector.DefaultSqlInjector   : class mao.springsecurity_demo.entity.AdministratorsPassword ,Not found @TableId annotation, Cannot use Mybatis-Plus 'xxById' Method.
2022-08-01 16:10:26.363  INFO 14580 --- [main] o.s.s.web.DefaultSecurityFilterChain     : Will secure any request with [org.springframework.security.web.session.DisableEncodeUrlFilter@33324c05, org.springframework.security.web.context.request.async.WebAsyncManagerIntegrationFilter@37d3e140, org.springframework.security.web.context.SecurityContextPersistenceFilter@4981d95b, org.springframework.security.web.header.HeaderWriterFilter@19662208, org.springframework.security.web.csrf.CsrfFilter@3457cc8d, org.springframework.security.web.authentication.logout.LogoutFilter@6f1fa1d0, org.springframework.security.web.authentication.UsernamePasswordAuthenticationFilter@28b523a, org.springframework.security.web.savedrequest.RequestCacheAwareFilter@6b867ee7, org.springframework.security.web.servletapi.SecurityContextHolderAwareRequestFilter@28768e25, org.springframework.security.web.authentication.AnonymousAuthenticationFilter@3e53c4ad, org.springframework.security.web.session.SessionManagementFilter@62f9c790, org.springframework.security.web.access.ExceptionTranslationFilter@546ed2a0, org.springframework.security.web.access.intercept.FilterSecurityInterceptor@cbf1997]
2022-08-01 16:10:26.414  INFO 14580 --- [main] o.s.b.w.embedded.tomcat.TomcatWebServer  : Tomcat started on port(s): 8080 (http) with context path ''
2022-08-01 16:10:26.423  INFO 14580 --- [main] m.s.SpringSecurityDemoApplication        : Started SpringSecurityDemoApplication in 2.14 seconds (JVM running for 2.607)
2022-08-01 16:10:33.200  INFO 14580 --- [SpringApplicationShutdownHook] com.alibaba.druid.pool.DruidDataSource   : {dataSource-1} closing ...
2022-08-01 16:10:33.201  INFO 14580 --- [SpringApplicationShutdownHook] com.alibaba.druid.pool.DruidDataSource   : {dataSource-1} closed
2022-08-01 16:10:35.748  INFO 5072 --- [main] m.s.SpringSecurityDemoApplication        : Starting SpringSecurityDemoApplication using Java 16.0.2 on mao with PID 5072 (H:\程序\大三暑假\springSecurity_demo\target\classes started by mao in H:\程序\大三暑假\springSecurity_demo)
2022-08-01 16:10:35.750 DEBUG 5072 --- [main] m.s.SpringSecurityDemoApplication        : Running with Spring Boot v2.7.2, Spring v5.3.22
2022-08-01 16:10:35.751  INFO 5072 --- [main] m.s.SpringSecurityDemoApplication        : The following 1 profile is active: "dev"
2022-08-01 16:10:36.527  INFO 5072 --- [main] o.s.b.w.embedded.tomcat.TomcatWebServer  : Tomcat initialized with port(s): 8080 (http)
2022-08-01 16:10:36.534  INFO 5072 --- [main] o.apache.catalina.core.StandardService   : Starting service [Tomcat]
2022-08-01 16:10:36.534  INFO 5072 --- [main] org.apache.catalina.core.StandardEngine  : Starting Servlet engine: [Apache Tomcat/9.0.65]
2022-08-01 16:10:36.618  INFO 5072 --- [main] o.a.c.c.C.[Tomcat].[localhost].[/]       : Initializing Spring embedded WebApplicationContext
2022-08-01 16:10:36.619  INFO 5072 --- [main] w.s.c.ServletWebServerApplicationContext : Root WebApplicationContext: initialization completed in 838 ms
2022-08-01 16:10:36.718  INFO 5072 --- [main] c.a.d.s.b.a.DruidDataSourceAutoConfigure : Init DruidDataSource
2022-08-01 16:10:36.802  INFO 5072 --- [main] com.alibaba.druid.pool.DruidDataSource   : {dataSource-1} inited
2022-08-01 16:10:36.901  WARN 5072 --- [main] c.b.m.core.metadata.TableInfoHelper      : Can not find table primary key in Class: "mao.springsecurity_demo.entity.Administrators".
2022-08-01 16:10:36.904  WARN 5072 --- [main] c.b.m.core.injector.DefaultSqlInjector   : class mao.springsecurity_demo.entity.Administrators ,Not found @TableId annotation, Cannot use Mybatis-Plus 'xxById' Method.
2022-08-01 16:10:36.954  WARN 5072 --- [main] c.b.m.core.metadata.TableInfoHelper      : Can not find table primary key in Class: "mao.springsecurity_demo.entity.AdministratorsPassword".
2022-08-01 16:10:36.955  WARN 5072 --- [main] c.b.m.core.injector.DefaultSqlInjector   : class mao.springsecurity_demo.entity.AdministratorsPassword ,Not found @TableId annotation, Cannot use Mybatis-Plus 'xxById' Method.
2022-08-01 16:10:37.313  INFO 5072 --- [main] o.s.s.web.DefaultSecurityFilterChain     : Will secure any request with [org.springframework.security.web.session.DisableEncodeUrlFilter@50e5032c, org.springframework.security.web.context.request.async.WebAsyncManagerIntegrationFilter@545d2560, org.springframework.security.web.context.SecurityContextPersistenceFilter@511da44f, org.springframework.security.web.header.HeaderWriterFilter@52ecc989, org.springframework.security.web.csrf.CsrfFilter@62f9c790, org.springframework.security.web.authentication.logout.LogoutFilter@5ea7bc4, org.springframework.security.web.authentication.UsernamePasswordAuthenticationFilter@39d77de9, org.springframework.security.web.savedrequest.RequestCacheAwareFilter@3a0b6a, org.springframework.security.web.servletapi.SecurityContextHolderAwareRequestFilter@2997ddfc, org.springframework.security.web.authentication.AnonymousAuthenticationFilter@124eb83d, org.springframework.security.web.session.SessionManagementFilter@52f8a6f4, org.springframework.security.web.access.ExceptionTranslationFilter@18ffca6c, org.springframework.security.web.access.intercept.FilterSecurityInterceptor@40bd0f8]
