2022-08-01 16:10:37.369  INFO 5072 --- [main] o.s.b.w.embedded.tomcat.TomcatWebServer  : Tomcat started on port(s): 8080 (http) with context path ''
2022-08-01 16:10:37.384  INFO 5072 --- [main] m.s.SpringSecurityDemoApplication        : Started SpringSecurityDemoApplication in 1.949 seconds (JVM running for 2.427)
2022-08-01 16:10:42.904  INFO 5072 --- [http-nio-8080-exec-1] o.a.c.c.C.[Tomcat].[localhost].[/]       : Initializing Spring DispatcherServlet 'dispatcherServlet'
2022-08-01 16:10:42.904  INFO 5072 --- [http-nio-8080-exec-1] o.s.web.servlet.DispatcherServlet        : Initializing Servlet 'dispatcherServlet'
2022-08-01 16:10:42.905  INFO 5072 --- [http-nio-8080-exec-1] o.s.web.servlet.DispatcherServlet        : Completed initialization in 1 ms
2022-08-01 16:12:51.108  INFO 5072 --- [SpringApplicationShutdownHook] com.alibaba.druid.pool.DruidDataSource   : {dataSource-1} closing ...
2022-08-01 16:12:51.109  INFO 5072 --- [SpringApplicationShutdownHook] com.alibaba.druid.pool.DruidDataSource   : {dataSource-1} closed
2022-08-01 16:12:54.924  INFO 2784 --- [main] m.s.SpringSecurityDemoApplication        : Starting SpringSecurityDemoApplication using Java 16.0.2 on mao with PID 2784 (H:\程序\大三暑假\springSecurity_demo\target\classes started by mao in H:\程序\大三暑假\springSecurity_demo)
2022-08-01 16:12:54.926 DEBUG 2784 --- [main] m.s.SpringSecurityDemoApplication        : Running with Spring Boot v2.7.2, Spring v5.3.22
2022-08-01 16:12:54.927  INFO 2784 --- [main] m.s.SpringSecurityDemoApplication        : The following 1 profile is active: "dev"
2022-08-01 16:12:55.731  INFO 2784 --- [main] o.s.b.w.embedded.tomcat.TomcatWebServer  : Tomcat initialized with port(s): 8080 (http)
2022-08-01 16:12:55.738  INFO 2784 --- [main] o.apache.catalina.core.StandardService   : Starting service [Tomcat]
2022-08-01 16:12:55.738  INFO 2784 --- [main] org.apache.catalina.core.StandardEngine  : Starting Servlet engine: [Apache Tomcat/9.0.65]
2022-08-01 16:12:55.826  INFO 2784 --- [main] o.a.c.c.C.[Tomcat].[localhost].[/]       : Initializing Spring embedded WebApplicationContext
2022-08-01 16:12:55.826  INFO 2784 --- [main] w.s.c.ServletWebServerApplicationContext : Root WebApplicationContext: initialization completed in 868 ms
2022-08-01 16:12:55.941  INFO 2784 --- [main] c.a.d.s.b.a.DruidDataSourceAutoConfigure : Init DruidDataSource
2022-08-01 16:12:56.031  INFO 2784 --- [main] com.alibaba.druid.pool.DruidDataSource   : {dataSource-1} inited
2022-08-01 16:12:56.128  WARN 2784 --- [main] c.b.m.core.metadata.TableInfoHelper      : Can not find table primary key in Class: "mao.springsecurity_demo.entity.Administrators".
2022-08-01 16:12:56.131  WARN 2784 --- [main] c.b.m.core.injector.DefaultSqlInjector   : class mao.springsecurity_demo.entity.Administrators ,Not found @TableId annotation, Cannot use Mybatis-Plus 'xxById' Method.
2022-08-01 16:12:56.181  WARN 2784 --- [main] c.b.m.core.metadata.TableInfoHelper      : Can not find table primary key in Class: "mao.springsecurity_demo.entity.AdministratorsPassword".
2022-08-01 16:12:56.182  WARN 2784 --- [main] c.b.m.core.injector.DefaultSqlInjector   : class mao.springsecurity_demo.entity.AdministratorsPassword ,Not found @TableId annotation, Cannot use Mybatis-Plus 'xxById' Method.
2022-08-01 16:12:56.560  INFO 2784 --- [main] o.s.s.web.DefaultSecurityFilterChain     : Will secure any request with [org.springframework.security.web.session.DisableEncodeUrlFilter@2aea717c, org.springframework.security.web.context.request.async.WebAsyncManagerIntegrationFilter@5ca4dce5, org.springframework.security.web.context.SecurityContextPersistenceFilter@5dbab232, org.springframework.security.web.header.HeaderWriterFilter@4981d95b, org.springframework.security.web.csrf.CsrfFilter@4137aab0, org.springframework.security.web.authentication.logout.LogoutFilter@28ee882c, org.springframework.security.web.authentication.UsernamePasswordAuthenticationFilter@78d73b1b, org.springframework.security.web.authentication.ui.DefaultLoginPageGeneratingFilter@34a6d9db, org.springframework.security.web.authentication.ui.DefaultLogoutPageGeneratingFilter@1291aab5, org.springframework.security.web.savedrequest.RequestCacheAwareFilter@595f9916, org.springframework.security.web.servletapi.SecurityContextHolderAwareRequestFilter@5f8f1712, org.springframework.security.web.authentication.AnonymousAuthenticationFilter@7d133fb7, org.springframework.security.web.session.SessionManagementFilter@6b867ee7, org.springframework.security.web.access.ExceptionTranslationFilter@216c22ce, org.springframework.security.web.access.intercept.FilterSecurityInterceptor@5fdd97c1]
2022-08-01 16:12:56.610  INFO 2784 --- [main] o.s.b.w.embedded.tomcat.TomcatWebServer  : Tomcat started on port(s): 8080 (http) with context path ''
2022-08-01 16:12:56.620  INFO 2784 --- [main] m.s.SpringSecurityDemoApplication        : Started SpringSecurityDemoApplication in 2.226 seconds (JVM running for 2.752)
2022-08-01 16:13:01.468  INFO 2784 --- [http-nio-8080-exec-1] o.a.c.c.C.[Tomcat].[localhost].[/]       : Initializing Spring DispatcherServlet 'dispatcherServlet'
2022-08-01 16:13:01.469  INFO 2784 --- [http-nio-8080-exec-1] o.s.web.servlet.DispatcherServlet        : Initializing Servlet 'dispatcherServlet'
2022-08-01 16:13:01.469  INFO 2784 --- [http-nio-8080-exec-1] o.s.web.servlet.DispatcherServlet        : Completed initialization in 0 ms
2022-08-01 16:15:26.293  INFO 2784 --- [SpringApplicationShutdownHook] com.alibaba.druid.pool.DruidDataSource   : {dataSource-1} closing ...
2022-08-01 16:15:26.295  INFO 2784 --- [SpringApplicationShutdownHook] com.alibaba.druid.pool.DruidDataSource   : {dataSource-1} closed
2022-08-01 16:15:29.692  INFO 3292 --- [main] m.s.SpringSecurityDemoApplication        : Starting SpringSecurityDemoApplication using Java 16.0.2 on mao with PID 3292 (H:\程序\大三暑假\springSecurity_demo\target\classes started by mao in H:\程序\大三暑假\springSecurity_demo)
2022-08-01 16:15:29.693 DEBUG 3292 --- [main] m.s.SpringSecurityDemoApplication        : Running with Spring Boot v2.7.2, Spring v5.3.22
2022-08-01 16:15:29.694  INFO 3292 --- [main] m.s.SpringSecurityDemoApplication        : The following 1 profile is active: "dev"
2022-08-01 16:15:30.473  INFO 3292 --- [main] o.s.b.w.embedded.tomcat.TomcatWebServer  : Tomcat initialized with port(s): 8080 (http)
2022-08-01 16:15:30.479  INFO 3292 --- [main] o.apache.catalina.core.StandardService   : Starting service [Tomcat]
2022-08-01 16:15:30.479  INFO 3292 --- [main] org.apache.catalina.core.StandardEngine  : Starting Servlet engine: [Apache Tomcat/9.0.65]
2022-08-01 16:15:30.562  INFO 3292 --- [main] o.a.c.c.C.[Tomcat].[localhost].[/]       : Initializing Spring embedded WebApplicationContext
2022-08-01 16:15:30.562  INFO 3292 --- [main] w.s.c.ServletWebServerApplicationContext : Root WebApplicationContext: initialization completed in 838 ms
2022-08-01 16:15:30.662  INFO 3292 --- [main] c.a.d.s.b.a.DruidDataSourceAutoConfigure : Init DruidDataSource
2022-08-01 16:15:30.748  INFO 3292 --- [main] com.alibaba.druid.pool.DruidDataSource   : {dataSource-1} inited
2022-08-01 16:15:30.846  WARN 3292 --- [main] c.b.m.core.metadata.TableInfoHelper      : Can not find table primary key in Class: "mao.springsecurity_demo.entity.Administrators".
2022-08-01 16:15:30.849  WARN 3292 --- [main] c.b.m.core.injector.DefaultSqlInjector   : class mao.springsecurity_demo.entity.Administrators ,Not found @TableId annotation, Cannot use Mybatis-Plus 'xxById' Method.
2022-08-01 16:15:30.898  WARN 3292 --- [main] c.b.m.core.metadata.TableInfoHelper      : Can not find table primary key in Class: "mao.springsecurity_demo.entity.AdministratorsPassword".
2022-08-01 16:15:30.898  WARN 3292 --- [main] c.b.m.core.injector.DefaultSqlInjector   : class mao.springsecurity_demo.entity.AdministratorsPassword ,Not found @TableId annotation, Cannot use Mybatis-Plus 'xxById' Method.
2022-08-01 16:15:31.256  INFO 3292 --- [main] o.s.s.web.DefaultSecurityFilterChain     : Will secure any request with [org.springframework.security.web.session.DisableEncodeUrlFilter@37d3e140, org.springframework.security.web.context.request.async.WebAsyncManagerIntegrationFilter@3e53c4ad, org.springframework.security.web.context.SecurityContextPersistenceFilter@656842bc, org.springframework.security.web.header.HeaderWriterFilter@216c22ce, org.springframework.security.web.csrf.CsrfFilter@7a66c35a, org.springframework.security.web.authentication.logout.LogoutFilter@28b523a, org.springframework.security.web.authentication.UsernamePasswordAuthenticationFilter@52ba685a, org.springframework.security.web.savedrequest.RequestCacheAwareFilter@3dec3f87, org.springframework.security.web.servletapi.SecurityContextHolderAwareRequestFilter@310d57b1, org.springframework.security.web.authentication.AnonymousAuthenticationFilter@33eb0d4, org.springframework.security.web.session.SessionManagementFilter@21e5f0b6, org.springframework.security.web.access.ExceptionTranslationFilter@5bfc79cb, org.springframework.security.web.access.intercept.FilterSecurityInterceptor@49232c6f]
2022-08-01 16:15:31.307  INFO 3292 --- [main] o.s.b.w.embedded.tomcat.TomcatWebServer  : Tomcat started on port(s): 8080 (http) with context path ''
2022-08-01 16:15:31.317  INFO 3292 --- [main] m.s.SpringSecurityDemoApplication        : Started SpringSecurityDemoApplication in 1.943 seconds (JVM running for 2.43)
2022-08-01 16:16:45.049  INFO 3292 --- [http-nio-8080-exec-1] o.a.c.c.C.[Tomcat].[localhost].[/]       : Initializing Spring DispatcherServlet 'dispatcherServlet'
2022-08-01 16:16:45.049  INFO 3292 --- [http-nio-8080-exec-1] o.s.web.servlet.DispatcherServlet        : Initializing Servlet 'dispatcherServlet'
2022-08-01 16:16:45.050  INFO 3292 --- [http-nio-8080-exec-1] o.s.web.servlet.DispatcherServlet        : Completed initialization in 0 ms
2022-08-01 16:19:03.882  INFO 3292 --- [SpringApplicationShutdownHook] com.alibaba.druid.pool.DruidDataSource   : {dataSource-1} closing ...
2022-08-01 16:19:03.883  INFO 3292 --- [SpringApplicationShutdownHook] com.alibaba.druid.pool.DruidDataSource   : {dataSource-1} closed
2022-08-01 16:19:07.224  INFO 5408 --- [main] m.s.SpringSecurityDemoApplication        : Starting SpringSecurityDemoApplication using Java 16.0.2 on mao with PID 5408 (H:\程序\大三暑假\springSecurity_demo\target\classes started by mao in H:\程序\大三暑假\springSecurity_demo)
2022-08-01 16:19:07.226 DEBUG 5408 --- [main] m.s.SpringSecurityDemoApplication        : Running with Spring Boot v2.7.2, Spring v5.3.22
2022-08-01 16:19:07.227  INFO 5408 --- [main] m.s.SpringSecurityDemoApplication        : The following 1 profile is active: "dev"
2022-08-01 16:19:08.017  INFO 5408 --- [main] o.s.b.w.embedded.tomcat.TomcatWebServer  : Tomcat initialized with port(s): 8080 (http)
2022-08-01 16:19:08.024  INFO 5408 --- [main] o.apache.catalina.core.StandardService   : Starting service [Tomcat]
2022-08-01 16:19:08.024  INFO 5408 --- [main] org.apache.catalina.core.StandardEngine  : Starting Servlet engine: [Apache Tomcat/9.0.65]
2022-08-01 16:19:08.113  INFO 5408 --- [main] o.a.c.c.C.[Tomcat].[localhost].[/]       : Initializing Spring embedded WebApplicationContext
2022-08-01 16:19:08.114  INFO 5408 --- [main] w.s.c.ServletWebServerApplicationContext : Root WebApplicationContext: initialization completed in 856 ms
2022-08-01 16:19:08.209  INFO 5408 --- [main] c.a.d.s.b.a.DruidDataSourceAutoConfigure : Init DruidDataSource
2022-08-01 16:19:08.306  INFO 5408 --- [main] com.alibaba.druid.pool.DruidDataSource   : {dataSource-1} inited
2022-08-01 16:19:08.400  WARN 5408 --- [main] c.b.m.core.metadata.TableInfoHelper      : Can not find table primary key in Class: "mao.springsecurity_demo.entity.Administrators".
2022-08-01 16:19:08.403  WARN 5408 --- [main] c.b.m.core.injector.DefaultSqlInjector   : class mao.springsecurity_demo.entity.Administrators ,Not found @TableId annotation, Cannot use Mybatis-Plus 'xxById' Method.
2022-08-01 16:19:08.455  WARN 5408 --- [main] c.b.m.core.metadata.TableInfoHelper      : Can not find table primary key in Class: "mao.springsecurity_demo.entity.AdministratorsPassword".
2022-08-01 16:19:08.456  WARN 5408 --- [main] c.b.m.core.injector.DefaultSqlInjector   : class mao.springsecurity_demo.entity.AdministratorsPassword ,Not found @TableId annotation, Cannot use Mybatis-Plus 'xxById' Method.
2022-08-01 16:19:08.846  INFO 5408 --- [main] o.s.s.web.DefaultSecurityFilterChain     : Will secure any request with [org.springframework.security.web.session.DisableEncodeUrlFilter@49c1e294, org.springframework.security.web.context.request.async.WebAsyncManagerIntegrationFilter@7741ae1b, org.springframework.security.web.context.SecurityContextPersistenceFilter@5012c571, org.springframework.security.web.header.HeaderWriterFilter@5f8f1712, org.springframework.security.web.csrf.CsrfFilter@19662208, org.springframework.security.web.authentication.logout.LogoutFilter@4652c74d, org.springframework.security.web.authentication.UsernamePasswordAuthenticationFilter@4cc12db2, org.springframework.security.web.savedrequest.RequestCacheAwareFilter@511da44f, org.springframework.security.web.servletapi.SecurityContextHolderAwareRequestFilter@63d677f5, org.springframework.security.web.authentication.AnonymousAuthenticationFilter@50e5032c, org.springframework.security.web.session.SessionManagementFilter@52ecc989, org.springframework.security.web.access.ExceptionTranslationFilter@310d57b1, org.springframework.security.web.access.intercept.FilterSecurityInterceptor@1291aab5]
2022-08-01 16:19:08.902  INFO 5408 --- [main] o.s.b.w.embedded.tomcat.TomcatWebServer  : Tomcat started on port(s): 8080 (http) with context path ''
2022-08-01 16:19:08.913  INFO 5408 --- [main] m.s.SpringSecurityDemoApplication        : Started SpringSecurityDemoApplication in 2.02 seconds (JVM running for 2.504)
2022-08-01 16:19:12.236  INFO 5408 --- [http-nio-8080-exec-2] o.a.c.c.C.[Tomcat].[localhost].[/]       : Initializing Spring DispatcherServlet 'dispatcherServlet'
2022-08-01 16:19:12.236  INFO 5408 --- [http-nio-8080-exec-2] o.s.web.servlet.DispatcherServlet        : Initializing Servlet 'dispatcherServlet'
2022-08-01 16:19:12.237  INFO 5408 --- [http-nio-8080-exec-2] o.s.web.servlet.DispatcherServlet        : Completed initialization in 1 ms
2022-08-01 16:19:41.230  INFO 5408 --- [SpringApplicationShutdownHook] com.alibaba.druid.pool.DruidDataSource   : {dataSource-1} closing ...
2022-08-01 16:19:41.231  INFO 5408 --- [SpringApplicationShutdownHook] com.alibaba.druid.pool.DruidDataSource   : {dataSource-1} closed
2022-08-01 16:19:43.729  INFO 9572 --- [main] m.s.SpringSecurityDemoApplication        : Starting SpringSecurityDemoApplication using Java 16.0.2 on mao with PID 9572 (H:\程序\大三暑假\springSecurity_demo\target\classes started by mao in H:\程序\大三暑假\springSecurity_demo)
2022-08-01 16:19:43.730 DEBUG 9572 --- [main] m.s.SpringSecurityDemoApplication        : Running with Spring Boot v2.7.2, Spring v5.3.22
2022-08-01 16:19:43.731  INFO 9572 --- [main] m.s.SpringSecurityDemoApplication        : The following 1 profile is active: "dev"
2022-08-01 16:19:44.496  INFO 9572 --- [main] o.s.b.w.embedded.tomcat.TomcatWebServer  : Tomcat initialized with port(s): 8080 (http)
2022-08-01 16:19:44.503  INFO 9572 --- [main] o.apache.catalina.core.StandardService   : Starting service [Tomcat]
2022-08-01 16:19:44.503  INFO 9572 --- [main] org.apache.catalina.core.StandardEngine  : Starting Servlet engine: [Apache Tomcat/9.0.65]
2022-08-01 16:19:44.589  INFO 9572 --- [main] o.a.c.c.C.[Tomcat].[localhost].[/]       : Initializing Spring embedded WebApplicationContext
2022-08-01 16:19:44.589  INFO 9572 --- [main] w.s.c.ServletWebServerApplicationContext : Root WebApplicationContext: initialization completed in 830 ms
2022-08-01 16:19:44.697  INFO 9572 --- [main] c.a.d.s.b.a.DruidDataSourceAutoConfigure : Init DruidDataSource
2022-08-01 16:19:44.782  INFO 9572 --- [main] com.alibaba.druid.pool.DruidDataSource   : {dataSource-1} inited
2022-08-01 16:19:44.879  WARN 9572 --- [main] c.b.m.core.metadata.TableInfoHelper      : Can not find table primary key in Class: "mao.springsecurity_demo.entity.Administrators".
2022-08-01 16:19:44.882  WARN 9572 --- [main] c.b.m.core.injector.DefaultSqlInjector   : class mao.springsecurity_demo.entity.Administrators ,Not found @TableId annotation, Cannot use Mybatis-Plus 'xxById' Method.
2022-08-01 16:19:44.935  WARN 9572 --- [main] c.b.m.core.metadata.TableInfoHelper      : Can not find table primary key in Class: "mao.springsecurity_demo.entity.AdministratorsPassword".
2022-08-01 16:19:44.935  WARN 9572 --- [main] c.b.m.core.injector.DefaultSqlInjector   : class mao.springsecurity_demo.entity.AdministratorsPassword ,Not found @TableId annotation, Cannot use Mybatis-Plus 'xxById' Method.
2022-08-01 16:19:45.317  INFO 9572 --- [main] o.s.s.web.DefaultSecurityFilterChain     : Will secure any request with [org.springframework.security.web.session.DisableEncodeUrlFilter@6169be09, org.springframework.security.web.context.request.async.WebAsyncManagerIntegrationFilter@5e3db14, org.springframework.security.web.context.SecurityContextPersistenceFilter@18ffca6c, org.springframework.security.web.header.HeaderWriterFilter@595f9916, org.springframework.security.web.csrf.CsrfFilter@747f6c5a, org.springframework.security.web.authentication.logout.LogoutFilter@1eeb5818, org.springframework.security.web.authentication.UsernamePasswordAuthenticationFilter@44dfdd58, org.springframework.security.web.savedrequest.RequestCacheAwareFilter@5f8f1712, org.springframework.security.web.servletapi.SecurityContextHolderAwareRequestFilter@511da44f, org.springframework.security.web.authentication.AnonymousAuthenticationFilter@5fb54740, org.springframework.security.web.session.SessionManagementFilter@28768e25, org.springframework.security.web.access.ExceptionTranslationFilter@3dec3f87, org.springframework.security.web.access.intercept.FilterSecurityInterceptor@37d3e140]
