2022-07-30 20:44:52.447  INFO 3676 --- [main] m.s.SpringSecurityDemoApplication        : Starting SpringSecurityDemoApplication using Java 16.0.2 on mao with PID 3676 (H:\程序\大三暑假\springSecurity_demo\target\classes started by mao in H:\程序\大三暑假\springSecurity_demo)
2022-07-30 20:44:52.450 DEBUG 3676 --- [main] m.s.SpringSecurityDemoApplication        : Running with Spring Boot v2.7.2, Spring v5.3.22
2022-07-30 20:44:52.450  INFO 3676 --- [main] m.s.SpringSecurityDemoApplication        : The following 1 profile is active: "dev"
2022-07-30 20:44:53.130  INFO 3676 --- [main] o.s.b.w.embedded.tomcat.TomcatWebServer  : Tomcat initialized with port(s): 8080 (http)
2022-07-30 20:44:53.136  INFO 3676 --- [main] o.apache.catalina.core.StandardService   : Starting service [Tomcat]
2022-07-30 20:44:53.137  INFO 3676 --- [main] org.apache.catalina.core.StandardEngine  : Starting Servlet engine: [Apache Tomcat/9.0.65]
2022-07-30 20:44:53.205  INFO 3676 --- [main] o.a.c.c.C.[Tomcat].[localhost].[/]       : Initializing Spring embedded WebApplicationContext
2022-07-30 20:44:53.205  INFO 3676 --- [main] w.s.c.ServletWebServerApplicationContext : Root WebApplicationContext: initialization completed in 711 ms
2022-07-30 20:44:53.443  WARN 3676 --- [main] .s.s.UserDetailsServiceAutoConfiguration : 

Using generated security password: ed275ad5-a804-4cb8-b6d1-3aa23b39396f

This generated password is for development use only. Your security configuration must be updated before running your application in production.

2022-07-30 20:44:53.494  INFO 3676 --- [main] o.s.s.web.DefaultSecurityFilterChain     : Will secure any request with [org.springframework.security.web.session.DisableEncodeUrlFilter@239f017e, org.springframework.security.web.context.request.async.WebAsyncManagerIntegrationFilter@38cedb7d, org.springframework.security.web.context.SecurityContextPersistenceFilter@1cfc2538, org.springframework.security.web.header.HeaderWriterFilter@7f973a14, org.springframework.security.web.csrf.CsrfFilter@203d1d93, org.springframework.security.web.authentication.logout.LogoutFilter@188598ad, org.springframework.security.web.authentication.UsernamePasswordAuthenticationFilter@40d23c82, org.springframework.security.web.authentication.ui.DefaultLoginPageGeneratingFilter@6aa7b67f, org.springframework.security.web.authentication.ui.DefaultLogoutPageGeneratingFilter@772caabe, org.springframework.security.web.savedrequest.RequestCacheAwareFilter@5d342959, org.springframework.security.web.servletapi.SecurityContextHolderAwareRequestFilter@205df5dc, org.springframework.security.web.authentication.AnonymousAuthenticationFilter@2acdcce8, org.springframework.security.web.session.SessionManagementFilter@124d02b2, org.springframework.security.web.access.ExceptionTranslationFilter@2740e316, org.springframework.security.web.access.intercept.FilterSecurityInterceptor@48a663e9]
2022-07-30 20:44:53.529  INFO 3676 --- [main] o.s.b.w.embedded.tomcat.TomcatWebServer  : Tomcat started on port(s): 8080 (http) with context path ''
2022-07-30 20:44:53.538  INFO 3676 --- [main] m.s.SpringSecurityDemoApplication        : Started SpringSecurityDemoApplication in 1.421 seconds (JVM running for 1.907)
2022-07-30 20:45:31.902  INFO 316 --- [main] m.s.SpringSecurityDemoApplication        : Starting SpringSecurityDemoApplication using Java 16.0.2 on mao with PID 316 (H:\程序\大三暑假\springSecurity_demo\target\classes started by mao in H:\程序\大三暑假\springSecurity_demo)
2022-07-30 20:45:31.904 DEBUG 316 --- [main] m.s.SpringSecurityDemoApplication        : Running with Spring Boot v2.7.2, Spring v5.3.22
2022-07-30 20:45:31.905  INFO 316 --- [main] m.s.SpringSecurityDemoApplication        : The following 1 profile is active: "dev"
2022-07-30 20:45:32.572  INFO 316 --- [main] o.s.b.w.embedded.tomcat.TomcatWebServer  : Tomcat initialized with port(s): 8080 (http)
2022-07-30 20:45:32.579  INFO 316 --- [main] o.apache.catalina.core.StandardService   : Starting service [Tomcat]
2022-07-30 20:45:32.580  INFO 316 --- [main] org.apache.catalina.core.StandardEngine  : Starting Servlet engine: [Apache Tomcat/9.0.65]
2022-07-30 20:45:32.655  INFO 316 --- [main] o.a.c.c.C.[Tomcat].[localhost].[/]       : Initializing Spring embedded WebApplicationContext
2022-07-30 20:45:32.655  INFO 316 --- [main] w.s.c.ServletWebServerApplicationContext : Root WebApplicationContext: initialization completed in 711 ms
2022-07-30 20:45:32.916  WARN 316 --- [main] .s.s.UserDetailsServiceAutoConfiguration : 

Using generated security password: f8db779d-aa1f-4150-bd1f-ac806f3e1510

This generated password is for development use only. Your security configuration must be updated before running your application in production.

2022-07-30 20:45:32.970  INFO 316 --- [main] o.s.s.web.DefaultSecurityFilterChain     : Will secure any request with [org.springframework.security.web.session.DisableEncodeUrlFilter@3f598450, org.springframework.security.web.context.request.async.WebAsyncManagerIntegrationFilter@2db2a05f, org.springframework.security.web.context.SecurityContextPersistenceFilter@42cc183e, org.springframework.security.web.header.HeaderWriterFilter@1cfc2538, org.springframework.security.web.csrf.CsrfFilter@49cb1baf, org.springframework.security.web.authentication.logout.LogoutFilter@6badba10, org.springframework.security.web.authentication.UsernamePasswordAuthenticationFilter@2b7e8044, org.springframework.security.web.authentication.ui.DefaultLoginPageGeneratingFilter@6bee793f, org.springframework.security.web.authentication.ui.DefaultLogoutPageGeneratingFilter@695c938d, org.springframework.security.web.savedrequest.RequestCacheAwareFilter@6a1d6ef2, org.springframework.security.web.servletapi.SecurityContextHolderAwareRequestFilter@61514735, org.springframework.security.web.authentication.AnonymousAuthenticationFilter@d5bb1c4, org.springframework.security.web.session.SessionManagementFilter@5d342959, org.springframework.security.web.access.ExceptionTranslationFilter@76130a29, org.springframework.security.web.access.intercept.FilterSecurityInterceptor@497b560e]
2022-07-30 20:45:33.009  INFO 316 --- [main] o.s.b.w.embedded.tomcat.TomcatWebServer  : Tomcat started on port(s): 8080 (http) with context path ''
2022-07-30 20:45:33.019  INFO 316 --- [main] m.s.SpringSecurityDemoApplication        : Started SpringSecurityDemoApplication in 1.456 seconds (JVM running for 1.921)
2022-07-30 20:45:49.478  INFO 4904 --- [main] m.s.SpringSecurityDemoApplication        : Starting SpringSecurityDemoApplication using Java 16.0.2 on mao with PID 4904 (H:\程序\大三暑假\springSecurity_demo\target\classes started by mao in H:\程序\大三暑假\springSecurity_demo)
2022-07-30 20:45:49.480 DEBUG 4904 --- [main] m.s.SpringSecurityDemoApplication        : Running with Spring Boot v2.7.2, Spring v5.3.22
2022-07-30 20:45:49.480  INFO 4904 --- [main] m.s.SpringSecurityDemoApplication        : The following 1 profile is active: "dev"
2022-07-30 20:45:50.123  INFO 4904 --- [main] o.s.b.w.embedded.tomcat.TomcatWebServer  : Tomcat initialized with port(s): 8080 (http)
2022-07-30 20:45:50.130  INFO 4904 --- [main] o.apache.catalina.core.StandardService   : Starting service [Tomcat]
2022-07-30 20:45:50.130  INFO 4904 --- [main] org.apache.catalina.core.StandardEngine  : Starting Servlet engine: [Apache Tomcat/9.0.65]
2022-07-30 20:45:50.200  INFO 4904 --- [main] o.a.c.c.C.[Tomcat].[localhost].[/]       : Initializing Spring embedded WebApplicationContext
2022-07-30 20:45:50.200  INFO 4904 --- [main] w.s.c.ServletWebServerApplicationContext : Root WebApplicationContext: initialization completed in 686 ms
2022-07-30 20:45:50.434  WARN 4904 --- [main] .s.s.UserDetailsServiceAutoConfiguration : 

Using generated security password: 9c652816-7891-4bf2-b4da-a1d6cbf08221

This generated password is for development use only. Your security configuration must be updated before running your application in production.

2022-07-30 20:45:50.484  INFO 4904 --- [main] o.s.s.web.DefaultSecurityFilterChain     : Will secure any request with [org.springframework.security.web.session.DisableEncodeUrlFilter@1d901f20, org.springframework.security.web.context.request.async.WebAsyncManagerIntegrationFilter@6d08b4e6, org.springframework.security.web.context.SecurityContextPersistenceFilter@28369db0, org.springframework.security.web.header.HeaderWriterFilter@36920bd6, org.springframework.security.web.csrf.CsrfFilter@5fef2aac, org.springframework.security.web.authentication.logout.LogoutFilter@6bfaa0a6, org.springframework.security.web.authentication.UsernamePasswordAuthenticationFilter@76e9f00b, org.springframework.security.web.authentication.ui.DefaultLoginPageGeneratingFilter@7cf78c85, org.springframework.security.web.authentication.ui.DefaultLogoutPageGeneratingFilter@1015a4b9, org.springframework.security.web.savedrequest.RequestCacheAwareFilter@2e86807a, org.springframework.security.web.servletapi.SecurityContextHolderAwareRequestFilter@40d23c82, org.springframework.security.web.authentication.AnonymousAuthenticationFilter@1acb74ad, org.springframework.security.web.session.SessionManagementFilter@6bee793f, org.springframework.security.web.access.ExceptionTranslationFilter@205df5dc, org.springframework.security.web.access.intercept.FilterSecurityInterceptor@695c938d]
2022-07-30 20:45:50.518  INFO 4904 --- [main] o.s.b.w.embedded.tomcat.TomcatWebServer  : Tomcat started on port(s): 8080 (http) with context path ''
2022-07-30 20:45:50.527  INFO 4904 --- [main] m.s.SpringSecurityDemoApplication        : Started SpringSecurityDemoApplication in 1.367 seconds (JVM running for 1.79)
2022-07-30 20:47:02.632  INFO 4904 --- [http-nio-8080-exec-2] o.a.c.c.C.[Tomcat].[localhost].[/]       : Initializing Spring DispatcherServlet 'dispatcherServlet'
2022-07-30 20:47:02.632  INFO 4904 --- [http-nio-8080-exec-2] o.s.web.servlet.DispatcherServlet        : Initializing Servlet 'dispatcherServlet'
2022-07-30 20:47:02.633  INFO 4904 --- [http-nio-8080-exec-2] o.s.web.servlet.DispatcherServlet        : Completed initialization in 1 ms
2022-07-30 20:54:04.788  INFO 11904 --- [main] m.s.SpringSecurityDemoApplication        : Starting SpringSecurityDemoApplication using Java 16.0.2 on mao with PID 11904 (H:\程序\大三暑假\springSecurity_demo\target\classes started by mao in H:\程序\大三暑假\springSecurity_demo)
2022-07-30 20:54:04.789 DEBUG 11904 --- [main] m.s.SpringSecurityDemoApplication        : Running with Spring Boot v2.7.2, Spring v5.3.22
2022-07-30 20:54:04.790  INFO 11904 --- [main] m.s.SpringSecurityDemoApplication        : The following 1 profile is active: "dev"
2022-07-30 20:54:05.441  INFO 11904 --- [main] o.s.b.w.embedded.tomcat.TomcatWebServer  : Tomcat initialized with port(s): 8080 (http)
2022-07-30 20:54:05.447  INFO 11904 --- [main] o.apache.catalina.core.StandardService   : Starting service [Tomcat]
2022-07-30 20:54:05.448  INFO 11904 --- [main] org.apache.catalina.core.StandardEngine  : Starting Servlet engine: [Apache Tomcat/9.0.65]
2022-07-30 20:54:05.519  INFO 11904 --- [main] o.a.c.c.C.[Tomcat].[localhost].[/]       : Initializing Spring embedded WebApplicationContext
2022-07-30 20:54:05.520  INFO 11904 --- [main] w.s.c.ServletWebServerApplicationContext : Root WebApplicationContext: initialization completed in 692 ms
2022-07-30 20:54:05.762  WARN 11904 --- [main] .s.s.UserDetailsServiceAutoConfiguration : 

Using generated security password: e81cc647-05f7-4bab-b7f9-b26c3209bebb

This generated password is for development use only. Your security configuration must be updated before running your application in production.

2022-07-30 20:54:05.813  INFO 11904 --- [main] o.s.s.web.DefaultSecurityFilterChain     : Will secure any request with [org.springframework.security.web.session.DisableEncodeUrlFilter@4364863, org.springframework.security.web.context.request.async.WebAsyncManagerIntegrationFilter@3625a016, org.springframework.security.web.context.SecurityContextPersistenceFilter@5e9f73b, org.springframework.security.web.header.HeaderWriterFilter@3a1706e1, org.springframework.security.web.csrf.CsrfFilter@6bee793f, org.springframework.security.web.authentication.logout.LogoutFilter@19a20bb2, org.springframework.security.web.authentication.UsernamePasswordAuthenticationFilter@75babb67, org.springframework.security.web.authentication.ui.DefaultLoginPageGeneratingFilter@688a2c09, org.springframework.security.web.authentication.ui.DefaultLogoutPageGeneratingFilter@267cde2e, org.springframework.security.web.savedrequest.RequestCacheAwareFilter@2fd64b11, org.springframework.security.web.servletapi.SecurityContextHolderAwareRequestFilter@51dae791, org.springframework.security.web.authentication.AnonymousAuthenticationFilter@609e57da, org.springframework.security.web.session.SessionManagementFilter@63cf9de0, org.springframework.security.web.access.ExceptionTranslationFilter@3a4ab7f7, org.springframework.security.web.access.intercept.FilterSecurityInterceptor@7b477141]
2022-07-30 20:54:05.848  INFO 11904 --- [main] o.s.b.w.embedded.tomcat.TomcatWebServer  : Tomcat started on port(s): 8080 (http) with context path ''
2022-07-30 20:54:05.857  INFO 11904 --- [main] m.s.SpringSecurityDemoApplication        : Started SpringSecurityDemoApplication in 1.371 seconds (JVM running for 1.807)
2022-07-30 20:54:13.191  INFO 11904 --- [http-nio-8080-exec-2] o.a.c.c.C.[Tomcat].[localhost].[/]       : Initializing Spring DispatcherServlet 'dispatcherServlet'
2022-07-30 20:54:13.191  INFO 11904 --- [http-nio-8080-exec-2] o.s.web.servlet.DispatcherServlet        : Initializing Servlet 'dispatcherServlet'
2022-07-30 20:54:13.192  INFO 11904 --- [http-nio-8080-exec-2] o.s.web.servlet.DispatcherServlet        : Completed initialization in 0 ms
2022-07-30 20:54:53.337  INFO 2600 --- [main] m.s.SpringSecurityDemoApplication        : Starting SpringSecurityDemoApplication using Java 16.0.2 on mao with PID 2600 (H:\程序\大三暑假\springSecurity_demo\target\classes started by mao in H:\程序\大三暑假\springSecurity_demo)
2022-07-30 20:54:53.339 DEBUG 2600 --- [main] m.s.SpringSecurityDemoApplication        : Running with Spring Boot v2.7.2, Spring v5.3.22
2022-07-30 20:54:53.340  INFO 2600 --- [main] m.s.SpringSecurityDemoApplication        : The following 1 profile is active: "dev"
2022-07-30 20:54:53.979  INFO 2600 --- [main] o.s.b.w.embedded.tomcat.TomcatWebServer  : Tomcat initialized with port(s): 8080 (http)
2022-07-30 20:54:53.986  INFO 2600 --- [main] o.apache.catalina.core.StandardService   : Starting service [Tomcat]
2022-07-30 20:54:53.986  INFO 2600 --- [main] org.apache.catalina.core.StandardEngine  : Starting Servlet engine: [Apache Tomcat/9.0.65]
2022-07-30 20:54:54.053  INFO 2600 --- [main] o.a.c.c.C.[Tomcat].[localhost].[/]       : Initializing Spring embedded WebApplicationContext
2022-07-30 20:54:54.053  INFO 2600 --- [main] w.s.c.ServletWebServerApplicationContext : Root WebApplicationContext: initialization completed in 677 ms
2022-07-30 20:54:54.284  WARN 2600 --- [main] .s.s.UserDetailsServiceAutoConfiguration : 

Using generated security password: adda27e8-085a-4268-81cd-c18203f082a3

This generated password is for development use only. Your security configuration must be updated before running your application in production.

2022-07-30 20:54:54.336  INFO 2600 --- [main] o.s.s.web.DefaultSecurityFilterChain     : Will secure any request with [org.springframework.security.web.session.DisableEncodeUrlFilter@267cde2e, org.springframework.security.web.context.request.async.WebAsyncManagerIntegrationFilter@609e57da, org.springframework.security.web.context.SecurityContextPersistenceFilter@2fd64b11, org.springframework.security.web.header.HeaderWriterFilter@63cf9de0, org.springframework.security.web.csrf.CsrfFilter@43b5021c, org.springframework.security.web.authentication.logout.LogoutFilter@3eb3232b, org.springframework.security.web.authentication.UsernamePasswordAuthenticationFilter@69cd1085, org.springframework.security.web.authentication.ui.DefaultLoginPageGeneratingFilter@365cdacf, org.springframework.security.web.authentication.ui.DefaultLogoutPageGeneratingFilter@56dd6efa, org.springframework.security.web.savedrequest.RequestCacheAwareFilter@43d3aba5, org.springframework.security.web.servletapi.SecurityContextHolderAwareRequestFilter@5de5e95, org.springframework.security.web.authentication.AnonymousAuthenticationFilter@4d634127, org.springframework.security.web.session.SessionManagementFilter@5befbac1, org.springframework.security.web.access.ExceptionTranslationFilter@2b7e8044, org.springframework.security.web.access.intercept.FilterSecurityInterceptor@7316523a]
2022-07-30 20:54:54.371  INFO 2600 --- [main] o.s.b.w.embedded.tomcat.TomcatWebServer  : Tomcat started on port(s): 8080 (http) with context path ''
