2022-08-03 21:35:01.882  INFO 18772 --- [main] m.s.SpringSecurityDemoApplication        : Starting SpringSecurityDemoApplication v0.0.1-SNAPSHOT using Java 16.0.2 on mao with PID 18772 (H:\程序\大三暑假\springSecurity_demo\target\springSecurity_demo-0.0.1-SNAPSHOT.jar started by mao in H:\程序\大三暑假\springSecurity_demo\target)
2022-08-03 21:35:01.885 DEBUG 18772 --- [main] m.s.SpringSecurityDemoApplication        : Running with Spring Boot v2.7.2, Spring v5.3.22
2022-08-03 21:35:01.885  INFO 18772 --- [main] m.s.SpringSecurityDemoApplication        : The following 1 profile is active: "dev"
2022-08-03 21:35:03.661  INFO 18772 --- [main] o.s.b.w.embedded.tomcat.TomcatWebServer  : Tomcat initialized with port(s): 8080 (http)
2022-08-03 21:35:03.678  INFO 18772 --- [main] o.apache.catalina.core.StandardService   : Starting service [Tomcat]
2022-08-03 21:35:03.679  INFO 18772 --- [main] org.apache.catalina.core.StandardEngine  : Starting Servlet engine: [Apache Tomcat/9.0.65]
2022-08-03 21:35:03.780  INFO 18772 --- [main] o.a.c.c.C.[Tomcat].[localhost].[/]       : Initializing Spring embedded WebApplicationContext
2022-08-03 21:35:03.780  INFO 18772 --- [main] w.s.c.ServletWebServerApplicationContext : Root WebApplicationContext: initialization completed in 1823 ms
2022-08-03 21:35:03.911  INFO 18772 --- [main] c.a.d.s.b.a.DruidDataSourceAutoConfigure : Init DruidDataSource
2022-08-03 21:35:04.157  INFO 18772 --- [main] com.alibaba.druid.pool.DruidDataSource   : {dataSource-1} inited
2022-08-03 21:35:05.119  INFO 18772 --- [main] o.s.b.a.w.s.WelcomePageHandlerMapping    : Adding welcome page: class path resource [static/index.html]
2022-08-03 21:35:05.557  INFO 18772 --- [main] o.s.s.web.DefaultSecurityFilterChain     : Will secure any request with [org.springframework.security.web.session.DisableEncodeUrlFilter@1bc425e7, org.springframework.security.web.context.request.async.WebAsyncManagerIntegrationFilter@4b2a30d, org.springframework.security.web.context.SecurityContextPersistenceFilter@7068f7ca, org.springframework.security.web.header.HeaderWriterFilter@3af356f, org.springframework.security.web.csrf.CsrfFilter@11841b15, org.springframework.security.web.authentication.logout.LogoutFilter@79a1728c, org.springframework.security.web.authentication.UsernamePasswordAuthenticationFilter@a7f0ab6, org.springframework.security.web.savedrequest.RequestCacheAwareFilter@41aaedaa, org.springframework.security.web.servletapi.SecurityContextHolderAwareRequestFilter@1bcb79c2, org.springframework.security.web.authentication.rememberme.RememberMeAuthenticationFilter@3013909b, org.springframework.security.web.authentication.AnonymousAuthenticationFilter@322803db, org.springframework.security.web.session.SessionManagementFilter@7e46d648, org.springframework.security.web.access.ExceptionTranslationFilter@4e8e8621, org.springframework.security.web.access.intercept.FilterSecurityInterceptor@614aeccc]
2022-08-03 21:35:05.656  INFO 18772 --- [main] o.s.b.w.embedded.tomcat.TomcatWebServer  : Tomcat started on port(s): 8080 (http) with context path ''
2022-08-03 21:35:05.675  INFO 18772 --- [main] m.s.SpringSecurityDemoApplication        : Started SpringSecurityDemoApplication in 4.405 seconds (JVM running for 4.854)
2022-08-03 21:35:12.675  INFO 18772 --- [http-nio-8080-exec-1] o.a.c.c.C.[Tomcat].[localhost].[/]       : Initializing Spring DispatcherServlet 'dispatcherServlet'
2022-08-03 21:35:12.675  INFO 18772 --- [http-nio-8080-exec-1] o.s.web.servlet.DispatcherServlet        : Initializing Servlet 'dispatcherServlet'
2022-08-03 21:35:12.677  INFO 18772 --- [http-nio-8080-exec-1] o.s.web.servlet.DispatcherServlet        : Completed initialization in 1 ms
2022-08-03 21:35:13.136 DEBUG 18772 --- [http-nio-8080-exec-1] m.s.service.AdministratorsLoginService   : 进入AdministratorsLoginService
2022-08-03 21:35:13.250 DEBUG 18772 --- [http-nio-8080-exec-1] m.s.m.A.selectList                       : ==>  Preparing: SELECT administrator_no,administrator_password FROM administrators_password WHERE (administrator_no = ?)
2022-08-03 21:35:13.269 DEBUG 18772 --- [http-nio-8080-exec-1] m.s.m.A.selectList                       : ==> Parameters: 10001(Long)
2022-08-03 21:35:13.292 DEBUG 18772 --- [http-nio-8080-exec-1] m.s.m.A.selectList                       : <==      Total: 1
2022-08-03 21:35:49.758 DEBUG 18772 --- [http-nio-8080-exec-8] m.s.controller.PageController            : IP:0:0:0:0:0:0:0:1 get login page
2022-08-03 21:35:58.333 DEBUG 18772 --- [http-nio-8080-exec-1] m.s.service.AdministratorsLoginService   : 进入AdministratorsLoginService
2022-08-03 21:35:58.335 DEBUG 18772 --- [http-nio-8080-exec-1] m.s.m.A.selectList                       : ==>  Preparing: SELECT administrator_no,administrator_password FROM administrators_password WHERE (administrator_no = ?)
2022-08-03 21:35:58.335 DEBUG 18772 --- [http-nio-8080-exec-1] m.s.m.A.selectList                       : ==> Parameters: 10001(Long)
2022-08-03 21:35:58.337 DEBUG 18772 --- [http-nio-8080-exec-1] m.s.m.A.selectList                       : <==      Total: 1
