2022-08-02 12:50:51.605  INFO 12476 --- [main] m.s.SpringSecurityDemoApplication        : Starting SpringSecurityDemoApplication using Java 16.0.2 on mao with PID 12476 (H:\程序\大三暑假\springSecurity_demo\target\classes started by mao in H:\程序\大三暑假\springSecurity_demo)
2022-08-02 12:50:51.609 DEBUG 12476 --- [main] m.s.SpringSecurityDemoApplication        : Running with Spring Boot v2.7.2, Spring v5.3.22
2022-08-02 12:50:51.610  INFO 12476 --- [main] m.s.SpringSecurityDemoApplication        : The following 1 profile is active: "dev"
2022-08-02 12:50:52.492  INFO 12476 --- [main] o.s.b.w.embedded.tomcat.TomcatWebServer  : Tomcat initialized with port(s): 8080 (http)
2022-08-02 12:50:52.502  INFO 12476 --- [main] o.apache.catalina.core.StandardService   : Starting service [Tomcat]
2022-08-02 12:50:52.503  INFO 12476 --- [main] org.apache.catalina.core.StandardEngine  : Starting Servlet engine: [Apache Tomcat/9.0.65]
2022-08-02 12:50:52.599  INFO 12476 --- [main] o.a.c.c.C.[Tomcat].[localhost].[/]       : Initializing Spring embedded WebApplicationContext
2022-08-02 12:50:52.599  INFO 12476 --- [main] w.s.c.ServletWebServerApplicationContext : Root WebApplicationContext: initialization completed in 955 ms
2022-08-02 12:50:52.706  INFO 12476 --- [main] c.a.d.s.b.a.DruidDataSourceAutoConfigure : Init DruidDataSource
2022-08-02 12:50:52.808  INFO 12476 --- [main] com.alibaba.druid.pool.DruidDataSource   : {dataSource-1} inited
2022-08-02 12:50:53.227  INFO 12476 --- [main] o.s.b.a.w.s.WelcomePageHandlerMapping    : Adding welcome page: class path resource [static/index.html]
2022-08-02 12:50:53.452  INFO 12476 --- [main] o.s.s.web.DefaultSecurityFilterChain     : Will secure any request with [org.springframework.security.web.session.DisableEncodeUrlFilter@231df705, org.springframework.security.web.context.request.async.WebAsyncManagerIntegrationFilter@2d130ac4, org.springframework.security.web.context.SecurityContextPersistenceFilter@6889f56f, org.springframework.security.web.header.HeaderWriterFilter@5fb3111a, org.springframework.security.web.authentication.logout.LogoutFilter@530ee28b, org.springframework.security.web.authentication.UsernamePasswordAuthenticationFilter@3a3f96ab, org.springframework.security.web.savedrequest.RequestCacheAwareFilter@26da1ba2, org.springframework.security.web.servletapi.SecurityContextHolderAwareRequestFilter@33e4b9c4, org.springframework.security.web.authentication.AnonymousAuthenticationFilter@2f0ccb34, org.springframework.security.web.session.SessionManagementFilter@23bd0c81, org.springframework.security.web.access.ExceptionTranslationFilter@4584304, org.springframework.security.web.access.intercept.FilterSecurityInterceptor@175c5c3a]
2022-08-02 12:50:53.506  INFO 12476 --- [main] o.s.b.w.embedded.tomcat.TomcatWebServer  : Tomcat started on port(s): 8080 (http) with context path ''
2022-08-02 12:50:53.516  INFO 12476 --- [main] m.s.SpringSecurityDemoApplication        : Started SpringSecurityDemoApplication in 2.277 seconds (JVM running for 4.26)
2022-08-02 12:51:58.336  INFO 12476 --- [SpringApplicationShutdownHook] com.alibaba.druid.pool.DruidDataSource   : {dataSource-1} closing ...
2022-08-02 12:51:58.337  INFO 12476 --- [SpringApplicationShutdownHook] com.alibaba.druid.pool.DruidDataSource   : {dataSource-1} closed
2022-08-02 12:52:00.809  INFO 7344 --- [main] m.s.SpringSecurityDemoApplication        : Starting SpringSecurityDemoApplication using Java 16.0.2 on mao with PID 7344 (H:\程序\大三暑假\springSecurity_demo\target\classes started by mao in H:\程序\大三暑假\springSecurity_demo)
2022-08-02 12:52:00.812 DEBUG 7344 --- [main] m.s.SpringSecurityDemoApplication        : Running with Spring Boot v2.7.2, Spring v5.3.22
2022-08-02 12:52:00.813  INFO 7344 --- [main] m.s.SpringSecurityDemoApplication        : The following 1 profile is active: "dev"
2022-08-02 12:52:01.606  INFO 7344 --- [main] o.s.b.w.embedded.tomcat.TomcatWebServer  : Tomcat initialized with port(s): 8080 (http)
2022-08-02 12:52:01.613  INFO 7344 --- [main] o.apache.catalina.core.StandardService   : Starting service [Tomcat]
2022-08-02 12:52:01.613  INFO 7344 --- [main] org.apache.catalina.core.StandardEngine  : Starting Servlet engine: [Apache Tomcat/9.0.65]
2022-08-02 12:52:01.697  INFO 7344 --- [main] o.a.c.c.C.[Tomcat].[localhost].[/]       : Initializing Spring embedded WebApplicationContext
2022-08-02 12:52:01.697  INFO 7344 --- [main] w.s.c.ServletWebServerApplicationContext : Root WebApplicationContext: initialization completed in 852 ms
2022-08-02 12:52:01.794  INFO 7344 --- [main] c.a.d.s.b.a.DruidDataSourceAutoConfigure : Init DruidDataSource
2022-08-02 12:52:01.888  INFO 7344 --- [main] com.alibaba.druid.pool.DruidDataSource   : {dataSource-1} inited
2022-08-02 12:52:02.230  INFO 7344 --- [main] o.s.b.a.w.s.WelcomePageHandlerMapping    : Adding welcome page: class path resource [static/index.html]
2022-08-02 12:52:02.412  INFO 7344 --- [main] o.s.s.web.DefaultSecurityFilterChain     : Will secure any request with [org.springframework.security.web.session.DisableEncodeUrlFilter@175c5c3a, org.springframework.security.web.context.request.async.WebAsyncManagerIntegrationFilter@69a5c6be, org.springframework.security.web.context.SecurityContextPersistenceFilter@586cc15d, org.springframework.security.web.header.HeaderWriterFilter@1c5d3a37, org.springframework.security.web.authentication.logout.LogoutFilter@353c6da1, org.springframework.security.web.authentication.UsernamePasswordAuthenticationFilter@36c07c75, org.springframework.security.web.savedrequest.RequestCacheAwareFilter@4584304, org.springframework.security.web.servletapi.SecurityContextHolderAwareRequestFilter@1332dec4, org.springframework.security.web.authentication.AnonymousAuthenticationFilter@451e2fa9, org.springframework.security.web.session.SessionManagementFilter@2b43f314, org.springframework.security.web.access.ExceptionTranslationFilter@787988f4, org.springframework.security.web.access.intercept.FilterSecurityInterceptor@236c098]
2022-08-02 12:52:02.462  INFO 7344 --- [main] o.s.b.w.embedded.tomcat.TomcatWebServer  : Tomcat started on port(s): 8080 (http) with context path ''
2022-08-02 12:52:02.472  INFO 7344 --- [main] m.s.SpringSecurityDemoApplication        : Started SpringSecurityDemoApplication in 1.999 seconds (JVM running for 2.506)
2022-08-02 12:52:04.309  INFO 7344 --- [http-nio-8080-exec-2] o.a.c.c.C.[Tomcat].[localhost].[/]       : Initializing Spring DispatcherServlet 'dispatcherServlet'
2022-08-02 12:52:04.310  INFO 7344 --- [http-nio-8080-exec-2] o.s.web.servlet.DispatcherServlet        : Initializing Servlet 'dispatcherServlet'
2022-08-02 12:52:04.311  INFO 7344 --- [http-nio-8080-exec-2] o.s.web.servlet.DispatcherServlet        : Completed initialization in 1 ms
2022-08-02 12:52:09.937 DEBUG 7344 --- [http-nio-8080-exec-8] m.s.service.AdministratorsLoginService   : 进入AdministratorsLoginService
2022-08-02 12:52:10.255 DEBUG 7344 --- [http-nio-8080-exec-8] m.s.m.A.selectList                       : ==>  Preparing: SELECT administrator_no,administrator_password FROM administrators_password WHERE (administrator_no = ?)
2022-08-02 12:52:10.273 DEBUG 7344 --- [http-nio-8080-exec-8] m.s.m.A.selectList                       : ==> Parameters: 10001(Long)
2022-08-02 12:52:10.300 DEBUG 7344 --- [http-nio-8080-exec-8] m.s.m.A.selectList                       : <==      Total: 1
2022-08-02 12:55:27.043 DEBUG 7344 --- [http-nio-8080-exec-7] m.s.service.AdministratorsLoginService   : 进入AdministratorsLoginService
2022-08-02 12:55:27.054  WARN 7344 --- [http-nio-8080-exec-7] c.a.druid.pool.DruidAbstractDataSource   : discard long time none received connection. , jdbcUrl : jdbc:mysql://localhost:3306/student1, version : 1.2.8, lastPacketReceivedIdleMillis : 196755
2022-08-02 12:55:27.075 DEBUG 7344 --- [http-nio-8080-exec-7] m.s.m.A.selectList                       : ==>  Preparing: SELECT administrator_no,administrator_password FROM administrators_password WHERE (administrator_no = ?)
2022-08-02 12:55:27.076 DEBUG 7344 --- [http-nio-8080-exec-7] m.s.m.A.selectList                       : ==> Parameters: 10001(Long)
2022-08-02 12:55:27.077 DEBUG 7344 --- [http-nio-8080-exec-7] m.s.m.A.selectList                       : <==      Total: 1
2022-08-02 13:00:23.196 DEBUG 7344 --- [http-nio-8080-exec-1] m.s.service.AdministratorsLoginService   : 进入AdministratorsLoginService
2022-08-02 13:00:23.199  WARN 7344 --- [http-nio-8080-exec-1] c.a.druid.pool.DruidAbstractDataSource   : discard long time none received connection. , jdbcUrl : jdbc:mysql://localhost:3306/student1, version : 1.2.8, lastPacketReceivedIdleMillis : 296121
2022-08-02 13:00:23.219 DEBUG 7344 --- [http-nio-8080-exec-1] m.s.m.A.selectList                       : ==>  Preparing: SELECT administrator_no,administrator_password FROM administrators_password WHERE (administrator_no = ?)
2022-08-02 13:00:23.220 DEBUG 7344 --- [http-nio-8080-exec-1] m.s.m.A.selectList                       : ==> Parameters: 10001(Long)
2022-08-02 13:00:23.221 DEBUG 7344 --- [http-nio-8080-exec-1] m.s.m.A.selectList                       : <==      Total: 1
2022-08-02 13:03:45.224  INFO 7344 --- [SpringApplicationShutdownHook] com.alibaba.druid.pool.DruidDataSource   : {dataSource-1} closing ...
2022-08-02 13:03:45.227  INFO 7344 --- [SpringApplicationShutdownHook] com.alibaba.druid.pool.DruidDataSource   : {dataSource-1} closed
2022-08-02 13:03:47.815  INFO 4584 --- [main] m.s.SpringSecurityDemoApplication        : Starting SpringSecurityDemoApplication using Java 16.0.2 on mao with PID 4584 (H:\程序\大三暑假\springSecurity_demo\target\classes started by mao in H:\程序\大三暑假\springSecurity_demo)
2022-08-02 13:03:47.817 DEBUG 4584 --- [main] m.s.SpringSecurityDemoApplication        : Running with Spring Boot v2.7.2, Spring v5.3.22
2022-08-02 13:03:47.817  INFO 4584 --- [main] m.s.SpringSecurityDemoApplication        : The following 1 profile is active: "dev"
2022-08-02 13:03:48.614  INFO 4584 --- [main] o.s.b.w.embedded.tomcat.TomcatWebServer  : Tomcat initialized with port(s): 8080 (http)
2022-08-02 13:03:48.621  INFO 4584 --- [main] o.apache.catalina.core.StandardService   : Starting service [Tomcat]
2022-08-02 13:03:48.622  INFO 4584 --- [main] org.apache.catalina.core.StandardEngine  : Starting Servlet engine: [Apache Tomcat/9.0.65]
2022-08-02 13:03:48.708  INFO 4584 --- [main] o.a.c.c.C.[Tomcat].[localhost].[/]       : Initializing Spring embedded WebApplicationContext
2022-08-02 13:03:48.708  INFO 4584 --- [main] w.s.c.ServletWebServerApplicationContext : Root WebApplicationContext: initialization completed in 862 ms
2022-08-02 13:03:48.809  INFO 4584 --- [main] c.a.d.s.b.a.DruidDataSourceAutoConfigure : Init DruidDataSource
2022-08-02 13:03:48.903  INFO 4584 --- [main] com.alibaba.druid.pool.DruidDataSource   : {dataSource-1} inited
2022-08-02 13:03:49.251  INFO 4584 --- [main] o.s.b.a.w.s.WelcomePageHandlerMapping    : Adding welcome page: class path resource [static/index.html]
2022-08-02 13:03:49.428  INFO 4584 --- [main] o.s.s.web.DefaultSecurityFilterChain     : Will secure any request with [org.springframework.security.web.session.DisableEncodeUrlFilter@120aa40b, org.springframework.security.web.context.request.async.WebAsyncManagerIntegrationFilter@32ab408e, org.springframework.security.web.context.SecurityContextPersistenceFilter@787988f4, org.springframework.security.web.header.HeaderWriterFilter@55361f03, org.springframework.security.web.authentication.logout.LogoutFilter@22cb3d59, org.springframework.security.web.authentication.UsernamePasswordAuthenticationFilter@33e4b9c4, org.springframework.security.web.savedrequest.RequestCacheAwareFilter@4f235107, org.springframework.security.web.servletapi.SecurityContextHolderAwareRequestFilter@586cc15d, org.springframework.security.web.authentication.AnonymousAuthenticationFilter@6ad6443, org.springframework.security.web.session.SessionManagementFilter@138f0661, org.springframework.security.web.access.ExceptionTranslationFilter@2eb0cefe, org.springframework.security.web.access.intercept.FilterSecurityInterceptor@272778ae]
2022-08-02 13:03:49.477  INFO 4584 --- [main] o.s.b.w.embedded.tomcat.TomcatWebServer  : Tomcat started on port(s): 8080 (http) with context path ''
2022-08-02 13:03:49.487  INFO 4584 --- [main] m.s.SpringSecurityDemoApplication        : Started SpringSecurityDemoApplication in 2.001 seconds (JVM running for 2.518)
2022-08-02 13:03:53.482  INFO 4584 --- [http-nio-8080-exec-1] o.a.c.c.C.[Tomcat].[localhost].[/]       : Initializing Spring DispatcherServlet 'dispatcherServlet'
2022-08-02 13:03:53.483  INFO 4584 --- [http-nio-8080-exec-1] o.s.web.servlet.DispatcherServlet        : Initializing Servlet 'dispatcherServlet'
2022-08-02 13:03:53.483  INFO 4584 --- [http-nio-8080-exec-1] o.s.web.servlet.DispatcherServlet        : Completed initialization in 0 ms
2022-08-02 13:03:57.191 DEBUG 4584 --- [http-nio-8080-exec-5] m.s.service.AdministratorsLoginService   : 进入AdministratorsLoginService
2022-08-02 13:03:57.434 DEBUG 4584 --- [http-nio-8080-exec-5] m.s.m.A.selectList                       : ==>  Preparing: SELECT administrator_no,administrator_password FROM administrators_password WHERE (administrator_no = ?)
2022-08-02 13:03:57.451 DEBUG 4584 --- [http-nio-8080-exec-5] m.s.m.A.selectList                       : ==> Parameters: 10001(Long)
2022-08-02 13:03:57.466 DEBUG 4584 --- [http-nio-8080-exec-5] m.s.m.A.selectList                       : <==      Total: 1
2022-08-02 13:05:53.885  INFO 4584 --- [SpringApplicationShutdownHook] com.alibaba.druid.pool.DruidDataSource   : {dataSource-1} closing ...
2022-08-02 13:05:53.889  INFO 4584 --- [SpringApplicationShutdownHook] com.alibaba.druid.pool.DruidDataSource   : {dataSource-1} closed
2022-08-02 13:36:01.623  INFO 13340 --- [main] m.s.SpringSecurityDemoApplication        : Starting SpringSecurityDemoApplication using Java 16.0.2 on mao with PID 13340 (H:\程序\大三暑假\springSecurity_demo\target\classes started by mao in H:\程序\大三暑假\springSecurity_demo)
2022-08-02 13:36:01.624 DEBUG 13340 --- [main] m.s.SpringSecurityDemoApplication        : Running with Spring Boot v2.7.2, Spring v5.3.22
2022-08-02 13:36:01.625  INFO 13340 --- [main] m.s.SpringSecurityDemoApplication        : The following 1 profile is active: "dev"
2022-08-02 13:36:02.434  INFO 13340 --- [main] o.s.b.w.embedded.tomcat.TomcatWebServer  : Tomcat initialized with port(s): 8080 (http)
2022-08-02 13:36:02.441  INFO 13340 --- [main] o.apache.catalina.core.StandardService   : Starting service [Tomcat]
2022-08-02 13:36:02.442  INFO 13340 --- [main] org.apache.catalina.core.StandardEngine  : Starting Servlet engine: [Apache Tomcat/9.0.65]
2022-08-02 13:36:02.527  INFO 13340 --- [main] o.a.c.c.C.[Tomcat].[localhost].[/]       : Initializing Spring embedded WebApplicationContext
2022-08-02 13:36:02.527  INFO 13340 --- [main] w.s.c.ServletWebServerApplicationContext : Root WebApplicationContext: initialization completed in 868 ms
2022-08-02 13:36:02.632  INFO 13340 --- [main] c.a.d.s.b.a.DruidDataSourceAutoConfigure : Init DruidDataSource
2022-08-02 13:36:02.732  INFO 13340 --- [main] com.alibaba.druid.pool.DruidDataSource   : {dataSource-1} inited
2022-08-02 13:36:03.077  INFO 13340 --- [main] o.s.b.a.w.s.WelcomePageHandlerMapping    : Adding welcome page: class path resource [static/index.html]
2022-08-02 13:36:03.238  WARN 13340 --- [main] ConfigServletWebServerApplicationContext : Exception encountered during context initialization - cancelling refresh attempt: org.springframework.beans.factory.BeanCreationException: Error creating bean with name 'springSecurityFilterChain' defined in class path resource [org/springframework/security/config/annotation/web/configuration/WebSecurityConfiguration.class]: Bean instantiation via factory method failed; nested exception is org.springframework.beans.BeanInstantiationException: Failed to instantiate [javax.servlet.Filter]: Factory method 'springSecurityFilterChain' threw exception; nested exception is java.lang.IllegalArgumentException: defaultTarget must start with '/' or with 'http(s)'
2022-08-02 13:36:03.240  INFO 13340 --- [main] com.alibaba.druid.pool.DruidDataSource   : {dataSource-1} closing ...
2022-08-02 13:36:03.241  INFO 13340 --- [main] com.alibaba.druid.pool.DruidDataSource   : {dataSource-1} closed
2022-08-02 13:36:03.243  INFO 13340 --- [main] o.apache.catalina.core.StandardService   : Stopping service [Tomcat]
