2022-08-02 14:08:54.918 DEBUG 6376 --- [http-nio-8080-exec-5] m.s.m.A.selectList                       : ==> Parameters: 10001(Long)
2022-08-02 14:08:54.938 DEBUG 6376 --- [http-nio-8080-exec-5] m.s.m.A.selectList                       : <==      Total: 1
2022-08-02 14:14:00.300  INFO 6376 --- [SpringApplicationShutdownHook] com.alibaba.druid.pool.DruidDataSource   : {dataSource-1} closing ...
2022-08-02 14:14:00.304  INFO 6376 --- [SpringApplicationShutdownHook] com.alibaba.druid.pool.DruidDataSource   : {dataSource-1} closed
2022-08-02 21:40:10.487  INFO 19808 --- [main] m.s.SpringSecurityDemoApplication        : Starting SpringSecurityDemoApplication using Java 16.0.2 on mao with PID 19808 (H:\程序\大三暑假\springSecurity_demo\target\classes started by mao in H:\程序\大三暑假\springSecurity_demo)
2022-08-02 21:40:10.490 DEBUG 19808 --- [main] m.s.SpringSecurityDemoApplication        : Running with Spring Boot v2.7.2, Spring v5.3.22
2022-08-02 21:40:10.490  INFO 19808 --- [main] m.s.SpringSecurityDemoApplication        : The following 1 profile is active: "dev"
2022-08-02 21:40:11.345  INFO 19808 --- [main] o.s.b.w.embedded.tomcat.TomcatWebServer  : Tomcat initialized with port(s): 8080 (http)
2022-08-02 21:40:11.352  INFO 19808 --- [main] o.apache.catalina.core.StandardService   : Starting service [Tomcat]
2022-08-02 21:40:11.352  INFO 19808 --- [main] org.apache.catalina.core.StandardEngine  : Starting Servlet engine: [Apache Tomcat/9.0.65]
2022-08-02 21:40:11.444  INFO 19808 --- [main] o.a.c.c.C.[Tomcat].[localhost].[/]       : Initializing Spring embedded WebApplicationContext
2022-08-02 21:40:11.445  INFO 19808 --- [main] w.s.c.ServletWebServerApplicationContext : Root WebApplicationContext: initialization completed in 921 ms
2022-08-02 21:40:11.636  INFO 19808 --- [main] c.a.d.s.b.a.DruidDataSourceAutoConfigure : Init DruidDataSource
2022-08-02 21:40:11.737  INFO 19808 --- [main] com.alibaba.druid.pool.DruidDataSource   : {dataSource-1} inited
2022-08-02 21:40:12.182  INFO 19808 --- [main] o.s.b.a.w.s.WelcomePageHandlerMapping    : Adding welcome page: class path resource [static/index.html]
2022-08-02 21:40:12.218  WARN 19808 --- [main] ConfigServletWebServerApplicationContext : Exception encountered during context initialization - cancelling refresh attempt: org.springframework.beans.factory.BeanCreationException: Error creating bean with name 'requestMappingHandlerMapping' defined in class path resource [org/springframework/boot/autoconfigure/web/servlet/WebMvcAutoConfiguration$EnableWebMvcConfiguration.class]: Invocation of init method failed; nested exception is java.lang.IllegalStateException: Ambiguous mapping. Cannot map 'testAnnotationController' method 
mao.springsecurity_demo.controller.TestAnnotationController#authority_root1()
to {GET [/test/anno2/root]}: There is already 'testAnnotationController' bean method
mao.springsecurity_demo.controller.TestAnnotationController#authority_root() mapped.
2022-08-02 21:40:12.219  INFO 19808 --- [main] com.alibaba.druid.pool.DruidDataSource   : {dataSource-1} closing ...
2022-08-02 21:40:12.220  INFO 19808 --- [main] com.alibaba.druid.pool.DruidDataSource   : {dataSource-1} closed
2022-08-02 21:40:12.223  INFO 19808 --- [main] o.apache.catalina.core.StandardService   : Stopping service [Tomcat]
2022-08-02 21:40:12.235  INFO 19808 --- [main] ConditionEvaluationReportLoggingListener : 

Error starting ApplicationContext. To display the conditions report re-run your application with 'debug' enabled.
2022-08-02 21:40:12.252 ERROR 19808 --- [main] o.s.boot.SpringApplication               : Application run failed

org.springframework.beans.factory.BeanCreationException: Error creating bean with name 'requestMappingHandlerMapping' defined in class path resource [org/springframework/boot/autoconfigure/web/servlet/WebMvcAutoConfiguration$EnableWebMvcConfiguration.class]: Invocation of init method failed; nested exception is java.lang.IllegalStateException: Ambiguous mapping. Cannot map 'testAnnotationController' method 
mao.springsecurity_demo.controller.TestAnnotationController#authority_root1()
to {GET [/test/anno2/root]}: There is already 'testAnnotationController' bean method
mao.springsecurity_demo.controller.TestAnnotationController#authority_root() mapped.
	at org.springframework.beans.factory.support.AbstractAutowireCapableBeanFactory.initializeBean(AbstractAutowireCapableBeanFactory.java:1804) ~[spring-beans-5.3.22.jar:5.3.22]
	at org.springframework.beans.factory.support.AbstractAutowireCapableBeanFactory.doCreateBean(AbstractAutowireCapableBeanFactory.java:620) ~[spring-beans-5.3.22.jar:5.3.22]
	at org.springframework.beans.factory.support.AbstractAutowireCapableBeanFactory.createBean(AbstractAutowireCapableBeanFactory.java:542) ~[spring-beans-5.3.22.jar:5.3.22]
	at org.springframework.beans.factory.support.AbstractBeanFactory.lambda$doGetBean$0(AbstractBeanFactory.java:335) ~[spring-beans-5.3.22.jar:5.3.22]
	at org.springframework.beans.factory.support.DefaultSingletonBeanRegistry.getSingleton(DefaultSingletonBeanRegistry.java:234) ~[spring-beans-5.3.22.jar:5.3.22]
	at org.springframework.beans.factory.support.AbstractBeanFactory.doGetBean(AbstractBeanFactory.java:333) ~[spring-beans-5.3.22.jar:5.3.22]
	at org.springframework.beans.factory.support.AbstractBeanFactory.getBean(AbstractBeanFactory.java:208) ~[spring-beans-5.3.22.jar:5.3.22]
	at org.springframework.beans.factory.support.DefaultListableBeanFactory.preInstantiateSingletons(DefaultListableBeanFactory.java:955) ~[spring-beans-5.3.22.jar:5.3.22]
	at org.springframework.context.support.AbstractApplicationContext.finishBeanFactoryInitialization(AbstractApplicationContext.java:918) ~[spring-context-5.3.22.jar:5.3.22]
	at org.springframework.context.support.AbstractApplicationContext.refresh(AbstractApplicationContext.java:583) ~[spring-context-5.3.22.jar:5.3.22]
	at org.springframework.boot.web.servlet.context.ServletWebServerApplicationContext.refresh(ServletWebServerApplicationContext.java:147) ~[spring-boot-2.7.2.jar:2.7.2]
	at org.springframework.boot.SpringApplication.refresh(SpringApplication.java:734) ~[spring-boot-2.7.2.jar:2.7.2]
	at org.springframework.boot.SpringApplication.refreshContext(SpringApplication.java:408) ~[spring-boot-2.7.2.jar:2.7.2]
	at org.springframework.boot.SpringApplication.run(SpringApplication.java:308) ~[spring-boot-2.7.2.jar:2.7.2]
	at org.springframework.boot.SpringApplication.run(SpringApplication.java:1306) ~[spring-boot-2.7.2.jar:2.7.2]
	at org.springframework.boot.SpringApplication.run(SpringApplication.java:1295) ~[spring-boot-2.7.2.jar:2.7.2]
	at mao.springsecurity_demo.SpringSecurityDemoApplication.main(SpringSecurityDemoApplication.java:14) ~[classes/:na]
Caused by: java.lang.IllegalStateException: Ambiguous mapping. Cannot map 'testAnnotationController' method 
mao.springsecurity_demo.controller.TestAnnotationController#authority_root1()
to {GET [/test/anno2/root]}: There is already 'testAnnotationController' bean method
mao.springsecurity_demo.controller.TestAnnotationController#authority_root() mapped.
	at org.springframework.web.servlet.handler.AbstractHandlerMethodMapping$MappingRegistry.validateMethodMapping(AbstractHandlerMethodMapping.java:669) ~[spring-webmvc-5.3.22.jar:5.3.22]
	at org.springframework.web.servlet.handler.AbstractHandlerMethodMapping$MappingRegistry.register(AbstractHandlerMethodMapping.java:635) ~[spring-webmvc-5.3.22.jar:5.3.22]
	at org.springframework.web.servlet.handler.AbstractHandlerMethodMapping.registerHandlerMethod(AbstractHandlerMethodMapping.java:332) ~[spring-webmvc-5.3.22.jar:5.3.22]
	at org.springframework.web.servlet.mvc.method.annotation.RequestMappingHandlerMapping.registerHandlerMethod(RequestMappingHandlerMapping.java:420) ~[spring-webmvc-5.3.22.jar:5.3.22]
	at org.springframework.web.servlet.mvc.method.annotation.RequestMappingHandlerMapping.registerHandlerMethod(RequestMappingHandlerMapping.java:76) ~[spring-webmvc-5.3.22.jar:5.3.22]
	at org.springframework.web.servlet.handler.AbstractHandlerMethodMapping.lambda$detectHandlerMethods$2(AbstractHandlerMethodMapping.java:299) ~[spring-webmvc-5.3.22.jar:5.3.22]
	at java.base/java.util.LinkedHashMap.forEach(LinkedHashMap.java:723) ~[na:na]
	at org.springframework.web.servlet.handler.AbstractHandlerMethodMapping.detectHandlerMethods(AbstractHandlerMethodMapping.java:297) ~[spring-webmvc-5.3.22.jar:5.3.22]
	at org.springframework.web.servlet.handler.AbstractHandlerMethodMapping.processCandidateBean(AbstractHandlerMethodMapping.java:266) ~[spring-webmvc-5.3.22.jar:5.3.22]
	at org.springframework.web.servlet.handler.AbstractHandlerMethodMapping.initHandlerMethods(AbstractHandlerMethodMapping.java:225) ~[spring-webmvc-5.3.22.jar:5.3.22]
	at org.springframework.web.servlet.handler.AbstractHandlerMethodMapping.afterPropertiesSet(AbstractHandlerMethodMapping.java:213) ~[spring-webmvc-5.3.22.jar:5.3.22]
	at org.springframework.web.servlet.mvc.method.annotation.RequestMappingHandlerMapping.afterPropertiesSet(RequestMappingHandlerMapping.java:205) ~[spring-webmvc-5.3.22.jar:5.3.22]
	at org.springframework.beans.factory.support.AbstractAutowireCapableBeanFactory.invokeInitMethods(AbstractAutowireCapableBeanFactory.java:1863) ~[spring-beans-5.3.22.jar:5.3.22]
	at org.springframework.beans.factory.support.AbstractAutowireCapableBeanFactory.initializeBean(AbstractAutowireCapableBeanFactory.java:1800) ~[spring-beans-5.3.22.jar:5.3.22]
	... 16 common frames omitted

2022-08-02 21:41:44.390  INFO 15008 --- [main] m.s.SpringSecurityDemoApplication        : Starting SpringSecurityDemoApplication using Java 16.0.2 on mao with PID 15008 (H:\程序\大三暑假\springSecurity_demo\target\classes started by mao in H:\程序\大三暑假\springSecurity_demo)
2022-08-02 21:41:44.392 DEBUG 15008 --- [main] m.s.SpringSecurityDemoApplication        : Running with Spring Boot v2.7.2, Spring v5.3.22
2022-08-02 21:41:44.392  INFO 15008 --- [main] m.s.SpringSecurityDemoApplication        : The following 1 profile is active: "dev"
2022-08-02 21:41:45.215  INFO 15008 --- [main] o.s.b.w.embedded.tomcat.TomcatWebServer  : Tomcat initialized with port(s): 8080 (http)
2022-08-02 21:41:45.223  INFO 15008 --- [main] o.apache.catalina.core.StandardService   : Starting service [Tomcat]
2022-08-02 21:41:45.223  INFO 15008 --- [main] org.apache.catalina.core.StandardEngine  : Starting Servlet engine: [Apache Tomcat/9.0.65]
2022-08-02 21:41:45.307  INFO 15008 --- [main] o.a.c.c.C.[Tomcat].[localhost].[/]       : Initializing Spring embedded WebApplicationContext
2022-08-02 21:41:45.307  INFO 15008 --- [main] w.s.c.ServletWebServerApplicationContext : Root WebApplicationContext: initialization completed in 881 ms
2022-08-02 21:41:45.459  INFO 15008 --- [main] c.a.d.s.b.a.DruidDataSourceAutoConfigure : Init DruidDataSource
2022-08-02 21:41:45.548  INFO 15008 --- [main] com.alibaba.druid.pool.DruidDataSource   : {dataSource-1} inited
2022-08-02 21:41:45.960  INFO 15008 --- [main] o.s.b.a.w.s.WelcomePageHandlerMapping    : Adding welcome page: class path resource [static/index.html]
2022-08-02 21:41:46.187  INFO 15008 --- [main] o.s.s.web.DefaultSecurityFilterChain     : Will secure any request with [org.springframework.security.web.session.DisableEncodeUrlFilter@62ea8931, org.springframework.security.web.context.request.async.WebAsyncManagerIntegrationFilter@47fb7ec9, org.springframework.security.web.context.SecurityContextPersistenceFilter@242ff747, org.springframework.security.web.header.HeaderWriterFilter@25a5c8e, org.springframework.security.web.authentication.logout.LogoutFilter@16f7f59f, org.springframework.security.web.authentication.UsernamePasswordAuthenticationFilter@4ee8051c, org.springframework.security.web.savedrequest.RequestCacheAwareFilter@597d48ca, org.springframework.security.web.servletapi.SecurityContextHolderAwareRequestFilter@7d50f2a8, org.springframework.security.web.authentication.AnonymousAuthenticationFilter@2f8c4fae, org.springframework.security.web.session.SessionManagementFilter@7911cc15, org.springframework.security.web.access.ExceptionTranslationFilter@34f7b44f, org.springframework.security.web.access.intercept.FilterSecurityInterceptor@42cf6349]
2022-08-02 21:41:46.247  INFO 15008 --- [main] o.s.b.w.embedded.tomcat.TomcatWebServer  : Tomcat started on port(s): 8080 (http) with context path ''
2022-08-02 21:41:46.261  INFO 15008 --- [main] m.s.SpringSecurityDemoApplication        : Started SpringSecurityDemoApplication in 2.201 seconds (JVM running for 2.682)
2022-08-02 21:41:48.092  INFO 15008 --- [http-nio-8080-exec-1] o.a.c.c.C.[Tomcat].[localhost].[/]       : Initializing Spring DispatcherServlet 'dispatcherServlet'
2022-08-02 21:41:48.092  INFO 15008 --- [http-nio-8080-exec-1] o.s.web.servlet.DispatcherServlet        : Initializing Servlet 'dispatcherServlet'
2022-08-02 21:41:48.093  INFO 15008 --- [http-nio-8080-exec-1] o.s.web.servlet.DispatcherServlet        : Completed initialization in 1 ms
2022-08-02 21:41:52.172 DEBUG 15008 --- [http-nio-8080-exec-7] m.s.service.AdministratorsLoginService   : 进入AdministratorsLoginService
2022-08-02 21:41:52.414 DEBUG 15008 --- [http-nio-8080-exec-7] m.s.m.A.selectList                       : ==>  Preparing: SELECT administrator_no,administrator_password FROM administrators_password WHERE (administrator_no = ?)
2022-08-02 21:41:52.430 DEBUG 15008 --- [http-nio-8080-exec-7] m.s.m.A.selectList                       : ==> Parameters: 10001(Long)
2022-08-02 21:41:52.444 DEBUG 15008 --- [http-nio-8080-exec-7] m.s.m.A.selectList                       : <==      Total: 1
2022-08-02 21:44:16.819  INFO 15008 --- [SpringApplicationShutdownHook] com.alibaba.druid.pool.DruidDataSource   : {dataSource-1} closing ...
2022-08-02 21:44:16.824  INFO 15008 --- [SpringApplicationShutdownHook] com.alibaba.druid.pool.DruidDataSource   : {dataSource-1} closed
2022-08-02 21:44:20.157  INFO 18500 --- [main] m.s.SpringSecurityDemoApplication        : Starting SpringSecurityDemoApplication using Java 16.0.2 on mao with PID 18500 (H:\程序\大三暑假\springSecurity_demo\target\classes started by mao in H:\程序\大三暑假\springSecurity_demo)
2022-08-02 21:44:20.159 DEBUG 18500 --- [main] m.s.SpringSecurityDemoApplication        : Running with Spring Boot v2.7.2, Spring v5.3.22
2022-08-02 21:44:20.160  INFO 18500 --- [main] m.s.SpringSecurityDemoApplication        : The following 1 profile is active: "dev"
2022-08-02 21:44:20.981  INFO 18500 --- [main] o.s.b.w.embedded.tomcat.TomcatWebServer  : Tomcat initialized with port(s): 8080 (http)
2022-08-02 21:44:20.988  INFO 18500 --- [main] o.apache.catalina.core.StandardService   : Starting service [Tomcat]
2022-08-02 21:44:20.988  INFO 18500 --- [main] org.apache.catalina.core.StandardEngine  : Starting Servlet engine: [Apache Tomcat/9.0.65]
2022-08-02 21:44:21.075  INFO 18500 --- [main] o.a.c.c.C.[Tomcat].[localhost].[/]       : Initializing Spring embedded WebApplicationContext
2022-08-02 21:44:21.076  INFO 18500 --- [main] w.s.c.ServletWebServerApplicationContext : Root WebApplicationContext: initialization completed in 883 ms
2022-08-02 21:44:21.214  INFO 18500 --- [main] c.a.d.s.b.a.DruidDataSourceAutoConfigure : Init DruidDataSource
2022-08-02 21:44:21.303  INFO 18500 --- [main] com.alibaba.druid.pool.DruidDataSource   : {dataSource-1} inited
2022-08-02 21:44:21.730  INFO 18500 --- [main] o.s.b.a.w.s.WelcomePageHandlerMapping    : Adding welcome page: class path resource [static/index.html]
2022-08-02 21:44:21.962  INFO 18500 --- [main] o.s.s.web.DefaultSecurityFilterChain     : Will secure any request with [org.springframework.security.web.session.DisableEncodeUrlFilter@7cd5fcf4, org.springframework.security.web.context.request.async.WebAsyncManagerIntegrationFilter@19cdc217, org.springframework.security.web.context.SecurityContextPersistenceFilter@7dbae40, org.springframework.security.web.header.HeaderWriterFilter@1bee0085, org.springframework.security.web.authentication.logout.LogoutFilter@7a36c83a, org.springframework.security.web.authentication.UsernamePasswordAuthenticationFilter@154b8cb6, org.springframework.security.web.savedrequest.RequestCacheAwareFilter@5403907, org.springframework.security.web.servletapi.SecurityContextHolderAwareRequestFilter@14e750c5, org.springframework.security.web.authentication.AnonymousAuthenticationFilter@5f5297e3, org.springframework.security.web.session.SessionManagementFilter@13f40d71, org.springframework.security.web.access.ExceptionTranslationFilter@30508066, org.springframework.security.web.access.intercept.FilterSecurityInterceptor@65600fb3]
2022-08-02 21:44:22.022  INFO 18500 --- [main] o.s.b.w.embedded.tomcat.TomcatWebServer  : Tomcat started on port(s): 8080 (http) with context path ''
