2022-08-02 21:44:22.037  INFO 18500 --- [main] m.s.SpringSecurityDemoApplication        : Started SpringSecurityDemoApplication in 2.205 seconds (JVM running for 2.711)
2022-08-02 21:44:55.212  INFO 18500 --- [http-nio-8080-exec-1] o.a.c.c.C.[Tomcat].[localhost].[/]       : Initializing Spring DispatcherServlet 'dispatcherServlet'
2022-08-02 21:44:55.213  INFO 18500 --- [http-nio-8080-exec-1] o.s.web.servlet.DispatcherServlet        : Initializing Servlet 'dispatcherServlet'
2022-08-02 21:44:55.214  INFO 18500 --- [http-nio-8080-exec-1] o.s.web.servlet.DispatcherServlet        : Completed initialization in 1 ms
2022-08-02 21:45:00.110 DEBUG 18500 --- [http-nio-8080-exec-5] m.s.service.AdministratorsLoginService   : 进入AdministratorsLoginService
2022-08-02 21:45:00.367 DEBUG 18500 --- [http-nio-8080-exec-5] m.s.m.A.selectList                       : ==>  Preparing: SELECT administrator_no,administrator_password FROM administrators_password WHERE (administrator_no = ?)
2022-08-02 21:45:00.386 DEBUG 18500 --- [http-nio-8080-exec-5] m.s.m.A.selectList                       : ==> Parameters: 10001(Long)
2022-08-02 21:45:00.402 DEBUG 18500 --- [http-nio-8080-exec-5] m.s.m.A.selectList                       : <==      Total: 1
2022-08-02 21:57:01.818  INFO 18500 --- [SpringApplicationShutdownHook] com.alibaba.druid.pool.DruidDataSource   : {dataSource-1} closing ...
2022-08-02 21:57:01.822  INFO 18500 --- [SpringApplicationShutdownHook] com.alibaba.druid.pool.DruidDataSource   : {dataSource-1} closed
2022-08-02 21:57:06.796  INFO 14508 --- [main] m.s.SpringSecurityDemoApplication        : Starting SpringSecurityDemoApplication using Java 16.0.2 on mao with PID 14508 (H:\程序\大三暑假\springSecurity_demo\target\classes started by mao in H:\程序\大三暑假\springSecurity_demo)
2022-08-02 21:57:06.799 DEBUG 14508 --- [main] m.s.SpringSecurityDemoApplication        : Running with Spring Boot v2.7.2, Spring v5.3.22
2022-08-02 21:57:06.799  INFO 14508 --- [main] m.s.SpringSecurityDemoApplication        : The following 1 profile is active: "dev"
2022-08-02 21:57:07.657  INFO 14508 --- [main] o.s.b.w.embedded.tomcat.TomcatWebServer  : Tomcat initialized with port(s): 8080 (http)
2022-08-02 21:57:07.664  INFO 14508 --- [main] o.apache.catalina.core.StandardService   : Starting service [Tomcat]
2022-08-02 21:57:07.664  INFO 14508 --- [main] org.apache.catalina.core.StandardEngine  : Starting Servlet engine: [Apache Tomcat/9.0.65]
2022-08-02 21:57:07.759  INFO 14508 --- [main] o.a.c.c.C.[Tomcat].[localhost].[/]       : Initializing Spring embedded WebApplicationContext
2022-08-02 21:57:07.759  INFO 14508 --- [main] w.s.c.ServletWebServerApplicationContext : Root WebApplicationContext: initialization completed in 925 ms
2022-08-02 21:57:07.906  INFO 14508 --- [main] c.a.d.s.b.a.DruidDataSourceAutoConfigure : Init DruidDataSource
2022-08-02 21:57:07.994  INFO 14508 --- [main] com.alibaba.druid.pool.DruidDataSource   : {dataSource-1} inited
2022-08-02 21:57:08.398  INFO 14508 --- [main] o.s.b.a.w.s.WelcomePageHandlerMapping    : Adding welcome page: class path resource [static/index.html]
2022-08-02 21:57:08.640  INFO 14508 --- [main] o.s.s.web.DefaultSecurityFilterChain     : Will secure any request with [org.springframework.security.web.session.DisableEncodeUrlFilter@76e4212, org.springframework.security.web.context.request.async.WebAsyncManagerIntegrationFilter@23121d14, org.springframework.security.web.context.SecurityContextPersistenceFilter@1c7f9861, org.springframework.security.web.header.HeaderWriterFilter@7d50f2a8, org.springframework.security.web.authentication.logout.LogoutFilter@9b2dc56, org.springframework.security.web.authentication.UsernamePasswordAuthenticationFilter@621f23ac, org.springframework.security.web.savedrequest.RequestCacheAwareFilter@154b8cb6, org.springframework.security.web.servletapi.SecurityContextHolderAwareRequestFilter@39449465, org.springframework.security.web.authentication.AnonymousAuthenticationFilter@72af90e8, org.springframework.security.web.session.SessionManagementFilter@37ca3ca8, org.springframework.security.web.access.ExceptionTranslationFilter@307cf964, org.springframework.security.web.access.intercept.FilterSecurityInterceptor@79add732]
2022-08-02 21:57:08.698  INFO 14508 --- [main] o.s.b.w.embedded.tomcat.TomcatWebServer  : Tomcat started on port(s): 8080 (http) with context path ''
2022-08-02 21:57:08.712  INFO 14508 --- [main] m.s.SpringSecurityDemoApplication        : Started SpringSecurityDemoApplication in 2.248 seconds (JVM running for 2.73)
2022-08-02 21:57:16.735  INFO 14508 --- [http-nio-8080-exec-1] o.a.c.c.C.[Tomcat].[localhost].[/]       : Initializing Spring DispatcherServlet 'dispatcherServlet'
2022-08-02 21:57:16.735  INFO 14508 --- [http-nio-8080-exec-1] o.s.web.servlet.DispatcherServlet        : Initializing Servlet 'dispatcherServlet'
2022-08-02 21:57:16.736  INFO 14508 --- [http-nio-8080-exec-1] o.s.web.servlet.DispatcherServlet        : Completed initialization in 1 ms
2022-08-02 21:57:20.705 DEBUG 14508 --- [http-nio-8080-exec-4] m.s.service.AdministratorsLoginService   : 进入AdministratorsLoginService
2022-08-02 21:57:20.952 DEBUG 14508 --- [http-nio-8080-exec-4] m.s.m.A.selectList                       : ==>  Preparing: SELECT administrator_no,administrator_password FROM administrators_password WHERE (administrator_no = ?)
2022-08-02 21:57:20.969 DEBUG 14508 --- [http-nio-8080-exec-4] m.s.m.A.selectList                       : ==> Parameters: 10001(Long)
2022-08-02 21:57:20.984 DEBUG 14508 --- [http-nio-8080-exec-4] m.s.m.A.selectList                       : <==      Total: 1
2022-08-02 21:57:35.557  INFO 14508 --- [http-nio-8080-exec-8] m.s.controller.TestAnnotationController  : PostAuthorize注解测试，当前需要root权限
2022-08-02 21:58:30.529  INFO 14508 --- [http-nio-8080-exec-2] m.s.controller.TestAnnotationController  : PostAuthorize注解测试，当前需要root1权限
2022-08-02 21:58:48.710  INFO 14508 --- [http-nio-8080-exec-6] m.s.controller.TestAnnotationController  : PostAuthorize注解测试，当前需要admin权限
2022-08-02 21:59:02.441  INFO 14508 --- [http-nio-8080-exec-7] m.s.controller.TestAnnotationController  : PostAuthorize注解测试，当前需要admin1权限
2022-08-02 22:02:01.423  INFO 14508 --- [http-nio-8080-exec-2] m.s.controller.TestAnnotationController  : PostAuthorize注解测试，当前需要admin1权限
2022-08-02 22:15:55.356  INFO 14508 --- [SpringApplicationShutdownHook] com.alibaba.druid.pool.DruidDataSource   : {dataSource-1} closing ...
2022-08-02 22:15:55.361  INFO 14508 --- [SpringApplicationShutdownHook] com.alibaba.druid.pool.DruidDataSource   : {dataSource-1} closed
2022-08-02 22:15:58.738  INFO 20420 --- [main] m.s.SpringSecurityDemoApplication        : Starting SpringSecurityDemoApplication using Java 16.0.2 on mao with PID 20420 (H:\程序\大三暑假\springSecurity_demo\target\classes started by mao in H:\程序\大三暑假\springSecurity_demo)
2022-08-02 22:15:58.740 DEBUG 20420 --- [main] m.s.SpringSecurityDemoApplication        : Running with Spring Boot v2.7.2, Spring v5.3.22
2022-08-02 22:15:58.741  INFO 20420 --- [main] m.s.SpringSecurityDemoApplication        : The following 1 profile is active: "dev"
2022-08-02 22:15:59.563  INFO 20420 --- [main] o.s.b.w.embedded.tomcat.TomcatWebServer  : Tomcat initialized with port(s): 8080 (http)
2022-08-02 22:15:59.572  INFO 20420 --- [main] o.apache.catalina.core.StandardService   : Starting service [Tomcat]
2022-08-02 22:15:59.572  INFO 20420 --- [main] org.apache.catalina.core.StandardEngine  : Starting Servlet engine: [Apache Tomcat/9.0.65]
2022-08-02 22:15:59.658  INFO 20420 --- [main] o.a.c.c.C.[Tomcat].[localhost].[/]       : Initializing Spring embedded WebApplicationContext
2022-08-02 22:15:59.658  INFO 20420 --- [main] w.s.c.ServletWebServerApplicationContext : Root WebApplicationContext: initialization completed in 882 ms
2022-08-02 22:15:59.805  INFO 20420 --- [main] c.a.d.s.b.a.DruidDataSourceAutoConfigure : Init DruidDataSource
2022-08-02 22:15:59.891  INFO 20420 --- [main] com.alibaba.druid.pool.DruidDataSource   : {dataSource-1} inited
2022-08-02 22:16:00.292  INFO 20420 --- [main] o.s.b.a.w.s.WelcomePageHandlerMapping    : Adding welcome page: class path resource [static/index.html]
2022-08-02 22:16:00.525  INFO 20420 --- [main] o.s.s.web.DefaultSecurityFilterChain     : Will secure any request with [org.springframework.security.web.session.DisableEncodeUrlFilter@700b9e6b, org.springframework.security.web.context.request.async.WebAsyncManagerIntegrationFilter@7ac5b4c, org.springframework.security.web.context.SecurityContextPersistenceFilter@4ee8051c, org.springframework.security.web.header.HeaderWriterFilter@2e0ad709, org.springframework.security.web.authentication.logout.LogoutFilter@6ce26986, org.springframework.security.web.authentication.UsernamePasswordAuthenticationFilter@2bf2d6eb, org.springframework.security.web.savedrequest.RequestCacheAwareFilter@53016b11, org.springframework.security.web.servletapi.SecurityContextHolderAwareRequestFilter@1693ff90, org.springframework.security.web.authentication.AnonymousAuthenticationFilter@150fc7a7, org.springframework.security.web.session.SessionManagementFilter@39449465, org.springframework.security.web.access.ExceptionTranslationFilter@7b297740, org.springframework.security.web.access.intercept.FilterSecurityInterceptor@6a8a551e]
2022-08-02 22:16:00.587  INFO 20420 --- [main] o.s.b.w.embedded.tomcat.TomcatWebServer  : Tomcat started on port(s): 8080 (http) with context path ''
2022-08-02 22:16:00.600  INFO 20420 --- [main] m.s.SpringSecurityDemoApplication        : Started SpringSecurityDemoApplication in 2.196 seconds (JVM running for 2.663)
2022-08-02 22:16:09.300  INFO 20420 --- [http-nio-8080-exec-1] o.a.c.c.C.[Tomcat].[localhost].[/]       : Initializing Spring DispatcherServlet 'dispatcherServlet'
2022-08-02 22:16:09.301  INFO 20420 --- [http-nio-8080-exec-1] o.s.web.servlet.DispatcherServlet        : Initializing Servlet 'dispatcherServlet'
2022-08-02 22:16:09.301  INFO 20420 --- [http-nio-8080-exec-1] o.s.web.servlet.DispatcherServlet        : Completed initialization in 0 ms
2022-08-02 22:16:13.831 DEBUG 20420 --- [http-nio-8080-exec-5] m.s.service.AdministratorsLoginService   : 进入AdministratorsLoginService
2022-08-02 22:16:14.073 DEBUG 20420 --- [http-nio-8080-exec-5] m.s.m.A.selectList                       : ==>  Preparing: SELECT administrator_no,administrator_password FROM administrators_password WHERE (administrator_no = ?)
2022-08-02 22:16:14.089 DEBUG 20420 --- [http-nio-8080-exec-5] m.s.m.A.selectList                       : ==> Parameters: 10001(Long)
2022-08-02 22:16:14.103 DEBUG 20420 --- [http-nio-8080-exec-5] m.s.m.A.selectList                       : <==      Total: 1
2022-08-02 22:16:14.125  INFO 20420 --- [http-nio-8080-exec-6] m.s.controller.TestAnnotationController  : PostAuthorize注解测试，当前需要admin1权限
2022-08-02 22:16:17.338 ERROR 20420 --- [http-nio-8080-exec-9] o.a.c.c.C.[.[.[/].[dispatcherServlet]    : Servlet.service() for servlet [dispatcherServlet] in context with path [] threw exception

org.springframework.security.web.firewall.RequestRejectedException: The request was rejected because the URL contained a potentially malicious String "//"
	at org.springframework.security.web.firewall.StrictHttpFirewall.rejectedBlocklistedUrls(StrictHttpFirewall.java:535) ~[spring-security-web-5.7.2.jar:5.7.2]
	at org.springframework.security.web.firewall.StrictHttpFirewall.getFirewalledRequest(StrictHttpFirewall.java:505) ~[spring-security-web-5.7.2.jar:5.7.2]
	at org.springframework.security.web.FilterChainProxy.doFilterInternal(FilterChainProxy.java:196) ~[spring-security-web-5.7.2.jar:5.7.2]
	at org.springframework.security.web.FilterChainProxy.doFilter(FilterChainProxy.java:183) ~[spring-security-web-5.7.2.jar:5.7.2]
	at org.springframework.web.filter.DelegatingFilterProxy.invokeDelegate(DelegatingFilterProxy.java:354) ~[spring-web-5.3.22.jar:5.3.22]
	at org.springframework.web.filter.DelegatingFilterProxy.doFilter(DelegatingFilterProxy.java:267) ~[spring-web-5.3.22.jar:5.3.22]
	at org.apache.catalina.core.ApplicationFilterChain.internalDoFilter(ApplicationFilterChain.java:189) ~[tomcat-embed-core-9.0.65.jar:9.0.65]
	at org.apache.catalina.core.ApplicationFilterChain.doFilter(ApplicationFilterChain.java:162) ~[tomcat-embed-core-9.0.65.jar:9.0.65]
	at org.springframework.web.filter.RequestContextFilter.doFilterInternal(RequestContextFilter.java:100) ~[spring-web-5.3.22.jar:5.3.22]
	at org.springframework.web.filter.OncePerRequestFilter.doFilter(OncePerRequestFilter.java:117) ~[spring-web-5.3.22.jar:5.3.22]
	at org.apache.catalina.core.ApplicationFilterChain.internalDoFilter(ApplicationFilterChain.java:189) ~[tomcat-embed-core-9.0.65.jar:9.0.65]
	at org.apache.catalina.core.ApplicationFilterChain.doFilter(ApplicationFilterChain.java:162) ~[tomcat-embed-core-9.0.65.jar:9.0.65]
	at org.springframework.web.filter.FormContentFilter.doFilterInternal(FormContentFilter.java:93) ~[spring-web-5.3.22.jar:5.3.22]
	at org.springframework.web.filter.OncePerRequestFilter.doFilter(OncePerRequestFilter.java:117) ~[spring-web-5.3.22.jar:5.3.22]
	at org.apache.catalina.core.ApplicationFilterChain.internalDoFilter(ApplicationFilterChain.java:189) ~[tomcat-embed-core-9.0.65.jar:9.0.65]
	at org.apache.catalina.core.ApplicationFilterChain.doFilter(ApplicationFilterChain.java:162) ~[tomcat-embed-core-9.0.65.jar:9.0.65]
	at org.springframework.web.filter.CharacterEncodingFilter.doFilterInternal(CharacterEncodingFilter.java:201) ~[spring-web-5.3.22.jar:5.3.22]
	at org.springframework.web.filter.OncePerRequestFilter.doFilter(OncePerRequestFilter.java:117) ~[spring-web-5.3.22.jar:5.3.22]
	at org.apache.catalina.core.ApplicationFilterChain.internalDoFilter(ApplicationFilterChain.java:189) ~[tomcat-embed-core-9.0.65.jar:9.0.65]
	at org.apache.catalina.core.ApplicationFilterChain.doFilter(ApplicationFilterChain.java:162) ~[tomcat-embed-core-9.0.65.jar:9.0.65]
	at org.apache.catalina.core.StandardWrapperValve.invoke(StandardWrapperValve.java:197) ~[tomcat-embed-core-9.0.65.jar:9.0.65]
	at org.apache.catalina.core.StandardContextValve.invoke(StandardContextValve.java:97) ~[tomcat-embed-core-9.0.65.jar:9.0.65]
	at org.apache.catalina.authenticator.AuthenticatorBase.invoke(AuthenticatorBase.java:541) ~[tomcat-embed-core-9.0.65.jar:9.0.65]
	at org.apache.catalina.core.StandardHostValve.invoke(StandardHostValve.java:135) ~[tomcat-embed-core-9.0.65.jar:9.0.65]
	at org.apache.catalina.valves.ErrorReportValve.invoke(ErrorReportValve.java:92) ~[tomcat-embed-core-9.0.65.jar:9.0.65]
	at org.apache.catalina.core.StandardEngineValve.invoke(StandardEngineValve.java:78) ~[tomcat-embed-core-9.0.65.jar:9.0.65]
	at org.apache.catalina.connector.CoyoteAdapter.service(CoyoteAdapter.java:360) ~[tomcat-embed-core-9.0.65.jar:9.0.65]
	at org.apache.coyote.http11.Http11Processor.service(Http11Processor.java:399) ~[tomcat-embed-core-9.0.65.jar:9.0.65]
	at org.apache.coyote.AbstractProcessorLight.process(AbstractProcessorLight.java:65) ~[tomcat-embed-core-9.0.65.jar:9.0.65]
	at org.apache.coyote.AbstractProtocol$ConnectionHandler.process(AbstractProtocol.java:890) ~[tomcat-embed-core-9.0.65.jar:9.0.65]
	at org.apache.tomcat.util.net.NioEndpoint$SocketProcessor.doRun(NioEndpoint.java:1789) ~[tomcat-embed-core-9.0.65.jar:9.0.65]
	at org.apache.tomcat.util.net.SocketProcessorBase.run(SocketProcessorBase.java:49) ~[tomcat-embed-core-9.0.65.jar:9.0.65]
	at org.apache.tomcat.util.threads.ThreadPoolExecutor.runWorker(ThreadPoolExecutor.java:1191) ~[tomcat-embed-core-9.0.65.jar:9.0.65]
	at org.apache.tomcat.util.threads.ThreadPoolExecutor$Worker.run(ThreadPoolExecutor.java:659) ~[tomcat-embed-core-9.0.65.jar:9.0.65]
	at org.apache.tomcat.util.threads.TaskThread$WrappingRunnable.run(TaskThread.java:61) ~[tomcat-embed-core-9.0.65.jar:9.0.65]
	at java.base/java.lang.Thread.run(Thread.java:831) ~[na:na]

2022-08-02 22:17:07.626 ERROR 20420 --- [http-nio-8080-exec-10] o.a.c.c.C.[.[.[/].[dispatcherServlet]    : Servlet.service() for servlet [dispatcherServlet] in context with path [] threw exception [Request processing failed; nested exception is java.lang.IllegalArgumentException: Filter target must be a collection, array, map or stream type, but was administratorNo：10002
administratorName：null
administratorSex：null
administratorTelephoneNumber：null
administratorJob：null
administratorIdcard：null
] with root cause

java.lang.IllegalArgumentException: Filter target must be a collection, array, map or stream type, but was administratorNo：10002
administratorName：null
administratorSex：null
administratorTelephoneNumber：null
administratorJob：null
administratorIdcard：null

	at org.springframework.security.access.expression.method.DefaultMethodSecurityExpressionHandler.filter(DefaultMethodSecurityExpressionHandler.java:120) ~[spring-security-core-5.7.2.jar:5.7.2]
	at org.springframework.security.access.expression.method.ExpressionBasedPostInvocationAdvice.after(ExpressionBasedPostInvocationAdvice.java:56) ~[spring-security-core-5.7.2.jar:5.7.2]
	at org.springframework.security.access.prepost.PostInvocationAdviceProvider.decide(PostInvocationAdviceProvider.java:57) ~[spring-security-core-5.7.2.jar:5.7.2]
	at org.springframework.security.access.intercept.AfterInvocationProviderManager.decide(AfterInvocationProviderManager.java:67) ~[spring-security-core-5.7.2.jar:5.7.2]
	at org.springframework.security.access.intercept.AbstractSecurityInterceptor.afterInvocation(AbstractSecurityInterceptor.java:289) ~[spring-security-core-5.7.2.jar:5.7.2]
	at org.springframework.security.access.intercept.aopalliance.MethodSecurityInterceptor.invoke(MethodSecurityInterceptor.java:66) ~[spring-security-core-5.7.2.jar:5.7.2]
	at org.springframework.aop.framework.ReflectiveMethodInvocation.proceed(ReflectiveMethodInvocation.java:186) ~[spring-aop-5.3.22.jar:5.3.22]
	at org.springframework.aop.framework.CglibAopProxy$CglibMethodInvocation.proceed(CglibAopProxy.java:763) ~[spring-aop-5.3.22.jar:5.3.22]
	at org.springframework.aop.framework.CglibAopProxy$DynamicAdvisedInterceptor.intercept(CglibAopProxy.java:708) ~[spring-aop-5.3.22.jar:5.3.22]
	at mao.springsecurity_demo.controller.TestAnnotationController$$EnhancerBySpringCGLIB$$7c189c66.anno4_1(<generated>) ~[classes/:na]
	at java.base/jdk.internal.reflect.NativeMethodAccessorImpl.invoke0(Native Method) ~[na:na]
	at java.base/jdk.internal.reflect.NativeMethodAccessorImpl.invoke(NativeMethodAccessorImpl.java:78) ~[na:na]
	at java.base/jdk.internal.reflect.DelegatingMethodAccessorImpl.invoke(DelegatingMethodAccessorImpl.java:43) ~[na:na]
	at java.base/java.lang.reflect.Method.invoke(Method.java:567) ~[na:na]
	at org.springframework.web.method.support.InvocableHandlerMethod.doInvoke(InvocableHandlerMethod.java:205) ~[spring-web-5.3.22.jar:5.3.22]
	at org.springframework.web.method.support.InvocableHandlerMethod.invokeForRequest(InvocableHandlerMethod.java:150) ~[spring-web-5.3.22.jar:5.3.22]
	at org.springframework.web.servlet.mvc.method.annotation.ServletInvocableHandlerMethod.invokeAndHandle(ServletInvocableHandlerMethod.java:117) ~[spring-webmvc-5.3.22.jar:5.3.22]
	at org.springframework.web.servlet.mvc.method.annotation.RequestMappingHandlerAdapter.invokeHandlerMethod(RequestMappingHandlerAdapter.java:895) ~[spring-webmvc-5.3.22.jar:5.3.22]
	at org.springframework.web.servlet.mvc.method.annotation.RequestMappingHandlerAdapter.handleInternal(RequestMappingHandlerAdapter.java:808) ~[spring-webmvc-5.3.22.jar:5.3.22]
	at org.springframework.web.servlet.mvc.method.AbstractHandlerMethodAdapter.handle(AbstractHandlerMethodAdapter.java:87) ~[spring-webmvc-5.3.22.jar:5.3.22]
	at org.springframework.web.servlet.DispatcherServlet.doDispatch(DispatcherServlet.java:1070) ~[spring-webmvc-5.3.22.jar:5.3.22]
	at org.springframework.web.servlet.DispatcherServlet.doService(DispatcherServlet.java:963) ~[spring-webmvc-5.3.22.jar:5.3.22]
	at org.springframework.web.servlet.FrameworkServlet.processRequest(FrameworkServlet.java:1006) ~[spring-webmvc-5.3.22.jar:5.3.22]
	at org.springframework.web.servlet.FrameworkServlet.doGet(FrameworkServlet.java:898) ~[spring-webmvc-5.3.22.jar:5.3.22]
	at javax.servlet.http.HttpServlet.service(HttpServlet.java:655) ~[tomcat-embed-core-9.0.65.jar:4.0.FR]
	at org.springframework.web.servlet.FrameworkServlet.service(FrameworkServlet.java:883) ~[spring-webmvc-5.3.22.jar:5.3.22]
	at javax.servlet.http.HttpServlet.service(HttpServlet.java:764) ~[tomcat-embed-core-9.0.65.jar:4.0.FR]
	at org.apache.catalina.core.ApplicationFilterChain.internalDoFilter(ApplicationFilterChain.java:227) ~[tomcat-embed-core-9.0.65.jar:9.0.65]
	at org.apache.catalina.core.ApplicationFilterChain.doFilter(ApplicationFilterChain.java:162) ~[tomcat-embed-core-9.0.65.jar:9.0.65]
	at org.apache.tomcat.websocket.server.WsFilter.doFilter(WsFilter.java:53) ~[tomcat-embed-websocket-9.0.65.jar:9.0.65]
	at org.apache.catalina.core.ApplicationFilterChain.internalDoFilter(ApplicationFilterChain.java:189) ~[tomcat-embed-core-9.0.65.jar:9.0.65]
	at org.apache.catalina.core.ApplicationFilterChain.doFilter(ApplicationFilterChain.java:162) ~[tomcat-embed-core-9.0.65.jar:9.0.65]
	at org.springframework.security.web.FilterChainProxy$VirtualFilterChain.doFilter(FilterChainProxy.java:327) ~[spring-security-web-5.7.2.jar:5.7.2]
	at org.springframework.security.web.access.intercept.FilterSecurityInterceptor.invoke(FilterSecurityInterceptor.java:115) ~[spring-security-web-5.7.2.jar:5.7.2]
	at org.springframework.security.web.access.intercept.FilterSecurityInterceptor.doFilter(FilterSecurityInterceptor.java:81) ~[spring-security-web-5.7.2.jar:5.7.2]
	at org.springframework.security.web.FilterChainProxy$VirtualFilterChain.doFilter(FilterChainProxy.java:336) ~[spring-security-web-5.7.2.jar:5.7.2]
	at org.springframework.security.web.access.ExceptionTranslationFilter.doFilter(ExceptionTranslationFilter.java:122) ~[spring-security-web-5.7.2.jar:5.7.2]
	at org.springframework.security.web.access.ExceptionTranslationFilter.doFilter(ExceptionTranslationFilter.java:116) ~[spring-security-web-5.7.2.jar:5.7.2]
	at org.springframework.security.web.FilterChainProxy$VirtualFilterChain.doFilter(FilterChainProxy.java:336) ~[spring-security-web-5.7.2.jar:5.7.2]
	at org.springframework.security.web.session.SessionManagementFilter.doFilter(SessionManagementFilter.java:126) ~[spring-security-web-5.7.2.jar:5.7.2]
	at org.springframework.security.web.session.SessionManagementFilter.doFilter(SessionManagementFilter.java:81) ~[spring-security-web-5.7.2.jar:5.7.2]
	at org.springframework.security.web.FilterChainProxy$VirtualFilterChain.doFilter(FilterChainProxy.java:336) ~[spring-security-web-5.7.2.jar:5.7.2]
	at org.springframework.security.web.authentication.AnonymousAuthenticationFilter.doFilter(AnonymousAuthenticationFilter.java:109) ~[spring-security-web-5.7.2.jar:5.7.2]
	at org.springframework.security.web.FilterChainProxy$VirtualFilterChain.doFilter(FilterChainProxy.java:336) ~[spring-security-web-5.7.2.jar:5.7.2]
	at org.springframework.security.web.servletapi.SecurityContextHolderAwareRequestFilter.doFilter(SecurityContextHolderAwareRequestFilter.java:149) ~[spring-security-web-5.7.2.jar:5.7.2]
	at org.springframework.security.web.FilterChainProxy$VirtualFilterChain.doFilter(FilterChainProxy.java:336) ~[spring-security-web-5.7.2.jar:5.7.2]
	at org.springframework.security.web.savedrequest.RequestCacheAwareFilter.doFilter(RequestCacheAwareFilter.java:63) ~[spring-security-web-5.7.2.jar:5.7.2]
	at org.springframework.security.web.FilterChainProxy$VirtualFilterChain.doFilter(FilterChainProxy.java:336) ~[spring-security-web-5.7.2.jar:5.7.2]
	at org.springframework.security.web.authentication.AbstractAuthenticationProcessingFilter.doFilter(AbstractAuthenticationProcessingFilter.java:223) ~[spring-security-web-5.7.2.jar:5.7.2]
	at org.springframework.security.web.authentication.AbstractAuthenticationProcessingFilter.doFilter(AbstractAuthenticationProcessingFilter.java:217) ~[spring-security-web-5.7.2.jar:5.7.2]
	at org.springframework.security.web.FilterChainProxy$VirtualFilterChain.doFilter(FilterChainProxy.java:336) ~[spring-security-web-5.7.2.jar:5.7.2]
	at org.springframework.security.web.authentication.logout.LogoutFilter.doFilter(LogoutFilter.java:103) ~[spring-security-web-5.7.2.jar:5.7.2]
	at org.springframework.security.web.authentication.logout.LogoutFilter.doFilter(LogoutFilter.java:89) ~[spring-security-web-5.7.2.jar:5.7.2]
	at org.springframework.security.web.FilterChainProxy$VirtualFilterChain.doFilter(FilterChainProxy.java:336) ~[spring-security-web-5.7.2.jar:5.7.2]
	at org.springframework.security.web.header.HeaderWriterFilter.doHeadersAfter(HeaderWriterFilter.java:90) ~[spring-security-web-5.7.2.jar:5.7.2]
	at org.springframework.security.web.header.HeaderWriterFilter.doFilterInternal(HeaderWriterFilter.java:75) ~[spring-security-web-5.7.2.jar:5.7.2]
	at org.springframework.web.filter.OncePerRequestFilter.doFilter(OncePerRequestFilter.java:117) ~[spring-web-5.3.22.jar:5.3.22]
	at org.springframework.security.web.FilterChainProxy$VirtualFilterChain.doFilter(FilterChainProxy.java:336) ~[spring-security-web-5.7.2.jar:5.7.2]
	at org.springframework.security.web.context.SecurityContextPersistenceFilter.doFilter(SecurityContextPersistenceFilter.java:112) ~[spring-security-web-5.7.2.jar:5.7.2]
	at org.springframework.security.web.context.SecurityContextPersistenceFilter.doFilter(SecurityContextPersistenceFilter.java:82) ~[spring-security-web-5.7.2.jar:5.7.2]
	at org.springframework.security.web.FilterChainProxy$VirtualFilterChain.doFilter(FilterChainProxy.java:336) ~[spring-security-web-5.7.2.jar:5.7.2]
	at org.springframework.security.web.context.request.async.WebAsyncManagerIntegrationFilter.doFilterInternal(WebAsyncManagerIntegrationFilter.java:55) ~[spring-security-web-5.7.2.jar:5.7.2]
	at org.springframework.web.filter.OncePerRequestFilter.doFilter(OncePerRequestFilter.java:117) ~[spring-web-5.3.22.jar:5.3.22]
	at org.springframework.security.web.FilterChainProxy$VirtualFilterChain.doFilter(FilterChainProxy.java:336) ~[spring-security-web-5.7.2.jar:5.7.2]
	at org.springframework.security.web.session.DisableEncodeUrlFilter.doFilterInternal(DisableEncodeUrlFilter.java:42) ~[spring-security-web-5.7.2.jar:5.7.2]
	at org.springframework.web.filter.OncePerRequestFilter.doFilter(OncePerRequestFilter.java:117) ~[spring-web-5.3.22.jar:5.3.22]
	at org.springframework.security.web.FilterChainProxy$VirtualFilterChain.doFilter(FilterChainProxy.java:336) ~[spring-security-web-5.7.2.jar:5.7.2]
	at org.springframework.security.web.FilterChainProxy.doFilterInternal(FilterChainProxy.java:211) ~[spring-security-web-5.7.2.jar:5.7.2]
	at org.springframework.security.web.FilterChainProxy.doFilter(FilterChainProxy.java:183) ~[spring-security-web-5.7.2.jar:5.7.2]
	at org.springframework.web.filter.DelegatingFilterProxy.invokeDelegate(DelegatingFilterProxy.java:354) ~[spring-web-5.3.22.jar:5.3.22]
	at org.springframework.web.filter.DelegatingFilterProxy.doFilter(DelegatingFilterProxy.java:267) ~[spring-web-5.3.22.jar:5.3.22]
	at org.apache.catalina.core.ApplicationFilterChain.internalDoFilter(ApplicationFilterChain.java:189) ~[tomcat-embed-core-9.0.65.jar:9.0.65]
	at org.apache.catalina.core.ApplicationFilterChain.doFilter(ApplicationFilterChain.java:162) ~[tomcat-embed-core-9.0.65.jar:9.0.65]
	at org.springframework.web.filter.RequestContextFilter.doFilterInternal(RequestContextFilter.java:100) ~[spring-web-5.3.22.jar:5.3.22]
	at org.springframework.web.filter.OncePerRequestFilter.doFilter(OncePerRequestFilter.java:117) ~[spring-web-5.3.22.jar:5.3.22]
	at org.apache.catalina.core.ApplicationFilterChain.internalDoFilter(ApplicationFilterChain.java:189) ~[tomcat-embed-core-9.0.65.jar:9.0.65]
	at org.apache.catalina.core.ApplicationFilterChain.doFilter(ApplicationFilterChain.java:162) ~[tomcat-embed-core-9.0.65.jar:9.0.65]
	at org.springframework.web.filter.FormContentFilter.doFilterInternal(FormContentFilter.java:93) ~[spring-web-5.3.22.jar:5.3.22]
	at org.springframework.web.filter.OncePerRequestFilter.doFilter(OncePerRequestFilter.java:117) ~[spring-web-5.3.22.jar:5.3.22]
	at org.apache.catalina.core.ApplicationFilterChain.internalDoFilter(ApplicationFilterChain.java:189) ~[tomcat-embed-core-9.0.65.jar:9.0.65]
	at org.apache.catalina.core.ApplicationFilterChain.doFilter(ApplicationFilterChain.java:162) ~[tomcat-embed-core-9.0.65.jar:9.0.65]
	at org.springframework.web.filter.CharacterEncodingFilter.doFilterInternal(CharacterEncodingFilter.java:201) ~[spring-web-5.3.22.jar:5.3.22]
	at org.springframework.web.filter.OncePerRequestFilter.doFilter(OncePerRequestFilter.java:117) ~[spring-web-5.3.22.jar:5.3.22]
	at org.apache.catalina.core.ApplicationFilterChain.internalDoFilter(ApplicationFilterChain.java:189) ~[tomcat-embed-core-9.0.65.jar:9.0.65]
	at org.apache.catalina.core.ApplicationFilterChain.doFilter(ApplicationFilterChain.java:162) ~[tomcat-embed-core-9.0.65.jar:9.0.65]
	at org.apache.catalina.core.StandardWrapperValve.invoke(StandardWrapperValve.java:197) ~[tomcat-embed-core-9.0.65.jar:9.0.65]
	at org.apache.catalina.core.StandardContextValve.invoke(StandardContextValve.java:97) ~[tomcat-embed-core-9.0.65.jar:9.0.65]
	at org.apache.catalina.authenticator.AuthenticatorBase.invoke(AuthenticatorBase.java:541) ~[tomcat-embed-core-9.0.65.jar:9.0.65]
	at org.apache.catalina.core.StandardHostValve.invoke(StandardHostValve.java:135) ~[tomcat-embed-core-9.0.65.jar:9.0.65]
	at org.apache.catalina.valves.ErrorReportValve.invoke(ErrorReportValve.java:92) ~[tomcat-embed-core-9.0.65.jar:9.0.65]
	at org.apache.catalina.core.StandardEngineValve.invoke(StandardEngineValve.java:78) ~[tomcat-embed-core-9.0.65.jar:9.0.65]
	at org.apache.catalina.connector.CoyoteAdapter.service(CoyoteAdapter.java:360) ~[tomcat-embed-core-9.0.65.jar:9.0.65]
	at org.apache.coyote.http11.Http11Processor.service(Http11Processor.java:399) ~[tomcat-embed-core-9.0.65.jar:9.0.65]
	at org.apache.coyote.AbstractProcessorLight.process(AbstractProcessorLight.java:65) ~[tomcat-embed-core-9.0.65.jar:9.0.65]
	at org.apache.coyote.AbstractProtocol$ConnectionHandler.process(AbstractProtocol.java:890) ~[tomcat-embed-core-9.0.65.jar:9.0.65]
	at org.apache.tomcat.util.net.NioEndpoint$SocketProcessor.doRun(NioEndpoint.java:1789) ~[tomcat-embed-core-9.0.65.jar:9.0.65]
	at org.apache.tomcat.util.net.SocketProcessorBase.run(SocketProcessorBase.java:49) ~[tomcat-embed-core-9.0.65.jar:9.0.65]
	at org.apache.tomcat.util.threads.ThreadPoolExecutor.runWorker(ThreadPoolExecutor.java:1191) ~[tomcat-embed-core-9.0.65.jar:9.0.65]
	at org.apache.tomcat.util.threads.ThreadPoolExecutor$Worker.run(ThreadPoolExecutor.java:659) ~[tomcat-embed-core-9.0.65.jar:9.0.65]
	at org.apache.tomcat.util.threads.TaskThread$WrappingRunnable.run(TaskThread.java:61) ~[tomcat-embed-core-9.0.65.jar:9.0.65]
	at java.base/java.lang.Thread.run(Thread.java:831) ~[na:na]

