2022-07-31 22:14:50.992  INFO 13448 --- [main] m.s.SpringSecurityDemoApplicationTests   : Starting SpringSecurityDemoApplicationTests using Java 16.0.2 on mao with PID 13448 (started by mao in H:\程序\大三暑假\springSecurity_demo)
2022-07-31 22:14:50.998 DEBUG 13448 --- [main] m.s.SpringSecurityDemoApplicationTests   : Running with Spring Boot v2.7.2, Spring v5.3.22
2022-07-31 22:14:50.998  INFO 13448 --- [main] m.s.SpringSecurityDemoApplicationTests   : The following 1 profile is active: "dev"
2022-07-31 22:14:52.580  WARN 13448 --- [main] .s.s.UserDetailsServiceAutoConfiguration : 

Using generated security password: 3fa15cb7-9a4d-43e7-ab7d-97086660ac59

This generated password is for development use only. Your security configuration must be updated before running your application in production.

2022-07-31 22:14:52.741  INFO 13448 --- [main] o.s.s.web.DefaultSecurityFilterChain     : Will secure any request with [org.springframework.security.web.session.DisableEncodeUrlFilter@77f4c040, org.springframework.security.web.context.request.async.WebAsyncManagerIntegrationFilter@606a1bc4, org.springframework.security.web.context.SecurityContextPersistenceFilter@29fe4840, org.springframework.security.web.header.HeaderWriterFilter@7ccfdaef, org.springframework.security.web.csrf.CsrfFilter@1c93b51e, org.springframework.security.web.authentication.logout.LogoutFilter@2d2b6960, org.springframework.security.web.authentication.UsernamePasswordAuthenticationFilter@40ef0af8, org.springframework.security.web.authentication.ui.DefaultLoginPageGeneratingFilter@3513c84c, org.springframework.security.web.authentication.ui.DefaultLogoutPageGeneratingFilter@6a15b73, org.springframework.security.web.savedrequest.RequestCacheAwareFilter@32120956, org.springframework.security.web.servletapi.SecurityContextHolderAwareRequestFilter@566f1852, org.springframework.security.web.authentication.AnonymousAuthenticationFilter@44dc7b7d, org.springframework.security.web.session.SessionManagementFilter@19bedeb8, org.springframework.security.web.access.ExceptionTranslationFilter@33e434c8, org.springframework.security.web.access.intercept.FilterSecurityInterceptor@5a90265a]
2022-07-31 22:14:52.817  INFO 13448 --- [main] m.s.SpringSecurityDemoApplicationTests   : Started SpringSecurityDemoApplicationTests in 2.226 seconds (JVM running for 3.328)
2022-07-31 22:17:37.239  INFO 17836 --- [main] m.s.SpringSecurityDemoApplicationTests   : Starting SpringSecurityDemoApplicationTests using Java 16.0.2 on mao with PID 17836 (started by mao in H:\程序\大三暑假\springSecurity_demo)
2022-07-31 22:17:37.240 DEBUG 17836 --- [main] m.s.SpringSecurityDemoApplicationTests   : Running with Spring Boot v2.7.2, Spring v5.3.22
2022-07-31 22:17:37.240  INFO 17836 --- [main] m.s.SpringSecurityDemoApplicationTests   : The following 1 profile is active: "dev"
2022-07-31 22:17:38.794  WARN 17836 --- [main] .s.s.UserDetailsServiceAutoConfiguration : 

Using generated security password: 2a0c3991-a099-494a-90f8-e38189d72a49

This generated password is for development use only. Your security configuration must be updated before running your application in production.

2022-07-31 22:17:38.972  INFO 17836 --- [main] o.s.s.web.DefaultSecurityFilterChain     : Will secure any request with [org.springframework.security.web.session.DisableEncodeUrlFilter@36068727, org.springframework.security.web.context.request.async.WebAsyncManagerIntegrationFilter@72543547, org.springframework.security.web.context.SecurityContextPersistenceFilter@22dc59b2, org.springframework.security.web.header.HeaderWriterFilter@17043b04, org.springframework.security.web.csrf.CsrfFilter@5ccb85d6, org.springframework.security.web.authentication.logout.LogoutFilter@6fc0bbc6, org.springframework.security.web.authentication.UsernamePasswordAuthenticationFilter@144ab983, org.springframework.security.web.authentication.ui.DefaultLoginPageGeneratingFilter@7ef8eda7, org.springframework.security.web.authentication.ui.DefaultLogoutPageGeneratingFilter@3d88e6b9, org.springframework.security.web.savedrequest.RequestCacheAwareFilter@664212ab, org.springframework.security.web.servletapi.SecurityContextHolderAwareRequestFilter@32f5ecc4, org.springframework.security.web.authentication.AnonymousAuthenticationFilter@22bf9122, org.springframework.security.web.session.SessionManagementFilter@7a687d8d, org.springframework.security.web.access.ExceptionTranslationFilter@c7f4457, org.springframework.security.web.access.intercept.FilterSecurityInterceptor@5ae1c281]
2022-07-31 22:17:39.055  INFO 17836 --- [main] m.s.SpringSecurityDemoApplicationTests   : Started SpringSecurityDemoApplicationTests in 2.215 seconds (JVM running for 3.071)
2022-07-31 22:17:58.546  INFO 12660 --- [main] m.s.SpringSecurityDemoApplicationTests   : Starting SpringSecurityDemoApplicationTests using Java 16.0.2 on mao with PID 12660 (started by mao in H:\程序\大三暑假\springSecurity_demo)
2022-07-31 22:17:58.547 DEBUG 12660 --- [main] m.s.SpringSecurityDemoApplicationTests   : Running with Spring Boot v2.7.2, Spring v5.3.22
2022-07-31 22:17:58.548  INFO 12660 --- [main] m.s.SpringSecurityDemoApplicationTests   : The following 1 profile is active: "dev"
2022-07-31 22:18:00.075  WARN 12660 --- [main] .s.s.UserDetailsServiceAutoConfiguration : 

Using generated security password: 334e4325-10b8-4f66-ba39-2750b27c579a

This generated password is for development use only. Your security configuration must be updated before running your application in production.

2022-07-31 22:18:00.230  INFO 12660 --- [main] o.s.s.web.DefaultSecurityFilterChain     : Will secure any request with [org.springframework.security.web.session.DisableEncodeUrlFilter@4b8137c5, org.springframework.security.web.context.request.async.WebAsyncManagerIntegrationFilter@77f4c040, org.springframework.security.web.context.SecurityContextPersistenceFilter@115ca7de, org.springframework.security.web.header.HeaderWriterFilter@3443e476, org.springframework.security.web.csrf.CsrfFilter@7ea2412c, org.springframework.security.web.authentication.logout.LogoutFilter@77429040, org.springframework.security.web.authentication.UsernamePasswordAuthenticationFilter@234c5e41, org.springframework.security.web.authentication.ui.DefaultLoginPageGeneratingFilter@1b90fee4, org.springframework.security.web.authentication.ui.DefaultLogoutPageGeneratingFilter@606a1bc4, org.springframework.security.web.savedrequest.RequestCacheAwareFilter@4684240f, org.springframework.security.web.servletapi.SecurityContextHolderAwareRequestFilter@1084ac45, org.springframework.security.web.authentication.AnonymousAuthenticationFilter@6a15b73, org.springframework.security.web.session.SessionManagementFilter@32f5ecc4, org.springframework.security.web.access.ExceptionTranslationFilter@22dc59b2, org.springframework.security.web.access.intercept.FilterSecurityInterceptor@134f8ef6]
2022-07-31 22:18:00.295  INFO 12660 --- [main] m.s.SpringSecurityDemoApplicationTests   : Started SpringSecurityDemoApplicationTests in 2.138 seconds (JVM running for 3.0)
2022-07-31 22:22:07.675  INFO 3764 --- [main] m.s.SpringSecurityDemoApplicationTests   : Starting SpringSecurityDemoApplicationTests using Java 16.0.2 on mao with PID 3764 (started by mao in H:\程序\大三暑假\springSecurity_demo)
2022-07-31 22:22:07.676 DEBUG 3764 --- [main] m.s.SpringSecurityDemoApplicationTests   : Running with Spring Boot v2.7.2, Spring v5.3.22
2022-07-31 22:22:07.677  INFO 3764 --- [main] m.s.SpringSecurityDemoApplicationTests   : The following 1 profile is active: "dev"
2022-07-31 22:22:09.167  WARN 3764 --- [main] .s.s.UserDetailsServiceAutoConfiguration : 

Using generated security password: 20285272-f7ad-4eb7-bbc8-b696714e8f0f

This generated password is for development use only. Your security configuration must be updated before running your application in production.

2022-07-31 22:22:09.334  INFO 3764 --- [main] o.s.s.web.DefaultSecurityFilterChain     : Will secure any request with [org.springframework.security.web.session.DisableEncodeUrlFilter@208205ed, org.springframework.security.web.context.request.async.WebAsyncManagerIntegrationFilter@73afe2b7, org.springframework.security.web.context.SecurityContextPersistenceFilter@2693c618, org.springframework.security.web.header.HeaderWriterFilter@4c82b5df, org.springframework.security.web.csrf.CsrfFilter@488f3dd1, org.springframework.security.web.authentication.logout.LogoutFilter@7ebe2e47, org.springframework.security.web.authentication.UsernamePasswordAuthenticationFilter@2a7d9b41, org.springframework.security.web.authentication.ui.DefaultLoginPageGeneratingFilter@4684240f, org.springframework.security.web.authentication.ui.DefaultLogoutPageGeneratingFilter@9687f55, org.springframework.security.web.savedrequest.RequestCacheAwareFilter@a6e4897, org.springframework.security.web.servletapi.SecurityContextHolderAwareRequestFilter@7ef8eda7, org.springframework.security.web.authentication.AnonymousAuthenticationFilter@5700c9db, org.springframework.security.web.session.SessionManagementFilter@7ba93755, org.springframework.security.web.access.ExceptionTranslationFilter@ca8ef3a, org.springframework.security.web.access.intercept.FilterSecurityInterceptor@3db432c2]
2022-07-31 22:22:09.405  INFO 3764 --- [main] m.s.SpringSecurityDemoApplicationTests   : Started SpringSecurityDemoApplicationTests in 2.105 seconds (JVM running for 2.993)
2022-07-31 22:23:05.115  INFO 14768 --- [main] m.s.SpringSecurityDemoApplicationTests   : Starting SpringSecurityDemoApplicationTests using Java 16.0.2 on mao with PID 14768 (started by mao in H:\程序\大三暑假\springSecurity_demo)
2022-07-31 22:23:05.116 DEBUG 14768 --- [main] m.s.SpringSecurityDemoApplicationTests   : Running with Spring Boot v2.7.2, Spring v5.3.22
2022-07-31 22:23:05.116  INFO 14768 --- [main] m.s.SpringSecurityDemoApplicationTests   : The following 1 profile is active: "dev"
2022-07-31 22:23:06.695  WARN 14768 --- [main] .s.s.UserDetailsServiceAutoConfiguration : 

Using generated security password: 2796b448-2735-45b4-a9fa-57510654212a

This generated password is for development use only. Your security configuration must be updated before running your application in production.

2022-07-31 22:23:06.857  INFO 14768 --- [main] o.s.s.web.DefaultSecurityFilterChain     : Will secure any request with [org.springframework.security.web.session.DisableEncodeUrlFilter@9687f55, org.springframework.security.web.context.request.async.WebAsyncManagerIntegrationFilter@5700c9db, org.springframework.security.web.context.SecurityContextPersistenceFilter@7ccfdaef, org.springframework.security.web.header.HeaderWriterFilter@4214ae8f, org.springframework.security.web.csrf.CsrfFilter@7bc58891, org.springframework.security.web.authentication.logout.LogoutFilter@6bbab114, org.springframework.security.web.authentication.UsernamePasswordAuthenticationFilter@5d1b1c2a, org.springframework.security.web.authentication.ui.DefaultLoginPageGeneratingFilter@6975fb1c, org.springframework.security.web.authentication.ui.DefaultLogoutPageGeneratingFilter@671d03bb, org.springframework.security.web.savedrequest.RequestCacheAwareFilter@19bedeb8, org.springframework.security.web.servletapi.SecurityContextHolderAwareRequestFilter@29fe4840, org.springframework.security.web.authentication.AnonymousAuthenticationFilter@6babffb5, org.springframework.security.web.session.SessionManagementFilter@33e434c8, org.springframework.security.web.access.ExceptionTranslationFilter@511f5b1d, org.springframework.security.web.access.intercept.FilterSecurityInterceptor@1903b5d]
2022-07-31 22:23:06.926  INFO 14768 --- [main] m.s.SpringSecurityDemoApplicationTests   : Started SpringSecurityDemoApplicationTests in 2.191 seconds (JVM running for 3.096)
2022-07-31 22:24:34.284  INFO 11700 --- [main] m.s.SpringSecurityDemoApplicationTests   : Starting SpringSecurityDemoApplicationTests using Java 16.0.2 on mao with PID 11700 (started by mao in H:\程序\大三暑假\springSecurity_demo)
2022-07-31 22:24:34.285 DEBUG 11700 --- [main] m.s.SpringSecurityDemoApplicationTests   : Running with Spring Boot v2.7.2, Spring v5.3.22
2022-07-31 22:24:34.285  INFO 11700 --- [main] m.s.SpringSecurityDemoApplicationTests   : The following 1 profile is active: "dev"
2022-07-31 22:24:35.770  WARN 11700 --- [main] .s.s.UserDetailsServiceAutoConfiguration : 

Using generated security password: b7dbcc05-4489-41e6-b716-da9f3c643198

This generated password is for development use only. Your security configuration must be updated before running your application in production.

2022-07-31 22:24:35.923  INFO 11700 --- [main] o.s.s.web.DefaultSecurityFilterChain     : Will secure any request with [org.springframework.security.web.session.DisableEncodeUrlFilter@4b8137c5, org.springframework.security.web.context.request.async.WebAsyncManagerIntegrationFilter@77f4c040, org.springframework.security.web.context.SecurityContextPersistenceFilter@115ca7de, org.springframework.security.web.header.HeaderWriterFilter@3443e476, org.springframework.security.web.csrf.CsrfFilter@7ea2412c, org.springframework.security.web.authentication.logout.LogoutFilter@77429040, org.springframework.security.web.authentication.UsernamePasswordAuthenticationFilter@234c5e41, org.springframework.security.web.authentication.ui.DefaultLoginPageGeneratingFilter@1b90fee4, org.springframework.security.web.authentication.ui.DefaultLogoutPageGeneratingFilter@606a1bc4, org.springframework.security.web.savedrequest.RequestCacheAwareFilter@4684240f, org.springframework.security.web.servletapi.SecurityContextHolderAwareRequestFilter@1084ac45, org.springframework.security.web.authentication.AnonymousAuthenticationFilter@6a15b73, org.springframework.security.web.session.SessionManagementFilter@32f5ecc4, org.springframework.security.web.access.ExceptionTranslationFilter@22dc59b2, org.springframework.security.web.access.intercept.FilterSecurityInterceptor@134f8ef6]
2022-07-31 22:24:35.983  INFO 11700 --- [main] m.s.SpringSecurityDemoApplicationTests   : Started SpringSecurityDemoApplicationTests in 2.083 seconds (JVM running for 2.933)
2022-07-31 23:35:30.147  INFO 1372 --- [main] m.s.SpringSecurityDemoApplication        : Starting SpringSecurityDemoApplication using Java 16.0.2 on mao with PID 1372 (H:\程序\大三暑假\springSecurity_demo\target\classes started by mao in H:\程序\大三暑假\springSecurity_demo)
2022-07-31 23:35:30.149 DEBUG 1372 --- [main] m.s.SpringSecurityDemoApplication        : Running with Spring Boot v2.7.2, Spring v5.3.22
2022-07-31 23:35:30.150  INFO 1372 --- [main] m.s.SpringSecurityDemoApplication        : The following 1 profile is active: "dev"
2022-07-31 23:35:30.850  INFO 1372 --- [main] o.s.b.w.embedded.tomcat.TomcatWebServer  : Tomcat initialized with port(s): 8080 (http)
2022-07-31 23:35:30.858  INFO 1372 --- [main] o.apache.catalina.core.StandardService   : Starting service [Tomcat]
2022-07-31 23:35:30.858  INFO 1372 --- [main] org.apache.catalina.core.StandardEngine  : Starting Servlet engine: [Apache Tomcat/9.0.65]
2022-07-31 23:35:30.936  INFO 1372 --- [main] o.a.c.c.C.[Tomcat].[localhost].[/]       : Initializing Spring embedded WebApplicationContext
2022-07-31 23:35:30.936  INFO 1372 --- [main] w.s.c.ServletWebServerApplicationContext : Root WebApplicationContext: initialization completed in 749 ms
2022-07-31 23:35:31.242  INFO 1372 --- [main] o.s.s.web.DefaultSecurityFilterChain     : Will secure any request with [org.springframework.security.web.session.DisableEncodeUrlFilter@72eb6200, org.springframework.security.web.context.request.async.WebAsyncManagerIntegrationFilter@76ececd, org.springframework.security.web.context.SecurityContextPersistenceFilter@6587305a, org.springframework.security.web.header.HeaderWriterFilter@9efcd90, org.springframework.security.web.csrf.CsrfFilter@3a1706e1, org.springframework.security.web.authentication.logout.LogoutFilter@10947c4e, org.springframework.security.web.authentication.UsernamePasswordAuthenticationFilter@3667faa8, org.springframework.security.web.authentication.ui.DefaultLoginPageGeneratingFilter@69cd1085, org.springframework.security.web.authentication.ui.DefaultLogoutPageGeneratingFilter@7affc159, org.springframework.security.web.savedrequest.RequestCacheAwareFilter@3f81621c, org.springframework.security.web.servletapi.SecurityContextHolderAwareRequestFilter@3eb3232b, org.springframework.security.web.authentication.AnonymousAuthenticationFilter@1682c08c, org.springframework.security.web.session.SessionManagementFilter@2ee83775, org.springframework.security.web.access.ExceptionTranslationFilter@688a2c09, org.springframework.security.web.access.intercept.FilterSecurityInterceptor@228bda54]
2022-07-31 23:35:31.281  INFO 1372 --- [main] o.s.b.w.embedded.tomcat.TomcatWebServer  : Tomcat started on port(s): 8080 (http) with context path ''
2022-07-31 23:35:31.291  INFO 1372 --- [main] m.s.SpringSecurityDemoApplication        : Started SpringSecurityDemoApplication in 1.453 seconds (JVM running for 1.923)
