2022-08-03 20:07:51.715  INFO 20448 --- [main] w.s.c.ServletWebServerApplicationContext : Root WebApplicationContext: initialization completed in 899 ms
2022-08-03 20:07:51.784  INFO 20448 --- [main] c.a.d.s.b.a.DruidDataSourceAutoConfigure : Init DruidDataSource
2022-08-03 20:07:51.887  INFO 20448 --- [main] com.alibaba.druid.pool.DruidDataSource   : {dataSource-1} inited
2022-08-03 20:07:52.436  INFO 20448 --- [main] o.s.b.a.w.s.WelcomePageHandlerMapping    : Adding welcome page: class path resource [static/index.html]
2022-08-03 20:07:52.675  INFO 20448 --- [main] o.s.s.web.DefaultSecurityFilterChain     : Will secure any request with [org.springframework.security.web.session.DisableEncodeUrlFilter@175581eb, org.springframework.security.web.context.request.async.WebAsyncManagerIntegrationFilter@2b79c8ff, org.springframework.security.web.context.SecurityContextPersistenceFilter@6dae70f9, org.springframework.security.web.header.HeaderWriterFilter@2315052d, org.springframework.security.web.csrf.CsrfFilter@45bbc52f, org.springframework.security.web.authentication.logout.LogoutFilter@1b46392c, org.springframework.security.web.authentication.UsernamePasswordAuthenticationFilter@cf01c2e, org.springframework.security.web.savedrequest.RequestCacheAwareFilter@53a301f3, org.springframework.security.web.servletapi.SecurityContextHolderAwareRequestFilter@5bec3e0, org.springframework.security.web.authentication.rememberme.RememberMeAuthenticationFilter@38811103, org.springframework.security.web.authentication.AnonymousAuthenticationFilter@2baf72d5, org.springframework.security.web.session.SessionManagementFilter@67d8faec, org.springframework.security.web.access.ExceptionTranslationFilter@5fb5ad40, org.springframework.security.web.access.intercept.FilterSecurityInterceptor@6206b4a7]
2022-08-03 20:07:52.738  INFO 20448 --- [main] o.s.b.w.embedded.tomcat.TomcatWebServer  : Tomcat started on port(s): 8080 (http) with context path ''
2022-08-03 20:07:52.749  INFO 20448 --- [main] m.s.SpringSecurityDemoApplication        : Started SpringSecurityDemoApplication in 2.321 seconds (JVM running for 2.809)
2022-08-03 20:07:57.491  INFO 20448 --- [http-nio-8080-exec-1] o.a.c.c.C.[Tomcat].[localhost].[/]       : Initializing Spring DispatcherServlet 'dispatcherServlet'
2022-08-03 20:07:57.491  INFO 20448 --- [http-nio-8080-exec-1] o.s.web.servlet.DispatcherServlet        : Initializing Servlet 'dispatcherServlet'
2022-08-03 20:07:57.492  INFO 20448 --- [http-nio-8080-exec-1] o.s.web.servlet.DispatcherServlet        : Completed initialization in 1 ms
2022-08-03 20:08:09.384  WARN 20448 --- [http-nio-8080-exec-9] .w.s.m.s.DefaultHandlerExceptionResolver : Resolved [org.springframework.web.HttpRequestMethodNotSupportedException: Request method 'POST' not supported]
2022-08-03 20:08:29.540  WARN 20448 --- [http-nio-8080-exec-4] .w.s.m.s.DefaultHandlerExceptionResolver : Resolved [org.springframework.web.HttpRequestMethodNotSupportedException: Request method 'POST' not supported]
2022-08-03 20:08:38.471  INFO 20448 --- [SpringApplicationShutdownHook] com.alibaba.druid.pool.DruidDataSource   : {dataSource-1} closing ...
2022-08-03 20:08:38.475  INFO 20448 --- [SpringApplicationShutdownHook] com.alibaba.druid.pool.DruidDataSource   : {dataSource-1} closed
2022-08-03 20:08:41.828  INFO 11400 --- [main] m.s.SpringSecurityDemoApplication        : Starting SpringSecurityDemoApplication using Java 16.0.2 on mao with PID 11400 (H:\程序\大三暑假\springSecurity_demo\target\classes started by mao in H:\程序\大三暑假\springSecurity_demo)
2022-08-03 20:08:41.830 DEBUG 11400 --- [main] m.s.SpringSecurityDemoApplication        : Running with Spring Boot v2.7.2, Spring v5.3.22
2022-08-03 20:08:41.830  INFO 11400 --- [main] m.s.SpringSecurityDemoApplication        : The following 1 profile is active: "dev"
2022-08-03 20:08:42.647  INFO 11400 --- [main] o.s.b.w.embedded.tomcat.TomcatWebServer  : Tomcat initialized with port(s): 8080 (http)
2022-08-03 20:08:42.654  INFO 11400 --- [main] o.apache.catalina.core.StandardService   : Starting service [Tomcat]
2022-08-03 20:08:42.655  INFO 11400 --- [main] org.apache.catalina.core.StandardEngine  : Starting Servlet engine: [Apache Tomcat/9.0.65]
2022-08-03 20:08:42.739  INFO 11400 --- [main] o.a.c.c.C.[Tomcat].[localhost].[/]       : Initializing Spring embedded WebApplicationContext
2022-08-03 20:08:42.739  INFO 11400 --- [main] w.s.c.ServletWebServerApplicationContext : Root WebApplicationContext: initialization completed in 876 ms
2022-08-03 20:08:42.798  INFO 11400 --- [main] c.a.d.s.b.a.DruidDataSourceAutoConfigure : Init DruidDataSource
2022-08-03 20:08:42.886  INFO 11400 --- [main] com.alibaba.druid.pool.DruidDataSource   : {dataSource-1} inited
2022-08-03 20:08:43.382  INFO 11400 --- [main] o.s.b.a.w.s.WelcomePageHandlerMapping    : Adding welcome page: class path resource [static/index.html]
2022-08-03 20:08:43.617  INFO 11400 --- [main] o.s.s.web.DefaultSecurityFilterChain     : Will secure any request with [org.springframework.security.web.session.DisableEncodeUrlFilter@7d7ceca8, org.springframework.security.web.context.request.async.WebAsyncManagerIntegrationFilter@2bba35ef, org.springframework.security.web.context.SecurityContextPersistenceFilter@7ea71fc2, org.springframework.security.web.header.HeaderWriterFilter@3bbb8c16, org.springframework.security.web.authentication.logout.LogoutFilter@72af90e8, org.springframework.security.web.authentication.UsernamePasswordAuthenticationFilter@aa1bb14, org.springframework.security.web.savedrequest.RequestCacheAwareFilter@7cd5fcf4, org.springframework.security.web.servletapi.SecurityContextHolderAwareRequestFilter@79cb8ffa, org.springframework.security.web.authentication.rememberme.RememberMeAuthenticationFilter@55d8c2c4, org.springframework.security.web.authentication.AnonymousAuthenticationFilter@26c7b1c6, org.springframework.security.web.session.SessionManagementFilter@11eec06b, org.springframework.security.web.access.ExceptionTranslationFilter@781654f8, org.springframework.security.web.access.intercept.FilterSecurityInterceptor@5d2a86c0]
2022-08-03 20:08:43.674  INFO 11400 --- [main] o.s.b.w.embedded.tomcat.TomcatWebServer  : Tomcat started on port(s): 8080 (http) with context path ''
2022-08-03 20:08:43.689  INFO 11400 --- [main] m.s.SpringSecurityDemoApplication        : Started SpringSecurityDemoApplication in 2.191 seconds (JVM running for 2.693)
2022-08-03 20:08:46.775  INFO 11400 --- [http-nio-8080-exec-2] o.a.c.c.C.[Tomcat].[localhost].[/]       : Initializing Spring DispatcherServlet 'dispatcherServlet'
2022-08-03 20:08:46.775  INFO 11400 --- [http-nio-8080-exec-2] o.s.web.servlet.DispatcherServlet        : Initializing Servlet 'dispatcherServlet'
2022-08-03 20:08:46.776  INFO 11400 --- [http-nio-8080-exec-2] o.s.web.servlet.DispatcherServlet        : Completed initialization in 0 ms
2022-08-03 20:08:50.830 DEBUG 11400 --- [http-nio-8080-exec-6] m.s.service.AdministratorsLoginService   : 进入AdministratorsLoginService
2022-08-03 20:08:51.077 DEBUG 11400 --- [http-nio-8080-exec-6] m.s.m.A.selectList                       : ==>  Preparing: SELECT administrator_no,administrator_password FROM administrators_password WHERE (administrator_no = ?)
2022-08-03 20:08:51.093 DEBUG 11400 --- [http-nio-8080-exec-6] m.s.m.A.selectList                       : ==> Parameters: 10001(Long)
2022-08-03 20:08:51.107 DEBUG 11400 --- [http-nio-8080-exec-6] m.s.m.A.selectList                       : <==      Total: 1
2022-08-03 20:09:00.106  INFO 11400 --- [SpringApplicationShutdownHook] com.alibaba.druid.pool.DruidDataSource   : {dataSource-1} closing ...
2022-08-03 20:09:00.110  INFO 11400 --- [SpringApplicationShutdownHook] com.alibaba.druid.pool.DruidDataSource   : {dataSource-1} closed
2022-08-03 20:09:03.587  INFO 1584 --- [main] m.s.SpringSecurityDemoApplication        : Starting SpringSecurityDemoApplication using Java 16.0.2 on mao with PID 1584 (H:\程序\大三暑假\springSecurity_demo\target\classes started by mao in H:\程序\大三暑假\springSecurity_demo)
2022-08-03 20:09:03.589 DEBUG 1584 --- [main] m.s.SpringSecurityDemoApplication        : Running with Spring Boot v2.7.2, Spring v5.3.22
2022-08-03 20:09:03.590  INFO 1584 --- [main] m.s.SpringSecurityDemoApplication        : The following 1 profile is active: "dev"
2022-08-03 20:09:04.453  INFO 1584 --- [main] o.s.b.w.embedded.tomcat.TomcatWebServer  : Tomcat initialized with port(s): 8080 (http)
2022-08-03 20:09:04.459  INFO 1584 --- [main] o.apache.catalina.core.StandardService   : Starting service [Tomcat]
2022-08-03 20:09:04.460  INFO 1584 --- [main] org.apache.catalina.core.StandardEngine  : Starting Servlet engine: [Apache Tomcat/9.0.65]
2022-08-03 20:09:04.544  INFO 1584 --- [main] o.a.c.c.C.[Tomcat].[localhost].[/]       : Initializing Spring embedded WebApplicationContext
2022-08-03 20:09:04.544  INFO 1584 --- [main] w.s.c.ServletWebServerApplicationContext : Root WebApplicationContext: initialization completed in 917 ms
2022-08-03 20:09:04.605  INFO 1584 --- [main] c.a.d.s.b.a.DruidDataSourceAutoConfigure : Init DruidDataSource
2022-08-03 20:09:04.696  INFO 1584 --- [main] com.alibaba.druid.pool.DruidDataSource   : {dataSource-1} inited
2022-08-03 20:09:05.193  INFO 1584 --- [main] o.s.b.a.w.s.WelcomePageHandlerMapping    : Adding welcome page: class path resource [static/index.html]
2022-08-03 20:09:05.444  INFO 1584 --- [main] o.s.s.web.DefaultSecurityFilterChain     : Will secure any request with [org.springframework.security.web.session.DisableEncodeUrlFilter@1304e0d7, org.springframework.security.web.context.request.async.WebAsyncManagerIntegrationFilter@6ddc67d0, org.springframework.security.web.context.SecurityContextPersistenceFilter@7ac5b4c, org.springframework.security.web.header.HeaderWriterFilter@6a8a551e, org.springframework.security.web.csrf.CsrfFilter@62ea8931, org.springframework.security.web.authentication.logout.LogoutFilter@50cbcca7, org.springframework.security.web.authentication.UsernamePasswordAuthenticationFilter@49491770, org.springframework.security.web.savedrequest.RequestCacheAwareFilter@55d8c2c4, org.springframework.security.web.servletapi.SecurityContextHolderAwareRequestFilter@5fb5ad40, org.springframework.security.web.authentication.rememberme.RememberMeAuthenticationFilter@3404e5c4, org.springframework.security.web.authentication.AnonymousAuthenticationFilter@7767bd4e, org.springframework.security.web.session.SessionManagementFilter@53982523, org.springframework.security.web.access.ExceptionTranslationFilter@7faa0680, org.springframework.security.web.access.intercept.FilterSecurityInterceptor@9a9aa68]
2022-08-03 20:09:05.508  INFO 1584 --- [main] o.s.b.w.embedded.tomcat.TomcatWebServer  : Tomcat started on port(s): 8080 (http) with context path ''
2022-08-03 20:09:05.520  INFO 1584 --- [main] m.s.SpringSecurityDemoApplication        : Started SpringSecurityDemoApplication in 2.29 seconds (JVM running for 2.806)
2022-08-03 20:09:08.993  INFO 1584 --- [http-nio-8080-exec-1] o.a.c.c.C.[Tomcat].[localhost].[/]       : Initializing Spring DispatcherServlet 'dispatcherServlet'
2022-08-03 20:09:08.993  INFO 1584 --- [http-nio-8080-exec-1] o.s.web.servlet.DispatcherServlet        : Initializing Servlet 'dispatcherServlet'
2022-08-03 20:09:08.994  INFO 1584 --- [http-nio-8080-exec-1] o.s.web.servlet.DispatcherServlet        : Completed initialization in 1 ms
2022-08-03 20:10:33.815  INFO 1584 --- [SpringApplicationShutdownHook] com.alibaba.druid.pool.DruidDataSource   : {dataSource-1} closing ...
2022-08-03 20:10:33.816  INFO 1584 --- [SpringApplicationShutdownHook] com.alibaba.druid.pool.DruidDataSource   : {dataSource-1} closed
2022-08-03 20:10:36.133  INFO 12460 --- [main] m.s.SpringSecurityDemoApplication        : Starting SpringSecurityDemoApplication using Java 16.0.2 on mao with PID 12460 (H:\程序\大三暑假\springSecurity_demo\target\classes started by mao in H:\程序\大三暑假\springSecurity_demo)
2022-08-03 20:10:36.135 DEBUG 12460 --- [main] m.s.SpringSecurityDemoApplication        : Running with Spring Boot v2.7.2, Spring v5.3.22
2022-08-03 20:10:36.135  INFO 12460 --- [main] m.s.SpringSecurityDemoApplication        : The following 1 profile is active: "dev"
2022-08-03 20:10:36.990  INFO 12460 --- [main] o.s.b.w.embedded.tomcat.TomcatWebServer  : Tomcat initialized with port(s): 8080 (http)
2022-08-03 20:10:36.997  INFO 12460 --- [main] o.apache.catalina.core.StandardService   : Starting service [Tomcat]
2022-08-03 20:10:36.998  INFO 12460 --- [main] org.apache.catalina.core.StandardEngine  : Starting Servlet engine: [Apache Tomcat/9.0.65]
2022-08-03 20:10:37.083  INFO 12460 --- [main] o.a.c.c.C.[Tomcat].[localhost].[/]       : Initializing Spring embedded WebApplicationContext
2022-08-03 20:10:37.083  INFO 12460 --- [main] w.s.c.ServletWebServerApplicationContext : Root WebApplicationContext: initialization completed in 915 ms
2022-08-03 20:10:37.140  INFO 12460 --- [main] c.a.d.s.b.a.DruidDataSourceAutoConfigure : Init DruidDataSource
2022-08-03 20:10:37.235  INFO 12460 --- [main] com.alibaba.druid.pool.DruidDataSource   : {dataSource-1} inited
2022-08-03 20:10:37.739  INFO 12460 --- [main] o.s.b.a.w.s.WelcomePageHandlerMapping    : Adding welcome page: class path resource [static/index.html]
2022-08-03 20:10:37.978  INFO 12460 --- [main] o.s.s.web.DefaultSecurityFilterChain     : Will secure any request with [org.springframework.security.web.session.DisableEncodeUrlFilter@736b21ee, org.springframework.security.web.context.request.async.WebAsyncManagerIntegrationFilter@60deefed, org.springframework.security.web.context.SecurityContextPersistenceFilter@11e71181, org.springframework.security.web.header.HeaderWriterFilter@4faf1f4, org.springframework.security.web.csrf.CsrfFilter@9b2dc56, org.springframework.security.web.authentication.logout.LogoutFilter@9690008, org.springframework.security.web.authentication.UsernamePasswordAuthenticationFilter@42cf6349, org.springframework.security.web.savedrequest.RequestCacheAwareFilter@222acad, org.springframework.security.web.servletapi.SecurityContextHolderAwareRequestFilter@781654f8, org.springframework.security.web.authentication.rememberme.RememberMeAuthenticationFilter@62ea8931, org.springframework.security.web.authentication.AnonymousAuthenticationFilter@49754e74, org.springframework.security.web.session.SessionManagementFilter@7f2b584b, org.springframework.security.web.access.ExceptionTranslationFilter@76a9a009, org.springframework.security.web.access.intercept.FilterSecurityInterceptor@2b0454d2]
2022-08-03 20:10:38.037  INFO 12460 --- [main] o.s.b.w.embedded.tomcat.TomcatWebServer  : Tomcat started on port(s): 8080 (http) with context path ''
2022-08-03 20:10:38.049  INFO 12460 --- [main] m.s.SpringSecurityDemoApplication        : Started SpringSecurityDemoApplication in 2.239 seconds (JVM running for 2.731)
2022-08-03 20:10:41.614  INFO 12460 --- [http-nio-8080-exec-1] o.a.c.c.C.[Tomcat].[localhost].[/]       : Initializing Spring DispatcherServlet 'dispatcherServlet'
2022-08-03 20:10:41.614  INFO 12460 --- [http-nio-8080-exec-1] o.s.web.servlet.DispatcherServlet        : Initializing Servlet 'dispatcherServlet'
2022-08-03 20:10:41.615  INFO 12460 --- [http-nio-8080-exec-1] o.s.web.servlet.DispatcherServlet        : Completed initialization in 1 ms
2022-08-03 20:12:02.512  INFO 12460 --- [SpringApplicationShutdownHook] com.alibaba.druid.pool.DruidDataSource   : {dataSource-1} closing ...
2022-08-03 20:12:02.513  INFO 12460 --- [SpringApplicationShutdownHook] com.alibaba.druid.pool.DruidDataSource   : {dataSource-1} closed
2022-08-03 20:12:09.364  INFO 1892 --- [main] m.s.SpringSecurityDemoApplication        : Starting SpringSecurityDemoApplication using Java 16.0.2 on mao with PID 1892 (H:\程序\大三暑假\springSecurity_demo\target\classes started by mao in H:\程序\大三暑假\springSecurity_demo)
2022-08-03 20:12:09.366 DEBUG 1892 --- [main] m.s.SpringSecurityDemoApplication        : Running with Spring Boot v2.7.2, Spring v5.3.22
2022-08-03 20:12:09.367  INFO 1892 --- [main] m.s.SpringSecurityDemoApplication        : The following 1 profile is active: "dev"
2022-08-03 20:12:10.288  INFO 1892 --- [main] o.s.b.w.embedded.tomcat.TomcatWebServer  : Tomcat initialized with port(s): 8080 (http)
2022-08-03 20:12:10.297  INFO 1892 --- [main] o.apache.catalina.core.StandardService   : Starting service [Tomcat]
2022-08-03 20:12:10.297  INFO 1892 --- [main] org.apache.catalina.core.StandardEngine  : Starting Servlet engine: [Apache Tomcat/9.0.65]
2022-08-03 20:12:10.416  INFO 1892 --- [main] o.a.c.c.C.[Tomcat].[localhost].[/]       : Initializing Spring embedded WebApplicationContext
