2022-08-03 20:12:10.417  INFO 1892 --- [main] w.s.c.ServletWebServerApplicationContext : Root WebApplicationContext: initialization completed in 1018 ms
2022-08-03 20:12:10.488  INFO 1892 --- [main] c.a.d.s.b.a.DruidDataSourceAutoConfigure : Init DruidDataSource
2022-08-03 20:12:10.588  INFO 1892 --- [main] com.alibaba.druid.pool.DruidDataSource   : {dataSource-1} inited
2022-08-03 20:12:11.101  INFO 1892 --- [main] o.s.b.a.w.s.WelcomePageHandlerMapping    : Adding welcome page: class path resource [static/index.html]
2022-08-03 20:12:11.378  INFO 1892 --- [main] o.s.s.web.DefaultSecurityFilterChain     : Will secure any request with [org.springframework.security.web.session.DisableEncodeUrlFilter@7ae590f6, org.springframework.security.web.context.request.async.WebAsyncManagerIntegrationFilter@7ab63838, org.springframework.security.web.context.SecurityContextPersistenceFilter@7f2b39a, org.springframework.security.web.header.HeaderWriterFilter@49b89425, org.springframework.security.web.csrf.CsrfFilter@409732fb, org.springframework.security.web.authentication.logout.LogoutFilter@24e5389c, org.springframework.security.web.authentication.UsernamePasswordAuthenticationFilter@3b170235, org.springframework.security.web.savedrequest.RequestCacheAwareFilter@760f1081, org.springframework.security.web.servletapi.SecurityContextHolderAwareRequestFilter@dada335, org.springframework.security.web.authentication.rememberme.RememberMeAuthenticationFilter@4b4814d0, org.springframework.security.web.authentication.AnonymousAuthenticationFilter@4e974b9e, org.springframework.security.web.session.SessionManagementFilter@5345dfe8, org.springframework.security.web.access.ExceptionTranslationFilter@71b97eeb, org.springframework.security.web.access.intercept.FilterSecurityInterceptor@2eb1c615]
2022-08-03 20:12:11.446  INFO 1892 --- [main] o.s.b.w.embedded.tomcat.TomcatWebServer  : Tomcat started on port(s): 8080 (http) with context path ''
2022-08-03 20:12:11.455  INFO 1892 --- [main] m.s.SpringSecurityDemoApplication        : Started SpringSecurityDemoApplication in 2.43 seconds (JVM running for 2.928)
2022-08-03 20:12:13.117  INFO 1892 --- [SpringApplicationShutdownHook] com.alibaba.druid.pool.DruidDataSource   : {dataSource-1} closing ...
2022-08-03 20:12:13.119  INFO 1892 --- [SpringApplicationShutdownHook] com.alibaba.druid.pool.DruidDataSource   : {dataSource-1} closed
2022-08-03 20:12:15.887  INFO 19832 --- [main] m.s.SpringSecurityDemoApplication        : Starting SpringSecurityDemoApplication using Java 16.0.2 on mao with PID 19832 (H:\程序\大三暑假\springSecurity_demo\target\classes started by mao in H:\程序\大三暑假\springSecurity_demo)
2022-08-03 20:12:15.889 DEBUG 19832 --- [main] m.s.SpringSecurityDemoApplication        : Running with Spring Boot v2.7.2, Spring v5.3.22
2022-08-03 20:12:15.889  INFO 19832 --- [main] m.s.SpringSecurityDemoApplication        : The following 1 profile is active: "dev"
2022-08-03 20:12:16.760  INFO 19832 --- [main] o.s.b.w.embedded.tomcat.TomcatWebServer  : Tomcat initialized with port(s): 8080 (http)
2022-08-03 20:12:16.767  INFO 19832 --- [main] o.apache.catalina.core.StandardService   : Starting service [Tomcat]
2022-08-03 20:12:16.768  INFO 19832 --- [main] org.apache.catalina.core.StandardEngine  : Starting Servlet engine: [Apache Tomcat/9.0.65]
2022-08-03 20:12:16.856  INFO 19832 --- [main] o.a.c.c.C.[Tomcat].[localhost].[/]       : Initializing Spring embedded WebApplicationContext
2022-08-03 20:12:16.856  INFO 19832 --- [main] w.s.c.ServletWebServerApplicationContext : Root WebApplicationContext: initialization completed in 935 ms
2022-08-03 20:12:16.915  INFO 19832 --- [main] c.a.d.s.b.a.DruidDataSourceAutoConfigure : Init DruidDataSource
2022-08-03 20:12:17.003  INFO 19832 --- [main] com.alibaba.druid.pool.DruidDataSource   : {dataSource-1} inited
2022-08-03 20:12:17.503  INFO 19832 --- [main] o.s.b.a.w.s.WelcomePageHandlerMapping    : Adding welcome page: class path resource [static/index.html]
2022-08-03 20:12:17.787  INFO 19832 --- [main] o.s.s.web.DefaultSecurityFilterChain     : Will secure any request with [org.springframework.security.web.session.DisableEncodeUrlFilter@33d230ce, org.springframework.security.web.context.request.async.WebAsyncManagerIntegrationFilter@35e74e08, org.springframework.security.web.context.SecurityContextPersistenceFilter@49b89425, org.springframework.security.web.header.HeaderWriterFilter@24197b13, org.springframework.security.web.csrf.CsrfFilter@426c0486, org.springframework.security.web.authentication.logout.LogoutFilter@105db94d, org.springframework.security.web.authentication.UsernamePasswordAuthenticationFilter@1d99ee1b, org.springframework.security.web.savedrequest.RequestCacheAwareFilter@5345dfe8, org.springframework.security.web.servletapi.SecurityContextHolderAwareRequestFilter@401e02b4, org.springframework.security.web.authentication.rememberme.RememberMeAuthenticationFilter@2e362407, org.springframework.security.web.authentication.AnonymousAuthenticationFilter@a316f6b, org.springframework.security.web.session.SessionManagementFilter@2776fd8f, org.springframework.security.web.access.ExceptionTranslationFilter@2450256f, org.springframework.security.web.access.intercept.FilterSecurityInterceptor@7a572ea0]
2022-08-03 20:12:17.855  INFO 19832 --- [main] o.s.b.w.embedded.tomcat.TomcatWebServer  : Tomcat started on port(s): 8080 (http) with context path ''
2022-08-03 20:12:17.865  INFO 19832 --- [main] m.s.SpringSecurityDemoApplication        : Started SpringSecurityDemoApplication in 2.317 seconds (JVM running for 2.871)
2022-08-03 20:12:19.416  INFO 19832 --- [SpringApplicationShutdownHook] com.alibaba.druid.pool.DruidDataSource   : {dataSource-1} closing ...
2022-08-03 20:12:19.417  INFO 19832 --- [SpringApplicationShutdownHook] com.alibaba.druid.pool.DruidDataSource   : {dataSource-1} closed
2022-08-03 20:12:21.825  INFO 15908 --- [main] m.s.SpringSecurityDemoApplication        : Starting SpringSecurityDemoApplication using Java 16.0.2 on mao with PID 15908 (H:\程序\大三暑假\springSecurity_demo\target\classes started by mao in H:\程序\大三暑假\springSecurity_demo)
2022-08-03 20:12:21.827 DEBUG 15908 --- [main] m.s.SpringSecurityDemoApplication        : Running with Spring Boot v2.7.2, Spring v5.3.22
2022-08-03 20:12:21.828  INFO 15908 --- [main] m.s.SpringSecurityDemoApplication        : The following 1 profile is active: "dev"
2022-08-03 20:12:22.681  INFO 15908 --- [main] o.s.b.w.embedded.tomcat.TomcatWebServer  : Tomcat initialized with port(s): 8080 (http)
2022-08-03 20:12:22.687  INFO 15908 --- [main] o.apache.catalina.core.StandardService   : Starting service [Tomcat]
2022-08-03 20:12:22.688  INFO 15908 --- [main] org.apache.catalina.core.StandardEngine  : Starting Servlet engine: [Apache Tomcat/9.0.65]
2022-08-03 20:12:22.780  INFO 15908 --- [main] o.a.c.c.C.[Tomcat].[localhost].[/]       : Initializing Spring embedded WebApplicationContext
2022-08-03 20:12:22.780  INFO 15908 --- [main] w.s.c.ServletWebServerApplicationContext : Root WebApplicationContext: initialization completed in 916 ms
2022-08-03 20:12:22.836  INFO 15908 --- [main] c.a.d.s.b.a.DruidDataSourceAutoConfigure : Init DruidDataSource
2022-08-03 20:12:22.935  INFO 15908 --- [main] com.alibaba.druid.pool.DruidDataSource   : {dataSource-1} inited
2022-08-03 20:12:23.454  INFO 15908 --- [main] o.s.b.a.w.s.WelcomePageHandlerMapping    : Adding welcome page: class path resource [static/index.html]
2022-08-03 20:12:23.725  INFO 15908 --- [main] o.s.s.web.DefaultSecurityFilterChain     : Will secure any request with [org.springframework.security.web.session.DisableEncodeUrlFilter@693f2213, org.springframework.security.web.context.request.async.WebAsyncManagerIntegrationFilter@514377fc, org.springframework.security.web.context.SecurityContextPersistenceFilter@b506ed0, org.springframework.security.web.header.HeaderWriterFilter@23ad2d17, org.springframework.security.web.csrf.CsrfFilter@4975dda1, org.springframework.security.web.authentication.logout.LogoutFilter@1c74d19, org.springframework.security.web.authentication.UsernamePasswordAuthenticationFilter@24197b13, org.springframework.security.web.savedrequest.RequestCacheAwareFilter@65f3e805, org.springframework.security.web.servletapi.SecurityContextHolderAwareRequestFilter@5002fde9, org.springframework.security.web.authentication.rememberme.RememberMeAuthenticationFilter@734ce281, org.springframework.security.web.authentication.AnonymousAuthenticationFilter@2e4eda17, org.springframework.security.web.session.SessionManagementFilter@25f0c5e7, org.springframework.security.web.access.ExceptionTranslationFilter@1e92c3b6, org.springframework.security.web.access.intercept.FilterSecurityInterceptor@6818fd48]
2022-08-03 20:12:23.795  INFO 15908 --- [main] o.s.b.w.embedded.tomcat.TomcatWebServer  : Tomcat started on port(s): 8080 (http) with context path ''
2022-08-03 20:12:23.804  INFO 15908 --- [main] m.s.SpringSecurityDemoApplication        : Started SpringSecurityDemoApplication in 2.325 seconds (JVM running for 2.83)
2022-08-03 20:12:26.152  INFO 15908 --- [http-nio-8080-exec-1] o.a.c.c.C.[Tomcat].[localhost].[/]       : Initializing Spring DispatcherServlet 'dispatcherServlet'
2022-08-03 20:12:26.152  INFO 15908 --- [http-nio-8080-exec-1] o.s.web.servlet.DispatcherServlet        : Initializing Servlet 'dispatcherServlet'
2022-08-03 20:12:26.153  INFO 15908 --- [http-nio-8080-exec-1] o.s.web.servlet.DispatcherServlet        : Completed initialization in 1 ms
2022-08-03 20:18:31.984  INFO 15908 --- [SpringApplicationShutdownHook] com.alibaba.druid.pool.DruidDataSource   : {dataSource-1} closing ...
2022-08-03 20:18:31.986  INFO 15908 --- [SpringApplicationShutdownHook] com.alibaba.druid.pool.DruidDataSource   : {dataSource-1} closed
2022-08-03 20:18:38.068  INFO 20428 --- [main] m.s.SpringSecurityDemoApplication        : Starting SpringSecurityDemoApplication using Java 16.0.2 on mao with PID 20428 (H:\程序\大三暑假\springSecurity_demo\target\classes started by mao in H:\程序\大三暑假\springSecurity_demo)
2022-08-03 20:18:38.070 DEBUG 20428 --- [main] m.s.SpringSecurityDemoApplication        : Running with Spring Boot v2.7.2, Spring v5.3.22
2022-08-03 20:18:38.070  INFO 20428 --- [main] m.s.SpringSecurityDemoApplication        : The following 1 profile is active: "dev"
2022-08-03 20:18:38.934  INFO 20428 --- [main] o.s.b.w.embedded.tomcat.TomcatWebServer  : Tomcat initialized with port(s): 8080 (http)
2022-08-03 20:18:38.942  INFO 20428 --- [main] o.apache.catalina.core.StandardService   : Starting service [Tomcat]
2022-08-03 20:18:38.942  INFO 20428 --- [main] org.apache.catalina.core.StandardEngine  : Starting Servlet engine: [Apache Tomcat/9.0.65]
2022-08-03 20:18:39.029  INFO 20428 --- [main] o.a.c.c.C.[Tomcat].[localhost].[/]       : Initializing Spring embedded WebApplicationContext
2022-08-03 20:18:39.029  INFO 20428 --- [main] w.s.c.ServletWebServerApplicationContext : Root WebApplicationContext: initialization completed in 922 ms
2022-08-03 20:18:39.089  INFO 20428 --- [main] c.a.d.s.b.a.DruidDataSourceAutoConfigure : Init DruidDataSource
2022-08-03 20:18:39.184  INFO 20428 --- [main] com.alibaba.druid.pool.DruidDataSource   : {dataSource-1} inited
2022-08-03 20:18:39.697  INFO 20428 --- [main] o.s.b.a.w.s.WelcomePageHandlerMapping    : Adding welcome page: class path resource [static/index.html]
2022-08-03 20:18:39.961  INFO 20428 --- [main] o.s.s.web.DefaultSecurityFilterChain     : Will secure any request with [org.springframework.security.web.session.DisableEncodeUrlFilter@59e7564b, org.springframework.security.web.context.request.async.WebAsyncManagerIntegrationFilter@482ba4b1, org.springframework.security.web.context.SecurityContextPersistenceFilter@267891bf, org.springframework.security.web.header.HeaderWriterFilter@4b4814d0, org.springframework.security.web.csrf.CsrfFilter@53feeac9, org.springframework.security.web.authentication.logout.LogoutFilter@7af1d072, org.springframework.security.web.authentication.UsernamePasswordAuthenticationFilter@27ffd9f8, org.springframework.security.web.savedrequest.RequestCacheAwareFilter@111a7973, org.springframework.security.web.servletapi.SecurityContextHolderAwareRequestFilter@15369d73, org.springframework.security.web.authentication.rememberme.RememberMeAuthenticationFilter@17216605, org.springframework.security.web.authentication.AnonymousAuthenticationFilter@307af381, org.springframework.security.web.session.SessionManagementFilter@54326e9, org.springframework.security.web.access.ExceptionTranslationFilter@3b170235, org.springframework.security.web.access.intercept.FilterSecurityInterceptor@53d30d23]
2022-08-03 20:18:40.028  INFO 20428 --- [main] o.s.b.w.embedded.tomcat.TomcatWebServer  : Tomcat started on port(s): 8080 (http) with context path ''
2022-08-03 20:18:40.038  INFO 20428 --- [main] m.s.SpringSecurityDemoApplication        : Started SpringSecurityDemoApplication in 2.313 seconds (JVM running for 2.856)
2022-08-03 20:18:58.660  INFO 20428 --- [http-nio-8080-exec-1] o.a.c.c.C.[Tomcat].[localhost].[/]       : Initializing Spring DispatcherServlet 'dispatcherServlet'
2022-08-03 20:18:58.660  INFO 20428 --- [http-nio-8080-exec-1] o.s.web.servlet.DispatcherServlet        : Initializing Servlet 'dispatcherServlet'
2022-08-03 20:18:58.661  INFO 20428 --- [http-nio-8080-exec-1] o.s.web.servlet.DispatcherServlet        : Completed initialization in 1 ms
2022-08-03 20:22:22.776  INFO 20428 --- [SpringApplicationShutdownHook] com.alibaba.druid.pool.DruidDataSource   : {dataSource-1} closing ...
2022-08-03 20:22:22.777  INFO 20428 --- [SpringApplicationShutdownHook] com.alibaba.druid.pool.DruidDataSource   : {dataSource-1} closed
2022-08-03 20:22:26.298  INFO 14480 --- [main] m.s.SpringSecurityDemoApplication        : Starting SpringSecurityDemoApplication using Java 16.0.2 on mao with PID 14480 (H:\程序\大三暑假\springSecurity_demo\target\classes started by mao in H:\程序\大三暑假\springSecurity_demo)
2022-08-03 20:22:26.300 DEBUG 14480 --- [main] m.s.SpringSecurityDemoApplication        : Running with Spring Boot v2.7.2, Spring v5.3.22
2022-08-03 20:22:26.301  INFO 14480 --- [main] m.s.SpringSecurityDemoApplication        : The following 1 profile is active: "dev"
2022-08-03 20:22:27.153  INFO 14480 --- [main] o.s.b.w.embedded.tomcat.TomcatWebServer  : Tomcat initialized with port(s): 8080 (http)
2022-08-03 20:22:27.160  INFO 14480 --- [main] o.apache.catalina.core.StandardService   : Starting service [Tomcat]
2022-08-03 20:22:27.160  INFO 14480 --- [main] org.apache.catalina.core.StandardEngine  : Starting Servlet engine: [Apache Tomcat/9.0.65]
2022-08-03 20:22:27.248  INFO 14480 --- [main] o.a.c.c.C.[Tomcat].[localhost].[/]       : Initializing Spring embedded WebApplicationContext
2022-08-03 20:22:27.248  INFO 14480 --- [main] w.s.c.ServletWebServerApplicationContext : Root WebApplicationContext: initialization completed in 915 ms
2022-08-03 20:22:27.308  INFO 14480 --- [main] c.a.d.s.b.a.DruidDataSourceAutoConfigure : Init DruidDataSource
2022-08-03 20:22:27.401  INFO 14480 --- [main] com.alibaba.druid.pool.DruidDataSource   : {dataSource-1} inited
2022-08-03 20:22:27.903  INFO 14480 --- [main] o.s.b.a.w.s.WelcomePageHandlerMapping    : Adding welcome page: class path resource [static/index.html]
2022-08-03 20:22:28.178  INFO 14480 --- [main] o.s.s.web.DefaultSecurityFilterChain     : Will secure any request with [org.springframework.security.web.session.DisableEncodeUrlFilter@59e7564b, org.springframework.security.web.context.request.async.WebAsyncManagerIntegrationFilter@482ba4b1, org.springframework.security.web.context.SecurityContextPersistenceFilter@267891bf, org.springframework.security.web.header.HeaderWriterFilter@4b4814d0, org.springframework.security.web.csrf.CsrfFilter@53feeac9, org.springframework.security.web.authentication.logout.LogoutFilter@7af1d072, org.springframework.security.web.authentication.UsernamePasswordAuthenticationFilter@27ffd9f8, org.springframework.security.web.savedrequest.RequestCacheAwareFilter@111a7973, org.springframework.security.web.servletapi.SecurityContextHolderAwareRequestFilter@15369d73, org.springframework.security.web.authentication.rememberme.RememberMeAuthenticationFilter@17216605, org.springframework.security.web.authentication.AnonymousAuthenticationFilter@307af381, org.springframework.security.web.session.SessionManagementFilter@54326e9, org.springframework.security.web.access.ExceptionTranslationFilter@3b170235, org.springframework.security.web.access.intercept.FilterSecurityInterceptor@53d30d23]
2022-08-03 20:22:28.248  INFO 14480 --- [main] o.s.b.w.embedded.tomcat.TomcatWebServer  : Tomcat started on port(s): 8080 (http) with context path ''
