2022-08-03 21:10:24.906  INFO 13068 --- [http-nio-8080-exec-2] o.s.web.servlet.DispatcherServlet        : Initializing Servlet 'dispatcherServlet'
2022-08-03 21:10:24.908  INFO 13068 --- [http-nio-8080-exec-2] o.s.web.servlet.DispatcherServlet        : Completed initialization in 0 ms
2022-08-03 21:10:24.975 DEBUG 13068 --- [http-nio-8080-exec-1] m.s.controller.PageController            : IP:0:0:0:0:0:0:0:1 get login page
2022-08-03 21:10:29.934 DEBUG 13068 --- [http-nio-8080-exec-5] m.s.service.AdministratorsLoginService   : 进入AdministratorsLoginService
2022-08-03 21:10:30.180 DEBUG 13068 --- [http-nio-8080-exec-5] m.s.m.A.selectList                       : ==>  Preparing: SELECT administrator_no,administrator_password FROM administrators_password WHERE (administrator_no = ?)
2022-08-03 21:10:30.196 DEBUG 13068 --- [http-nio-8080-exec-5] m.s.m.A.selectList                       : ==> Parameters: 10001(Long)
2022-08-03 21:10:30.210 DEBUG 13068 --- [http-nio-8080-exec-5] m.s.m.A.selectList                       : <==      Total: 1
2022-08-03 21:11:02.327  INFO 13068 --- [SpringApplicationShutdownHook] com.alibaba.druid.pool.DruidDataSource   : {dataSource-1} closing ...
2022-08-03 21:11:02.330  INFO 13068 --- [SpringApplicationShutdownHook] com.alibaba.druid.pool.DruidDataSource   : {dataSource-1} closed
2022-08-03 21:11:04.458  INFO 10020 --- [main] m.s.SpringSecurityDemoApplication        : Starting SpringSecurityDemoApplication using Java 16.0.2 on mao with PID 10020 (H:\程序\大三暑假\springSecurity_demo\target\classes started by mao in H:\程序\大三暑假\springSecurity_demo)
2022-08-03 21:11:04.460 DEBUG 10020 --- [main] m.s.SpringSecurityDemoApplication        : Running with Spring Boot v2.7.2, Spring v5.3.22
2022-08-03 21:11:04.461  INFO 10020 --- [main] m.s.SpringSecurityDemoApplication        : The following 1 profile is active: "dev"
2022-08-03 21:11:05.322  INFO 10020 --- [main] o.s.b.w.embedded.tomcat.TomcatWebServer  : Tomcat initialized with port(s): 8080 (http)
2022-08-03 21:11:05.329  INFO 10020 --- [main] o.apache.catalina.core.StandardService   : Starting service [Tomcat]
2022-08-03 21:11:05.329  INFO 10020 --- [main] org.apache.catalina.core.StandardEngine  : Starting Servlet engine: [Apache Tomcat/9.0.65]
2022-08-03 21:11:05.415  INFO 10020 --- [main] o.a.c.c.C.[Tomcat].[localhost].[/]       : Initializing Spring embedded WebApplicationContext
2022-08-03 21:11:05.415  INFO 10020 --- [main] w.s.c.ServletWebServerApplicationContext : Root WebApplicationContext: initialization completed in 919 ms
2022-08-03 21:11:05.477  INFO 10020 --- [main] c.a.d.s.b.a.DruidDataSourceAutoConfigure : Init DruidDataSource
2022-08-03 21:11:05.567  INFO 10020 --- [main] com.alibaba.druid.pool.DruidDataSource   : {dataSource-1} inited
2022-08-03 21:11:06.062  INFO 10020 --- [main] o.s.b.a.w.s.WelcomePageHandlerMapping    : Adding welcome page: class path resource [static/index.html]
2022-08-03 21:11:06.321  INFO 10020 --- [main] o.s.s.web.DefaultSecurityFilterChain     : Will secure any request with [org.springframework.security.web.session.DisableEncodeUrlFilter@59e7564b, org.springframework.security.web.context.request.async.WebAsyncManagerIntegrationFilter@482ba4b1, org.springframework.security.web.context.SecurityContextPersistenceFilter@267891bf, org.springframework.security.web.header.HeaderWriterFilter@4b4814d0, org.springframework.security.web.csrf.CsrfFilter@53feeac9, org.springframework.security.web.authentication.logout.LogoutFilter@7af1d072, org.springframework.security.web.authentication.UsernamePasswordAuthenticationFilter@27ffd9f8, org.springframework.security.web.savedrequest.RequestCacheAwareFilter@111a7973, org.springframework.security.web.servletapi.SecurityContextHolderAwareRequestFilter@15369d73, org.springframework.security.web.authentication.rememberme.RememberMeAuthenticationFilter@17216605, org.springframework.security.web.authentication.AnonymousAuthenticationFilter@307af381, org.springframework.security.web.session.SessionManagementFilter@54326e9, org.springframework.security.web.access.ExceptionTranslationFilter@3b170235, org.springframework.security.web.access.intercept.FilterSecurityInterceptor@53d30d23]
2022-08-03 21:11:06.386  INFO 10020 --- [main] o.s.b.w.embedded.tomcat.TomcatWebServer  : Tomcat started on port(s): 8080 (http) with context path ''
2022-08-03 21:11:06.396  INFO 10020 --- [main] m.s.SpringSecurityDemoApplication        : Started SpringSecurityDemoApplication in 2.266 seconds (JVM running for 2.752)
2022-08-03 21:11:09.678  INFO 10020 --- [http-nio-8080-exec-3] o.a.c.c.C.[Tomcat].[localhost].[/]       : Initializing Spring DispatcherServlet 'dispatcherServlet'
2022-08-03 21:11:09.678  INFO 10020 --- [http-nio-8080-exec-3] o.s.web.servlet.DispatcherServlet        : Initializing Servlet 'dispatcherServlet'
2022-08-03 21:11:09.679  INFO 10020 --- [http-nio-8080-exec-3] o.s.web.servlet.DispatcherServlet        : Completed initialization in 1 ms
2022-08-03 21:11:09.747 DEBUG 10020 --- [http-nio-8080-exec-1] m.s.controller.PageController            : IP:0:0:0:0:0:0:0:1 get login page
2022-08-03 21:11:14.624 DEBUG 10020 --- [http-nio-8080-exec-5] m.s.service.AdministratorsLoginService   : 进入AdministratorsLoginService
2022-08-03 21:11:14.882 DEBUG 10020 --- [http-nio-8080-exec-5] m.s.m.A.selectList                       : ==>  Preparing: SELECT administrator_no,administrator_password FROM administrators_password WHERE (administrator_no = ?)
2022-08-03 21:11:14.900 DEBUG 10020 --- [http-nio-8080-exec-5] m.s.m.A.selectList                       : ==> Parameters: 10001(Long)
2022-08-03 21:11:14.916 DEBUG 10020 --- [http-nio-8080-exec-5] m.s.m.A.selectList                       : <==      Total: 1
2022-08-03 21:11:26.169  WARN 10020 --- [http-nio-8080-exec-2] .w.s.m.s.DefaultHandlerExceptionResolver : Resolved [org.springframework.web.HttpRequestMethodNotSupportedException: Request method 'POST' not supported]
2022-08-03 21:14:06.763  WARN 10020 --- [http-nio-8080-exec-6] .w.s.m.s.DefaultHandlerExceptionResolver : Resolved [org.springframework.web.HttpRequestMethodNotSupportedException: Request method 'POST' not supported]
2022-08-03 21:14:10.046  WARN 10020 --- [http-nio-8080-exec-9] .w.s.m.s.DefaultHandlerExceptionResolver : Resolved [org.springframework.web.HttpRequestMethodNotSupportedException: Request method 'POST' not supported]
2022-08-03 21:14:14.422  WARN 10020 --- [http-nio-8080-exec-3] .w.s.m.s.DefaultHandlerExceptionResolver : Resolved [org.springframework.web.HttpRequestMethodNotSupportedException: Request method 'POST' not supported]
2022-08-03 21:14:17.019  WARN 10020 --- [http-nio-8080-exec-2] .w.s.m.s.DefaultHandlerExceptionResolver : Resolved [org.springframework.web.HttpRequestMethodNotSupportedException: Request method 'POST' not supported]
2022-08-03 21:19:42.790  INFO 10020 --- [SpringApplicationShutdownHook] com.alibaba.druid.pool.DruidDataSource   : {dataSource-1} closing ...
2022-08-03 21:19:42.793  INFO 10020 --- [SpringApplicationShutdownHook] com.alibaba.druid.pool.DruidDataSource   : {dataSource-1} closed
2022-08-03 21:19:45.119  INFO 18556 --- [main] m.s.SpringSecurityDemoApplication        : Starting SpringSecurityDemoApplication using Java 16.0.2 on mao with PID 18556 (H:\程序\大三暑假\springSecurity_demo\target\classes started by mao in H:\程序\大三暑假\springSecurity_demo)
2022-08-03 21:19:45.121 DEBUG 18556 --- [main] m.s.SpringSecurityDemoApplication        : Running with Spring Boot v2.7.2, Spring v5.3.22
2022-08-03 21:19:45.121  INFO 18556 --- [main] m.s.SpringSecurityDemoApplication        : The following 1 profile is active: "dev"
2022-08-03 21:19:46.009  INFO 18556 --- [main] o.s.b.w.embedded.tomcat.TomcatWebServer  : Tomcat initialized with port(s): 8080 (http)
2022-08-03 21:19:46.016  INFO 18556 --- [main] o.apache.catalina.core.StandardService   : Starting service [Tomcat]
2022-08-03 21:19:46.016  INFO 18556 --- [main] org.apache.catalina.core.StandardEngine  : Starting Servlet engine: [Apache Tomcat/9.0.65]
2022-08-03 21:19:46.104  INFO 18556 --- [main] o.a.c.c.C.[Tomcat].[localhost].[/]       : Initializing Spring embedded WebApplicationContext
2022-08-03 21:19:46.104  INFO 18556 --- [main] w.s.c.ServletWebServerApplicationContext : Root WebApplicationContext: initialization completed in 948 ms
2022-08-03 21:19:46.163  INFO 18556 --- [main] c.a.d.s.b.a.DruidDataSourceAutoConfigure : Init DruidDataSource
2022-08-03 21:19:46.257  INFO 18556 --- [main] com.alibaba.druid.pool.DruidDataSource   : {dataSource-1} inited
2022-08-03 21:19:46.787  INFO 18556 --- [main] o.s.b.a.w.s.WelcomePageHandlerMapping    : Adding welcome page: class path resource [static/index.html]
2022-08-03 21:19:47.073  INFO 18556 --- [main] o.s.s.web.DefaultSecurityFilterChain     : Will secure any request with [org.springframework.security.web.session.DisableEncodeUrlFilter@661e1399, org.springframework.security.web.context.request.async.WebAsyncManagerIntegrationFilter@3ffd4b12, org.springframework.security.web.context.SecurityContextPersistenceFilter@24e5389c, org.springframework.security.web.header.HeaderWriterFilter@440ef8d, org.springframework.security.web.csrf.CsrfFilter@6afbe6a1, org.springframework.security.web.authentication.logout.LogoutFilter@693f2213, org.springframework.security.web.authentication.UsernamePasswordAuthenticationFilter@514377fc, org.springframework.security.web.savedrequest.RequestCacheAwareFilter@5e9bf744, org.springframework.security.web.servletapi.SecurityContextHolderAwareRequestFilter@2b441e56, org.springframework.security.web.authentication.rememberme.RememberMeAuthenticationFilter@21d9cd04, org.springframework.security.web.authentication.AnonymousAuthenticationFilter@424f02b8, org.springframework.security.web.session.SessionManagementFilter@8f2e3e6, org.springframework.security.web.access.ExceptionTranslationFilter@167a21b, org.springframework.security.web.access.intercept.FilterSecurityInterceptor@5c82031b]
2022-08-03 21:19:47.153  INFO 18556 --- [main] o.s.b.w.embedded.tomcat.TomcatWebServer  : Tomcat started on port(s): 8080 (http) with context path ''
2022-08-03 21:19:47.163  INFO 18556 --- [main] m.s.SpringSecurityDemoApplication        : Started SpringSecurityDemoApplication in 2.382 seconds (JVM running for 2.921)
2022-08-03 21:20:06.209  INFO 18556 --- [http-nio-8080-exec-1] o.a.c.c.C.[Tomcat].[localhost].[/]       : Initializing Spring DispatcherServlet 'dispatcherServlet'
2022-08-03 21:20:06.209  INFO 18556 --- [http-nio-8080-exec-1] o.s.web.servlet.DispatcherServlet        : Initializing Servlet 'dispatcherServlet'
2022-08-03 21:20:06.210  INFO 18556 --- [http-nio-8080-exec-1] o.s.web.servlet.DispatcherServlet        : Completed initialization in 1 ms
2022-08-03 21:20:06.280 DEBUG 18556 --- [http-nio-8080-exec-2] m.s.controller.PageController            : IP:0:0:0:0:0:0:0:1 get login page
2022-08-03 21:20:11.377 DEBUG 18556 --- [http-nio-8080-exec-5] m.s.service.AdministratorsLoginService   : 进入AdministratorsLoginService
2022-08-03 21:20:11.631 DEBUG 18556 --- [http-nio-8080-exec-5] m.s.m.A.selectList                       : ==>  Preparing: SELECT administrator_no,administrator_password FROM administrators_password WHERE (administrator_no = ?)
2022-08-03 21:20:11.652 DEBUG 18556 --- [http-nio-8080-exec-5] m.s.m.A.selectList                       : ==> Parameters: 10001(Long)
2022-08-03 21:20:11.666 DEBUG 18556 --- [http-nio-8080-exec-5] m.s.m.A.selectList                       : <==      Total: 1
2022-08-03 21:20:14.174  WARN 18556 --- [http-nio-8080-exec-7] .w.s.m.s.DefaultHandlerExceptionResolver : Resolved [org.springframework.web.HttpRequestMethodNotSupportedException: Request method 'POST' not supported]
2022-08-03 21:20:45.672  INFO 18556 --- [SpringApplicationShutdownHook] com.alibaba.druid.pool.DruidDataSource   : {dataSource-1} closing ...
2022-08-03 21:20:45.675  INFO 18556 --- [SpringApplicationShutdownHook] com.alibaba.druid.pool.DruidDataSource   : {dataSource-1} closed
2022-08-03 21:20:48.153  INFO 19528 --- [main] m.s.SpringSecurityDemoApplication        : Starting SpringSecurityDemoApplication using Java 16.0.2 on mao with PID 19528 (H:\程序\大三暑假\springSecurity_demo\target\classes started by mao in H:\程序\大三暑假\springSecurity_demo)
2022-08-03 21:20:48.155 DEBUG 19528 --- [main] m.s.SpringSecurityDemoApplication        : Running with Spring Boot v2.7.2, Spring v5.3.22
2022-08-03 21:20:48.155  INFO 19528 --- [main] m.s.SpringSecurityDemoApplication        : The following 1 profile is active: "dev"
2022-08-03 21:20:49.001  INFO 19528 --- [main] o.s.b.w.embedded.tomcat.TomcatWebServer  : Tomcat initialized with port(s): 8080 (http)
2022-08-03 21:20:49.008  INFO 19528 --- [main] o.apache.catalina.core.StandardService   : Starting service [Tomcat]
2022-08-03 21:20:49.008  INFO 19528 --- [main] org.apache.catalina.core.StandardEngine  : Starting Servlet engine: [Apache Tomcat/9.0.65]
2022-08-03 21:20:49.101  INFO 19528 --- [main] o.a.c.c.C.[Tomcat].[localhost].[/]       : Initializing Spring embedded WebApplicationContext
2022-08-03 21:20:49.102  INFO 19528 --- [main] w.s.c.ServletWebServerApplicationContext : Root WebApplicationContext: initialization completed in 914 ms
2022-08-03 21:20:49.156  INFO 19528 --- [main] c.a.d.s.b.a.DruidDataSourceAutoConfigure : Init DruidDataSource
2022-08-03 21:20:49.248  INFO 19528 --- [main] com.alibaba.druid.pool.DruidDataSource   : {dataSource-1} inited
2022-08-03 21:20:49.746  INFO 19528 --- [main] o.s.b.a.w.s.WelcomePageHandlerMapping    : Adding welcome page: class path resource [static/index.html]
2022-08-03 21:20:50.007  INFO 19528 --- [main] o.s.s.web.DefaultSecurityFilterChain     : Will secure any request with [org.springframework.security.web.session.DisableEncodeUrlFilter@6793f752, org.springframework.security.web.context.request.async.WebAsyncManagerIntegrationFilter@1216eb3f, org.springframework.security.web.context.SecurityContextPersistenceFilter@20216016, org.springframework.security.web.header.HeaderWriterFilter@45e140ae, org.springframework.security.web.csrf.CsrfFilter@dada335, org.springframework.security.web.authentication.logout.LogoutFilter@159ac15f, org.springframework.security.web.authentication.UsernamePasswordAuthenticationFilter@7ac48f05, org.springframework.security.web.savedrequest.RequestCacheAwareFilter@267891bf, org.springframework.security.web.servletapi.SecurityContextHolderAwareRequestFilter@25699aa7, org.springframework.security.web.authentication.rememberme.RememberMeAuthenticationFilter@3ace6346, org.springframework.security.web.authentication.AnonymousAuthenticationFilter@59e7564b, org.springframework.security.web.session.SessionManagementFilter@4b4814d0, org.springframework.security.web.access.ExceptionTranslationFilter@6c8efde4, org.springframework.security.web.access.intercept.FilterSecurityInterceptor@3cc3f13e]
2022-08-03 21:20:50.072  INFO 19528 --- [main] o.s.b.w.embedded.tomcat.TomcatWebServer  : Tomcat started on port(s): 8080 (http) with context path ''
2022-08-03 21:20:50.082  INFO 19528 --- [main] m.s.SpringSecurityDemoApplication        : Started SpringSecurityDemoApplication in 2.252 seconds (JVM running for 2.754)
2022-08-03 21:20:52.744  INFO 19528 --- [http-nio-8080-exec-1] o.a.c.c.C.[Tomcat].[localhost].[/]       : Initializing Spring DispatcherServlet 'dispatcherServlet'
2022-08-03 21:20:52.744  INFO 19528 --- [http-nio-8080-exec-1] o.s.web.servlet.DispatcherServlet        : Initializing Servlet 'dispatcherServlet'
2022-08-03 21:20:52.745  INFO 19528 --- [http-nio-8080-exec-1] o.s.web.servlet.DispatcherServlet        : Completed initialization in 0 ms
2022-08-03 21:20:52.814 DEBUG 19528 --- [http-nio-8080-exec-2] m.s.controller.PageController            : IP:0:0:0:0:0:0:0:1 get login page
2022-08-03 21:20:58.987 DEBUG 19528 --- [http-nio-8080-exec-5] m.s.service.AdministratorsLoginService   : 进入AdministratorsLoginService
2022-08-03 21:20:59.237 DEBUG 19528 --- [http-nio-8080-exec-5] m.s.m.A.selectList                       : ==>  Preparing: SELECT administrator_no,administrator_password FROM administrators_password WHERE (administrator_no = ?)
2022-08-03 21:20:59.259 DEBUG 19528 --- [http-nio-8080-exec-5] m.s.m.A.selectList                       : ==> Parameters: 10001(Long)
