2022-08-03 21:20:59.274 DEBUG 19528 --- [http-nio-8080-exec-5] m.s.m.A.selectList                       : <==      Total: 1
2022-08-03 21:21:01.249  WARN 19528 --- [http-nio-8080-exec-7] .w.s.m.s.DefaultHandlerExceptionResolver : Resolved [org.springframework.web.HttpRequestMethodNotSupportedException: Request method 'PUT' not supported]
2022-08-03 21:21:03.579  WARN 19528 --- [http-nio-8080-exec-8] .w.s.m.s.DefaultHandlerExceptionResolver : Resolved [org.springframework.web.HttpRequestMethodNotSupportedException: Request method 'PUT' not supported]
2022-08-03 21:21:24.009  INFO 19528 --- [SpringApplicationShutdownHook] com.alibaba.druid.pool.DruidDataSource   : {dataSource-1} closing ...
2022-08-03 21:21:24.013  INFO 19528 --- [SpringApplicationShutdownHook] com.alibaba.druid.pool.DruidDataSource   : {dataSource-1} closed
2022-08-03 21:21:26.485  INFO 6364 --- [main] m.s.SpringSecurityDemoApplication        : Starting SpringSecurityDemoApplication using Java 16.0.2 on mao with PID 6364 (H:\程序\大三暑假\springSecurity_demo\target\classes started by mao in H:\程序\大三暑假\springSecurity_demo)
2022-08-03 21:21:26.488 DEBUG 6364 --- [main] m.s.SpringSecurityDemoApplication        : Running with Spring Boot v2.7.2, Spring v5.3.22
2022-08-03 21:21:26.488  INFO 6364 --- [main] m.s.SpringSecurityDemoApplication        : The following 1 profile is active: "dev"
2022-08-03 21:21:27.318  INFO 6364 --- [main] o.s.b.w.embedded.tomcat.TomcatWebServer  : Tomcat initialized with port(s): 8080 (http)
2022-08-03 21:21:27.325  INFO 6364 --- [main] o.apache.catalina.core.StandardService   : Starting service [Tomcat]
2022-08-03 21:21:27.325  INFO 6364 --- [main] org.apache.catalina.core.StandardEngine  : Starting Servlet engine: [Apache Tomcat/9.0.65]
2022-08-03 21:21:27.409  INFO 6364 --- [main] o.a.c.c.C.[Tomcat].[localhost].[/]       : Initializing Spring embedded WebApplicationContext
2022-08-03 21:21:27.410  INFO 6364 --- [main] w.s.c.ServletWebServerApplicationContext : Root WebApplicationContext: initialization completed in 889 ms
2022-08-03 21:21:27.463  INFO 6364 --- [main] c.a.d.s.b.a.DruidDataSourceAutoConfigure : Init DruidDataSource
2022-08-03 21:21:27.558  INFO 6364 --- [main] com.alibaba.druid.pool.DruidDataSource   : {dataSource-1} inited
2022-08-03 21:21:28.054  INFO 6364 --- [main] o.s.b.a.w.s.WelcomePageHandlerMapping    : Adding welcome page: class path resource [static/index.html]
2022-08-03 21:21:28.312  INFO 6364 --- [main] o.s.s.web.DefaultSecurityFilterChain     : Will secure any request with [org.springframework.security.web.session.DisableEncodeUrlFilter@661e1399, org.springframework.security.web.context.request.async.WebAsyncManagerIntegrationFilter@3ffd4b12, org.springframework.security.web.context.SecurityContextPersistenceFilter@24e5389c, org.springframework.security.web.header.HeaderWriterFilter@440ef8d, org.springframework.security.web.csrf.CsrfFilter@6afbe6a1, org.springframework.security.web.authentication.logout.LogoutFilter@693f2213, org.springframework.security.web.authentication.UsernamePasswordAuthenticationFilter@514377fc, org.springframework.security.web.savedrequest.RequestCacheAwareFilter@5e9bf744, org.springframework.security.web.servletapi.SecurityContextHolderAwareRequestFilter@2b441e56, org.springframework.security.web.authentication.rememberme.RememberMeAuthenticationFilter@21d9cd04, org.springframework.security.web.authentication.AnonymousAuthenticationFilter@424f02b8, org.springframework.security.web.session.SessionManagementFilter@8f2e3e6, org.springframework.security.web.access.ExceptionTranslationFilter@167a21b, org.springframework.security.web.access.intercept.FilterSecurityInterceptor@5c82031b]
2022-08-03 21:21:28.377  INFO 6364 --- [main] o.s.b.w.embedded.tomcat.TomcatWebServer  : Tomcat started on port(s): 8080 (http) with context path ''
2022-08-03 21:21:28.387  INFO 6364 --- [main] m.s.SpringSecurityDemoApplication        : Started SpringSecurityDemoApplication in 2.233 seconds (JVM running for 2.712)
2022-08-03 21:21:30.968  INFO 6364 --- [http-nio-8080-exec-1] o.a.c.c.C.[Tomcat].[localhost].[/]       : Initializing Spring DispatcherServlet 'dispatcherServlet'
2022-08-03 21:21:30.968  INFO 6364 --- [http-nio-8080-exec-1] o.s.web.servlet.DispatcherServlet        : Initializing Servlet 'dispatcherServlet'
2022-08-03 21:21:30.969  INFO 6364 --- [http-nio-8080-exec-1] o.s.web.servlet.DispatcherServlet        : Completed initialization in 1 ms
2022-08-03 21:21:31.200 DEBUG 6364 --- [http-nio-8080-exec-1] m.s.service.AdministratorsLoginService   : 进入AdministratorsLoginService
2022-08-03 21:21:31.249 DEBUG 6364 --- [http-nio-8080-exec-1] m.s.m.A.selectList                       : ==>  Preparing: SELECT administrator_no,administrator_password FROM administrators_password WHERE (administrator_no = ?)
2022-08-03 21:21:31.256 DEBUG 6364 --- [http-nio-8080-exec-1] m.s.m.A.selectList                       : ==> Parameters: 10001(Long)
2022-08-03 21:21:31.264 DEBUG 6364 --- [http-nio-8080-exec-1] m.s.m.A.selectList                       : <==      Total: 1
2022-08-03 21:21:35.747  WARN 6364 --- [http-nio-8080-exec-4] .w.s.m.s.DefaultHandlerExceptionResolver : Resolved [org.springframework.web.HttpRequestMethodNotSupportedException: Request method 'DELETE' not supported]
2022-08-03 21:28:43.534  INFO 6364 --- [SpringApplicationShutdownHook] com.alibaba.druid.pool.DruidDataSource   : {dataSource-1} closing ...
2022-08-03 21:28:43.539  INFO 6364 --- [SpringApplicationShutdownHook] com.alibaba.druid.pool.DruidDataSource   : {dataSource-1} closed
2022-08-03 21:28:46.937  INFO 10616 --- [main] m.s.SpringSecurityDemoApplication        : Starting SpringSecurityDemoApplication using Java 16.0.2 on mao with PID 10616 (H:\程序\大三暑假\springSecurity_demo\target\classes started by mao in H:\程序\大三暑假\springSecurity_demo)
2022-08-03 21:28:46.939 DEBUG 10616 --- [main] m.s.SpringSecurityDemoApplication        : Running with Spring Boot v2.7.2, Spring v5.3.22
2022-08-03 21:28:46.940  INFO 10616 --- [main] m.s.SpringSecurityDemoApplication        : The following 1 profile is active: "dev"
2022-08-03 21:28:47.804  INFO 10616 --- [main] o.s.b.w.embedded.tomcat.TomcatWebServer  : Tomcat initialized with port(s): 8080 (http)
2022-08-03 21:28:47.811  INFO 10616 --- [main] o.apache.catalina.core.StandardService   : Starting service [Tomcat]
2022-08-03 21:28:47.811  INFO 10616 --- [main] org.apache.catalina.core.StandardEngine  : Starting Servlet engine: [Apache Tomcat/9.0.65]
2022-08-03 21:28:47.898  INFO 10616 --- [main] o.a.c.c.C.[Tomcat].[localhost].[/]       : Initializing Spring embedded WebApplicationContext
2022-08-03 21:28:47.898  INFO 10616 --- [main] w.s.c.ServletWebServerApplicationContext : Root WebApplicationContext: initialization completed in 923 ms
2022-08-03 21:28:47.959  INFO 10616 --- [main] c.a.d.s.b.a.DruidDataSourceAutoConfigure : Init DruidDataSource
2022-08-03 21:28:48.054  INFO 10616 --- [main] com.alibaba.druid.pool.DruidDataSource   : {dataSource-1} inited
2022-08-03 21:28:48.567  INFO 10616 --- [main] o.s.b.a.w.s.WelcomePageHandlerMapping    : Adding welcome page: class path resource [static/index.html]
2022-08-03 21:28:48.859  INFO 10616 --- [main] o.s.s.web.DefaultSecurityFilterChain     : Will secure any request with [org.springframework.security.web.session.DisableEncodeUrlFilter@a056b26, org.springframework.security.web.context.request.async.WebAsyncManagerIntegrationFilter@2a5abd3c, org.springframework.security.web.context.SecurityContextPersistenceFilter@105db94d, org.springframework.security.web.header.HeaderWriterFilter@3c33fcf8, org.springframework.security.web.csrf.CsrfFilter@59328218, org.springframework.security.web.authentication.logout.LogoutFilter@1a2773a8, org.springframework.security.web.authentication.UsernamePasswordAuthenticationFilter@78b0ec3a, org.springframework.security.web.savedrequest.RequestCacheAwareFilter@3915e7c3, org.springframework.security.web.servletapi.SecurityContextHolderAwareRequestFilter@8f2e3e6, org.springframework.security.web.authentication.rememberme.RememberMeAuthenticationFilter@5a47730c, org.springframework.security.web.authentication.AnonymousAuthenticationFilter@250967f1, org.springframework.security.web.session.SessionManagementFilter@716f94c1, org.springframework.security.web.access.ExceptionTranslationFilter@10e9a5fe, org.springframework.security.web.access.intercept.FilterSecurityInterceptor@370c7cc5]
2022-08-03 21:28:48.932  INFO 10616 --- [main] o.s.b.w.embedded.tomcat.TomcatWebServer  : Tomcat started on port(s): 8080 (http) with context path ''
2022-08-03 21:28:48.943  INFO 10616 --- [main] m.s.SpringSecurityDemoApplication        : Started SpringSecurityDemoApplication in 2.371 seconds (JVM running for 2.87)
2022-08-03 21:28:55.027  INFO 10616 --- [SpringApplicationShutdownHook] com.alibaba.druid.pool.DruidDataSource   : {dataSource-1} closing ...
2022-08-03 21:28:55.028  INFO 10616 --- [SpringApplicationShutdownHook] com.alibaba.druid.pool.DruidDataSource   : {dataSource-1} closed
2022-08-03 21:28:57.627  INFO 12208 --- [main] m.s.SpringSecurityDemoApplication        : Starting SpringSecurityDemoApplication using Java 16.0.2 on mao with PID 12208 (H:\程序\大三暑假\springSecurity_demo\target\classes started by mao in H:\程序\大三暑假\springSecurity_demo)
2022-08-03 21:28:57.629 DEBUG 12208 --- [main] m.s.SpringSecurityDemoApplication        : Running with Spring Boot v2.7.2, Spring v5.3.22
2022-08-03 21:28:57.629  INFO 12208 --- [main] m.s.SpringSecurityDemoApplication        : The following 1 profile is active: "dev"
2022-08-03 21:28:58.483  INFO 12208 --- [main] o.s.b.w.embedded.tomcat.TomcatWebServer  : Tomcat initialized with port(s): 8080 (http)
2022-08-03 21:28:58.490  INFO 12208 --- [main] o.apache.catalina.core.StandardService   : Starting service [Tomcat]
2022-08-03 21:28:58.491  INFO 12208 --- [main] org.apache.catalina.core.StandardEngine  : Starting Servlet engine: [Apache Tomcat/9.0.65]
2022-08-03 21:28:58.586  INFO 12208 --- [main] o.a.c.c.C.[Tomcat].[localhost].[/]       : Initializing Spring embedded WebApplicationContext
2022-08-03 21:28:58.587  INFO 12208 --- [main] w.s.c.ServletWebServerApplicationContext : Root WebApplicationContext: initialization completed in 925 ms
2022-08-03 21:28:58.643  INFO 12208 --- [main] c.a.d.s.b.a.DruidDataSourceAutoConfigure : Init DruidDataSource
2022-08-03 21:28:58.736  INFO 12208 --- [main] com.alibaba.druid.pool.DruidDataSource   : {dataSource-1} inited
2022-08-03 21:28:59.244  INFO 12208 --- [main] o.s.b.a.w.s.WelcomePageHandlerMapping    : Adding welcome page: class path resource [static/index.html]
2022-08-03 21:28:59.523  INFO 12208 --- [main] o.s.s.web.DefaultSecurityFilterChain     : Will secure any request with [org.springframework.security.web.session.DisableEncodeUrlFilter@6793f752, org.springframework.security.web.context.request.async.WebAsyncManagerIntegrationFilter@1216eb3f, org.springframework.security.web.context.SecurityContextPersistenceFilter@20216016, org.springframework.security.web.header.HeaderWriterFilter@45e140ae, org.springframework.security.web.csrf.CsrfFilter@dada335, org.springframework.security.web.authentication.logout.LogoutFilter@159ac15f, org.springframework.security.web.authentication.UsernamePasswordAuthenticationFilter@7ac48f05, org.springframework.security.web.savedrequest.RequestCacheAwareFilter@267891bf, org.springframework.security.web.servletapi.SecurityContextHolderAwareRequestFilter@25699aa7, org.springframework.security.web.authentication.rememberme.RememberMeAuthenticationFilter@3ace6346, org.springframework.security.web.authentication.AnonymousAuthenticationFilter@59e7564b, org.springframework.security.web.session.SessionManagementFilter@4b4814d0, org.springframework.security.web.access.ExceptionTranslationFilter@6c8efde4, org.springframework.security.web.access.intercept.FilterSecurityInterceptor@3cc3f13e]
2022-08-03 21:28:59.591  INFO 12208 --- [main] o.s.b.w.embedded.tomcat.TomcatWebServer  : Tomcat started on port(s): 8080 (http) with context path ''
2022-08-03 21:28:59.602  INFO 12208 --- [main] m.s.SpringSecurityDemoApplication        : Started SpringSecurityDemoApplication in 2.308 seconds (JVM running for 2.805)
2022-08-03 21:29:10.022  INFO 12208 --- [http-nio-8080-exec-1] o.a.c.c.C.[Tomcat].[localhost].[/]       : Initializing Spring DispatcherServlet 'dispatcherServlet'
2022-08-03 21:29:10.023  INFO 12208 --- [http-nio-8080-exec-1] o.s.web.servlet.DispatcherServlet        : Initializing Servlet 'dispatcherServlet'
2022-08-03 21:29:10.023  INFO 12208 --- [http-nio-8080-exec-1] o.s.web.servlet.DispatcherServlet        : Completed initialization in 0 ms
2022-08-03 21:29:10.273 DEBUG 12208 --- [http-nio-8080-exec-1] m.s.service.AdministratorsLoginService   : 进入AdministratorsLoginService
2022-08-03 21:29:10.329 DEBUG 12208 --- [http-nio-8080-exec-1] m.s.m.A.selectList                       : ==>  Preparing: SELECT administrator_no,administrator_password FROM administrators_password WHERE (administrator_no = ?)
2022-08-03 21:29:10.336 DEBUG 12208 --- [http-nio-8080-exec-1] m.s.m.A.selectList                       : ==> Parameters: 10001(Long)
2022-08-03 21:29:10.345 DEBUG 12208 --- [http-nio-8080-exec-1] m.s.m.A.selectList                       : <==      Total: 1
2022-08-03 21:29:11.936  WARN 12208 --- [http-nio-8080-exec-2] .w.s.m.s.DefaultHandlerExceptionResolver : Resolved [org.springframework.web.HttpRequestMethodNotSupportedException: Request method 'PUT' not supported]
2022-08-03 21:29:14.447  WARN 12208 --- [http-nio-8080-exec-3] .w.s.m.s.DefaultHandlerExceptionResolver : Resolved [org.springframework.web.HttpRequestMethodNotSupportedException: Request method 'PUT' not supported]
2022-08-03 21:29:36.903  INFO 12208 --- [SpringApplicationShutdownHook] com.alibaba.druid.pool.DruidDataSource   : {dataSource-1} closing ...
2022-08-03 21:29:36.906  INFO 12208 --- [SpringApplicationShutdownHook] com.alibaba.druid.pool.DruidDataSource   : {dataSource-1} closed
2022-08-03 21:29:39.336  INFO 13764 --- [main] m.s.SpringSecurityDemoApplication        : Starting SpringSecurityDemoApplication using Java 16.0.2 on mao with PID 13764 (H:\程序\大三暑假\springSecurity_demo\target\classes started by mao in H:\程序\大三暑假\springSecurity_demo)
2022-08-03 21:29:39.338 DEBUG 13764 --- [main] m.s.SpringSecurityDemoApplication        : Running with Spring Boot v2.7.2, Spring v5.3.22
2022-08-03 21:29:39.338  INFO 13764 --- [main] m.s.SpringSecurityDemoApplication        : The following 1 profile is active: "dev"
2022-08-03 21:29:40.201  INFO 13764 --- [main] o.s.b.w.embedded.tomcat.TomcatWebServer  : Tomcat initialized with port(s): 8080 (http)
2022-08-03 21:29:40.208  INFO 13764 --- [main] o.apache.catalina.core.StandardService   : Starting service [Tomcat]
2022-08-03 21:29:40.209  INFO 13764 --- [main] org.apache.catalina.core.StandardEngine  : Starting Servlet engine: [Apache Tomcat/9.0.65]
2022-08-03 21:29:40.294  INFO 13764 --- [main] o.a.c.c.C.[Tomcat].[localhost].[/]       : Initializing Spring embedded WebApplicationContext
2022-08-03 21:29:40.295  INFO 13764 --- [main] w.s.c.ServletWebServerApplicationContext : Root WebApplicationContext: initialization completed in 925 ms
2022-08-03 21:29:40.356  INFO 13764 --- [main] c.a.d.s.b.a.DruidDataSourceAutoConfigure : Init DruidDataSource
2022-08-03 21:29:40.444  INFO 13764 --- [main] com.alibaba.druid.pool.DruidDataSource   : {dataSource-1} inited
2022-08-03 21:29:40.958  INFO 13764 --- [main] o.s.b.a.w.s.WelcomePageHandlerMapping    : Adding welcome page: class path resource [static/index.html]
2022-08-03 21:29:41.234  INFO 13764 --- [main] o.s.s.web.DefaultSecurityFilterChain     : Will secure any request with [org.springframework.security.web.session.DisableEncodeUrlFilter@59e7564b, org.springframework.security.web.context.request.async.WebAsyncManagerIntegrationFilter@482ba4b1, org.springframework.security.web.context.SecurityContextPersistenceFilter@267891bf, org.springframework.security.web.header.HeaderWriterFilter@4b4814d0, org.springframework.security.web.csrf.CsrfFilter@53feeac9, org.springframework.security.web.authentication.logout.LogoutFilter@7af1d072, org.springframework.security.web.authentication.UsernamePasswordAuthenticationFilter@27ffd9f8, org.springframework.security.web.savedrequest.RequestCacheAwareFilter@111a7973, org.springframework.security.web.servletapi.SecurityContextHolderAwareRequestFilter@15369d73, org.springframework.security.web.authentication.rememberme.RememberMeAuthenticationFilter@17216605, org.springframework.security.web.authentication.AnonymousAuthenticationFilter@307af381, org.springframework.security.web.session.SessionManagementFilter@54326e9, org.springframework.security.web.access.ExceptionTranslationFilter@3b170235, org.springframework.security.web.access.intercept.FilterSecurityInterceptor@53d30d23]
2022-08-03 21:29:41.303  INFO 13764 --- [main] o.s.b.w.embedded.tomcat.TomcatWebServer  : Tomcat started on port(s): 8080 (http) with context path ''
